Determining if the function recv exists in the network; failed with the following output:
Change Dir: C:/Users/rapha/Documents/GitHub/OpenHD-ImageWriter/build-src-Desktop_Qt_5_12_12_MinGW_32_bit-Debug/CMakeFiles/CMakeTmp

Run Build Command(s):C:/Qt/Tools/Ninja/ninja.exe cmTC_75d51 && [1/2] Building C object CMakeFiles/cmTC_75d51.dir/CheckFunctionExists.c.obj
[2/2] Linking C executable cmTC_75d51.exe
FAILED: cmTC_75d51.exe 
cmd.exe /C "cd . && C:\Qt\Tools\mingw730_32\bin\gcc.exe -w -DCHECK_FUNCTION_EXISTS=recv  CMakeFiles/cmTC_75d51.dir/CheckFunctionExists.c.obj -o cmTC_75d51.exe -Wl,--out-implib,libcmTC_75d51.dll.a -Wl,--major-image-version,0,--minor-image-version,0  -lnetwork  -lkernel32 -luser32 -lgdi32 -lwinspool -lshell32 -lole32 -loleaut32 -luuid -lcomdlg32 -ladvapi32 && cd ."
C:/Qt/Tools/mingw730_32/bin/../lib/gcc/i686-w64-mingw32/7.3.0/../../../../i686-w64-mingw32/bin/ld.exe: cannot find -lnetwork
collect2.exe: error: ld returned 1 exit status
ninja: build stopped: subcommand failed.



Determining if the function idn2_lookup_ul exists in the idn2;winmm;ws2_32;advapi32;crypt32 failed with the following output:
Change Dir: C:/Users/rapha/Documents/GitHub/OpenHD-ImageWriter/build-src-Desktop_Qt_5_12_12_MinGW_32_bit-Debug/CMakeFiles/CMakeTmp

Run Build Command(s):C:/Qt/Tools/Ninja/ninja.exe cmTC_05e56 && [1/2] Building C object CMakeFiles/cmTC_05e56.dir/CheckFunctionExists.c.obj
[2/2] Linking C executable cmTC_05e56.exe
FAILED: cmTC_05e56.exe 
cmd.exe /C "cd . && C:\Qt\Tools\mingw730_32\bin\gcc.exe -w -DCHECK_FUNCTION_EXISTS=idn2_lookup_ul  CMakeFiles/cmTC_05e56.dir/CheckFunctionExists.c.obj -o cmTC_05e56.exe -Wl,--out-implib,libcmTC_05e56.dll.a -Wl,--major-image-version,0,--minor-image-version,0  -lidn2  -lwinmm  -lws2_32  -ladvapi32  -lcrypt32  -lkernel32 -luser32 -lgdi32 -lwinspool -lshell32 -lole32 -loleaut32 -luuid -lcomdlg32 -ladvapi32 && cd ."
C:/Qt/Tools/mingw730_32/bin/../lib/gcc/i686-w64-mingw32/7.3.0/../../../../i686-w64-mingw32/bin/ld.exe: cannot find -lidn2
collect2.exe: error: ld returned 1 exit status
ninja: build stopped: subcommand failed.



Determining if files windows.h;winsock.h;ws2tcpip.h;winsock2.h;stdio.h;sys/filio.h exist failed with the following output:
Change Dir: C:/Users/rapha/Documents/GitHub/OpenHD-ImageWriter/build-src-Desktop_Qt_5_12_12_MinGW_32_bit-Debug/CMakeFiles/CMakeTmp

Run Build Command(s):C:/Qt/Tools/Ninja/ninja.exe cmTC_c37cf && [1/2] Building C object CMakeFiles/cmTC_c37cf.dir/HAVE_SYS_FILIO_H.c.obj
FAILED: CMakeFiles/cmTC_c37cf.dir/HAVE_SYS_FILIO_H.c.obj 
C:\Qt\Tools\mingw730_32\bin\gcc.exe   -w     -D_WINSOCKAPI_= -DSECURITY_WIN32 -o CMakeFiles/cmTC_c37cf.dir/HAVE_SYS_FILIO_H.c.obj -c C:/Users/rapha/Documents/GitHub/OpenHD-ImageWriter/build-src-Desktop_Qt_5_12_12_MinGW_32_bit-Debug/CMakeFiles/CheckIncludeFiles/HAVE_SYS_FILIO_H.c
C:/Users/rapha/Documents/GitHub/OpenHD-ImageWriter/build-src-Desktop_Qt_5_12_12_MinGW_32_bit-Debug/CMakeFiles/CheckIncludeFiles/HAVE_SYS_FILIO_H.c:7:10: fatal error: sys/filio.h: No such file or directory
 #include <sys/filio.h>
          ^~~~~~~~~~~~~
compilation terminated.
ninja: build stopped: subcommand failed.


Source:
/* */
#include <windows.h>
#include <winsock.h>
#include <ws2tcpip.h>
#include <winsock2.h>
#include <stdio.h>
#include <sys/filio.h>


int main(void){return 0;}

Determining if files windows.h;winsock.h;ws2tcpip.h;winsock2.h;stdio.h;sys/ioctl.h exist failed with the following output:
Change Dir: C:/Users/rapha/Documents/GitHub/OpenHD-ImageWriter/build-src-Desktop_Qt_5_12_12_MinGW_32_bit-Debug/CMakeFiles/CMakeTmp

Run Build Command(s):C:/Qt/Tools/Ninja/ninja.exe cmTC_63125 && [1/2] Building C object CMakeFiles/cmTC_63125.dir/HAVE_SYS_IOCTL_H.c.obj
FAILED: CMakeFiles/cmTC_63125.dir/HAVE_SYS_IOCTL_H.c.obj 
C:\Qt\Tools\mingw730_32\bin\gcc.exe   -w     -D_WINSOCKAPI_= -DSECURITY_WIN32 -o CMakeFiles/cmTC_63125.dir/HAVE_SYS_IOCTL_H.c.obj -c C:/Users/rapha/Documents/GitHub/OpenHD-ImageWriter/build-src-Desktop_Qt_5_12_12_MinGW_32_bit-Debug/CMakeFiles/CheckIncludeFiles/HAVE_SYS_IOCTL_H.c
C:/Users/rapha/Documents/GitHub/OpenHD-ImageWriter/build-src-Desktop_Qt_5_12_12_MinGW_32_bit-Debug/CMakeFiles/CheckIncludeFiles/HAVE_SYS_IOCTL_H.c:7:10: fatal error: sys/ioctl.h: No such file or directory
 #include <sys/ioctl.h>
          ^~~~~~~~~~~~~
compilation terminated.
ninja: build stopped: subcommand failed.


Source:
/* */
#include <windows.h>
#include <winsock.h>
#include <ws2tcpip.h>
#include <winsock2.h>
#include <stdio.h>
#include <sys/ioctl.h>


int main(void){return 0;}

Determining if files windows.h;winsock.h;ws2tcpip.h;winsock2.h;stdio.h;sys/resource.h exist failed with the following output:
Change Dir: C:/Users/rapha/Documents/GitHub/OpenHD-ImageWriter/build-src-Desktop_Qt_5_12_12_MinGW_32_bit-Debug/CMakeFiles/CMakeTmp

Run Build Command(s):C:/Qt/Tools/Ninja/ninja.exe cmTC_4261a && [1/2] Building C object CMakeFiles/cmTC_4261a.dir/HAVE_SYS_RESOURCE_H.c.obj
FAILED: CMakeFiles/cmTC_4261a.dir/HAVE_SYS_RESOURCE_H.c.obj 
C:\Qt\Tools\mingw730_32\bin\gcc.exe   -w     -D_WINSOCKAPI_= -DSECURITY_WIN32 -o CMakeFiles/cmTC_4261a.dir/HAVE_SYS_RESOURCE_H.c.obj -c C:/Users/rapha/Documents/GitHub/OpenHD-ImageWriter/build-src-Desktop_Qt_5_12_12_MinGW_32_bit-Debug/CMakeFiles/CheckIncludeFiles/HAVE_SYS_RESOURCE_H.c
C:/Users/rapha/Documents/GitHub/OpenHD-ImageWriter/build-src-Desktop_Qt_5_12_12_MinGW_32_bit-Debug/CMakeFiles/CheckIncludeFiles/HAVE_SYS_RESOURCE_H.c:7:10: fatal error: sys/resource.h: No such file or directory
 #include <sys/resource.h>
          ^~~~~~~~~~~~~~~~
compilation terminated.
ninja: build stopped: subcommand failed.


Source:
/* */
#include <windows.h>
#include <winsock.h>
#include <ws2tcpip.h>
#include <winsock2.h>
#include <stdio.h>
#include <sys/resource.h>


int main(void){return 0;}

Determining if files windows.h;winsock.h;ws2tcpip.h;winsock2.h;stdio.h;sys/stat.h;sys/types.h;sys/uio.h exist failed with the following output:
Change Dir: C:/Users/rapha/Documents/GitHub/OpenHD-ImageWriter/build-src-Desktop_Qt_5_12_12_MinGW_32_bit-Debug/CMakeFiles/CMakeTmp

Run Build Command(s):C:/Qt/Tools/Ninja/ninja.exe cmTC_3f19b && [1/2] Building C object CMakeFiles/cmTC_3f19b.dir/HAVE_SYS_UIO_H.c.obj
FAILED: CMakeFiles/cmTC_3f19b.dir/HAVE_SYS_UIO_H.c.obj 
C:\Qt\Tools\mingw730_32\bin\gcc.exe   -w     -D_WINSOCKAPI_= -DSECURITY_WIN32 -o CMakeFiles/cmTC_3f19b.dir/HAVE_SYS_UIO_H.c.obj -c C:/Users/rapha/Documents/GitHub/OpenHD-ImageWriter/build-src-Desktop_Qt_5_12_12_MinGW_32_bit-Debug/CMakeFiles/CheckIncludeFiles/HAVE_SYS_UIO_H.c
C:/Users/rapha/Documents/GitHub/OpenHD-ImageWriter/build-src-Desktop_Qt_5_12_12_MinGW_32_bit-Debug/CMakeFiles/CheckIncludeFiles/HAVE_SYS_UIO_H.c:9:10: fatal error: sys/uio.h: No such file or directory
 #include <sys/uio.h>
          ^~~~~~~~~~~
compilation terminated.
ninja: build stopped: subcommand failed.


Source:
/* */
#include <windows.h>
#include <winsock.h>
#include <ws2tcpip.h>
#include <winsock2.h>
#include <stdio.h>
#include <sys/stat.h>
#include <sys/types.h>
#include <sys/uio.h>


int main(void){return 0;}

Determining if files windows.h;winsock.h;ws2tcpip.h;winsock2.h;stdio.h;sys/stat.h;sys/types.h;sys/un.h exist failed with the following output:
Change Dir: C:/Users/rapha/Documents/GitHub/OpenHD-ImageWriter/build-src-Desktop_Qt_5_12_12_MinGW_32_bit-Debug/CMakeFiles/CMakeTmp

Run Build Command(s):C:/Qt/Tools/Ninja/ninja.exe cmTC_00e8d && [1/2] Building C object CMakeFiles/cmTC_00e8d.dir/HAVE_SYS_UN_H.c.obj
FAILED: CMakeFiles/cmTC_00e8d.dir/HAVE_SYS_UN_H.c.obj 
C:\Qt\Tools\mingw730_32\bin\gcc.exe   -w     -D_WINSOCKAPI_= -DSECURITY_WIN32 -o CMakeFiles/cmTC_00e8d.dir/HAVE_SYS_UN_H.c.obj -c C:/Users/rapha/Documents/GitHub/OpenHD-ImageWriter/build-src-Desktop_Qt_5_12_12_MinGW_32_bit-Debug/CMakeFiles/CheckIncludeFiles/HAVE_SYS_UN_H.c
C:/Users/rapha/Documents/GitHub/OpenHD-ImageWriter/build-src-Desktop_Qt_5_12_12_MinGW_32_bit-Debug/CMakeFiles/CheckIncludeFiles/HAVE_SYS_UN_H.c:9:10: fatal error: sys/un.h: No such file or directory
 #include <sys/un.h>
          ^~~~~~~~~~
compilation terminated.
ninja: build stopped: subcommand failed.


Source:
/* */
#include <windows.h>
#include <winsock.h>
#include <ws2tcpip.h>
#include <winsock2.h>
#include <stdio.h>
#include <sys/stat.h>
#include <sys/types.h>
#include <sys/un.h>


int main(void){return 0;}

Determining if files windows.h;winsock.h;ws2tcpip.h;winsock2.h;stdio.h;sys/stat.h;sys/types.h;sys/utime.h;sys/xattr.h exist failed with the following output:
Change Dir: C:/Users/rapha/Documents/GitHub/OpenHD-ImageWriter/build-src-Desktop_Qt_5_12_12_MinGW_32_bit-Debug/CMakeFiles/CMakeTmp

Run Build Command(s):C:/Qt/Tools/Ninja/ninja.exe cmTC_49437 && [1/2] Building C object CMakeFiles/cmTC_49437.dir/HAVE_SYS_XATTR_H.c.obj
FAILED: CMakeFiles/cmTC_49437.dir/HAVE_SYS_XATTR_H.c.obj 
C:\Qt\Tools\mingw730_32\bin\gcc.exe   -w     -D_WINSOCKAPI_= -DSECURITY_WIN32 -o CMakeFiles/cmTC_49437.dir/HAVE_SYS_XATTR_H.c.obj -c C:/Users/rapha/Documents/GitHub/OpenHD-ImageWriter/build-src-Desktop_Qt_5_12_12_MinGW_32_bit-Debug/CMakeFiles/CheckIncludeFiles/HAVE_SYS_XATTR_H.c
C:/Users/rapha/Documents/GitHub/OpenHD-ImageWriter/build-src-Desktop_Qt_5_12_12_MinGW_32_bit-Debug/CMakeFiles/CheckIncludeFiles/HAVE_SYS_XATTR_H.c:10:10: fatal error: sys/xattr.h: No such file or directory
 #include <sys/xattr.h>
          ^~~~~~~~~~~~~
compilation terminated.
ninja: build stopped: subcommand failed.


Source:
/* */
#include <windows.h>
#include <winsock.h>
#include <ws2tcpip.h>
#include <winsock2.h>
#include <stdio.h>
#include <sys/stat.h>
#include <sys/types.h>
#include <sys/utime.h>
#include <sys/xattr.h>


int main(void){return 0;}

Determining if files windows.h;winsock.h;ws2tcpip.h;winsock2.h;stdio.h;sys/stat.h;sys/types.h;sys/utime.h;arpa/tftp.h exist failed with the following output:
Change Dir: C:/Users/rapha/Documents/GitHub/OpenHD-ImageWriter/build-src-Desktop_Qt_5_12_12_MinGW_32_bit-Debug/CMakeFiles/CMakeTmp

Run Build Command(s):C:/Qt/Tools/Ninja/ninja.exe cmTC_50253 && [1/2] Building C object CMakeFiles/cmTC_50253.dir/HAVE_ARPA_TFTP_H.c.obj
FAILED: CMakeFiles/cmTC_50253.dir/HAVE_ARPA_TFTP_H.c.obj 
C:\Qt\Tools\mingw730_32\bin\gcc.exe   -w     -D_WINSOCKAPI_= -DSECURITY_WIN32 -o CMakeFiles/cmTC_50253.dir/HAVE_ARPA_TFTP_H.c.obj -c C:/Users/rapha/Documents/GitHub/OpenHD-ImageWriter/build-src-Desktop_Qt_5_12_12_MinGW_32_bit-Debug/CMakeFiles/CheckIncludeFiles/HAVE_ARPA_TFTP_H.c
C:/Users/rapha/Documents/GitHub/OpenHD-ImageWriter/build-src-Desktop_Qt_5_12_12_MinGW_32_bit-Debug/CMakeFiles/CheckIncludeFiles/HAVE_ARPA_TFTP_H.c:10:10: fatal error: arpa/tftp.h: No such file or directory
 #include <arpa/tftp.h>
          ^~~~~~~~~~~~~
compilation terminated.
ninja: build stopped: subcommand failed.


Source:
/* */
#include <windows.h>
#include <winsock.h>
#include <ws2tcpip.h>
#include <winsock2.h>
#include <stdio.h>
#include <sys/stat.h>
#include <sys/types.h>
#include <sys/utime.h>
#include <arpa/tftp.h>


int main(void){return 0;}

Determining if files windows.h;winsock.h;ws2tcpip.h;winsock2.h;stdio.h;sys/stat.h;sys/types.h;sys/utime.h;assert.h;crypto.h exist failed with the following output:
Change Dir: C:/Users/rapha/Documents/GitHub/OpenHD-ImageWriter/build-src-Desktop_Qt_5_12_12_MinGW_32_bit-Debug/CMakeFiles/CMakeTmp

Run Build Command(s):C:/Qt/Tools/Ninja/ninja.exe cmTC_4da1a && [1/2] Building C object CMakeFiles/cmTC_4da1a.dir/HAVE_CRYPTO_H.c.obj
FAILED: CMakeFiles/cmTC_4da1a.dir/HAVE_CRYPTO_H.c.obj 
C:\Qt\Tools\mingw730_32\bin\gcc.exe   -w     -D_WINSOCKAPI_= -DSECURITY_WIN32 -o CMakeFiles/cmTC_4da1a.dir/HAVE_CRYPTO_H.c.obj -c C:/Users/rapha/Documents/GitHub/OpenHD-ImageWriter/build-src-Desktop_Qt_5_12_12_MinGW_32_bit-Debug/CMakeFiles/CheckIncludeFiles/HAVE_CRYPTO_H.c
C:/Users/rapha/Documents/GitHub/OpenHD-ImageWriter/build-src-Desktop_Qt_5_12_12_MinGW_32_bit-Debug/CMakeFiles/CheckIncludeFiles/HAVE_CRYPTO_H.c:11:10: fatal error: crypto.h: No such file or directory
 #include <crypto.h>
          ^~~~~~~~~~
compilation terminated.
ninja: build stopped: subcommand failed.


Source:
/* */
#include <windows.h>
#include <winsock.h>
#include <ws2tcpip.h>
#include <winsock2.h>
#include <stdio.h>
#include <sys/stat.h>
#include <sys/types.h>
#include <sys/utime.h>
#include <assert.h>
#include <crypto.h>


int main(void){return 0;}

Determining if files windows.h;winsock.h;ws2tcpip.h;winsock2.h;stdio.h;sys/stat.h;sys/types.h;sys/utime.h;assert.h;des.h exist failed with the following output:
Change Dir: C:/Users/rapha/Documents/GitHub/OpenHD-ImageWriter/build-src-Desktop_Qt_5_12_12_MinGW_32_bit-Debug/CMakeFiles/CMakeTmp

Run Build Command(s):C:/Qt/Tools/Ninja/ninja.exe cmTC_3fcf3 && [1/2] Building C object CMakeFiles/cmTC_3fcf3.dir/HAVE_DES_H.c.obj
FAILED: CMakeFiles/cmTC_3fcf3.dir/HAVE_DES_H.c.obj 
C:\Qt\Tools\mingw730_32\bin\gcc.exe   -w     -D_WINSOCKAPI_= -DSECURITY_WIN32 -o CMakeFiles/cmTC_3fcf3.dir/HAVE_DES_H.c.obj -c C:/Users/rapha/Documents/GitHub/OpenHD-ImageWriter/build-src-Desktop_Qt_5_12_12_MinGW_32_bit-Debug/CMakeFiles/CheckIncludeFiles/HAVE_DES_H.c
C:/Users/rapha/Documents/GitHub/OpenHD-ImageWriter/build-src-Desktop_Qt_5_12_12_MinGW_32_bit-Debug/CMakeFiles/CheckIncludeFiles/HAVE_DES_H.c:11:10: fatal error: des.h: No such file or directory
 #include <des.h>
          ^~~~~~~
compilation terminated.
ninja: build stopped: subcommand failed.


Source:
/* */
#include <windows.h>
#include <winsock.h>
#include <ws2tcpip.h>
#include <winsock2.h>
#include <stdio.h>
#include <sys/stat.h>
#include <sys/types.h>
#include <sys/utime.h>
#include <assert.h>
#include <des.h>


int main(void){return 0;}

Determining if files windows.h;winsock.h;ws2tcpip.h;winsock2.h;stdio.h;sys/stat.h;sys/types.h;sys/utime.h;assert.h;err.h exist failed with the following output:
Change Dir: C:/Users/rapha/Documents/GitHub/OpenHD-ImageWriter/build-src-Desktop_Qt_5_12_12_MinGW_32_bit-Debug/CMakeFiles/CMakeTmp

Run Build Command(s):C:/Qt/Tools/Ninja/ninja.exe cmTC_c5f69 && [1/2] Building C object CMakeFiles/cmTC_c5f69.dir/HAVE_ERR_H.c.obj
FAILED: CMakeFiles/cmTC_c5f69.dir/HAVE_ERR_H.c.obj 
C:\Qt\Tools\mingw730_32\bin\gcc.exe   -w     -D_WINSOCKAPI_= -DSECURITY_WIN32 -o CMakeFiles/cmTC_c5f69.dir/HAVE_ERR_H.c.obj -c C:/Users/rapha/Documents/GitHub/OpenHD-ImageWriter/build-src-Desktop_Qt_5_12_12_MinGW_32_bit-Debug/CMakeFiles/CheckIncludeFiles/HAVE_ERR_H.c
C:/Users/rapha/Documents/GitHub/OpenHD-ImageWriter/build-src-Desktop_Qt_5_12_12_MinGW_32_bit-Debug/CMakeFiles/CheckIncludeFiles/HAVE_ERR_H.c:11:10: fatal error: err.h: No such file or directory
 #include <err.h>
          ^~~~~~~
compilation terminated.
ninja: build stopped: subcommand failed.


Source:
/* */
#include <windows.h>
#include <winsock.h>
#include <ws2tcpip.h>
#include <winsock2.h>
#include <stdio.h>
#include <sys/stat.h>
#include <sys/types.h>
#include <sys/utime.h>
#include <assert.h>
#include <err.h>


int main(void){return 0;}

Determining if files windows.h;winsock.h;ws2tcpip.h;winsock2.h;stdio.h;sys/stat.h;sys/types.h;sys/utime.h;assert.h;errno.h;fcntl.h;idn2.h exist failed with the following output:
Change Dir: C:/Users/rapha/Documents/GitHub/OpenHD-ImageWriter/build-src-Desktop_Qt_5_12_12_MinGW_32_bit-Debug/CMakeFiles/CMakeTmp

Run Build Command(s):C:/Qt/Tools/Ninja/ninja.exe cmTC_b0038 && [1/2] Building C object CMakeFiles/cmTC_b0038.dir/HAVE_IDN2_H.c.obj
FAILED: CMakeFiles/cmTC_b0038.dir/HAVE_IDN2_H.c.obj 
C:\Qt\Tools\mingw730_32\bin\gcc.exe   -w     -D_WINSOCKAPI_= -DSECURITY_WIN32 -o CMakeFiles/cmTC_b0038.dir/HAVE_IDN2_H.c.obj -c C:/Users/rapha/Documents/GitHub/OpenHD-ImageWriter/build-src-Desktop_Qt_5_12_12_MinGW_32_bit-Debug/CMakeFiles/CheckIncludeFiles/HAVE_IDN2_H.c
C:/Users/rapha/Documents/GitHub/OpenHD-ImageWriter/build-src-Desktop_Qt_5_12_12_MinGW_32_bit-Debug/CMakeFiles/CheckIncludeFiles/HAVE_IDN2_H.c:13:10: fatal error: idn2.h: No such file or directory
 #include <idn2.h>
          ^~~~~~~~
compilation terminated.
ninja: build stopped: subcommand failed.


Source:
/* */
#include <windows.h>
#include <winsock.h>
#include <ws2tcpip.h>
#include <winsock2.h>
#include <stdio.h>
#include <sys/stat.h>
#include <sys/types.h>
#include <sys/utime.h>
#include <assert.h>
#include <errno.h>
#include <fcntl.h>
#include <idn2.h>


int main(void){return 0;}

Determining if files windows.h;winsock.h;ws2tcpip.h;winsock2.h;stdio.h;sys/stat.h;sys/types.h;sys/utime.h;assert.h;errno.h;fcntl.h;ifaddrs.h exist failed with the following output:
Change Dir: C:/Users/rapha/Documents/GitHub/OpenHD-ImageWriter/build-src-Desktop_Qt_5_12_12_MinGW_32_bit-Debug/CMakeFiles/CMakeTmp

Run Build Command(s):C:/Qt/Tools/Ninja/ninja.exe cmTC_b34fc && [1/2] Building C object CMakeFiles/cmTC_b34fc.dir/HAVE_IFADDRS_H.c.obj
FAILED: CMakeFiles/cmTC_b34fc.dir/HAVE_IFADDRS_H.c.obj 
C:\Qt\Tools\mingw730_32\bin\gcc.exe   -w     -D_WINSOCKAPI_= -DSECURITY_WIN32 -o CMakeFiles/cmTC_b34fc.dir/HAVE_IFADDRS_H.c.obj -c C:/Users/rapha/Documents/GitHub/OpenHD-ImageWriter/build-src-Desktop_Qt_5_12_12_MinGW_32_bit-Debug/CMakeFiles/CheckIncludeFiles/HAVE_IFADDRS_H.c
C:/Users/rapha/Documents/GitHub/OpenHD-ImageWriter/build-src-Desktop_Qt_5_12_12_MinGW_32_bit-Debug/CMakeFiles/CheckIncludeFiles/HAVE_IFADDRS_H.c:13:10: fatal error: ifaddrs.h: No such file or directory
 #include <ifaddrs.h>
          ^~~~~~~~~~~
compilation terminated.
ninja: build stopped: subcommand failed.


Source:
/* */
#include <windows.h>
#include <winsock.h>
#include <ws2tcpip.h>
#include <winsock2.h>
#include <stdio.h>
#include <sys/stat.h>
#include <sys/types.h>
#include <sys/utime.h>
#include <assert.h>
#include <errno.h>
#include <fcntl.h>
#include <ifaddrs.h>


int main(void){return 0;}

Determining if files windows.h;winsock.h;ws2tcpip.h;winsock2.h;stdio.h;sys/stat.h;sys/types.h;sys/utime.h;assert.h;errno.h;fcntl.h;io.h;krb.h exist failed with the following output:
Change Dir: C:/Users/rapha/Documents/GitHub/OpenHD-ImageWriter/build-src-Desktop_Qt_5_12_12_MinGW_32_bit-Debug/CMakeFiles/CMakeTmp

Run Build Command(s):C:/Qt/Tools/Ninja/ninja.exe cmTC_7aea4 && [1/2] Building C object CMakeFiles/cmTC_7aea4.dir/HAVE_KRB_H.c.obj
FAILED: CMakeFiles/cmTC_7aea4.dir/HAVE_KRB_H.c.obj 
C:\Qt\Tools\mingw730_32\bin\gcc.exe   -w     -D_WINSOCKAPI_= -DSECURITY_WIN32 -o CMakeFiles/cmTC_7aea4.dir/HAVE_KRB_H.c.obj -c C:/Users/rapha/Documents/GitHub/OpenHD-ImageWriter/build-src-Desktop_Qt_5_12_12_MinGW_32_bit-Debug/CMakeFiles/CheckIncludeFiles/HAVE_KRB_H.c
C:/Users/rapha/Documents/GitHub/OpenHD-ImageWriter/build-src-Desktop_Qt_5_12_12_MinGW_32_bit-Debug/CMakeFiles/CheckIncludeFiles/HAVE_KRB_H.c:14:10: fatal error: krb.h: No such file or directory
 #include <krb.h>
          ^~~~~~~
compilation terminated.
ninja: build stopped: subcommand failed.


Source:
/* */
#include <windows.h>
#include <winsock.h>
#include <ws2tcpip.h>
#include <winsock2.h>
#include <stdio.h>
#include <sys/stat.h>
#include <sys/types.h>
#include <sys/utime.h>
#include <assert.h>
#include <errno.h>
#include <fcntl.h>
#include <io.h>
#include <krb.h>


int main(void){return 0;}

Determining if files windows.h;winsock.h;ws2tcpip.h;winsock2.h;stdio.h;sys/stat.h;sys/types.h;sys/utime.h;assert.h;errno.h;fcntl.h;io.h;libgen.h;locale.h;netinet/tcp.h exist failed with the following output:
Change Dir: C:/Users/rapha/Documents/GitHub/OpenHD-ImageWriter/build-src-Desktop_Qt_5_12_12_MinGW_32_bit-Debug/CMakeFiles/CMakeTmp

Run Build Command(s):C:/Qt/Tools/Ninja/ninja.exe cmTC_9ae79 && [1/2] Building C object CMakeFiles/cmTC_9ae79.dir/HAVE_NETINET_TCP_H.c.obj
FAILED: CMakeFiles/cmTC_9ae79.dir/HAVE_NETINET_TCP_H.c.obj 
C:\Qt\Tools\mingw730_32\bin\gcc.exe   -w     -D_WINSOCKAPI_= -DSECURITY_WIN32 -o CMakeFiles/cmTC_9ae79.dir/HAVE_NETINET_TCP_H.c.obj -c C:/Users/rapha/Documents/GitHub/OpenHD-ImageWriter/build-src-Desktop_Qt_5_12_12_MinGW_32_bit-Debug/CMakeFiles/CheckIncludeFiles/HAVE_NETINET_TCP_H.c
C:/Users/rapha/Documents/GitHub/OpenHD-ImageWriter/build-src-Desktop_Qt_5_12_12_MinGW_32_bit-Debug/CMakeFiles/CheckIncludeFiles/HAVE_NETINET_TCP_H.c:16:10: fatal error: netinet/tcp.h: No such file or directory
 #include <netinet/tcp.h>
          ^~~~~~~~~~~~~~~
compilation terminated.
ninja: build stopped: subcommand failed.


Source:
/* */
#include <windows.h>
#include <winsock.h>
#include <ws2tcpip.h>
#include <winsock2.h>
#include <stdio.h>
#include <sys/stat.h>
#include <sys/types.h>
#include <sys/utime.h>
#include <assert.h>
#include <errno.h>
#include <fcntl.h>
#include <io.h>
#include <libgen.h>
#include <locale.h>
#include <netinet/tcp.h>


int main(void){return 0;}

Determining if files windows.h;winsock.h;ws2tcpip.h;winsock2.h;stdio.h;sys/stat.h;sys/types.h;sys/utime.h;assert.h;errno.h;fcntl.h;io.h;libgen.h;locale.h;pem.h exist failed with the following output:
Change Dir: C:/Users/rapha/Documents/GitHub/OpenHD-ImageWriter/build-src-Desktop_Qt_5_12_12_MinGW_32_bit-Debug/CMakeFiles/CMakeTmp

Run Build Command(s):C:/Qt/Tools/Ninja/ninja.exe cmTC_c3a1c && [1/2] Building C object CMakeFiles/cmTC_c3a1c.dir/HAVE_PEM_H.c.obj
FAILED: CMakeFiles/cmTC_c3a1c.dir/HAVE_PEM_H.c.obj 
C:\Qt\Tools\mingw730_32\bin\gcc.exe   -w     -D_WINSOCKAPI_= -DSECURITY_WIN32 -o CMakeFiles/cmTC_c3a1c.dir/HAVE_PEM_H.c.obj -c C:/Users/rapha/Documents/GitHub/OpenHD-ImageWriter/build-src-Desktop_Qt_5_12_12_MinGW_32_bit-Debug/CMakeFiles/CheckIncludeFiles/HAVE_PEM_H.c
C:/Users/rapha/Documents/GitHub/OpenHD-ImageWriter/build-src-Desktop_Qt_5_12_12_MinGW_32_bit-Debug/CMakeFiles/CheckIncludeFiles/HAVE_PEM_H.c:16:10: fatal error: pem.h: No such file or directory
 #include <pem.h>
          ^~~~~~~
compilation terminated.
ninja: build stopped: subcommand failed.


Source:
/* */
#include <windows.h>
#include <winsock.h>
#include <ws2tcpip.h>
#include <winsock2.h>
#include <stdio.h>
#include <sys/stat.h>
#include <sys/types.h>
#include <sys/utime.h>
#include <assert.h>
#include <errno.h>
#include <fcntl.h>
#include <io.h>
#include <libgen.h>
#include <locale.h>
#include <pem.h>


int main(void){return 0;}

Determining if files windows.h;winsock.h;ws2tcpip.h;winsock2.h;stdio.h;sys/stat.h;sys/types.h;sys/utime.h;assert.h;errno.h;fcntl.h;io.h;libgen.h;locale.h;poll.h exist failed with the following output:
Change Dir: C:/Users/rapha/Documents/GitHub/OpenHD-ImageWriter/build-src-Desktop_Qt_5_12_12_MinGW_32_bit-Debug/CMakeFiles/CMakeTmp

Run Build Command(s):C:/Qt/Tools/Ninja/ninja.exe cmTC_8728b && [1/2] Building C object CMakeFiles/cmTC_8728b.dir/HAVE_POLL_H.c.obj
FAILED: CMakeFiles/cmTC_8728b.dir/HAVE_POLL_H.c.obj 
C:\Qt\Tools\mingw730_32\bin\gcc.exe   -w     -D_WINSOCKAPI_= -DSECURITY_WIN32 -o CMakeFiles/cmTC_8728b.dir/HAVE_POLL_H.c.obj -c C:/Users/rapha/Documents/GitHub/OpenHD-ImageWriter/build-src-Desktop_Qt_5_12_12_MinGW_32_bit-Debug/CMakeFiles/CheckIncludeFiles/HAVE_POLL_H.c
C:/Users/rapha/Documents/GitHub/OpenHD-ImageWriter/build-src-Desktop_Qt_5_12_12_MinGW_32_bit-Debug/CMakeFiles/CheckIncludeFiles/HAVE_POLL_H.c:16:10: fatal error: poll.h: No such file or directory
 #include <poll.h>
          ^~~~~~~~
compilation terminated.
ninja: build stopped: subcommand failed.


Source:
/* */
#include <windows.h>
#include <winsock.h>
#include <ws2tcpip.h>
#include <winsock2.h>
#include <stdio.h>
#include <sys/stat.h>
#include <sys/types.h>
#include <sys/utime.h>
#include <assert.h>
#include <errno.h>
#include <fcntl.h>
#include <io.h>
#include <libgen.h>
#include <locale.h>
#include <poll.h>


int main(void){return 0;}

Determining if files windows.h;winsock.h;ws2tcpip.h;winsock2.h;stdio.h;sys/stat.h;sys/types.h;sys/utime.h;assert.h;errno.h;fcntl.h;io.h;libgen.h;locale.h;rsa.h exist failed with the following output:
Change Dir: C:/Users/rapha/Documents/GitHub/OpenHD-ImageWriter/build-src-Desktop_Qt_5_12_12_MinGW_32_bit-Debug/CMakeFiles/CMakeTmp

Run Build Command(s):C:/Qt/Tools/Ninja/ninja.exe cmTC_4ef82 && [1/2] Building C object CMakeFiles/cmTC_4ef82.dir/HAVE_RSA_H.c.obj
FAILED: CMakeFiles/cmTC_4ef82.dir/HAVE_RSA_H.c.obj 
C:\Qt\Tools\mingw730_32\bin\gcc.exe   -w     -D_WINSOCKAPI_= -DSECURITY_WIN32 -o CMakeFiles/cmTC_4ef82.dir/HAVE_RSA_H.c.obj -c C:/Users/rapha/Documents/GitHub/OpenHD-ImageWriter/build-src-Desktop_Qt_5_12_12_MinGW_32_bit-Debug/CMakeFiles/CheckIncludeFiles/HAVE_RSA_H.c
C:/Users/rapha/Documents/GitHub/OpenHD-ImageWriter/build-src-Desktop_Qt_5_12_12_MinGW_32_bit-Debug/CMakeFiles/CheckIncludeFiles/HAVE_RSA_H.c:16:10: fatal error: rsa.h: No such file or directory
 #include <rsa.h>
          ^~~~~~~
compilation terminated.
ninja: build stopped: subcommand failed.


Source:
/* */
#include <windows.h>
#include <winsock.h>
#include <ws2tcpip.h>
#include <winsock2.h>
#include <stdio.h>
#include <sys/stat.h>
#include <sys/types.h>
#include <sys/utime.h>
#include <assert.h>
#include <errno.h>
#include <fcntl.h>
#include <io.h>
#include <libgen.h>
#include <locale.h>
#include <rsa.h>


int main(void){return 0;}

Determining if files windows.h;winsock.h;ws2tcpip.h;winsock2.h;stdio.h;sys/stat.h;sys/types.h;sys/utime.h;assert.h;errno.h;fcntl.h;io.h;libgen.h;locale.h;setjmp.h;signal.h;ssl.h exist failed with the following output:
Change Dir: C:/Users/rapha/Documents/GitHub/OpenHD-ImageWriter/build-src-Desktop_Qt_5_12_12_MinGW_32_bit-Debug/CMakeFiles/CMakeTmp

Run Build Command(s):C:/Qt/Tools/Ninja/ninja.exe cmTC_a994f && [1/2] Building C object CMakeFiles/cmTC_a994f.dir/HAVE_SSL_H.c.obj
FAILED: CMakeFiles/cmTC_a994f.dir/HAVE_SSL_H.c.obj 
C:\Qt\Tools\mingw730_32\bin\gcc.exe   -w     -D_WINSOCKAPI_= -DSECURITY_WIN32 -o CMakeFiles/cmTC_a994f.dir/HAVE_SSL_H.c.obj -c C:/Users/rapha/Documents/GitHub/OpenHD-ImageWriter/build-src-Desktop_Qt_5_12_12_MinGW_32_bit-Debug/CMakeFiles/CheckIncludeFiles/HAVE_SSL_H.c
C:/Users/rapha/Documents/GitHub/OpenHD-ImageWriter/build-src-Desktop_Qt_5_12_12_MinGW_32_bit-Debug/CMakeFiles/CheckIncludeFiles/HAVE_SSL_H.c:18:10: fatal error: ssl.h: No such file or directory
 #include <ssl.h>
          ^~~~~~~
compilation terminated.
ninja: build stopped: subcommand failed.


Source:
/* */
#include <windows.h>
#include <winsock.h>
#include <ws2tcpip.h>
#include <winsock2.h>
#include <stdio.h>
#include <sys/stat.h>
#include <sys/types.h>
#include <sys/utime.h>
#include <assert.h>
#include <errno.h>
#include <fcntl.h>
#include <io.h>
#include <libgen.h>
#include <locale.h>
#include <setjmp.h>
#include <signal.h>
#include <ssl.h>


int main(void){return 0;}

Determining if files windows.h;winsock.h;ws2tcpip.h;winsock2.h;stdio.h;sys/stat.h;sys/types.h;sys/utime.h;assert.h;errno.h;fcntl.h;io.h;libgen.h;locale.h;setjmp.h;signal.h;stdbool.h;stdio.h;stdlib.h;string.h;stropts.h exist failed with the following output:
Change Dir: C:/Users/rapha/Documents/GitHub/OpenHD-ImageWriter/build-src-Desktop_Qt_5_12_12_MinGW_32_bit-Debug/CMakeFiles/CMakeTmp

Run Build Command(s):C:/Qt/Tools/Ninja/ninja.exe cmTC_86c99 && [1/2] Building C object CMakeFiles/cmTC_86c99.dir/HAVE_STROPTS_H.c.obj
FAILED: CMakeFiles/cmTC_86c99.dir/HAVE_STROPTS_H.c.obj 
C:\Qt\Tools\mingw730_32\bin\gcc.exe   -w     -D_WINSOCKAPI_= -DSECURITY_WIN32 -o CMakeFiles/cmTC_86c99.dir/HAVE_STROPTS_H.c.obj -c C:/Users/rapha/Documents/GitHub/OpenHD-ImageWriter/build-src-Desktop_Qt_5_12_12_MinGW_32_bit-Debug/CMakeFiles/CheckIncludeFiles/HAVE_STROPTS_H.c
C:/Users/rapha/Documents/GitHub/OpenHD-ImageWriter/build-src-Desktop_Qt_5_12_12_MinGW_32_bit-Debug/CMakeFiles/CheckIncludeFiles/HAVE_STROPTS_H.c:22:10: fatal error: stropts.h: No such file or directory
 #include <stropts.h>
          ^~~~~~~~~~~
compilation terminated.
ninja: build stopped: subcommand failed.


Source:
/* */
#include <windows.h>
#include <winsock.h>
#include <ws2tcpip.h>
#include <winsock2.h>
#include <stdio.h>
#include <sys/stat.h>
#include <sys/types.h>
#include <sys/utime.h>
#include <assert.h>
#include <errno.h>
#include <fcntl.h>
#include <io.h>
#include <libgen.h>
#include <locale.h>
#include <setjmp.h>
#include <signal.h>
#include <stdbool.h>
#include <stdio.h>
#include <stdlib.h>
#include <string.h>
#include <stropts.h>


int main(void){return 0;}

Determining if files windows.h;winsock.h;ws2tcpip.h;winsock2.h;stdio.h;sys/stat.h;sys/types.h;sys/utime.h;assert.h;errno.h;fcntl.h;io.h;libgen.h;locale.h;setjmp.h;signal.h;stdbool.h;stdio.h;stdlib.h;string.h;time.h;process.h;stddef.h;malloc.h;memory.h;sys/utsname.h exist failed with the following output:
Change Dir: C:/Users/rapha/Documents/GitHub/OpenHD-ImageWriter/build-src-Desktop_Qt_5_12_12_MinGW_32_bit-Debug/CMakeFiles/CMakeTmp

Run Build Command(s):C:/Qt/Tools/Ninja/ninja.exe cmTC_48007 && [1/2] Building C object CMakeFiles/cmTC_48007.dir/HAVE_SYS_UTSNAME_H.c.obj
FAILED: CMakeFiles/cmTC_48007.dir/HAVE_SYS_UTSNAME_H.c.obj 
C:\Qt\Tools\mingw730_32\bin\gcc.exe   -w     -D_WINSOCKAPI_= -DSECURITY_WIN32 -o CMakeFiles/cmTC_48007.dir/HAVE_SYS_UTSNAME_H.c.obj -c C:/Users/rapha/Documents/GitHub/OpenHD-ImageWriter/build-src-Desktop_Qt_5_12_12_MinGW_32_bit-Debug/CMakeFiles/CheckIncludeFiles/HAVE_SYS_UTSNAME_H.c
C:/Users/rapha/Documents/GitHub/OpenHD-ImageWriter/build-src-Desktop_Qt_5_12_12_MinGW_32_bit-Debug/CMakeFiles/CheckIncludeFiles/HAVE_SYS_UTSNAME_H.c:27:10: fatal error: sys/utsname.h: No such file or directory
 #include <sys/utsname.h>
          ^~~~~~~~~~~~~~~
compilation terminated.
ninja: build stopped: subcommand failed.


Source:
/* */
#include <windows.h>
#include <winsock.h>
#include <ws2tcpip.h>
#include <winsock2.h>
#include <stdio.h>
#include <sys/stat.h>
#include <sys/types.h>
#include <sys/utime.h>
#include <assert.h>
#include <errno.h>
#include <fcntl.h>
#include <io.h>
#include <libgen.h>
#include <locale.h>
#include <setjmp.h>
#include <signal.h>
#include <stdbool.h>
#include <stdio.h>
#include <stdlib.h>
#include <string.h>
#include <time.h>
#include <process.h>
#include <stddef.h>
#include <malloc.h>
#include <memory.h>
#include <sys/utsname.h>


int main(void){return 0;}

Determining if the strncmpi exist failed with the following output:
Change Dir: C:/Users/rapha/Documents/GitHub/OpenHD-ImageWriter/build-src-Desktop_Qt_5_12_12_MinGW_32_bit-Debug/CMakeFiles/CMakeTmp

Run Build Command(s):C:/Qt/Tools/Ninja/ninja.exe cmTC_80d5d && [1/2] Building C object CMakeFiles/cmTC_80d5d.dir/CheckSymbolExists.c.obj
FAILED: CMakeFiles/cmTC_80d5d.dir/CheckSymbolExists.c.obj 
C:\Qt\Tools\mingw730_32\bin\gcc.exe   -w     -D_WINSOCKAPI_= -DSECURITY_WIN32 -o CMakeFiles/cmTC_80d5d.dir/CheckSymbolExists.c.obj -c C:/Users/rapha/Documents/GitHub/OpenHD-ImageWriter/build-src-Desktop_Qt_5_12_12_MinGW_32_bit-Debug/CMakeFiles/CMakeTmp/CheckSymbolExists.c
C:/Users/rapha/Documents/GitHub/OpenHD-ImageWriter/build-src-Desktop_Qt_5_12_12_MinGW_32_bit-Debug/CMakeFiles/CMakeTmp/CheckSymbolExists.c: In function 'main':
C:/Users/rapha/Documents/GitHub/OpenHD-ImageWriter/build-src-Desktop_Qt_5_12_12_MinGW_32_bit-Debug/CMakeFiles/CMakeTmp/CheckSymbolExists.c:32:19: error: 'strncmpi' undeclared (first use in this function); did you mean 'strcmpi'?
   return ((int*)(&strncmpi))[argc];
                   ^~~~~~~~
                   strcmpi
C:/Users/rapha/Documents/GitHub/OpenHD-ImageWriter/build-src-Desktop_Qt_5_12_12_MinGW_32_bit-Debug/CMakeFiles/CMakeTmp/CheckSymbolExists.c:32:19: note: each undeclared identifier is reported only once for each function it appears in
ninja: build stopped: subcommand failed.


File C:/Users/rapha/Documents/GitHub/OpenHD-ImageWriter/build-src-Desktop_Qt_5_12_12_MinGW_32_bit-Debug/CMakeFiles/CMakeTmp/CheckSymbolExists.c:
/* */
#include <windows.h>
#include <winsock.h>
#include <ws2tcpip.h>
#include <winsock2.h>
#include <stdio.h>
#include <sys/stat.h>
#include <sys/types.h>
#include <sys/utime.h>
#include <assert.h>
#include <errno.h>
#include <fcntl.h>
#include <io.h>
#include <libgen.h>
#include <locale.h>
#include <setjmp.h>
#include <signal.h>
#include <stdbool.h>
#include <stdio.h>
#include <stdlib.h>
#include <string.h>
#include <time.h>
#include <process.h>
#include <stddef.h>
#include <malloc.h>
#include <memory.h>

int main(int argc, char** argv)
{
  (void)argv;
#ifndef strncmpi
  return ((int*)(&strncmpi))[argc];
#else
  (void)argc;
  return 0;
#endif
}
Determining if the alarm exist failed with the following output:
Change Dir: C:/Users/rapha/Documents/GitHub/OpenHD-ImageWriter/build-src-Desktop_Qt_5_12_12_MinGW_32_bit-Debug/CMakeFiles/CMakeTmp

Run Build Command(s):C:/Qt/Tools/Ninja/ninja.exe cmTC_75fcb && [1/2] Building C object CMakeFiles/cmTC_75fcb.dir/CheckSymbolExists.c.obj
FAILED: CMakeFiles/cmTC_75fcb.dir/CheckSymbolExists.c.obj 
C:\Qt\Tools\mingw730_32\bin\gcc.exe   -w     -D_WINSOCKAPI_= -DSECURITY_WIN32 -o CMakeFiles/cmTC_75fcb.dir/CheckSymbolExists.c.obj -c C:/Users/rapha/Documents/GitHub/OpenHD-ImageWriter/build-src-Desktop_Qt_5_12_12_MinGW_32_bit-Debug/CMakeFiles/CMakeTmp/CheckSymbolExists.c
C:/Users/rapha/Documents/GitHub/OpenHD-ImageWriter/build-src-Desktop_Qt_5_12_12_MinGW_32_bit-Debug/CMakeFiles/CMakeTmp/CheckSymbolExists.c: In function 'main':
C:/Users/rapha/Documents/GitHub/OpenHD-ImageWriter/build-src-Desktop_Qt_5_12_12_MinGW_32_bit-Debug/CMakeFiles/CMakeTmp/CheckSymbolExists.c:32:19: error: 'alarm' undeclared (first use in this function)
   return ((int*)(&alarm))[argc];
                   ^~~~~
C:/Users/rapha/Documents/GitHub/OpenHD-ImageWriter/build-src-Desktop_Qt_5_12_12_MinGW_32_bit-Debug/CMakeFiles/CMakeTmp/CheckSymbolExists.c:32:19: note: each undeclared identifier is reported only once for each function it appears in
ninja: build stopped: subcommand failed.


File C:/Users/rapha/Documents/GitHub/OpenHD-ImageWriter/build-src-Desktop_Qt_5_12_12_MinGW_32_bit-Debug/CMakeFiles/CMakeTmp/CheckSymbolExists.c:
/* */
#include <windows.h>
#include <winsock.h>
#include <ws2tcpip.h>
#include <winsock2.h>
#include <stdio.h>
#include <sys/stat.h>
#include <sys/types.h>
#include <sys/utime.h>
#include <assert.h>
#include <errno.h>
#include <fcntl.h>
#include <io.h>
#include <libgen.h>
#include <locale.h>
#include <setjmp.h>
#include <signal.h>
#include <stdbool.h>
#include <stdio.h>
#include <stdlib.h>
#include <string.h>
#include <time.h>
#include <process.h>
#include <stddef.h>
#include <malloc.h>
#include <memory.h>

int main(int argc, char** argv)
{
  (void)argv;
#ifndef alarm
  return ((int*)(&alarm))[argc];
#else
  (void)argc;
  return 0;
#endif
}
Determining if the getpwuid_r exist failed with the following output:
Change Dir: C:/Users/rapha/Documents/GitHub/OpenHD-ImageWriter/build-src-Desktop_Qt_5_12_12_MinGW_32_bit-Debug/CMakeFiles/CMakeTmp

Run Build Command(s):C:/Qt/Tools/Ninja/ninja.exe cmTC_8cf20 && [1/2] Building C object CMakeFiles/cmTC_8cf20.dir/CheckSymbolExists.c.obj
FAILED: CMakeFiles/cmTC_8cf20.dir/CheckSymbolExists.c.obj 
C:\Qt\Tools\mingw730_32\bin\gcc.exe   -w     -D_WINSOCKAPI_= -DSECURITY_WIN32 -o CMakeFiles/cmTC_8cf20.dir/CheckSymbolExists.c.obj -c C:/Users/rapha/Documents/GitHub/OpenHD-ImageWriter/build-src-Desktop_Qt_5_12_12_MinGW_32_bit-Debug/CMakeFiles/CMakeTmp/CheckSymbolExists.c
C:/Users/rapha/Documents/GitHub/OpenHD-ImageWriter/build-src-Desktop_Qt_5_12_12_MinGW_32_bit-Debug/CMakeFiles/CMakeTmp/CheckSymbolExists.c: In function 'main':
C:/Users/rapha/Documents/GitHub/OpenHD-ImageWriter/build-src-Desktop_Qt_5_12_12_MinGW_32_bit-Debug/CMakeFiles/CMakeTmp/CheckSymbolExists.c:32:19: error: 'getpwuid_r' undeclared (first use in this function); did you mean 'getpid'?
   return ((int*)(&getpwuid_r))[argc];
                   ^~~~~~~~~~
                   getpid
C:/Users/rapha/Documents/GitHub/OpenHD-ImageWriter/build-src-Desktop_Qt_5_12_12_MinGW_32_bit-Debug/CMakeFiles/CMakeTmp/CheckSymbolExists.c:32:19: note: each undeclared identifier is reported only once for each function it appears in
ninja: build stopped: subcommand failed.


File C:/Users/rapha/Documents/GitHub/OpenHD-ImageWriter/build-src-Desktop_Qt_5_12_12_MinGW_32_bit-Debug/CMakeFiles/CMakeTmp/CheckSymbolExists.c:
/* */
#include <windows.h>
#include <winsock.h>
#include <ws2tcpip.h>
#include <winsock2.h>
#include <stdio.h>
#include <sys/stat.h>
#include <sys/types.h>
#include <sys/utime.h>
#include <assert.h>
#include <errno.h>
#include <fcntl.h>
#include <io.h>
#include <libgen.h>
#include <locale.h>
#include <setjmp.h>
#include <signal.h>
#include <stdbool.h>
#include <stdio.h>
#include <stdlib.h>
#include <string.h>
#include <time.h>
#include <process.h>
#include <stddef.h>
#include <malloc.h>
#include <memory.h>

int main(int argc, char** argv)
{
  (void)argv;
#ifndef getpwuid_r
  return ((int*)(&getpwuid_r))[argc];
#else
  (void)argc;
  return 0;
#endif
}
Determining if the strerror_r exist failed with the following output:
Change Dir: C:/Users/rapha/Documents/GitHub/OpenHD-ImageWriter/build-src-Desktop_Qt_5_12_12_MinGW_32_bit-Debug/CMakeFiles/CMakeTmp

Run Build Command(s):C:/Qt/Tools/Ninja/ninja.exe cmTC_c618b && [1/2] Building C object CMakeFiles/cmTC_c618b.dir/CheckSymbolExists.c.obj
FAILED: CMakeFiles/cmTC_c618b.dir/CheckSymbolExists.c.obj 
C:\Qt\Tools\mingw730_32\bin\gcc.exe   -w     -D_WINSOCKAPI_= -DSECURITY_WIN32 -o CMakeFiles/cmTC_c618b.dir/CheckSymbolExists.c.obj -c C:/Users/rapha/Documents/GitHub/OpenHD-ImageWriter/build-src-Desktop_Qt_5_12_12_MinGW_32_bit-Debug/CMakeFiles/CMakeTmp/CheckSymbolExists.c
C:/Users/rapha/Documents/GitHub/OpenHD-ImageWriter/build-src-Desktop_Qt_5_12_12_MinGW_32_bit-Debug/CMakeFiles/CMakeTmp/CheckSymbolExists.c: In function 'main':
C:/Users/rapha/Documents/GitHub/OpenHD-ImageWriter/build-src-Desktop_Qt_5_12_12_MinGW_32_bit-Debug/CMakeFiles/CMakeTmp/CheckSymbolExists.c:32:19: error: 'strerror_r' undeclared (first use in this function); did you mean 'strerror_s'?
   return ((int*)(&strerror_r))[argc];
                   ^~~~~~~~~~
                   strerror_s
C:/Users/rapha/Documents/GitHub/OpenHD-ImageWriter/build-src-Desktop_Qt_5_12_12_MinGW_32_bit-Debug/CMakeFiles/CMakeTmp/CheckSymbolExists.c:32:19: note: each undeclared identifier is reported only once for each function it appears in
ninja: build stopped: subcommand failed.


File C:/Users/rapha/Documents/GitHub/OpenHD-ImageWriter/build-src-Desktop_Qt_5_12_12_MinGW_32_bit-Debug/CMakeFiles/CMakeTmp/CheckSymbolExists.c:
/* */
#include <windows.h>
#include <winsock.h>
#include <ws2tcpip.h>
#include <winsock2.h>
#include <stdio.h>
#include <sys/stat.h>
#include <sys/types.h>
#include <sys/utime.h>
#include <assert.h>
#include <errno.h>
#include <fcntl.h>
#include <io.h>
#include <libgen.h>
#include <locale.h>
#include <setjmp.h>
#include <signal.h>
#include <stdbool.h>
#include <stdio.h>
#include <stdlib.h>
#include <string.h>
#include <time.h>
#include <process.h>
#include <stddef.h>
#include <malloc.h>
#include <memory.h>

int main(int argc, char** argv)
{
  (void)argv;
#ifndef strerror_r
  return ((int*)(&strerror_r))[argc];
#else
  (void)argc;
  return 0;
#endif
}
Determining if the siginterrupt exist failed with the following output:
Change Dir: C:/Users/rapha/Documents/GitHub/OpenHD-ImageWriter/build-src-Desktop_Qt_5_12_12_MinGW_32_bit-Debug/CMakeFiles/CMakeTmp

Run Build Command(s):C:/Qt/Tools/Ninja/ninja.exe cmTC_d6335 && [1/2] Building C object CMakeFiles/cmTC_d6335.dir/CheckSymbolExists.c.obj
FAILED: CMakeFiles/cmTC_d6335.dir/CheckSymbolExists.c.obj 
C:\Qt\Tools\mingw730_32\bin\gcc.exe   -w     -D_WINSOCKAPI_= -DSECURITY_WIN32 -o CMakeFiles/cmTC_d6335.dir/CheckSymbolExists.c.obj -c C:/Users/rapha/Documents/GitHub/OpenHD-ImageWriter/build-src-Desktop_Qt_5_12_12_MinGW_32_bit-Debug/CMakeFiles/CMakeTmp/CheckSymbolExists.c
C:/Users/rapha/Documents/GitHub/OpenHD-ImageWriter/build-src-Desktop_Qt_5_12_12_MinGW_32_bit-Debug/CMakeFiles/CMakeTmp/CheckSymbolExists.c: In function 'main':
C:/Users/rapha/Documents/GitHub/OpenHD-ImageWriter/build-src-Desktop_Qt_5_12_12_MinGW_32_bit-Debug/CMakeFiles/CMakeTmp/CheckSymbolExists.c:32:19: error: 'siginterrupt' undeclared (first use in this function)
   return ((int*)(&siginterrupt))[argc];
                   ^~~~~~~~~~~~
C:/Users/rapha/Documents/GitHub/OpenHD-ImageWriter/build-src-Desktop_Qt_5_12_12_MinGW_32_bit-Debug/CMakeFiles/CMakeTmp/CheckSymbolExists.c:32:19: note: each undeclared identifier is reported only once for each function it appears in
ninja: build stopped: subcommand failed.


File C:/Users/rapha/Documents/GitHub/OpenHD-ImageWriter/build-src-Desktop_Qt_5_12_12_MinGW_32_bit-Debug/CMakeFiles/CMakeTmp/CheckSymbolExists.c:
/* */
#include <windows.h>
#include <winsock.h>
#include <ws2tcpip.h>
#include <winsock2.h>
#include <stdio.h>
#include <sys/stat.h>
#include <sys/types.h>
#include <sys/utime.h>
#include <assert.h>
#include <errno.h>
#include <fcntl.h>
#include <io.h>
#include <libgen.h>
#include <locale.h>
#include <setjmp.h>
#include <signal.h>
#include <stdbool.h>
#include <stdio.h>
#include <stdlib.h>
#include <string.h>
#include <time.h>
#include <process.h>
#include <stddef.h>
#include <malloc.h>
#include <memory.h>

int main(int argc, char** argv)
{
  (void)argv;
#ifndef siginterrupt
  return ((int*)(&siginterrupt))[argc];
#else
  (void)argc;
  return 0;
#endif
}
Determining if the fork exist failed with the following output:
Change Dir: C:/Users/rapha/Documents/GitHub/OpenHD-ImageWriter/build-src-Desktop_Qt_5_12_12_MinGW_32_bit-Debug/CMakeFiles/CMakeTmp

Run Build Command(s):C:/Qt/Tools/Ninja/ninja.exe cmTC_edead && [1/2] Building C object CMakeFiles/cmTC_edead.dir/CheckSymbolExists.c.obj
FAILED: CMakeFiles/cmTC_edead.dir/CheckSymbolExists.c.obj 
C:\Qt\Tools\mingw730_32\bin\gcc.exe   -w     -D_WINSOCKAPI_= -DSECURITY_WIN32 -o CMakeFiles/cmTC_edead.dir/CheckSymbolExists.c.obj -c C:/Users/rapha/Documents/GitHub/OpenHD-ImageWriter/build-src-Desktop_Qt_5_12_12_MinGW_32_bit-Debug/CMakeFiles/CMakeTmp/CheckSymbolExists.c
C:/Users/rapha/Documents/GitHub/OpenHD-ImageWriter/build-src-Desktop_Qt_5_12_12_MinGW_32_bit-Debug/CMakeFiles/CMakeTmp/CheckSymbolExists.c: In function 'main':
C:/Users/rapha/Documents/GitHub/OpenHD-ImageWriter/build-src-Desktop_Qt_5_12_12_MinGW_32_bit-Debug/CMakeFiles/CMakeTmp/CheckSymbolExists.c:32:19: error: 'fork' undeclared (first use in this function); did you mean 'far'?
   return ((int*)(&fork))[argc];
                   ^~~~
                   far
C:/Users/rapha/Documents/GitHub/OpenHD-ImageWriter/build-src-Desktop_Qt_5_12_12_MinGW_32_bit-Debug/CMakeFiles/CMakeTmp/CheckSymbolExists.c:32:19: note: each undeclared identifier is reported only once for each function it appears in
ninja: build stopped: subcommand failed.


File C:/Users/rapha/Documents/GitHub/OpenHD-ImageWriter/build-src-Desktop_Qt_5_12_12_MinGW_32_bit-Debug/CMakeFiles/CMakeTmp/CheckSymbolExists.c:
/* */
#include <windows.h>
#include <winsock.h>
#include <ws2tcpip.h>
#include <winsock2.h>
#include <stdio.h>
#include <sys/stat.h>
#include <sys/types.h>
#include <sys/utime.h>
#include <assert.h>
#include <errno.h>
#include <fcntl.h>
#include <io.h>
#include <libgen.h>
#include <locale.h>
#include <setjmp.h>
#include <signal.h>
#include <stdbool.h>
#include <stdio.h>
#include <stdlib.h>
#include <string.h>
#include <time.h>
#include <process.h>
#include <stddef.h>
#include <malloc.h>
#include <memory.h>

int main(int argc, char** argv)
{
  (void)argv;
#ifndef fork
  return ((int*)(&fork))[argc];
#else
  (void)argc;
  return 0;
#endif
}
Determining if the freeifaddrs exist failed with the following output:
Change Dir: C:/Users/rapha/Documents/GitHub/OpenHD-ImageWriter/build-src-Desktop_Qt_5_12_12_MinGW_32_bit-Debug/CMakeFiles/CMakeTmp

Run Build Command(s):C:/Qt/Tools/Ninja/ninja.exe cmTC_c3b4d && [1/2] Building C object CMakeFiles/cmTC_c3b4d.dir/CheckSymbolExists.c.obj
FAILED: CMakeFiles/cmTC_c3b4d.dir/CheckSymbolExists.c.obj 
C:\Qt\Tools\mingw730_32\bin\gcc.exe   -w     -D_WINSOCKAPI_= -DSECURITY_WIN32 -o CMakeFiles/cmTC_c3b4d.dir/CheckSymbolExists.c.obj -c C:/Users/rapha/Documents/GitHub/OpenHD-ImageWriter/build-src-Desktop_Qt_5_12_12_MinGW_32_bit-Debug/CMakeFiles/CMakeTmp/CheckSymbolExists.c
C:/Users/rapha/Documents/GitHub/OpenHD-ImageWriter/build-src-Desktop_Qt_5_12_12_MinGW_32_bit-Debug/CMakeFiles/CMakeTmp/CheckSymbolExists.c: In function 'main':
C:/Users/rapha/Documents/GitHub/OpenHD-ImageWriter/build-src-Desktop_Qt_5_12_12_MinGW_32_bit-Debug/CMakeFiles/CMakeTmp/CheckSymbolExists.c:32:19: error: 'freeifaddrs' undeclared (first use in this function); did you mean 'fread_s'?
   return ((int*)(&freeifaddrs))[argc];
                   ^~~~~~~~~~~
                   fread_s
C:/Users/rapha/Documents/GitHub/OpenHD-ImageWriter/build-src-Desktop_Qt_5_12_12_MinGW_32_bit-Debug/CMakeFiles/CMakeTmp/CheckSymbolExists.c:32:19: note: each undeclared identifier is reported only once for each function it appears in
ninja: build stopped: subcommand failed.


File C:/Users/rapha/Documents/GitHub/OpenHD-ImageWriter/build-src-Desktop_Qt_5_12_12_MinGW_32_bit-Debug/CMakeFiles/CMakeTmp/CheckSymbolExists.c:
/* */
#include <windows.h>
#include <winsock.h>
#include <ws2tcpip.h>
#include <winsock2.h>
#include <stdio.h>
#include <sys/stat.h>
#include <sys/types.h>
#include <sys/utime.h>
#include <assert.h>
#include <errno.h>
#include <fcntl.h>
#include <io.h>
#include <libgen.h>
#include <locale.h>
#include <setjmp.h>
#include <signal.h>
#include <stdbool.h>
#include <stdio.h>
#include <stdlib.h>
#include <string.h>
#include <time.h>
#include <process.h>
#include <stddef.h>
#include <malloc.h>
#include <memory.h>

int main(int argc, char** argv)
{
  (void)argv;
#ifndef freeifaddrs
  return ((int*)(&freeifaddrs))[argc];
#else
  (void)argc;
  return 0;
#endif
}
Determining if the pipe exist failed with the following output:
Change Dir: C:/Users/rapha/Documents/GitHub/OpenHD-ImageWriter/build-src-Desktop_Qt_5_12_12_MinGW_32_bit-Debug/CMakeFiles/CMakeTmp

Run Build Command(s):C:/Qt/Tools/Ninja/ninja.exe cmTC_b3cca && [1/2] Building C object CMakeFiles/cmTC_b3cca.dir/CheckSymbolExists.c.obj
FAILED: CMakeFiles/cmTC_b3cca.dir/CheckSymbolExists.c.obj 
C:\Qt\Tools\mingw730_32\bin\gcc.exe   -w     -D_WINSOCKAPI_= -DSECURITY_WIN32 -o CMakeFiles/cmTC_b3cca.dir/CheckSymbolExists.c.obj -c C:/Users/rapha/Documents/GitHub/OpenHD-ImageWriter/build-src-Desktop_Qt_5_12_12_MinGW_32_bit-Debug/CMakeFiles/CMakeTmp/CheckSymbolExists.c
C:/Users/rapha/Documents/GitHub/OpenHD-ImageWriter/build-src-Desktop_Qt_5_12_12_MinGW_32_bit-Debug/CMakeFiles/CMakeTmp/CheckSymbolExists.c: In function 'main':
C:/Users/rapha/Documents/GitHub/OpenHD-ImageWriter/build-src-Desktop_Qt_5_12_12_MinGW_32_bit-Debug/CMakeFiles/CMakeTmp/CheckSymbolExists.c:32:19: error: 'pipe' undeclared (first use in this function); did you mean '_pipe'?
   return ((int*)(&pipe))[argc];
                   ^~~~
                   _pipe
C:/Users/rapha/Documents/GitHub/OpenHD-ImageWriter/build-src-Desktop_Qt_5_12_12_MinGW_32_bit-Debug/CMakeFiles/CMakeTmp/CheckSymbolExists.c:32:19: note: each undeclared identifier is reported only once for each function it appears in
ninja: build stopped: subcommand failed.


File C:/Users/rapha/Documents/GitHub/OpenHD-ImageWriter/build-src-Desktop_Qt_5_12_12_MinGW_32_bit-Debug/CMakeFiles/CMakeTmp/CheckSymbolExists.c:
/* */
#include <windows.h>
#include <winsock.h>
#include <ws2tcpip.h>
#include <winsock2.h>
#include <stdio.h>
#include <sys/stat.h>
#include <sys/types.h>
#include <sys/utime.h>
#include <assert.h>
#include <errno.h>
#include <fcntl.h>
#include <io.h>
#include <libgen.h>
#include <locale.h>
#include <setjmp.h>
#include <signal.h>
#include <stdbool.h>
#include <stdio.h>
#include <stdlib.h>
#include <string.h>
#include <time.h>
#include <process.h>
#include <stddef.h>
#include <malloc.h>
#include <memory.h>

int main(int argc, char** argv)
{
  (void)argv;
#ifndef pipe
  return ((int*)(&pipe))[argc];
#else
  (void)argc;
  return 0;
#endif
}
Determining if the ftruncate exist failed with the following output:
Change Dir: C:/Users/rapha/Documents/GitHub/OpenHD-ImageWriter/build-src-Desktop_Qt_5_12_12_MinGW_32_bit-Debug/CMakeFiles/CMakeTmp

Run Build Command(s):C:/Qt/Tools/Ninja/ninja.exe cmTC_ebf8c && [1/2] Building C object CMakeFiles/cmTC_ebf8c.dir/CheckSymbolExists.c.obj
FAILED: CMakeFiles/cmTC_ebf8c.dir/CheckSymbolExists.c.obj 
C:\Qt\Tools\mingw730_32\bin\gcc.exe   -w     -D_WINSOCKAPI_= -DSECURITY_WIN32 -o CMakeFiles/cmTC_ebf8c.dir/CheckSymbolExists.c.obj -c C:/Users/rapha/Documents/GitHub/OpenHD-ImageWriter/build-src-Desktop_Qt_5_12_12_MinGW_32_bit-Debug/CMakeFiles/CMakeTmp/CheckSymbolExists.c
C:/Users/rapha/Documents/GitHub/OpenHD-ImageWriter/build-src-Desktop_Qt_5_12_12_MinGW_32_bit-Debug/CMakeFiles/CMakeTmp/CheckSymbolExists.c: In function 'main':
C:/Users/rapha/Documents/GitHub/OpenHD-ImageWriter/build-src-Desktop_Qt_5_12_12_MinGW_32_bit-Debug/CMakeFiles/CMakeTmp/CheckSymbolExists.c:32:19: error: 'ftruncate' undeclared (first use in this function); did you mean 'strncat'?
   return ((int*)(&ftruncate))[argc];
                   ^~~~~~~~~
                   strncat
C:/Users/rapha/Documents/GitHub/OpenHD-ImageWriter/build-src-Desktop_Qt_5_12_12_MinGW_32_bit-Debug/CMakeFiles/CMakeTmp/CheckSymbolExists.c:32:19: note: each undeclared identifier is reported only once for each function it appears in
ninja: build stopped: subcommand failed.


File C:/Users/rapha/Documents/GitHub/OpenHD-ImageWriter/build-src-Desktop_Qt_5_12_12_MinGW_32_bit-Debug/CMakeFiles/CMakeTmp/CheckSymbolExists.c:
/* */
#include <windows.h>
#include <winsock.h>
#include <ws2tcpip.h>
#include <winsock2.h>
#include <stdio.h>
#include <sys/stat.h>
#include <sys/types.h>
#include <sys/utime.h>
#include <assert.h>
#include <errno.h>
#include <fcntl.h>
#include <io.h>
#include <libgen.h>
#include <locale.h>
#include <setjmp.h>
#include <signal.h>
#include <stdbool.h>
#include <stdio.h>
#include <stdlib.h>
#include <string.h>
#include <time.h>
#include <process.h>
#include <stddef.h>
#include <malloc.h>
#include <memory.h>

int main(int argc, char** argv)
{
  (void)argv;
#ifndef ftruncate
  return ((int*)(&ftruncate))[argc];
#else
  (void)argc;
  return 0;
#endif
}
Determining if the getrlimit exist failed with the following output:
Change Dir: C:/Users/rapha/Documents/GitHub/OpenHD-ImageWriter/build-src-Desktop_Qt_5_12_12_MinGW_32_bit-Debug/CMakeFiles/CMakeTmp

Run Build Command(s):C:/Qt/Tools/Ninja/ninja.exe cmTC_25ccb && [1/2] Building C object CMakeFiles/cmTC_25ccb.dir/CheckSymbolExists.c.obj
FAILED: CMakeFiles/cmTC_25ccb.dir/CheckSymbolExists.c.obj 
C:\Qt\Tools\mingw730_32\bin\gcc.exe   -w     -D_WINSOCKAPI_= -DSECURITY_WIN32 -o CMakeFiles/cmTC_25ccb.dir/CheckSymbolExists.c.obj -c C:/Users/rapha/Documents/GitHub/OpenHD-ImageWriter/build-src-Desktop_Qt_5_12_12_MinGW_32_bit-Debug/CMakeFiles/CMakeTmp/CheckSymbolExists.c
C:/Users/rapha/Documents/GitHub/OpenHD-ImageWriter/build-src-Desktop_Qt_5_12_12_MinGW_32_bit-Debug/CMakeFiles/CMakeTmp/CheckSymbolExists.c: In function 'main':
C:/Users/rapha/Documents/GitHub/OpenHD-ImageWriter/build-src-Desktop_Qt_5_12_12_MinGW_32_bit-Debug/CMakeFiles/CMakeTmp/CheckSymbolExists.c:32:19: error: 'getrlimit' undeclared (first use in this function)
   return ((int*)(&getrlimit))[argc];
                   ^~~~~~~~~
C:/Users/rapha/Documents/GitHub/OpenHD-ImageWriter/build-src-Desktop_Qt_5_12_12_MinGW_32_bit-Debug/CMakeFiles/CMakeTmp/CheckSymbolExists.c:32:19: note: each undeclared identifier is reported only once for each function it appears in
ninja: build stopped: subcommand failed.


File C:/Users/rapha/Documents/GitHub/OpenHD-ImageWriter/build-src-Desktop_Qt_5_12_12_MinGW_32_bit-Debug/CMakeFiles/CMakeTmp/CheckSymbolExists.c:
/* */
#include <windows.h>
#include <winsock.h>
#include <ws2tcpip.h>
#include <winsock2.h>
#include <stdio.h>
#include <sys/stat.h>
#include <sys/types.h>
#include <sys/utime.h>
#include <assert.h>
#include <errno.h>
#include <fcntl.h>
#include <io.h>
#include <libgen.h>
#include <locale.h>
#include <setjmp.h>
#include <signal.h>
#include <stdbool.h>
#include <stdio.h>
#include <stdlib.h>
#include <string.h>
#include <time.h>
#include <process.h>
#include <stddef.h>
#include <malloc.h>
#include <memory.h>

int main(int argc, char** argv)
{
  (void)argv;
#ifndef getrlimit
  return ((int*)(&getrlimit))[argc];
#else
  (void)argc;
  return 0;
#endif
}
Determining if the setrlimit exist failed with the following output:
Change Dir: C:/Users/rapha/Documents/GitHub/OpenHD-ImageWriter/build-src-Desktop_Qt_5_12_12_MinGW_32_bit-Debug/CMakeFiles/CMakeTmp

Run Build Command(s):C:/Qt/Tools/Ninja/ninja.exe cmTC_0ccc8 && [1/2] Building C object CMakeFiles/cmTC_0ccc8.dir/CheckSymbolExists.c.obj
FAILED: CMakeFiles/cmTC_0ccc8.dir/CheckSymbolExists.c.obj 
C:\Qt\Tools\mingw730_32\bin\gcc.exe   -w     -D_WINSOCKAPI_= -DSECURITY_WIN32 -o CMakeFiles/cmTC_0ccc8.dir/CheckSymbolExists.c.obj -c C:/Users/rapha/Documents/GitHub/OpenHD-ImageWriter/build-src-Desktop_Qt_5_12_12_MinGW_32_bit-Debug/CMakeFiles/CMakeTmp/CheckSymbolExists.c
C:/Users/rapha/Documents/GitHub/OpenHD-ImageWriter/build-src-Desktop_Qt_5_12_12_MinGW_32_bit-Debug/CMakeFiles/CMakeTmp/CheckSymbolExists.c: In function 'main':
C:/Users/rapha/Documents/GitHub/OpenHD-ImageWriter/build-src-Desktop_Qt_5_12_12_MinGW_32_bit-Debug/CMakeFiles/CMakeTmp/CheckSymbolExists.c:32:19: error: 'setrlimit' undeclared (first use in this function)
   return ((int*)(&setrlimit))[argc];
                   ^~~~~~~~~
C:/Users/rapha/Documents/GitHub/OpenHD-ImageWriter/build-src-Desktop_Qt_5_12_12_MinGW_32_bit-Debug/CMakeFiles/CMakeTmp/CheckSymbolExists.c:32:19: note: each undeclared identifier is reported only once for each function it appears in
ninja: build stopped: subcommand failed.


File C:/Users/rapha/Documents/GitHub/OpenHD-ImageWriter/build-src-Desktop_Qt_5_12_12_MinGW_32_bit-Debug/CMakeFiles/CMakeTmp/CheckSymbolExists.c:
/* */
#include <windows.h>
#include <winsock.h>
#include <ws2tcpip.h>
#include <winsock2.h>
#include <stdio.h>
#include <sys/stat.h>
#include <sys/types.h>
#include <sys/utime.h>
#include <assert.h>
#include <errno.h>
#include <fcntl.h>
#include <io.h>
#include <libgen.h>
#include <locale.h>
#include <setjmp.h>
#include <signal.h>
#include <stdbool.h>
#include <stdio.h>
#include <stdlib.h>
#include <string.h>
#include <time.h>
#include <process.h>
#include <stddef.h>
#include <malloc.h>
#include <memory.h>

int main(int argc, char** argv)
{
  (void)argv;
#ifndef setrlimit
  return ((int*)(&setrlimit))[argc];
#else
  (void)argc;
  return 0;
#endif
}
Determining if the fcntl exist failed with the following output:
Change Dir: C:/Users/rapha/Documents/GitHub/OpenHD-ImageWriter/build-src-Desktop_Qt_5_12_12_MinGW_32_bit-Debug/CMakeFiles/CMakeTmp

Run Build Command(s):C:/Qt/Tools/Ninja/ninja.exe cmTC_31762 && [1/2] Building C object CMakeFiles/cmTC_31762.dir/CheckSymbolExists.c.obj
FAILED: CMakeFiles/cmTC_31762.dir/CheckSymbolExists.c.obj 
C:\Qt\Tools\mingw730_32\bin\gcc.exe   -w     -D_WINSOCKAPI_= -DSECURITY_WIN32 -o CMakeFiles/cmTC_31762.dir/CheckSymbolExists.c.obj -c C:/Users/rapha/Documents/GitHub/OpenHD-ImageWriter/build-src-Desktop_Qt_5_12_12_MinGW_32_bit-Debug/CMakeFiles/CMakeTmp/CheckSymbolExists.c
C:/Users/rapha/Documents/GitHub/OpenHD-ImageWriter/build-src-Desktop_Qt_5_12_12_MinGW_32_bit-Debug/CMakeFiles/CMakeTmp/CheckSymbolExists.c: In function 'main':
C:/Users/rapha/Documents/GitHub/OpenHD-ImageWriter/build-src-Desktop_Qt_5_12_12_MinGW_32_bit-Debug/CMakeFiles/CMakeTmp/CheckSymbolExists.c:32:19: error: 'fcntl' undeclared (first use in this function); did you mean 'fcvt'?
   return ((int*)(&fcntl))[argc];
                   ^~~~~
                   fcvt
C:/Users/rapha/Documents/GitHub/OpenHD-ImageWriter/build-src-Desktop_Qt_5_12_12_MinGW_32_bit-Debug/CMakeFiles/CMakeTmp/CheckSymbolExists.c:32:19: note: each undeclared identifier is reported only once for each function it appears in
ninja: build stopped: subcommand failed.


File C:/Users/rapha/Documents/GitHub/OpenHD-ImageWriter/build-src-Desktop_Qt_5_12_12_MinGW_32_bit-Debug/CMakeFiles/CMakeTmp/CheckSymbolExists.c:
/* */
#include <windows.h>
#include <winsock.h>
#include <ws2tcpip.h>
#include <winsock2.h>
#include <stdio.h>
#include <sys/stat.h>
#include <sys/types.h>
#include <sys/utime.h>
#include <assert.h>
#include <errno.h>
#include <fcntl.h>
#include <io.h>
#include <libgen.h>
#include <locale.h>
#include <setjmp.h>
#include <signal.h>
#include <stdbool.h>
#include <stdio.h>
#include <stdlib.h>
#include <string.h>
#include <time.h>
#include <process.h>
#include <stddef.h>
#include <malloc.h>
#include <memory.h>

int main(int argc, char** argv)
{
  (void)argv;
#ifndef fcntl
  return ((int*)(&fcntl))[argc];
#else
  (void)argc;
  return 0;
#endif
}
Determining if the ioctl exist failed with the following output:
Change Dir: C:/Users/rapha/Documents/GitHub/OpenHD-ImageWriter/build-src-Desktop_Qt_5_12_12_MinGW_32_bit-Debug/CMakeFiles/CMakeTmp

Run Build Command(s):C:/Qt/Tools/Ninja/ninja.exe cmTC_150b4 && [1/2] Building C object CMakeFiles/cmTC_150b4.dir/CheckSymbolExists.c.obj
FAILED: CMakeFiles/cmTC_150b4.dir/CheckSymbolExists.c.obj 
C:\Qt\Tools\mingw730_32\bin\gcc.exe   -w     -D_WINSOCKAPI_= -DSECURITY_WIN32 -o CMakeFiles/cmTC_150b4.dir/CheckSymbolExists.c.obj -c C:/Users/rapha/Documents/GitHub/OpenHD-ImageWriter/build-src-Desktop_Qt_5_12_12_MinGW_32_bit-Debug/CMakeFiles/CMakeTmp/CheckSymbolExists.c
C:/Users/rapha/Documents/GitHub/OpenHD-ImageWriter/build-src-Desktop_Qt_5_12_12_MinGW_32_bit-Debug/CMakeFiles/CMakeTmp/CheckSymbolExists.c: In function 'main':
C:/Users/rapha/Documents/GitHub/OpenHD-ImageWriter/build-src-Desktop_Qt_5_12_12_MinGW_32_bit-Debug/CMakeFiles/CMakeTmp/CheckSymbolExists.c:32:19: error: 'ioctl' undeclared (first use in this function)
   return ((int*)(&ioctl))[argc];
                   ^~~~~
C:/Users/rapha/Documents/GitHub/OpenHD-ImageWriter/build-src-Desktop_Qt_5_12_12_MinGW_32_bit-Debug/CMakeFiles/CMakeTmp/CheckSymbolExists.c:32:19: note: each undeclared identifier is reported only once for each function it appears in
ninja: build stopped: subcommand failed.


File C:/Users/rapha/Documents/GitHub/OpenHD-ImageWriter/build-src-Desktop_Qt_5_12_12_MinGW_32_bit-Debug/CMakeFiles/CMakeTmp/CheckSymbolExists.c:
/* */
#include <windows.h>
#include <winsock.h>
#include <ws2tcpip.h>
#include <winsock2.h>
#include <stdio.h>
#include <sys/stat.h>
#include <sys/types.h>
#include <sys/utime.h>
#include <assert.h>
#include <errno.h>
#include <fcntl.h>
#include <io.h>
#include <libgen.h>
#include <locale.h>
#include <setjmp.h>
#include <signal.h>
#include <stdbool.h>
#include <stdio.h>
#include <stdlib.h>
#include <string.h>
#include <time.h>
#include <process.h>
#include <stddef.h>
#include <malloc.h>
#include <memory.h>

int main(int argc, char** argv)
{
  (void)argv;
#ifndef ioctl
  return ((int*)(&ioctl))[argc];
#else
  (void)argc;
  return 0;
#endif
}
Determining if the function mach_absolute_time exists failed with the following output:
Change Dir: C:/Users/rapha/Documents/GitHub/OpenHD-ImageWriter/build-src-Desktop_Qt_5_12_12_MinGW_32_bit-Debug/CMakeFiles/CMakeTmp

Run Build Command(s):C:/Qt/Tools/Ninja/ninja.exe cmTC_0e21b && [1/2] Building C object CMakeFiles/cmTC_0e21b.dir/CheckFunctionExists.c.obj
[2/2] Linking C executable cmTC_0e21b.exe
FAILED: cmTC_0e21b.exe 
cmd.exe /C "cd . && C:\Qt\Tools\mingw730_32\bin\gcc.exe -w -DCHECK_FUNCTION_EXISTS=mach_absolute_time  CMakeFiles/cmTC_0e21b.dir/CheckFunctionExists.c.obj -o cmTC_0e21b.exe -Wl,--out-implib,libcmTC_0e21b.dll.a -Wl,--major-image-version,0,--minor-image-version,0  -lws2_32  -lkernel32 -luser32 -lgdi32 -lwinspool -lshell32 -lole32 -loleaut32 -luuid -lcomdlg32 -ladvapi32 && cd ."
CMakeFiles/cmTC_0e21b.dir/CheckFunctionExists.c.obj:CheckFunctionExists.c:(.text+0xc): undefined reference to `mach_absolute_time'
collect2.exe: error: ld returned 1 exit status
ninja: build stopped: subcommand failed.



Determining if the fsetxattr exist failed with the following output:
Change Dir: C:/Users/rapha/Documents/GitHub/OpenHD-ImageWriter/build-src-Desktop_Qt_5_12_12_MinGW_32_bit-Debug/CMakeFiles/CMakeTmp

Run Build Command(s):C:/Qt/Tools/Ninja/ninja.exe cmTC_7e34e && [1/2] Building C object CMakeFiles/cmTC_7e34e.dir/CheckSymbolExists.c.obj
FAILED: CMakeFiles/cmTC_7e34e.dir/CheckSymbolExists.c.obj 
C:\Qt\Tools\mingw730_32\bin\gcc.exe   -w     -D_WINSOCKAPI_= -DSECURITY_WIN32 -o CMakeFiles/cmTC_7e34e.dir/CheckSymbolExists.c.obj -c C:/Users/rapha/Documents/GitHub/OpenHD-ImageWriter/build-src-Desktop_Qt_5_12_12_MinGW_32_bit-Debug/CMakeFiles/CMakeTmp/CheckSymbolExists.c
C:/Users/rapha/Documents/GitHub/OpenHD-ImageWriter/build-src-Desktop_Qt_5_12_12_MinGW_32_bit-Debug/CMakeFiles/CMakeTmp/CheckSymbolExists.c: In function 'main':
C:/Users/rapha/Documents/GitHub/OpenHD-ImageWriter/build-src-Desktop_Qt_5_12_12_MinGW_32_bit-Debug/CMakeFiles/CMakeTmp/CheckSymbolExists.c:32:19: error: 'fsetxattr' undeclared (first use in this function); did you mean 'fstat'?
   return ((int*)(&fsetxattr))[argc];
                   ^~~~~~~~~
                   fstat
C:/Users/rapha/Documents/GitHub/OpenHD-ImageWriter/build-src-Desktop_Qt_5_12_12_MinGW_32_bit-Debug/CMakeFiles/CMakeTmp/CheckSymbolExists.c:32:19: note: each undeclared identifier is reported only once for each function it appears in
ninja: build stopped: subcommand failed.


File C:/Users/rapha/Documents/GitHub/OpenHD-ImageWriter/build-src-Desktop_Qt_5_12_12_MinGW_32_bit-Debug/CMakeFiles/CMakeTmp/CheckSymbolExists.c:
/* */
#include <windows.h>
#include <winsock.h>
#include <ws2tcpip.h>
#include <winsock2.h>
#include <stdio.h>
#include <sys/stat.h>
#include <sys/types.h>
#include <sys/utime.h>
#include <assert.h>
#include <errno.h>
#include <fcntl.h>
#include <io.h>
#include <libgen.h>
#include <locale.h>
#include <setjmp.h>
#include <signal.h>
#include <stdbool.h>
#include <stdio.h>
#include <stdlib.h>
#include <string.h>
#include <time.h>
#include <process.h>
#include <stddef.h>
#include <malloc.h>
#include <memory.h>

int main(int argc, char** argv)
{
  (void)argv;
#ifndef fsetxattr
  return ((int*)(&fsetxattr))[argc];
#else
  (void)argc;
  return 0;
#endif
}
Performing Curl Test HAVE_FCNTL_O_NONBLOCK failed with the following output:
Change Dir: C:/Users/rapha/Documents/GitHub/OpenHD-ImageWriter/build-src-Desktop_Qt_5_12_12_MinGW_32_bit-Debug/CMakeFiles/CMakeTmp

Run Build Command(s):C:/Qt/Tools/Ninja/ninja.exe cmTC_9a503 && [1/2] Building C object CMakeFiles/cmTC_9a503.dir/CurlTests.c.obj
FAILED: CMakeFiles/cmTC_9a503.dir/CurlTests.c.obj 
C:\Qt\Tools\mingw730_32\bin\gcc.exe   -w -DHAVE_FCNTL_O_NONBLOCK  -DHAVE_WINDOWS_H -DHAVE_WINSOCK_H -DHAVE_WS2TCPIP_H -DHAVE_WINSOCK2_H -DHAVE_STDIO_H -DHAVE_SYS_STAT_H -DHAVE_SYS_TYPES_H -DHAVE_SYS_UTIME_H -DHAVE_ASSERT_H -DHAVE_ERRNO_H -DHAVE_FCNTL_H -DHAVE_IO_H -DHAVE_LIBGEN_H -DHAVE_LOCALE_H -DHAVE_SETJMP_H -DHAVE_SIGNAL_H -DHAVE_STDBOOL_H -DHAVE_STDIO_H -DHAVE_STDLIB_H -DHAVE_STRING_H -DHAVE_TIME_H -DHAVE_PROCESS_H -DHAVE_STDDEF_H -DHAVE_MALLOC_H -DHAVE_MEMORY_H -o CMakeFiles/cmTC_9a503.dir/CurlTests.c.obj -c C:/Users/rapha/Documents/GitHub/OpenHD-ImageWriter/src/dependencies/cmcurl/CMake/CurlTests.c
C:/Users/rapha/Documents/GitHub/OpenHD-ImageWriter/src/dependencies/cmcurl/CMake/CurlTests.c: In function 'main':
C:/Users/rapha/Documents/GitHub/OpenHD-ImageWriter/src/dependencies/cmcurl/CMake/CurlTests.c:68:24: error: 'F_SETFL' undeclared (first use in this function)
       if(0 != fcntl(0, F_SETFL, flags | O_NONBLOCK))
                        ^~~~~~~
C:/Users/rapha/Documents/GitHub/OpenHD-ImageWriter/src/dependencies/cmcurl/CMake/CurlTests.c:68:24: note: each undeclared identifier is reported only once for each function it appears in
C:/Users/rapha/Documents/GitHub/OpenHD-ImageWriter/src/dependencies/cmcurl/CMake/CurlTests.c:68:41: error: 'O_NONBLOCK' undeclared (first use in this function)
       if(0 != fcntl(0, F_SETFL, flags | O_NONBLOCK))
                                         ^~~~~~~~~~
ninja: build stopped: subcommand failed.


Performing Curl Test HAVE_IOCTLSOCKET_CAMEL failed with the following output:
Change Dir: C:/Users/rapha/Documents/GitHub/OpenHD-ImageWriter/build-src-Desktop_Qt_5_12_12_MinGW_32_bit-Debug/CMakeFiles/CMakeTmp

Run Build Command(s):C:/Qt/Tools/Ninja/ninja.exe cmTC_d2854 && [1/2] Building C object CMakeFiles/cmTC_d2854.dir/CurlTests.c.obj
[2/2] Linking C executable cmTC_d2854.exe
FAILED: cmTC_d2854.exe 
cmd.exe /C "cd . && C:\Qt\Tools\mingw730_32\bin\gcc.exe -w -DHAVE_IOCTLSOCKET_CAMEL  -DHAVE_WINDOWS_H -DHAVE_WINSOCK_H -DHAVE_WS2TCPIP_H -DHAVE_WINSOCK2_H -DHAVE_STDIO_H -DHAVE_SYS_STAT_H -DHAVE_SYS_TYPES_H -DHAVE_SYS_UTIME_H -DHAVE_ASSERT_H -DHAVE_ERRNO_H -DHAVE_FCNTL_H -DHAVE_IO_H -DHAVE_LIBGEN_H -DHAVE_LOCALE_H -DHAVE_SETJMP_H -DHAVE_SIGNAL_H -DHAVE_STDBOOL_H -DHAVE_STDIO_H -DHAVE_STDLIB_H -DHAVE_STRING_H -DHAVE_TIME_H -DHAVE_PROCESS_H -DHAVE_STDDEF_H -DHAVE_MALLOC_H -DHAVE_MEMORY_H  CMakeFiles/cmTC_d2854.dir/CurlTests.c.obj -o cmTC_d2854.exe -Wl,--out-implib,libcmTC_d2854.dll.a -Wl,--major-image-version,0,--minor-image-version,0  -lws2_32  -lkernel32 -luser32 -lgdi32 -lwinspool -lshell32 -lole32 -loleaut32 -luuid -lcomdlg32 -ladvapi32 && cd ."
CMakeFiles/cmTC_d2854.dir/CurlTests.c.obj:CurlTests.c:(.text+0x26): undefined reference to `IoctlSocket'
collect2.exe: error: ld returned 1 exit status
ninja: build stopped: subcommand failed.


Performing Curl Test HAVE_IOCTL_FIONBIO failed with the following output:
Change Dir: C:/Users/rapha/Documents/GitHub/OpenHD-ImageWriter/build-src-Desktop_Qt_5_12_12_MinGW_32_bit-Debug/CMakeFiles/CMakeTmp

Run Build Command(s):C:/Qt/Tools/Ninja/ninja.exe cmTC_8576d && [1/2] Building C object CMakeFiles/cmTC_8576d.dir/CurlTests.c.obj
FAILED: CMakeFiles/cmTC_8576d.dir/CurlTests.c.obj 
C:\Qt\Tools\mingw730_32\bin\gcc.exe   -w -DHAVE_IOCTL_FIONBIO  -DHAVE_WINDOWS_H -DHAVE_WINSOCK_H -DHAVE_WS2TCPIP_H -DHAVE_WINSOCK2_H -DHAVE_STDIO_H -DHAVE_SYS_STAT_H -DHAVE_SYS_TYPES_H -DHAVE_SYS_UTIME_H -DHAVE_ASSERT_H -DHAVE_ERRNO_H -DHAVE_FCNTL_H -DHAVE_IO_H -DHAVE_LIBGEN_H -DHAVE_LOCALE_H -DHAVE_SETJMP_H -DHAVE_SIGNAL_H -DHAVE_STDBOOL_H -DHAVE_STDIO_H -DHAVE_STDLIB_H -DHAVE_STRING_H -DHAVE_TIME_H -DHAVE_PROCESS_H -DHAVE_STDDEF_H -DHAVE_MALLOC_H -DHAVE_MEMORY_H -o CMakeFiles/cmTC_8576d.dir/CurlTests.c.obj -c C:/Users/rapha/Documents/GitHub/OpenHD-ImageWriter/src/dependencies/cmcurl/CMake/CurlTests.c
C:/Users/rapha/Documents/GitHub/OpenHD-ImageWriter/src/dependencies/cmcurl/CMake/CurlTests.c: In function 'main':
C:/Users/rapha/Documents/GitHub/OpenHD-ImageWriter/src/dependencies/cmcurl/CMake/CurlTests.c:438:26: error: 'FIONBIO' undeclared (first use in this function)
         if(0 != ioctl(0, FIONBIO, &flags))
                          ^~~~~~~
C:/Users/rapha/Documents/GitHub/OpenHD-ImageWriter/src/dependencies/cmcurl/CMake/CurlTests.c:438:26: note: each undeclared identifier is reported only once for each function it appears in
ninja: build stopped: subcommand failed.


Performing Curl Test HAVE_IOCTL_SIOCGIFADDR failed with the following output:
Change Dir: C:/Users/rapha/Documents/GitHub/OpenHD-ImageWriter/build-src-Desktop_Qt_5_12_12_MinGW_32_bit-Debug/CMakeFiles/CMakeTmp

Run Build Command(s):C:/Qt/Tools/Ninja/ninja.exe cmTC_f962e && [1/2] Building C object CMakeFiles/cmTC_f962e.dir/CurlTests.c.obj
FAILED: CMakeFiles/cmTC_f962e.dir/CurlTests.c.obj 
C:\Qt\Tools\mingw730_32\bin\gcc.exe   -w -DHAVE_IOCTL_SIOCGIFADDR  -DHAVE_WINDOWS_H -DHAVE_WINSOCK_H -DHAVE_WS2TCPIP_H -DHAVE_WINSOCK2_H -DHAVE_STDIO_H -DHAVE_SYS_STAT_H -DHAVE_SYS_TYPES_H -DHAVE_SYS_UTIME_H -DHAVE_ASSERT_H -DHAVE_ERRNO_H -DHAVE_FCNTL_H -DHAVE_IO_H -DHAVE_LIBGEN_H -DHAVE_LOCALE_H -DHAVE_SETJMP_H -DHAVE_SIGNAL_H -DHAVE_STDBOOL_H -DHAVE_STDIO_H -DHAVE_STDLIB_H -DHAVE_STRING_H -DHAVE_TIME_H -DHAVE_PROCESS_H -DHAVE_STDDEF_H -DHAVE_MALLOC_H -DHAVE_MEMORY_H -o CMakeFiles/cmTC_f962e.dir/CurlTests.c.obj -c C:/Users/rapha/Documents/GitHub/OpenHD-ImageWriter/src/dependencies/cmcurl/CMake/CurlTests.c
C:/Users/rapha/Documents/GitHub/OpenHD-ImageWriter/src/dependencies/cmcurl/CMake/CurlTests.c:463:10: fatal error: net/if.h: No such file or directory
 #include <net/if.h>
          ^~~~~~~~~~
compilation terminated.
ninja: build stopped: subcommand failed.


Performing Curl Test HAVE_SETSOCKOPT_SO_NONBLOCK failed with the following output:
Change Dir: C:/Users/rapha/Documents/GitHub/OpenHD-ImageWriter/build-src-Desktop_Qt_5_12_12_MinGW_32_bit-Debug/CMakeFiles/CMakeTmp

Run Build Command(s):C:/Qt/Tools/Ninja/ninja.exe cmTC_02555 && [1/2] Building C object CMakeFiles/cmTC_02555.dir/CurlTests.c.obj
FAILED: CMakeFiles/cmTC_02555.dir/CurlTests.c.obj 
C:\Qt\Tools\mingw730_32\bin\gcc.exe   -w -DHAVE_SETSOCKOPT_SO_NONBLOCK  -DHAVE_WINDOWS_H -DHAVE_WINSOCK_H -DHAVE_WS2TCPIP_H -DHAVE_WINSOCK2_H -DHAVE_STDIO_H -DHAVE_SYS_STAT_H -DHAVE_SYS_TYPES_H -DHAVE_SYS_UTIME_H -DHAVE_ASSERT_H -DHAVE_ERRNO_H -DHAVE_FCNTL_H -DHAVE_IO_H -DHAVE_LIBGEN_H -DHAVE_LOCALE_H -DHAVE_SETJMP_H -DHAVE_SIGNAL_H -DHAVE_STDBOOL_H -DHAVE_STDIO_H -DHAVE_STDLIB_H -DHAVE_STRING_H -DHAVE_TIME_H -DHAVE_PROCESS_H -DHAVE_STDDEF_H -DHAVE_MALLOC_H -DHAVE_MEMORY_H -o CMakeFiles/cmTC_02555.dir/CurlTests.c.obj -c C:/Users/rapha/Documents/GitHub/OpenHD-ImageWriter/src/dependencies/cmcurl/CMake/CurlTests.c
C:/Users/rapha/Documents/GitHub/OpenHD-ImageWriter/src/dependencies/cmcurl/CMake/CurlTests.c: In function 'main':
C:/Users/rapha/Documents/GitHub/OpenHD-ImageWriter/src/dependencies/cmcurl/CMake/CurlTests.c:503:43: error: 'SO_NONBLOCK' undeclared (first use in this function); did you mean 'SMTO_BLOCK'?
         if(0 != setsockopt(0, SOL_SOCKET, SO_NONBLOCK, 0, 0))
                                           ^~~~~~~~~~~
                                           SMTO_BLOCK
C:/Users/rapha/Documents/GitHub/OpenHD-ImageWriter/src/dependencies/cmcurl/CMake/CurlTests.c:503:43: note: each undeclared identifier is reported only once for each function it appears in
ninja: build stopped: subcommand failed.


Performing Curl Test HAVE_SOCKADDR_IN6_SIN6_SCOPE_ID failed with the following output:
Change Dir: C:/Users/rapha/Documents/GitHub/OpenHD-ImageWriter/build-src-Desktop_Qt_5_12_12_MinGW_32_bit-Debug/CMakeFiles/CMakeTmp

Run Build Command(s):C:/Qt/Tools/Ninja/ninja.exe cmTC_f3aec && [1/2] Building C object CMakeFiles/cmTC_f3aec.dir/CurlTests.c.obj
[2/2] Linking C executable cmTC_f3aec.exe
FAILED: cmTC_f3aec.exe 
cmd.exe /C "cd . && C:\Qt\Tools\mingw730_32\bin\gcc.exe -w -DHAVE_SOCKADDR_IN6_SIN6_SCOPE_ID  -DHAVE_WINDOWS_H -DHAVE_WINSOCK_H -DHAVE_WS2TCPIP_H -DHAVE_WINSOCK2_H -DHAVE_STDIO_H -DHAVE_SYS_STAT_H -DHAVE_SYS_TYPES_H -DHAVE_SYS_UTIME_H -DHAVE_ASSERT_H -DHAVE_ERRNO_H -DHAVE_FCNTL_H -DHAVE_IO_H -DHAVE_LIBGEN_H -DHAVE_LOCALE_H -DHAVE_SETJMP_H -DHAVE_SIGNAL_H -DHAVE_STDBOOL_H -DHAVE_STDIO_H -DHAVE_STDLIB_H -DHAVE_STRING_H -DHAVE_TIME_H -DHAVE_PROCESS_H -DHAVE_STDDEF_H -DHAVE_MALLOC_H -DHAVE_MEMORY_H  CMakeFiles/cmTC_f3aec.dir/CurlTests.c.obj -o cmTC_f3aec.exe -Wl,--out-implib,libcmTC_f3aec.dll.a -Wl,--major-image-version,0,--minor-image-version,0  -lws2_32  -lkernel32 -luser32 -lgdi32 -lwinspool -lshell32 -lole32 -loleaut32 -luuid -lcomdlg32 -ladvapi32 && cd ."
C:/Qt/Tools/mingw730_32/bin/../lib/gcc/i686-w64-mingw32/7.3.0/../../../../i686-w64-mingw32/lib/../lib/libmingw32.a(lib32_libmingw32_a-crt0_c.o):crt0_c.c:(.text.startup+0x39): undefined reference to `WinMain@16'
collect2.exe: error: ld returned 1 exit status
ninja: build stopped: subcommand failed.


Performing Curl Test HAVE_GLIBC_STRERROR_R failed with the following output:
Change Dir: C:/Users/rapha/Documents/GitHub/OpenHD-ImageWriter/build-src-Desktop_Qt_5_12_12_MinGW_32_bit-Debug/CMakeFiles/CMakeTmp

Run Build Command(s):C:/Qt/Tools/Ninja/ninja.exe cmTC_9fc6f && [1/2] Building C object CMakeFiles/cmTC_9fc6f.dir/CurlTests.c.obj
FAILED: CMakeFiles/cmTC_9fc6f.dir/CurlTests.c.obj 
C:\Qt\Tools\mingw730_32\bin\gcc.exe   -w -DHAVE_GLIBC_STRERROR_R  -DHAVE_WINDOWS_H -DHAVE_WINSOCK_H -DHAVE_WS2TCPIP_H -DHAVE_WINSOCK2_H -DHAVE_STDIO_H -DHAVE_SYS_STAT_H -DHAVE_SYS_TYPES_H -DHAVE_SYS_UTIME_H -DHAVE_ASSERT_H -DHAVE_ERRNO_H -DHAVE_FCNTL_H -DHAVE_IO_H -DHAVE_LIBGEN_H -DHAVE_LOCALE_H -DHAVE_SETJMP_H -DHAVE_SIGNAL_H -DHAVE_STDBOOL_H -DHAVE_STDIO_H -DHAVE_STDLIB_H -DHAVE_STRING_H -DHAVE_TIME_H -DHAVE_PROCESS_H -DHAVE_STDDEF_H -DHAVE_MALLOC_H -DHAVE_MEMORY_H -o CMakeFiles/cmTC_9fc6f.dir/CurlTests.c.obj -c C:/Users/rapha/Documents/GitHub/OpenHD-ImageWriter/src/dependencies/cmcurl/CMake/CurlTests.c
C:/Users/rapha/Documents/GitHub/OpenHD-ImageWriter/src/dependencies/cmcurl/CMake/CurlTests.c: In function 'main':
C:/Users/rapha/Documents/GitHub/OpenHD-ImageWriter/src/dependencies/cmcurl/CMake/CurlTests.c:519:51: error: subscripted value is neither array nor pointer nor vector
   check(strerror_r(EACCES, buffer, sizeof(buffer))[0]);
                                                   ^
ninja: build stopped: subcommand failed.


Performing Curl Test HAVE_POSIX_STRERROR_R failed with the following output:
Change Dir: C:/Users/rapha/Documents/GitHub/OpenHD-ImageWriter/build-src-Desktop_Qt_5_12_12_MinGW_32_bit-Debug/CMakeFiles/CMakeTmp

Run Build Command(s):C:/Qt/Tools/Ninja/ninja.exe cmTC_bd4e2 && [1/2] Building C object CMakeFiles/cmTC_bd4e2.dir/CurlTests.c.obj
[2/2] Linking C executable cmTC_bd4e2.exe
FAILED: cmTC_bd4e2.exe 
cmd.exe /C "cd . && C:\Qt\Tools\mingw730_32\bin\gcc.exe -w -DHAVE_POSIX_STRERROR_R  -DHAVE_WINDOWS_H -DHAVE_WINSOCK_H -DHAVE_WS2TCPIP_H -DHAVE_WINSOCK2_H -DHAVE_STDIO_H -DHAVE_SYS_STAT_H -DHAVE_SYS_TYPES_H -DHAVE_SYS_UTIME_H -DHAVE_ASSERT_H -DHAVE_ERRNO_H -DHAVE_FCNTL_H -DHAVE_IO_H -DHAVE_LIBGEN_H -DHAVE_LOCALE_H -DHAVE_SETJMP_H -DHAVE_SIGNAL_H -DHAVE_STDBOOL_H -DHAVE_STDIO_H -DHAVE_STDLIB_H -DHAVE_STRING_H -DHAVE_TIME_H -DHAVE_PROCESS_H -DHAVE_STDDEF_H -DHAVE_MALLOC_H -DHAVE_MEMORY_H  CMakeFiles/cmTC_bd4e2.dir/CurlTests.c.obj -o cmTC_bd4e2.exe -Wl,--out-implib,libcmTC_bd4e2.dll.a -Wl,--major-image-version,0,--minor-image-version,0  -lws2_32  -lkernel32 -luser32 -lgdi32 -lwinspool -lshell32 -lole32 -loleaut32 -luuid -lcomdlg32 -ladvapi32 && cd ."
CMakeFiles/cmTC_bd4e2.dir/CurlTests.c.obj:CurlTests.c:(.text+0x2f): undefined reference to `strerror_r'
collect2.exe: error: ld returned 1 exit status
ninja: build stopped: subcommand failed.


Performing Curl Test HAVE_BUILTIN_AVAILABLE failed with the following output:
Change Dir: C:/Users/rapha/Documents/GitHub/OpenHD-ImageWriter/build-src-Desktop_Qt_5_12_12_MinGW_32_bit-Debug/CMakeFiles/CMakeTmp

Run Build Command(s):C:/Qt/Tools/Ninja/ninja.exe cmTC_be9bc && [1/2] Building C object CMakeFiles/cmTC_be9bc.dir/CurlTests.c.obj
FAILED: CMakeFiles/cmTC_be9bc.dir/CurlTests.c.obj 
C:\Qt\Tools\mingw730_32\bin\gcc.exe   -w -DHAVE_BUILTIN_AVAILABLE  -DHAVE_WINDOWS_H -DHAVE_WINSOCK_H -DHAVE_WS2TCPIP_H -DHAVE_WINSOCK2_H -DHAVE_STDIO_H -DHAVE_SYS_STAT_H -DHAVE_SYS_TYPES_H -DHAVE_SYS_UTIME_H -DHAVE_ASSERT_H -DHAVE_ERRNO_H -DHAVE_FCNTL_H -DHAVE_IO_H -DHAVE_LIBGEN_H -DHAVE_LOCALE_H -DHAVE_SETJMP_H -DHAVE_SIGNAL_H -DHAVE_STDBOOL_H -DHAVE_STDIO_H -DHAVE_STDLIB_H -DHAVE_STRING_H -DHAVE_TIME_H -DHAVE_PROCESS_H -DHAVE_STDDEF_H -DHAVE_MALLOC_H -DHAVE_MEMORY_H -o CMakeFiles/cmTC_be9bc.dir/CurlTests.c.obj -c C:/Users/rapha/Documents/GitHub/OpenHD-ImageWriter/src/dependencies/cmcurl/CMake/CurlTests.c
C:/Users/rapha/Documents/GitHub/OpenHD-ImageWriter/src/dependencies/cmcurl/CMake/CurlTests.c: In function 'main':
C:/Users/rapha/Documents/GitHub/OpenHD-ImageWriter/src/dependencies/cmcurl/CMake/CurlTests.c:566:26: error: 'macOS' undeclared (first use in this function)
   if(__builtin_available(macOS 10.12, *)) {}
                          ^~~~~
C:/Users/rapha/Documents/GitHub/OpenHD-ImageWriter/src/dependencies/cmcurl/CMake/CurlTests.c:566:26: note: each undeclared identifier is reported only once for each function it appears in
C:/Users/rapha/Documents/GitHub/OpenHD-ImageWriter/src/dependencies/cmcurl/CMake/CurlTests.c:566:32: error: expected ')' before numeric constant
   if(__builtin_available(macOS 10.12, *)) {}
                                ^~~~~
ninja: build stopped: subcommand failed.


Performing C SOURCE FILE Test HAVE_MSG_NOSIGNAL failed with the following output:
Change Dir: C:/Users/rapha/Documents/GitHub/OpenHD-ImageWriter/build-src-Desktop_Qt_5_12_12_MinGW_32_bit-Debug/CMakeFiles/CMakeTmp

Run Build Command(s):C:/Qt/Tools/Ninja/ninja.exe cmTC_66585 && [1/2] Building C object CMakeFiles/cmTC_66585.dir/src.c.obj
FAILED: CMakeFiles/cmTC_66585.dir/src.c.obj 
C:\Qt\Tools\mingw730_32\bin\gcc.exe -DHAVE_MSG_NOSIGNAL -IC:/Users/rapha/Documents/GitHub/OpenHD-ImageWriter/src/dependencies/cmcurl/include -w     -D_WINSOCKAPI_= -DSECURITY_WIN32 -o CMakeFiles/cmTC_66585.dir/src.c.obj -c C:/Users/rapha/Documents/GitHub/OpenHD-ImageWriter/build-src-Desktop_Qt_5_12_12_MinGW_32_bit-Debug/CMakeFiles/CMakeTmp/src.c
C:/Users/rapha/Documents/GitHub/OpenHD-ImageWriter/build-src-Desktop_Qt_5_12_12_MinGW_32_bit-Debug/CMakeFiles/CMakeTmp/src.c: In function 'main':
C:/Users/rapha/Documents/GitHub/OpenHD-ImageWriter/build-src-Desktop_Qt_5_12_12_MinGW_32_bit-Debug/CMakeFiles/CMakeTmp/src.c:9:16: error: 'MSG_NOSIGNAL' undeclared (first use in this function); did you mean 'MM_MCISIGNAL'?
     int flag = MSG_NOSIGNAL;
                ^~~~~~~~~~~~
                MM_MCISIGNAL
C:/Users/rapha/Documents/GitHub/OpenHD-ImageWriter/build-src-Desktop_Qt_5_12_12_MinGW_32_bit-Debug/CMakeFiles/CMakeTmp/src.c:9:16: note: each undeclared identifier is reported only once for each function it appears in
ninja: build stopped: subcommand failed.


Source file was:
#undef inline
#include <winsock2.h>
#include <windows.h>
#include <winsock.h>
#ifndef WIN32_LEAN_AND_MEAN
#define WIN32_LEAN_AND_MEAN
#endif
  int main(void) {
    int flag = MSG_NOSIGNAL;
    (void)flag;
    return 0;
  }
Performing C SOURCE FILE Test HAVE_POLL_FINE failed with the following compile output:
Change Dir: C:/Users/rapha/Documents/GitHub/OpenHD-ImageWriter/build-src-Desktop_Qt_5_12_12_MinGW_32_bit-Debug/CMakeFiles/CMakeTmp

Run Build Command(s):C:/Qt/Tools/Ninja/ninja.exe cmTC_6d7af && [1/2] Building C object CMakeFiles/cmTC_6d7af.dir/src.c.obj
[2/2] Linking C executable cmTC_6d7af.exe
FAILED: cmTC_6d7af.exe 
cmd.exe /C "cd . && C:\Qt\Tools\mingw730_32\bin\gcc.exe -w  CMakeFiles/cmTC_6d7af.dir/src.c.obj -o cmTC_6d7af.exe -Wl,--out-implib,libcmTC_6d7af.dll.a -Wl,--major-image-version,0,--minor-image-version,0  -lws2_32  -lkernel32 -luser32 -lgdi32 -lwinspool -lshell32 -lole32 -loleaut32 -luuid -lcomdlg32 -ladvapi32 && cd ."
CMakeFiles/cmTC_6d7af.dir/src.c.obj:src.c:(.text+0x26): undefined reference to `poll'
CMakeFiles/cmTC_6d7af.dir/src.c.obj:src.c:(.text+0x64): undefined reference to `poll'
collect2.exe: error: ld returned 1 exit status
ninja: build stopped: subcommand failed.


...and run output:

Return value: 1
Source file was:

    #include <stdlib.h>
    #include <sys/time.h>

    #ifdef HAVE_SYS_POLL_H
    #  include <sys/poll.h>
    #elif  HAVE_POLL_H
    #  include <poll.h>
    #endif

    int main(void)
    {
        if(0 != poll(0, 0, 10)) {
          return 1; /* fail */
        }
        else {
          /* detect the 10.12 poll() breakage */
          struct timeval before, after;
          int rc;
          size_t us;

          gettimeofday(&before, NULL);
          rc = poll(NULL, 0, 500);
          gettimeofday(&after, NULL);

          us = (after.tv_sec - before.tv_sec) * 1000000 +
            (after.tv_usec - before.tv_usec);

          if(us < 400000) {
            return 1;
          }
        }
        return 0;
    }
Determining if the include file byteswap.h exists failed with the following output:
Change Dir: C:/Users/rapha/Documents/GitHub/OpenHD-ImageWriter/build-src-Desktop_Qt_5_12_12_MinGW_32_bit-Debug/CMakeFiles/CMakeTmp

Run Build Command(s):C:/Qt/Tools/Ninja/ninja.exe cmTC_b6957 && [1/2] Building C object CMakeFiles/cmTC_b6957.dir/CheckIncludeFile.c.obj
FAILED: CMakeFiles/cmTC_b6957.dir/CheckIncludeFile.c.obj 
C:\Qt\Tools\mingw730_32\bin\gcc.exe    -o CMakeFiles/cmTC_b6957.dir/CheckIncludeFile.c.obj -c C:/Users/rapha/Documents/GitHub/OpenHD-ImageWriter/build-src-Desktop_Qt_5_12_12_MinGW_32_bit-Debug/CMakeFiles/CMakeTmp/CheckIncludeFile.c
C:/Users/rapha/Documents/GitHub/OpenHD-ImageWriter/build-src-Desktop_Qt_5_12_12_MinGW_32_bit-Debug/CMakeFiles/CMakeTmp/CheckIncludeFile.c:1:10: fatal error: byteswap.h: No such file or directory
 #include <byteswap.h>
          ^~~~~~~~~~~~
compilation terminated.
ninja: build stopped: subcommand failed.



Determining if the include file sys/sysctl.h exists failed with the following output:
Change Dir: C:/Users/rapha/Documents/GitHub/OpenHD-ImageWriter/build-src-Desktop_Qt_5_12_12_MinGW_32_bit-Debug/CMakeFiles/CMakeTmp

Run Build Command(s):C:/Qt/Tools/Ninja/ninja.exe cmTC_1ab9d && [1/2] Building C object CMakeFiles/cmTC_1ab9d.dir/CheckIncludeFile.c.obj
FAILED: CMakeFiles/cmTC_1ab9d.dir/CheckIncludeFile.c.obj 
C:\Qt\Tools\mingw730_32\bin\gcc.exe    -o CMakeFiles/cmTC_1ab9d.dir/CheckIncludeFile.c.obj -c C:/Users/rapha/Documents/GitHub/OpenHD-ImageWriter/build-src-Desktop_Qt_5_12_12_MinGW_32_bit-Debug/CMakeFiles/CMakeTmp/CheckIncludeFile.c
C:/Users/rapha/Documents/GitHub/OpenHD-ImageWriter/build-src-Desktop_Qt_5_12_12_MinGW_32_bit-Debug/CMakeFiles/CMakeTmp/CheckIncludeFile.c:1:10: fatal error: sys/sysctl.h: No such file or directory
 #include <sys/sysctl.h>
          ^~~~~~~~~~~~~~
compilation terminated.
ninja: build stopped: subcommand failed.



Performing C SOURCE FILE Test HAVE_BSWAP_16 failed with the following output:
Change Dir: C:/Users/rapha/Documents/GitHub/OpenHD-ImageWriter/build-src-Desktop_Qt_5_12_12_MinGW_32_bit-Debug/CMakeFiles/CMakeTmp

Run Build Command(s):C:/Qt/Tools/Ninja/ninja.exe cmTC_6cae5 && [1/2] Building C object CMakeFiles/cmTC_6cae5.dir/src.c.obj
FAILED: CMakeFiles/cmTC_6cae5.dir/src.c.obj 
C:\Qt\Tools\mingw730_32\bin\gcc.exe -DHAVE_BSWAP_16   -o CMakeFiles/cmTC_6cae5.dir/src.c.obj -c C:/Users/rapha/Documents/GitHub/OpenHD-ImageWriter/build-src-Desktop_Qt_5_12_12_MinGW_32_bit-Debug/CMakeFiles/CMakeTmp/src.c
C:/Users/rapha/Documents/GitHub/OpenHD-ImageWriter/build-src-Desktop_Qt_5_12_12_MinGW_32_bit-Debug/CMakeFiles/CMakeTmp/src.c:1:9: fatal error: byteswap.h: No such file or directory
 #include<byteswap.h>
         ^~~~~~~~~~~~
compilation terminated.
ninja: build stopped: subcommand failed.


Source file was:
#include<byteswap.h>
int main(void){bswap_16(0);return 0;}
Performing C SOURCE FILE Test HAVE_BSWAP_32 failed with the following output:
Change Dir: C:/Users/rapha/Documents/GitHub/OpenHD-ImageWriter/build-src-Desktop_Qt_5_12_12_MinGW_32_bit-Debug/CMakeFiles/CMakeTmp

Run Build Command(s):C:/Qt/Tools/Ninja/ninja.exe cmTC_f3462 && [1/2] Building C object CMakeFiles/cmTC_f3462.dir/src.c.obj
FAILED: CMakeFiles/cmTC_f3462.dir/src.c.obj 
C:\Qt\Tools\mingw730_32\bin\gcc.exe -DHAVE_BSWAP_32   -o CMakeFiles/cmTC_f3462.dir/src.c.obj -c C:/Users/rapha/Documents/GitHub/OpenHD-ImageWriter/build-src-Desktop_Qt_5_12_12_MinGW_32_bit-Debug/CMakeFiles/CMakeTmp/src.c
C:/Users/rapha/Documents/GitHub/OpenHD-ImageWriter/build-src-Desktop_Qt_5_12_12_MinGW_32_bit-Debug/CMakeFiles/CMakeTmp/src.c:1:9: fatal error: byteswap.h: No such file or directory
 #include<byteswap.h>
         ^~~~~~~~~~~~
compilation terminated.
ninja: build stopped: subcommand failed.


Source file was:
#include<byteswap.h>
int main(void){bswap_32(0);return 0;}
Performing C SOURCE FILE Test HAVE_BSWAP_64 failed with the following output:
Change Dir: C:/Users/rapha/Documents/GitHub/OpenHD-ImageWriter/build-src-Desktop_Qt_5_12_12_MinGW_32_bit-Debug/CMakeFiles/CMakeTmp

Run Build Command(s):C:/Qt/Tools/Ninja/ninja.exe cmTC_cd7e3 && [1/2] Building C object CMakeFiles/cmTC_cd7e3.dir/src.c.obj
FAILED: CMakeFiles/cmTC_cd7e3.dir/src.c.obj 
C:\Qt\Tools\mingw730_32\bin\gcc.exe -DHAVE_BSWAP_64   -o CMakeFiles/cmTC_cd7e3.dir/src.c.obj -c C:/Users/rapha/Documents/GitHub/OpenHD-ImageWriter/build-src-Desktop_Qt_5_12_12_MinGW_32_bit-Debug/CMakeFiles/CMakeTmp/src.c
C:/Users/rapha/Documents/GitHub/OpenHD-ImageWriter/build-src-Desktop_Qt_5_12_12_MinGW_32_bit-Debug/CMakeFiles/CMakeTmp/src.c:1:9: fatal error: byteswap.h: No such file or directory
 #include<byteswap.h>
         ^~~~~~~~~~~~
compilation terminated.
ninja: build stopped: subcommand failed.


Source file was:
#include<byteswap.h>
int main(void){bswap_64(0);return 0;}
Performing C SOURCE FILE Test ZLIB_WINAPI failed with the following compile output:
Change Dir: C:/Users/rapha/Documents/GitHub/OpenHD-ImageWriter/build-src-Desktop_Qt_5_12_12_MinGW_32_bit-Debug/CMakeFiles/CMakeTmp

Run Build Command(s):C:/Qt/Tools/Ninja/ninja.exe cmTC_e3492 && [1/2] Building C object CMakeFiles/cmTC_e3492.dir/src.c.obj
[2/2] Linking C executable cmTC_e3492.exe
FAILED: cmTC_e3492.exe 
cmd.exe /C "cd . && C:\Qt\Tools\mingw730_32\bin\gcc.exe -Wall -Wformat -Wformat-security -Werror -Wall -Wformat -Wformat-security  CMakeFiles/cmTC_e3492.dir/src.c.obj -o cmTC_e3492.exe -Wl,--out-implib,libcmTC_e3492.dll.a -Wl,--major-image-version,0,--minor-image-version,0  -lzlibstatic  -lkernel32 -luser32 -lgdi32 -lwinspool -lshell32 -lole32 -loleaut32 -luuid -lcomdlg32 -ladvapi32 && cd ."
C:/Qt/Tools/mingw730_32/bin/../lib/gcc/i686-w64-mingw32/7.3.0/../../../../i686-w64-mingw32/bin/ld.exe: cannot find -lzlibstatic
collect2.exe: error: ld returned 1 exit status
ninja: build stopped: subcommand failed.


...and run output:

Return value: 1
Source file was:
#include <zlib.h>
int main() {uLong f = zlibCompileFlags(); return (f&(1U<<10))?0:-1; }
Performing C SOURCE FILE Test ZLIB_DLL failed with the following output:
Change Dir: C:/Users/rapha/Documents/GitHub/OpenHD-ImageWriter/build-src-Desktop_Qt_5_12_12_MinGW_32_bit-Debug/CMakeFiles/CMakeTmp

Run Build Command(s):C:/Qt/Tools/Ninja/ninja.exe cmTC_4970d && [1/2] Building C object CMakeFiles/cmTC_4970d.dir/src.c.obj
[2/2] Linking C executable cmTC_4970d.exe
FAILED: cmTC_4970d.exe 
cmd.exe /C "cd . && C:\Qt\Tools\mingw730_32\bin\gcc.exe -Wall -Wformat -Wformat-security -Werror -Wall -Wformat -Wformat-security  CMakeFiles/cmTC_4970d.dir/src.c.obj -o cmTC_4970d.exe -Wl,--out-implib,libcmTC_4970d.dll.a -Wl,--major-image-version,0,--minor-image-version,0  -lzlibstatic  -lkernel32 -luser32 -lgdi32 -lwinspool -lshell32 -lole32 -loleaut32 -luuid -lcomdlg32 -ladvapi32 && cd ."
C:/Qt/Tools/mingw730_32/bin/../lib/gcc/i686-w64-mingw32/7.3.0/../../../../i686-w64-mingw32/bin/ld.exe: cannot find -lzlibstatic
collect2.exe: error: ld returned 1 exit status
ninja: build stopped: subcommand failed.


Source file was:
#include <zlib.h>
int main() {return zlibVersion()?1:0; }
Performing C SOURCE FILE Test WITHOUT_ZLIB_DLL failed with the following output:
Change Dir: C:/Users/rapha/Documents/GitHub/OpenHD-ImageWriter/build-src-Desktop_Qt_5_12_12_MinGW_32_bit-Debug/CMakeFiles/CMakeTmp

Run Build Command(s):C:/Qt/Tools/Ninja/ninja.exe cmTC_6d8d6 && [1/2] Building C object CMakeFiles/cmTC_6d8d6.dir/src.c.obj
[2/2] Linking C executable cmTC_6d8d6.exe
FAILED: cmTC_6d8d6.exe 
cmd.exe /C "cd . && C:\Qt\Tools\mingw730_32\bin\gcc.exe -Wall -Wformat -Wformat-security -Werror -Wall -Wformat -Wformat-security  CMakeFiles/cmTC_6d8d6.dir/src.c.obj -o cmTC_6d8d6.exe -Wl,--out-implib,libcmTC_6d8d6.dll.a -Wl,--major-image-version,0,--minor-image-version,0  -lzlibstatic  -lkernel32 -luser32 -lgdi32 -lwinspool -lshell32 -lole32 -loleaut32 -luuid -lcomdlg32 -ladvapi32 && cd ."
C:/Qt/Tools/mingw730_32/bin/../lib/gcc/i686-w64-mingw32/7.3.0/../../../../i686-w64-mingw32/bin/ld.exe: cannot find -lzlibstatic
collect2.exe: error: ld returned 1 exit status
ninja: build stopped: subcommand failed.


Source file was:
#include <zlib.h>
int main() {return zlibVersion()?1:0; }
Performing C SOURCE FILE Test WITHOUT_LZMA_API_STATIC failed with the following output:
Change Dir: C:/Users/rapha/Documents/GitHub/OpenHD-ImageWriter/build-src-Desktop_Qt_5_12_12_MinGW_32_bit-Debug/CMakeFiles/CMakeTmp

Run Build Command(s):C:/Qt/Tools/Ninja/ninja.exe cmTC_9a2d1 && [1/2] Building C object CMakeFiles/cmTC_9a2d1.dir/src.c.obj
[2/2] Linking C executable cmTC_9a2d1.exe
FAILED: cmTC_9a2d1.exe 
cmd.exe /C "cd . && C:\Qt\Tools\mingw730_32\bin\gcc.exe -Wall -Wformat -Wformat-security -Werror -Wall -Wformat -Wformat-security  CMakeFiles/cmTC_9a2d1.dir/src.c.obj -o cmTC_9a2d1.exe -Wl,--out-implib,libcmTC_9a2d1.dll.a -Wl,--major-image-version,0,--minor-image-version,0  -lcmliblzma  -lkernel32 -luser32 -lgdi32 -lwinspool -lshell32 -lole32 -loleaut32 -luuid -lcomdlg32 -ladvapi32 && cd ."
C:/Qt/Tools/mingw730_32/bin/../lib/gcc/i686-w64-mingw32/7.3.0/../../../../i686-w64-mingw32/bin/ld.exe: cannot find -lcmliblzma
collect2.exe: error: ld returned 1 exit status
ninja: build stopped: subcommand failed.


Source file was:
#include <lzma.h>
int main() {return (int)lzma_version_number(); }
Performing C SOURCE FILE Test LZMA_API_STATIC failed with the following output:
Change Dir: C:/Users/rapha/Documents/GitHub/OpenHD-ImageWriter/build-src-Desktop_Qt_5_12_12_MinGW_32_bit-Debug/CMakeFiles/CMakeTmp

Run Build Command(s):C:/Qt/Tools/Ninja/ninja.exe cmTC_799e5 && [1/2] Building C object CMakeFiles/cmTC_799e5.dir/src.c.obj
[2/2] Linking C executable cmTC_799e5.exe
FAILED: cmTC_799e5.exe 
cmd.exe /C "cd . && C:\Qt\Tools\mingw730_32\bin\gcc.exe -Wall -Wformat -Wformat-security -Werror -Wall -Wformat -Wformat-security  CMakeFiles/cmTC_799e5.dir/src.c.obj -o cmTC_799e5.exe -Wl,--out-implib,libcmTC_799e5.dll.a -Wl,--major-image-version,0,--minor-image-version,0  -lcmliblzma  -lkernel32 -luser32 -lgdi32 -lwinspool -lshell32 -lole32 -loleaut32 -luuid -lcomdlg32 -ladvapi32 && cd ."
C:/Qt/Tools/mingw730_32/bin/../lib/gcc/i686-w64-mingw32/7.3.0/../../../../i686-w64-mingw32/bin/ld.exe: cannot find -lcmliblzma
collect2.exe: error: ld returned 1 exit status
ninja: build stopped: subcommand failed.


Source file was:
#include <lzma.h>
int main() {return (int)lzma_version_number(); }
Determining if files sys/types.h;acl/libacl.h exist failed with the following output:
Change Dir: C:/Users/rapha/Documents/GitHub/OpenHD-ImageWriter/build-src-Desktop_Qt_5_12_12_MinGW_32_bit-Debug/CMakeFiles/CMakeTmp

Run Build Command(s):C:/Qt/Tools/Ninja/ninja.exe cmTC_18177 && [1/2] Building C object CMakeFiles/cmTC_18177.dir/HAVE_ACL_LIBACL_H.c.obj
FAILED: CMakeFiles/cmTC_18177.dir/HAVE_ACL_LIBACL_H.c.obj 
C:\Qt\Tools\mingw730_32\bin\gcc.exe   -Wall -Wformat -Wformat-security -Werror -Wall -Wformat -Wformat-security -o CMakeFiles/cmTC_18177.dir/HAVE_ACL_LIBACL_H.c.obj -c C:/Users/rapha/Documents/GitHub/OpenHD-ImageWriter/build-src-Desktop_Qt_5_12_12_MinGW_32_bit-Debug/CMakeFiles/CheckIncludeFiles/HAVE_ACL_LIBACL_H.c
C:/Users/rapha/Documents/GitHub/OpenHD-ImageWriter/build-src-Desktop_Qt_5_12_12_MinGW_32_bit-Debug/CMakeFiles/CheckIncludeFiles/HAVE_ACL_LIBACL_H.c:3:10: fatal error: acl/libacl.h: No such file or directory
 #include <acl/libacl.h>
          ^~~~~~~~~~~~~~
compilation terminated.
ninja: build stopped: subcommand failed.


Source:
/* */
#include <sys/types.h>
#include <acl/libacl.h>


int main(void){return 0;}

Determining if files sys/types.h;attr/xattr.h exist failed with the following output:
Change Dir: C:/Users/rapha/Documents/GitHub/OpenHD-ImageWriter/build-src-Desktop_Qt_5_12_12_MinGW_32_bit-Debug/CMakeFiles/CMakeTmp

Run Build Command(s):C:/Qt/Tools/Ninja/ninja.exe cmTC_97824 && [1/2] Building C object CMakeFiles/cmTC_97824.dir/HAVE_ATTR_XATTR_H.c.obj
FAILED: CMakeFiles/cmTC_97824.dir/HAVE_ATTR_XATTR_H.c.obj 
C:\Qt\Tools\mingw730_32\bin\gcc.exe   -Wall -Wformat -Wformat-security -Werror -Wall -Wformat -Wformat-security -o CMakeFiles/cmTC_97824.dir/HAVE_ATTR_XATTR_H.c.obj -c C:/Users/rapha/Documents/GitHub/OpenHD-ImageWriter/build-src-Desktop_Qt_5_12_12_MinGW_32_bit-Debug/CMakeFiles/CheckIncludeFiles/HAVE_ATTR_XATTR_H.c
C:/Users/rapha/Documents/GitHub/OpenHD-ImageWriter/build-src-Desktop_Qt_5_12_12_MinGW_32_bit-Debug/CMakeFiles/CheckIncludeFiles/HAVE_ATTR_XATTR_H.c:3:10: fatal error: attr/xattr.h: No such file or directory
 #include <attr/xattr.h>
          ^~~~~~~~~~~~~~
compilation terminated.
ninja: build stopped: subcommand failed.


Source:
/* */
#include <sys/types.h>
#include <attr/xattr.h>


int main(void){return 0;}

Determining if files sys/types.h;ctype.h;copyfile.h exist failed with the following output:
Change Dir: C:/Users/rapha/Documents/GitHub/OpenHD-ImageWriter/build-src-Desktop_Qt_5_12_12_MinGW_32_bit-Debug/CMakeFiles/CMakeTmp

Run Build Command(s):C:/Qt/Tools/Ninja/ninja.exe cmTC_09100 && [1/2] Building C object CMakeFiles/cmTC_09100.dir/HAVE_COPYFILE_H.c.obj
FAILED: CMakeFiles/cmTC_09100.dir/HAVE_COPYFILE_H.c.obj 
C:\Qt\Tools\mingw730_32\bin\gcc.exe   -Wall -Wformat -Wformat-security -Werror -Wall -Wformat -Wformat-security -o CMakeFiles/cmTC_09100.dir/HAVE_COPYFILE_H.c.obj -c C:/Users/rapha/Documents/GitHub/OpenHD-ImageWriter/build-src-Desktop_Qt_5_12_12_MinGW_32_bit-Debug/CMakeFiles/CheckIncludeFiles/HAVE_COPYFILE_H.c
C:/Users/rapha/Documents/GitHub/OpenHD-ImageWriter/build-src-Desktop_Qt_5_12_12_MinGW_32_bit-Debug/CMakeFiles/CheckIncludeFiles/HAVE_COPYFILE_H.c:4:10: fatal error: copyfile.h: No such file or directory
 #include <copyfile.h>
          ^~~~~~~~~~~~
compilation terminated.
ninja: build stopped: subcommand failed.


Source:
/* */
#include <sys/types.h>
#include <ctype.h>
#include <copyfile.h>


int main(void){return 0;}

Determining if files sys/types.h;ctype.h;direct.h;dlfcn.h exist failed with the following output:
Change Dir: C:/Users/rapha/Documents/GitHub/OpenHD-ImageWriter/build-src-Desktop_Qt_5_12_12_MinGW_32_bit-Debug/CMakeFiles/CMakeTmp

Run Build Command(s):C:/Qt/Tools/Ninja/ninja.exe cmTC_35750 && [1/2] Building C object CMakeFiles/cmTC_35750.dir/HAVE_DLFCN_H.c.obj
FAILED: CMakeFiles/cmTC_35750.dir/HAVE_DLFCN_H.c.obj 
C:\Qt\Tools\mingw730_32\bin\gcc.exe   -Wall -Wformat -Wformat-security -Werror -Wall -Wformat -Wformat-security -o CMakeFiles/cmTC_35750.dir/HAVE_DLFCN_H.c.obj -c C:/Users/rapha/Documents/GitHub/OpenHD-ImageWriter/build-src-Desktop_Qt_5_12_12_MinGW_32_bit-Debug/CMakeFiles/CheckIncludeFiles/HAVE_DLFCN_H.c
C:/Users/rapha/Documents/GitHub/OpenHD-ImageWriter/build-src-Desktop_Qt_5_12_12_MinGW_32_bit-Debug/CMakeFiles/CheckIncludeFiles/HAVE_DLFCN_H.c:5:10: fatal error: dlfcn.h: No such file or directory
 #include <dlfcn.h>
          ^~~~~~~~~
compilation terminated.
ninja: build stopped: subcommand failed.


Source:
/* */
#include <sys/types.h>
#include <ctype.h>
#include <direct.h>
#include <dlfcn.h>


int main(void){return 0;}

Determining if files sys/types.h;ctype.h;direct.h;errno.h;ext2fs/ext2_fs.h exist failed with the following output:
Change Dir: C:/Users/rapha/Documents/GitHub/OpenHD-ImageWriter/build-src-Desktop_Qt_5_12_12_MinGW_32_bit-Debug/CMakeFiles/CMakeTmp

Run Build Command(s):C:/Qt/Tools/Ninja/ninja.exe cmTC_a2651 && [1/2] Building C object CMakeFiles/cmTC_a2651.dir/HAVE_EXT2FS_EXT2_FS_H.c.obj
FAILED: CMakeFiles/cmTC_a2651.dir/HAVE_EXT2FS_EXT2_FS_H.c.obj 
C:\Qt\Tools\mingw730_32\bin\gcc.exe   -Wall -Wformat -Wformat-security -Werror -Wall -Wformat -Wformat-security -o CMakeFiles/cmTC_a2651.dir/HAVE_EXT2FS_EXT2_FS_H.c.obj -c C:/Users/rapha/Documents/GitHub/OpenHD-ImageWriter/build-src-Desktop_Qt_5_12_12_MinGW_32_bit-Debug/CMakeFiles/CheckIncludeFiles/HAVE_EXT2FS_EXT2_FS_H.c
C:/Users/rapha/Documents/GitHub/OpenHD-ImageWriter/build-src-Desktop_Qt_5_12_12_MinGW_32_bit-Debug/CMakeFiles/CheckIncludeFiles/HAVE_EXT2FS_EXT2_FS_H.c:6:10: fatal error: ext2fs/ext2_fs.h: No such file or directory
 #include <ext2fs/ext2_fs.h>
          ^~~~~~~~~~~~~~~~~~
compilation terminated.
ninja: build stopped: subcommand failed.


Source:
/* */
#include <sys/types.h>
#include <ctype.h>
#include <direct.h>
#include <errno.h>
#include <ext2fs/ext2_fs.h>


int main(void){return 0;}

Performing C SOURCE FILE Test HAVE_WORKING_EXT2_IOC_GETFLAGS failed with the following output:
Change Dir: C:/Users/rapha/Documents/GitHub/OpenHD-ImageWriter/build-src-Desktop_Qt_5_12_12_MinGW_32_bit-Debug/CMakeFiles/CMakeTmp

Run Build Command(s):C:/Qt/Tools/Ninja/ninja.exe cmTC_d62c8 && [1/2] Building C object CMakeFiles/cmTC_d62c8.dir/src.c.obj
FAILED: CMakeFiles/cmTC_d62c8.dir/src.c.obj 
C:\Qt\Tools\mingw730_32\bin\gcc.exe -DHAVE_WORKING_EXT2_IOC_GETFLAGS  -Wall -Wformat -Wformat-security -Werror -Wall -Wformat -Wformat-security -o CMakeFiles/cmTC_d62c8.dir/src.c.obj -c C:/Users/rapha/Documents/GitHub/OpenHD-ImageWriter/build-src-Desktop_Qt_5_12_12_MinGW_32_bit-Debug/CMakeFiles/CMakeTmp/src.c
C:/Users/rapha/Documents/GitHub/OpenHD-ImageWriter/build-src-Desktop_Qt_5_12_12_MinGW_32_bit-Debug/CMakeFiles/CMakeTmp/src.c:1:10: fatal error: sys/ioctl.h: No such file or directory
 #include <sys/ioctl.h>
          ^~~~~~~~~~~~~
compilation terminated.
ninja: build stopped: subcommand failed.


Source file was:
#include <sys/ioctl.h>
#include <ext2fs/ext2_fs.h>
int main(void) { return EXT2_IOC_GETFLAGS; }
Determining if files sys/types.h;ctype.h;direct.h;errno.h;fcntl.h;grp.h exist failed with the following output:
Change Dir: C:/Users/rapha/Documents/GitHub/OpenHD-ImageWriter/build-src-Desktop_Qt_5_12_12_MinGW_32_bit-Debug/CMakeFiles/CMakeTmp

Run Build Command(s):C:/Qt/Tools/Ninja/ninja.exe cmTC_f650e && [1/2] Building C object CMakeFiles/cmTC_f650e.dir/HAVE_GRP_H.c.obj
FAILED: CMakeFiles/cmTC_f650e.dir/HAVE_GRP_H.c.obj 
C:\Qt\Tools\mingw730_32\bin\gcc.exe   -Wall -Wformat -Wformat-security -Werror -Wall -Wformat -Wformat-security -o CMakeFiles/cmTC_f650e.dir/HAVE_GRP_H.c.obj -c C:/Users/rapha/Documents/GitHub/OpenHD-ImageWriter/build-src-Desktop_Qt_5_12_12_MinGW_32_bit-Debug/CMakeFiles/CheckIncludeFiles/HAVE_GRP_H.c
C:/Users/rapha/Documents/GitHub/OpenHD-ImageWriter/build-src-Desktop_Qt_5_12_12_MinGW_32_bit-Debug/CMakeFiles/CheckIncludeFiles/HAVE_GRP_H.c:7:10: fatal error: grp.h: No such file or directory
 #include <grp.h>
          ^~~~~~~
compilation terminated.
ninja: build stopped: subcommand failed.


Source:
/* */
#include <sys/types.h>
#include <ctype.h>
#include <direct.h>
#include <errno.h>
#include <fcntl.h>
#include <grp.h>


int main(void){return 0;}

Determining if files sys/types.h;ctype.h;direct.h;errno.h;fcntl.h;inttypes.h;io.h;langinfo.h exist failed with the following output:
Change Dir: C:/Users/rapha/Documents/GitHub/OpenHD-ImageWriter/build-src-Desktop_Qt_5_12_12_MinGW_32_bit-Debug/CMakeFiles/CMakeTmp

Run Build Command(s):C:/Qt/Tools/Ninja/ninja.exe cmTC_5a5d2 && [1/2] Building C object CMakeFiles/cmTC_5a5d2.dir/HAVE_LANGINFO_H.c.obj
FAILED: CMakeFiles/cmTC_5a5d2.dir/HAVE_LANGINFO_H.c.obj 
C:\Qt\Tools\mingw730_32\bin\gcc.exe   -Wall -Wformat -Wformat-security -Werror -Wall -Wformat -Wformat-security -o CMakeFiles/cmTC_5a5d2.dir/HAVE_LANGINFO_H.c.obj -c C:/Users/rapha/Documents/GitHub/OpenHD-ImageWriter/build-src-Desktop_Qt_5_12_12_MinGW_32_bit-Debug/CMakeFiles/CheckIncludeFiles/HAVE_LANGINFO_H.c
C:/Users/rapha/Documents/GitHub/OpenHD-ImageWriter/build-src-Desktop_Qt_5_12_12_MinGW_32_bit-Debug/CMakeFiles/CheckIncludeFiles/HAVE_LANGINFO_H.c:9:10: fatal error: langinfo.h: No such file or directory
 #include <langinfo.h>
          ^~~~~~~~~~~~
compilation terminated.
ninja: build stopped: subcommand failed.


Source:
/* */
#include <sys/types.h>
#include <ctype.h>
#include <direct.h>
#include <errno.h>
#include <fcntl.h>
#include <inttypes.h>
#include <io.h>
#include <langinfo.h>


int main(void){return 0;}

Determining if files sys/types.h;ctype.h;direct.h;errno.h;fcntl.h;inttypes.h;io.h;limits.h;linux/types.h exist failed with the following output:
Change Dir: C:/Users/rapha/Documents/GitHub/OpenHD-ImageWriter/build-src-Desktop_Qt_5_12_12_MinGW_32_bit-Debug/CMakeFiles/CMakeTmp

Run Build Command(s):C:/Qt/Tools/Ninja/ninja.exe cmTC_39d6b && [1/2] Building C object CMakeFiles/cmTC_39d6b.dir/HAVE_LINUX_TYPES_H.c.obj
FAILED: CMakeFiles/cmTC_39d6b.dir/HAVE_LINUX_TYPES_H.c.obj 
C:\Qt\Tools\mingw730_32\bin\gcc.exe   -Wall -Wformat -Wformat-security -Werror -Wall -Wformat -Wformat-security -o CMakeFiles/cmTC_39d6b.dir/HAVE_LINUX_TYPES_H.c.obj -c C:/Users/rapha/Documents/GitHub/OpenHD-ImageWriter/build-src-Desktop_Qt_5_12_12_MinGW_32_bit-Debug/CMakeFiles/CheckIncludeFiles/HAVE_LINUX_TYPES_H.c
C:/Users/rapha/Documents/GitHub/OpenHD-ImageWriter/build-src-Desktop_Qt_5_12_12_MinGW_32_bit-Debug/CMakeFiles/CheckIncludeFiles/HAVE_LINUX_TYPES_H.c:10:10: fatal error: linux/types.h: No such file or directory
 #include <linux/types.h>
          ^~~~~~~~~~~~~~~
compilation terminated.
ninja: build stopped: subcommand failed.


Source:
/* */
#include <sys/types.h>
#include <ctype.h>
#include <direct.h>
#include <errno.h>
#include <fcntl.h>
#include <inttypes.h>
#include <io.h>
#include <limits.h>
#include <linux/types.h>


int main(void){return 0;}

Determining if files sys/types.h;ctype.h;direct.h;errno.h;fcntl.h;inttypes.h;io.h;limits.h;linux/fiemap.h exist failed with the following output:
Change Dir: C:/Users/rapha/Documents/GitHub/OpenHD-ImageWriter/build-src-Desktop_Qt_5_12_12_MinGW_32_bit-Debug/CMakeFiles/CMakeTmp

Run Build Command(s):C:/Qt/Tools/Ninja/ninja.exe cmTC_e06bf && [1/2] Building C object CMakeFiles/cmTC_e06bf.dir/HAVE_LINUX_FIEMAP_H.c.obj
FAILED: CMakeFiles/cmTC_e06bf.dir/HAVE_LINUX_FIEMAP_H.c.obj 
C:\Qt\Tools\mingw730_32\bin\gcc.exe   -Wall -Wformat -Wformat-security -Werror -Wall -Wformat -Wformat-security -o CMakeFiles/cmTC_e06bf.dir/HAVE_LINUX_FIEMAP_H.c.obj -c C:/Users/rapha/Documents/GitHub/OpenHD-ImageWriter/build-src-Desktop_Qt_5_12_12_MinGW_32_bit-Debug/CMakeFiles/CheckIncludeFiles/HAVE_LINUX_FIEMAP_H.c
C:/Users/rapha/Documents/GitHub/OpenHD-ImageWriter/build-src-Desktop_Qt_5_12_12_MinGW_32_bit-Debug/CMakeFiles/CheckIncludeFiles/HAVE_LINUX_FIEMAP_H.c:10:10: fatal error: linux/fiemap.h: No such file or directory
 #include <linux/fiemap.h>
          ^~~~~~~~~~~~~~~~
compilation terminated.
ninja: build stopped: subcommand failed.


Source:
/* */
#include <sys/types.h>
#include <ctype.h>
#include <direct.h>
#include <errno.h>
#include <fcntl.h>
#include <inttypes.h>
#include <io.h>
#include <limits.h>
#include <linux/fiemap.h>


int main(void){return 0;}

Determining if files sys/types.h;ctype.h;direct.h;errno.h;fcntl.h;inttypes.h;io.h;limits.h;linux/fs.h exist failed with the following output:
Change Dir: C:/Users/rapha/Documents/GitHub/OpenHD-ImageWriter/build-src-Desktop_Qt_5_12_12_MinGW_32_bit-Debug/CMakeFiles/CMakeTmp

Run Build Command(s):C:/Qt/Tools/Ninja/ninja.exe cmTC_9fdf3 && [1/2] Building C object CMakeFiles/cmTC_9fdf3.dir/HAVE_LINUX_FS_H.c.obj
FAILED: CMakeFiles/cmTC_9fdf3.dir/HAVE_LINUX_FS_H.c.obj 
C:\Qt\Tools\mingw730_32\bin\gcc.exe   -Wall -Wformat -Wformat-security -Werror -Wall -Wformat -Wformat-security -o CMakeFiles/cmTC_9fdf3.dir/HAVE_LINUX_FS_H.c.obj -c C:/Users/rapha/Documents/GitHub/OpenHD-ImageWriter/build-src-Desktop_Qt_5_12_12_MinGW_32_bit-Debug/CMakeFiles/CheckIncludeFiles/HAVE_LINUX_FS_H.c
C:/Users/rapha/Documents/GitHub/OpenHD-ImageWriter/build-src-Desktop_Qt_5_12_12_MinGW_32_bit-Debug/CMakeFiles/CheckIncludeFiles/HAVE_LINUX_FS_H.c:10:10: fatal error: linux/fs.h: No such file or directory
 #include <linux/fs.h>
          ^~~~~~~~~~~~
compilation terminated.
ninja: build stopped: subcommand failed.


Source:
/* */
#include <sys/types.h>
#include <ctype.h>
#include <direct.h>
#include <errno.h>
#include <fcntl.h>
#include <inttypes.h>
#include <io.h>
#include <limits.h>
#include <linux/fs.h>


int main(void){return 0;}

Performing C SOURCE FILE Test HAVE_WORKING_FS_IOC_GETFLAGS failed with the following output:
Change Dir: C:/Users/rapha/Documents/GitHub/OpenHD-ImageWriter/build-src-Desktop_Qt_5_12_12_MinGW_32_bit-Debug/CMakeFiles/CMakeTmp

Run Build Command(s):C:/Qt/Tools/Ninja/ninja.exe cmTC_40b2d && [1/2] Building C object CMakeFiles/cmTC_40b2d.dir/src.c.obj
FAILED: CMakeFiles/cmTC_40b2d.dir/src.c.obj 
C:\Qt\Tools\mingw730_32\bin\gcc.exe -DHAVE_WORKING_FS_IOC_GETFLAGS  -Wall -Wformat -Wformat-security -Werror -Wall -Wformat -Wformat-security -o CMakeFiles/cmTC_40b2d.dir/src.c.obj -c C:/Users/rapha/Documents/GitHub/OpenHD-ImageWriter/build-src-Desktop_Qt_5_12_12_MinGW_32_bit-Debug/CMakeFiles/CMakeTmp/src.c
C:/Users/rapha/Documents/GitHub/OpenHD-ImageWriter/build-src-Desktop_Qt_5_12_12_MinGW_32_bit-Debug/CMakeFiles/CMakeTmp/src.c:1:10: fatal error: sys/ioctl.h: No such file or directory
 #include <sys/ioctl.h>
          ^~~~~~~~~~~~~
compilation terminated.
ninja: build stopped: subcommand failed.


Source file was:
#include <sys/ioctl.h>
#include <linux/fs.h>
int main(void) { return FS_IOC_GETFLAGS; }
Determining if files sys/types.h;ctype.h;direct.h;errno.h;fcntl.h;inttypes.h;io.h;limits.h;linux/magic.h exist failed with the following output:
Change Dir: C:/Users/rapha/Documents/GitHub/OpenHD-ImageWriter/build-src-Desktop_Qt_5_12_12_MinGW_32_bit-Debug/CMakeFiles/CMakeTmp

Run Build Command(s):C:/Qt/Tools/Ninja/ninja.exe cmTC_9a364 && [1/2] Building C object CMakeFiles/cmTC_9a364.dir/HAVE_LINUX_MAGIC_H.c.obj
FAILED: CMakeFiles/cmTC_9a364.dir/HAVE_LINUX_MAGIC_H.c.obj 
C:\Qt\Tools\mingw730_32\bin\gcc.exe   -Wall -Wformat -Wformat-security -Werror -Wall -Wformat -Wformat-security -o CMakeFiles/cmTC_9a364.dir/HAVE_LINUX_MAGIC_H.c.obj -c C:/Users/rapha/Documents/GitHub/OpenHD-ImageWriter/build-src-Desktop_Qt_5_12_12_MinGW_32_bit-Debug/CMakeFiles/CheckIncludeFiles/HAVE_LINUX_MAGIC_H.c
C:/Users/rapha/Documents/GitHub/OpenHD-ImageWriter/build-src-Desktop_Qt_5_12_12_MinGW_32_bit-Debug/CMakeFiles/CheckIncludeFiles/HAVE_LINUX_MAGIC_H.c:10:10: fatal error: linux/magic.h: No such file or directory
 #include <linux/magic.h>
          ^~~~~~~~~~~~~~~
compilation terminated.
ninja: build stopped: subcommand failed.


Source:
/* */
#include <sys/types.h>
#include <ctype.h>
#include <direct.h>
#include <errno.h>
#include <fcntl.h>
#include <inttypes.h>
#include <io.h>
#include <limits.h>
#include <linux/magic.h>


int main(void){return 0;}

Determining if files sys/types.h;ctype.h;direct.h;errno.h;fcntl.h;inttypes.h;io.h;limits.h;locale.h;membership.h exist failed with the following output:
Change Dir: C:/Users/rapha/Documents/GitHub/OpenHD-ImageWriter/build-src-Desktop_Qt_5_12_12_MinGW_32_bit-Debug/CMakeFiles/CMakeTmp

Run Build Command(s):C:/Qt/Tools/Ninja/ninja.exe cmTC_80ded && [1/2] Building C object CMakeFiles/cmTC_80ded.dir/HAVE_MEMBERSHIP_H.c.obj
FAILED: CMakeFiles/cmTC_80ded.dir/HAVE_MEMBERSHIP_H.c.obj 
C:\Qt\Tools\mingw730_32\bin\gcc.exe   -Wall -Wformat -Wformat-security -Werror -Wall -Wformat -Wformat-security -o CMakeFiles/cmTC_80ded.dir/HAVE_MEMBERSHIP_H.c.obj -c C:/Users/rapha/Documents/GitHub/OpenHD-ImageWriter/build-src-Desktop_Qt_5_12_12_MinGW_32_bit-Debug/CMakeFiles/CheckIncludeFiles/HAVE_MEMBERSHIP_H.c
C:/Users/rapha/Documents/GitHub/OpenHD-ImageWriter/build-src-Desktop_Qt_5_12_12_MinGW_32_bit-Debug/CMakeFiles/CheckIncludeFiles/HAVE_MEMBERSHIP_H.c:11:10: fatal error: membership.h: No such file or directory
 #include <membership.h>
          ^~~~~~~~~~~~~~
compilation terminated.
ninja: build stopped: subcommand failed.


Source:
/* */
#include <sys/types.h>
#include <ctype.h>
#include <direct.h>
#include <errno.h>
#include <fcntl.h>
#include <inttypes.h>
#include <io.h>
#include <limits.h>
#include <locale.h>
#include <membership.h>


int main(void){return 0;}

Determining if files sys/types.h;ctype.h;direct.h;errno.h;fcntl.h;inttypes.h;io.h;limits.h;locale.h;memory.h;paths.h exist failed with the following output:
Change Dir: C:/Users/rapha/Documents/GitHub/OpenHD-ImageWriter/build-src-Desktop_Qt_5_12_12_MinGW_32_bit-Debug/CMakeFiles/CMakeTmp

Run Build Command(s):C:/Qt/Tools/Ninja/ninja.exe cmTC_77442 && [1/2] Building C object CMakeFiles/cmTC_77442.dir/HAVE_PATHS_H.c.obj
FAILED: CMakeFiles/cmTC_77442.dir/HAVE_PATHS_H.c.obj 
C:\Qt\Tools\mingw730_32\bin\gcc.exe   -Wall -Wformat -Wformat-security -Werror -Wall -Wformat -Wformat-security -o CMakeFiles/cmTC_77442.dir/HAVE_PATHS_H.c.obj -c C:/Users/rapha/Documents/GitHub/OpenHD-ImageWriter/build-src-Desktop_Qt_5_12_12_MinGW_32_bit-Debug/CMakeFiles/CheckIncludeFiles/HAVE_PATHS_H.c
C:/Users/rapha/Documents/GitHub/OpenHD-ImageWriter/build-src-Desktop_Qt_5_12_12_MinGW_32_bit-Debug/CMakeFiles/CheckIncludeFiles/HAVE_PATHS_H.c:12:10: fatal error: paths.h: No such file or directory
 #include <paths.h>
          ^~~~~~~~~
compilation terminated.
ninja: build stopped: subcommand failed.


Source:
/* */
#include <sys/types.h>
#include <ctype.h>
#include <direct.h>
#include <errno.h>
#include <fcntl.h>
#include <inttypes.h>
#include <io.h>
#include <limits.h>
#include <locale.h>
#include <memory.h>
#include <paths.h>


int main(void){return 0;}

Determining if files sys/types.h;ctype.h;direct.h;errno.h;fcntl.h;inttypes.h;io.h;limits.h;locale.h;memory.h;process.h;pthread.h;pwd.h exist failed with the following output:
Change Dir: C:/Users/rapha/Documents/GitHub/OpenHD-ImageWriter/build-src-Desktop_Qt_5_12_12_MinGW_32_bit-Debug/CMakeFiles/CMakeTmp

Run Build Command(s):C:/Qt/Tools/Ninja/ninja.exe cmTC_5382c && [1/2] Building C object CMakeFiles/cmTC_5382c.dir/HAVE_PWD_H.c.obj
FAILED: CMakeFiles/cmTC_5382c.dir/HAVE_PWD_H.c.obj 
C:\Qt\Tools\mingw730_32\bin\gcc.exe   -Wall -Wformat -Wformat-security -Werror -Wall -Wformat -Wformat-security -o CMakeFiles/cmTC_5382c.dir/HAVE_PWD_H.c.obj -c C:/Users/rapha/Documents/GitHub/OpenHD-ImageWriter/build-src-Desktop_Qt_5_12_12_MinGW_32_bit-Debug/CMakeFiles/CheckIncludeFiles/HAVE_PWD_H.c
C:/Users/rapha/Documents/GitHub/OpenHD-ImageWriter/build-src-Desktop_Qt_5_12_12_MinGW_32_bit-Debug/CMakeFiles/CheckIncludeFiles/HAVE_PWD_H.c:14:10: fatal error: pwd.h: No such file or directory
 #include <pwd.h>
          ^~~~~~~
compilation terminated.
ninja: build stopped: subcommand failed.


Source:
/* */
#include <sys/types.h>
#include <ctype.h>
#include <direct.h>
#include <errno.h>
#include <fcntl.h>
#include <inttypes.h>
#include <io.h>
#include <limits.h>
#include <locale.h>
#include <memory.h>
#include <process.h>
#include <pthread.h>
#include <pwd.h>


int main(void){return 0;}

Determining if files sys/types.h;ctype.h;direct.h;errno.h;fcntl.h;inttypes.h;io.h;limits.h;locale.h;memory.h;process.h;pthread.h;readpassphrase.h exist failed with the following output:
Change Dir: C:/Users/rapha/Documents/GitHub/OpenHD-ImageWriter/build-src-Desktop_Qt_5_12_12_MinGW_32_bit-Debug/CMakeFiles/CMakeTmp

Run Build Command(s):C:/Qt/Tools/Ninja/ninja.exe cmTC_c1bb6 && [1/2] Building C object CMakeFiles/cmTC_c1bb6.dir/HAVE_READPASSPHRASE_H.c.obj
FAILED: CMakeFiles/cmTC_c1bb6.dir/HAVE_READPASSPHRASE_H.c.obj 
C:\Qt\Tools\mingw730_32\bin\gcc.exe   -Wall -Wformat -Wformat-security -Werror -Wall -Wformat -Wformat-security -o CMakeFiles/cmTC_c1bb6.dir/HAVE_READPASSPHRASE_H.c.obj -c C:/Users/rapha/Documents/GitHub/OpenHD-ImageWriter/build-src-Desktop_Qt_5_12_12_MinGW_32_bit-Debug/CMakeFiles/CheckIncludeFiles/HAVE_READPASSPHRASE_H.c
C:/Users/rapha/Documents/GitHub/OpenHD-ImageWriter/build-src-Desktop_Qt_5_12_12_MinGW_32_bit-Debug/CMakeFiles/CheckIncludeFiles/HAVE_READPASSPHRASE_H.c:14:10: fatal error: readpassphrase.h: No such file or directory
 #include <readpassphrase.h>
          ^~~~~~~~~~~~~~~~~~
compilation terminated.
ninja: build stopped: subcommand failed.


Source:
/* */
#include <sys/types.h>
#include <ctype.h>
#include <direct.h>
#include <errno.h>
#include <fcntl.h>
#include <inttypes.h>
#include <io.h>
#include <limits.h>
#include <locale.h>
#include <memory.h>
#include <process.h>
#include <pthread.h>
#include <readpassphrase.h>


int main(void){return 0;}

Determining if files sys/types.h;ctype.h;direct.h;errno.h;fcntl.h;inttypes.h;io.h;limits.h;locale.h;memory.h;process.h;pthread.h;regex.h exist failed with the following output:
Change Dir: C:/Users/rapha/Documents/GitHub/OpenHD-ImageWriter/build-src-Desktop_Qt_5_12_12_MinGW_32_bit-Debug/CMakeFiles/CMakeTmp

Run Build Command(s):C:/Qt/Tools/Ninja/ninja.exe cmTC_ae140 && [1/2] Building C object CMakeFiles/cmTC_ae140.dir/HAVE_REGEX_H.c.obj
FAILED: CMakeFiles/cmTC_ae140.dir/HAVE_REGEX_H.c.obj 
C:\Qt\Tools\mingw730_32\bin\gcc.exe   -Wall -Wformat -Wformat-security -Werror -Wall -Wformat -Wformat-security -o CMakeFiles/cmTC_ae140.dir/HAVE_REGEX_H.c.obj -c C:/Users/rapha/Documents/GitHub/OpenHD-ImageWriter/build-src-Desktop_Qt_5_12_12_MinGW_32_bit-Debug/CMakeFiles/CheckIncludeFiles/HAVE_REGEX_H.c
C:/Users/rapha/Documents/GitHub/OpenHD-ImageWriter/build-src-Desktop_Qt_5_12_12_MinGW_32_bit-Debug/CMakeFiles/CheckIncludeFiles/HAVE_REGEX_H.c:14:10: fatal error: regex.h: No such file or directory
 #include <regex.h>
          ^~~~~~~~~
compilation terminated.
ninja: build stopped: subcommand failed.


Source:
/* */
#include <sys/types.h>
#include <ctype.h>
#include <direct.h>
#include <errno.h>
#include <fcntl.h>
#include <inttypes.h>
#include <io.h>
#include <limits.h>
#include <locale.h>
#include <memory.h>
#include <process.h>
#include <pthread.h>
#include <regex.h>


int main(void){return 0;}

Determining if files sys/types.h;ctype.h;direct.h;errno.h;fcntl.h;inttypes.h;io.h;limits.h;locale.h;memory.h;process.h;pthread.h;signal.h;spawn.h exist failed with the following output:
Change Dir: C:/Users/rapha/Documents/GitHub/OpenHD-ImageWriter/build-src-Desktop_Qt_5_12_12_MinGW_32_bit-Debug/CMakeFiles/CMakeTmp

Run Build Command(s):C:/Qt/Tools/Ninja/ninja.exe cmTC_092fe && [1/2] Building C object CMakeFiles/cmTC_092fe.dir/HAVE_SPAWN_H.c.obj
FAILED: CMakeFiles/cmTC_092fe.dir/HAVE_SPAWN_H.c.obj 
C:\Qt\Tools\mingw730_32\bin\gcc.exe   -Wall -Wformat -Wformat-security -Werror -Wall -Wformat -Wformat-security -o CMakeFiles/cmTC_092fe.dir/HAVE_SPAWN_H.c.obj -c C:/Users/rapha/Documents/GitHub/OpenHD-ImageWriter/build-src-Desktop_Qt_5_12_12_MinGW_32_bit-Debug/CMakeFiles/CheckIncludeFiles/HAVE_SPAWN_H.c
C:/Users/rapha/Documents/GitHub/OpenHD-ImageWriter/build-src-Desktop_Qt_5_12_12_MinGW_32_bit-Debug/CMakeFiles/CheckIncludeFiles/HAVE_SPAWN_H.c:15:10: fatal error: spawn.h: No such file or directory
 #include <spawn.h>
          ^~~~~~~~~
compilation terminated.
ninja: build stopped: subcommand failed.


Source:
/* */
#include <sys/types.h>
#include <ctype.h>
#include <direct.h>
#include <errno.h>
#include <fcntl.h>
#include <inttypes.h>
#include <io.h>
#include <limits.h>
#include <locale.h>
#include <memory.h>
#include <process.h>
#include <pthread.h>
#include <signal.h>
#include <spawn.h>


int main(void){return 0;}

Determining if files sys/types.h;ctype.h;direct.h;errno.h;fcntl.h;inttypes.h;io.h;limits.h;locale.h;memory.h;process.h;pthread.h;signal.h;stdarg.h;stdint.h;stdlib.h;string.h;strings.h;sys/acl.h exist failed with the following output:
Change Dir: C:/Users/rapha/Documents/GitHub/OpenHD-ImageWriter/build-src-Desktop_Qt_5_12_12_MinGW_32_bit-Debug/CMakeFiles/CMakeTmp

Run Build Command(s):C:/Qt/Tools/Ninja/ninja.exe cmTC_70c9e && [1/2] Building C object CMakeFiles/cmTC_70c9e.dir/HAVE_SYS_ACL_H.c.obj
FAILED: CMakeFiles/cmTC_70c9e.dir/HAVE_SYS_ACL_H.c.obj 
C:\Qt\Tools\mingw730_32\bin\gcc.exe   -Wall -Wformat -Wformat-security -Werror -Wall -Wformat -Wformat-security -o CMakeFiles/cmTC_70c9e.dir/HAVE_SYS_ACL_H.c.obj -c C:/Users/rapha/Documents/GitHub/OpenHD-ImageWriter/build-src-Desktop_Qt_5_12_12_MinGW_32_bit-Debug/CMakeFiles/CheckIncludeFiles/HAVE_SYS_ACL_H.c
C:/Users/rapha/Documents/GitHub/OpenHD-ImageWriter/build-src-Desktop_Qt_5_12_12_MinGW_32_bit-Debug/CMakeFiles/CheckIncludeFiles/HAVE_SYS_ACL_H.c:20:10: fatal error: sys/acl.h: No such file or directory
 #include <sys/acl.h>
          ^~~~~~~~~~~
compilation terminated.
ninja: build stopped: subcommand failed.


Source:
/* */
#include <sys/types.h>
#include <ctype.h>
#include <direct.h>
#include <errno.h>
#include <fcntl.h>
#include <inttypes.h>
#include <io.h>
#include <limits.h>
#include <locale.h>
#include <memory.h>
#include <process.h>
#include <pthread.h>
#include <signal.h>
#include <stdarg.h>
#include <stdint.h>
#include <stdlib.h>
#include <string.h>
#include <strings.h>
#include <sys/acl.h>


int main(void){return 0;}

Determining if files sys/types.h;ctype.h;direct.h;errno.h;fcntl.h;inttypes.h;io.h;limits.h;locale.h;memory.h;process.h;pthread.h;signal.h;stdarg.h;stdint.h;stdlib.h;string.h;strings.h;sys/cdefs.h;sys/extattr.h exist failed with the following output:
Change Dir: C:/Users/rapha/Documents/GitHub/OpenHD-ImageWriter/build-src-Desktop_Qt_5_12_12_MinGW_32_bit-Debug/CMakeFiles/CMakeTmp

Run Build Command(s):C:/Qt/Tools/Ninja/ninja.exe cmTC_f5210 && [1/2] Building C object CMakeFiles/cmTC_f5210.dir/HAVE_SYS_EXTATTR_H.c.obj
FAILED: CMakeFiles/cmTC_f5210.dir/HAVE_SYS_EXTATTR_H.c.obj 
C:\Qt\Tools\mingw730_32\bin\gcc.exe   -Wall -Wformat -Wformat-security -Werror -Wall -Wformat -Wformat-security -o CMakeFiles/cmTC_f5210.dir/HAVE_SYS_EXTATTR_H.c.obj -c C:/Users/rapha/Documents/GitHub/OpenHD-ImageWriter/build-src-Desktop_Qt_5_12_12_MinGW_32_bit-Debug/CMakeFiles/CheckIncludeFiles/HAVE_SYS_EXTATTR_H.c
C:/Users/rapha/Documents/GitHub/OpenHD-ImageWriter/build-src-Desktop_Qt_5_12_12_MinGW_32_bit-Debug/CMakeFiles/CheckIncludeFiles/HAVE_SYS_EXTATTR_H.c:21:10: fatal error: sys/extattr.h: No such file or directory
 #include <sys/extattr.h>
          ^~~~~~~~~~~~~~~
compilation terminated.
ninja: build stopped: subcommand failed.


Source:
/* */
#include <sys/types.h>
#include <ctype.h>
#include <direct.h>
#include <errno.h>
#include <fcntl.h>
#include <inttypes.h>
#include <io.h>
#include <limits.h>
#include <locale.h>
#include <memory.h>
#include <process.h>
#include <pthread.h>
#include <signal.h>
#include <stdarg.h>
#include <stdint.h>
#include <stdlib.h>
#include <string.h>
#include <strings.h>
#include <sys/cdefs.h>
#include <sys/extattr.h>


int main(void){return 0;}

Determining if files sys/types.h;ctype.h;direct.h;errno.h;fcntl.h;inttypes.h;io.h;limits.h;locale.h;memory.h;process.h;pthread.h;signal.h;stdarg.h;stdint.h;stdlib.h;string.h;strings.h;sys/cdefs.h;sys/mkdev.h exist failed with the following output:
Change Dir: C:/Users/rapha/Documents/GitHub/OpenHD-ImageWriter/build-src-Desktop_Qt_5_12_12_MinGW_32_bit-Debug/CMakeFiles/CMakeTmp

Run Build Command(s):C:/Qt/Tools/Ninja/ninja.exe cmTC_2a0ba && [1/2] Building C object CMakeFiles/cmTC_2a0ba.dir/HAVE_SYS_MKDEV_H.c.obj
FAILED: CMakeFiles/cmTC_2a0ba.dir/HAVE_SYS_MKDEV_H.c.obj 
C:\Qt\Tools\mingw730_32\bin\gcc.exe   -Wall -Wformat -Wformat-security -Werror -Wall -Wformat -Wformat-security -o CMakeFiles/cmTC_2a0ba.dir/HAVE_SYS_MKDEV_H.c.obj -c C:/Users/rapha/Documents/GitHub/OpenHD-ImageWriter/build-src-Desktop_Qt_5_12_12_MinGW_32_bit-Debug/CMakeFiles/CheckIncludeFiles/HAVE_SYS_MKDEV_H.c
C:/Users/rapha/Documents/GitHub/OpenHD-ImageWriter/build-src-Desktop_Qt_5_12_12_MinGW_32_bit-Debug/CMakeFiles/CheckIncludeFiles/HAVE_SYS_MKDEV_H.c:21:10: fatal error: sys/mkdev.h: No such file or directory
 #include <sys/mkdev.h>
          ^~~~~~~~~~~~~
compilation terminated.
ninja: build stopped: subcommand failed.


Source:
/* */
#include <sys/types.h>
#include <ctype.h>
#include <direct.h>
#include <errno.h>
#include <fcntl.h>
#include <inttypes.h>
#include <io.h>
#include <limits.h>
#include <locale.h>
#include <memory.h>
#include <process.h>
#include <pthread.h>
#include <signal.h>
#include <stdarg.h>
#include <stdint.h>
#include <stdlib.h>
#include <string.h>
#include <strings.h>
#include <sys/cdefs.h>
#include <sys/mkdev.h>


int main(void){return 0;}

Determining if files sys/types.h;ctype.h;direct.h;errno.h;fcntl.h;inttypes.h;io.h;limits.h;locale.h;memory.h;process.h;pthread.h;signal.h;stdarg.h;stdint.h;stdlib.h;string.h;strings.h;sys/cdefs.h;sys/mount.h exist failed with the following output:
Change Dir: C:/Users/rapha/Documents/GitHub/OpenHD-ImageWriter/build-src-Desktop_Qt_5_12_12_MinGW_32_bit-Debug/CMakeFiles/CMakeTmp

Run Build Command(s):C:/Qt/Tools/Ninja/ninja.exe cmTC_72e0a && [1/2] Building C object CMakeFiles/cmTC_72e0a.dir/HAVE_SYS_MOUNT_H.c.obj
FAILED: CMakeFiles/cmTC_72e0a.dir/HAVE_SYS_MOUNT_H.c.obj 
C:\Qt\Tools\mingw730_32\bin\gcc.exe   -Wall -Wformat -Wformat-security -Werror -Wall -Wformat -Wformat-security -o CMakeFiles/cmTC_72e0a.dir/HAVE_SYS_MOUNT_H.c.obj -c C:/Users/rapha/Documents/GitHub/OpenHD-ImageWriter/build-src-Desktop_Qt_5_12_12_MinGW_32_bit-Debug/CMakeFiles/CheckIncludeFiles/HAVE_SYS_MOUNT_H.c
C:/Users/rapha/Documents/GitHub/OpenHD-ImageWriter/build-src-Desktop_Qt_5_12_12_MinGW_32_bit-Debug/CMakeFiles/CheckIncludeFiles/HAVE_SYS_MOUNT_H.c:21:10: fatal error: sys/mount.h: No such file or directory
 #include <sys/mount.h>
          ^~~~~~~~~~~~~
compilation terminated.
ninja: build stopped: subcommand failed.


Source:
/* */
#include <sys/types.h>
#include <ctype.h>
#include <direct.h>
#include <errno.h>
#include <fcntl.h>
#include <inttypes.h>
#include <io.h>
#include <limits.h>
#include <locale.h>
#include <memory.h>
#include <process.h>
#include <pthread.h>
#include <signal.h>
#include <stdarg.h>
#include <stdint.h>
#include <stdlib.h>
#include <string.h>
#include <strings.h>
#include <sys/cdefs.h>
#include <sys/mount.h>


int main(void){return 0;}

Determining if files sys/types.h;ctype.h;direct.h;errno.h;fcntl.h;inttypes.h;io.h;limits.h;locale.h;memory.h;process.h;pthread.h;signal.h;stdarg.h;stdint.h;stdlib.h;string.h;strings.h;sys/cdefs.h;sys/param.h;sys/poll.h exist failed with the following output:
Change Dir: C:/Users/rapha/Documents/GitHub/OpenHD-ImageWriter/build-src-Desktop_Qt_5_12_12_MinGW_32_bit-Debug/CMakeFiles/CMakeTmp

Run Build Command(s):C:/Qt/Tools/Ninja/ninja.exe cmTC_c7a39 && [1/2] Building C object CMakeFiles/cmTC_c7a39.dir/HAVE_SYS_POLL_H.c.obj
FAILED: CMakeFiles/cmTC_c7a39.dir/HAVE_SYS_POLL_H.c.obj 
C:\Qt\Tools\mingw730_32\bin\gcc.exe   -Wall -Wformat -Wformat-security -Werror -Wall -Wformat -Wformat-security -o CMakeFiles/cmTC_c7a39.dir/HAVE_SYS_POLL_H.c.obj -c C:/Users/rapha/Documents/GitHub/OpenHD-ImageWriter/build-src-Desktop_Qt_5_12_12_MinGW_32_bit-Debug/CMakeFiles/CheckIncludeFiles/HAVE_SYS_POLL_H.c
C:/Users/rapha/Documents/GitHub/OpenHD-ImageWriter/build-src-Desktop_Qt_5_12_12_MinGW_32_bit-Debug/CMakeFiles/CheckIncludeFiles/HAVE_SYS_POLL_H.c:22:10: fatal error: sys/poll.h: No such file or directory
 #include <sys/poll.h>
          ^~~~~~~~~~~~
compilation terminated.
ninja: build stopped: subcommand failed.


Source:
/* */
#include <sys/types.h>
#include <ctype.h>
#include <direct.h>
#include <errno.h>
#include <fcntl.h>
#include <inttypes.h>
#include <io.h>
#include <limits.h>
#include <locale.h>
#include <memory.h>
#include <process.h>
#include <pthread.h>
#include <signal.h>
#include <stdarg.h>
#include <stdint.h>
#include <stdlib.h>
#include <string.h>
#include <strings.h>
#include <sys/cdefs.h>
#include <sys/param.h>
#include <sys/poll.h>


int main(void){return 0;}

Determining if files sys/types.h;ctype.h;direct.h;errno.h;fcntl.h;inttypes.h;io.h;limits.h;locale.h;memory.h;process.h;pthread.h;signal.h;stdarg.h;stdint.h;stdlib.h;string.h;strings.h;sys/cdefs.h;sys/param.h;sys/richacl.h exist failed with the following output:
Change Dir: C:/Users/rapha/Documents/GitHub/OpenHD-ImageWriter/build-src-Desktop_Qt_5_12_12_MinGW_32_bit-Debug/CMakeFiles/CMakeTmp

Run Build Command(s):C:/Qt/Tools/Ninja/ninja.exe cmTC_84ddc && [1/2] Building C object CMakeFiles/cmTC_84ddc.dir/HAVE_SYS_RICHACL_H.c.obj
FAILED: CMakeFiles/cmTC_84ddc.dir/HAVE_SYS_RICHACL_H.c.obj 
C:\Qt\Tools\mingw730_32\bin\gcc.exe   -Wall -Wformat -Wformat-security -Werror -Wall -Wformat -Wformat-security -o CMakeFiles/cmTC_84ddc.dir/HAVE_SYS_RICHACL_H.c.obj -c C:/Users/rapha/Documents/GitHub/OpenHD-ImageWriter/build-src-Desktop_Qt_5_12_12_MinGW_32_bit-Debug/CMakeFiles/CheckIncludeFiles/HAVE_SYS_RICHACL_H.c
C:/Users/rapha/Documents/GitHub/OpenHD-ImageWriter/build-src-Desktop_Qt_5_12_12_MinGW_32_bit-Debug/CMakeFiles/CheckIncludeFiles/HAVE_SYS_RICHACL_H.c:22:10: fatal error: sys/richacl.h: No such file or directory
 #include <sys/richacl.h>
          ^~~~~~~~~~~~~~~
compilation terminated.
ninja: build stopped: subcommand failed.


Source:
/* */
#include <sys/types.h>
#include <ctype.h>
#include <direct.h>
#include <errno.h>
#include <fcntl.h>
#include <inttypes.h>
#include <io.h>
#include <limits.h>
#include <locale.h>
#include <memory.h>
#include <process.h>
#include <pthread.h>
#include <signal.h>
#include <stdarg.h>
#include <stdint.h>
#include <stdlib.h>
#include <string.h>
#include <strings.h>
#include <sys/cdefs.h>
#include <sys/param.h>
#include <sys/richacl.h>


int main(void){return 0;}

Determining if files sys/types.h;ctype.h;direct.h;errno.h;fcntl.h;inttypes.h;io.h;limits.h;locale.h;memory.h;process.h;pthread.h;signal.h;stdarg.h;stdint.h;stdlib.h;string.h;strings.h;sys/cdefs.h;sys/param.h;sys/select.h exist failed with the following output:
Change Dir: C:/Users/rapha/Documents/GitHub/OpenHD-ImageWriter/build-src-Desktop_Qt_5_12_12_MinGW_32_bit-Debug/CMakeFiles/CMakeTmp

Run Build Command(s):C:/Qt/Tools/Ninja/ninja.exe cmTC_449ed && [1/2] Building C object CMakeFiles/cmTC_449ed.dir/HAVE_SYS_SELECT_H.c.obj
FAILED: CMakeFiles/cmTC_449ed.dir/HAVE_SYS_SELECT_H.c.obj 
C:\Qt\Tools\mingw730_32\bin\gcc.exe   -Wall -Wformat -Wformat-security -Werror -Wall -Wformat -Wformat-security -o CMakeFiles/cmTC_449ed.dir/HAVE_SYS_SELECT_H.c.obj -c C:/Users/rapha/Documents/GitHub/OpenHD-ImageWriter/build-src-Desktop_Qt_5_12_12_MinGW_32_bit-Debug/CMakeFiles/CheckIncludeFiles/HAVE_SYS_SELECT_H.c
C:/Users/rapha/Documents/GitHub/OpenHD-ImageWriter/build-src-Desktop_Qt_5_12_12_MinGW_32_bit-Debug/CMakeFiles/CheckIncludeFiles/HAVE_SYS_SELECT_H.c:22:10: fatal error: sys/select.h: No such file or directory
 #include <sys/select.h>
          ^~~~~~~~~~~~~~
compilation terminated.
ninja: build stopped: subcommand failed.


Source:
/* */
#include <sys/types.h>
#include <ctype.h>
#include <direct.h>
#include <errno.h>
#include <fcntl.h>
#include <inttypes.h>
#include <io.h>
#include <limits.h>
#include <locale.h>
#include <memory.h>
#include <process.h>
#include <pthread.h>
#include <signal.h>
#include <stdarg.h>
#include <stdint.h>
#include <stdlib.h>
#include <string.h>
#include <strings.h>
#include <sys/cdefs.h>
#include <sys/param.h>
#include <sys/select.h>


int main(void){return 0;}

Determining if files sys/types.h;ctype.h;direct.h;errno.h;fcntl.h;inttypes.h;io.h;limits.h;locale.h;memory.h;process.h;pthread.h;signal.h;stdarg.h;stdint.h;stdlib.h;string.h;strings.h;sys/cdefs.h;sys/param.h;sys/stat.h;sys/statfs.h exist failed with the following output:
Change Dir: C:/Users/rapha/Documents/GitHub/OpenHD-ImageWriter/build-src-Desktop_Qt_5_12_12_MinGW_32_bit-Debug/CMakeFiles/CMakeTmp

Run Build Command(s):C:/Qt/Tools/Ninja/ninja.exe cmTC_7ca0a && [1/2] Building C object CMakeFiles/cmTC_7ca0a.dir/HAVE_SYS_STATFS_H.c.obj
FAILED: CMakeFiles/cmTC_7ca0a.dir/HAVE_SYS_STATFS_H.c.obj 
C:\Qt\Tools\mingw730_32\bin\gcc.exe   -Wall -Wformat -Wformat-security -Werror -Wall -Wformat -Wformat-security -o CMakeFiles/cmTC_7ca0a.dir/HAVE_SYS_STATFS_H.c.obj -c C:/Users/rapha/Documents/GitHub/OpenHD-ImageWriter/build-src-Desktop_Qt_5_12_12_MinGW_32_bit-Debug/CMakeFiles/CheckIncludeFiles/HAVE_SYS_STATFS_H.c
C:/Users/rapha/Documents/GitHub/OpenHD-ImageWriter/build-src-Desktop_Qt_5_12_12_MinGW_32_bit-Debug/CMakeFiles/CheckIncludeFiles/HAVE_SYS_STATFS_H.c:23:10: fatal error: sys/statfs.h: No such file or directory
 #include <sys/statfs.h>
          ^~~~~~~~~~~~~~
compilation terminated.
ninja: build stopped: subcommand failed.


Source:
/* */
#include <sys/types.h>
#include <ctype.h>
#include <direct.h>
#include <errno.h>
#include <fcntl.h>
#include <inttypes.h>
#include <io.h>
#include <limits.h>
#include <locale.h>
#include <memory.h>
#include <process.h>
#include <pthread.h>
#include <signal.h>
#include <stdarg.h>
#include <stdint.h>
#include <stdlib.h>
#include <string.h>
#include <strings.h>
#include <sys/cdefs.h>
#include <sys/param.h>
#include <sys/stat.h>
#include <sys/statfs.h>


int main(void){return 0;}

Determining if files sys/types.h;ctype.h;direct.h;errno.h;fcntl.h;inttypes.h;io.h;limits.h;locale.h;memory.h;process.h;pthread.h;signal.h;stdarg.h;stdint.h;stdlib.h;string.h;strings.h;sys/cdefs.h;sys/param.h;sys/stat.h;sys/statvfs.h exist failed with the following output:
Change Dir: C:/Users/rapha/Documents/GitHub/OpenHD-ImageWriter/build-src-Desktop_Qt_5_12_12_MinGW_32_bit-Debug/CMakeFiles/CMakeTmp

Run Build Command(s):C:/Qt/Tools/Ninja/ninja.exe cmTC_37b34 && [1/2] Building C object CMakeFiles/cmTC_37b34.dir/HAVE_SYS_STATVFS_H.c.obj
FAILED: CMakeFiles/cmTC_37b34.dir/HAVE_SYS_STATVFS_H.c.obj 
C:\Qt\Tools\mingw730_32\bin\gcc.exe   -Wall -Wformat -Wformat-security -Werror -Wall -Wformat -Wformat-security -o CMakeFiles/cmTC_37b34.dir/HAVE_SYS_STATVFS_H.c.obj -c C:/Users/rapha/Documents/GitHub/OpenHD-ImageWriter/build-src-Desktop_Qt_5_12_12_MinGW_32_bit-Debug/CMakeFiles/CheckIncludeFiles/HAVE_SYS_STATVFS_H.c
C:/Users/rapha/Documents/GitHub/OpenHD-ImageWriter/build-src-Desktop_Qt_5_12_12_MinGW_32_bit-Debug/CMakeFiles/CheckIncludeFiles/HAVE_SYS_STATVFS_H.c:23:10: fatal error: sys/statvfs.h: No such file or directory
 #include <sys/statvfs.h>
          ^~~~~~~~~~~~~~~
compilation terminated.
ninja: build stopped: subcommand failed.


Source:
/* */
#include <sys/types.h>
#include <ctype.h>
#include <direct.h>
#include <errno.h>
#include <fcntl.h>
#include <inttypes.h>
#include <io.h>
#include <limits.h>
#include <locale.h>
#include <memory.h>
#include <process.h>
#include <pthread.h>
#include <signal.h>
#include <stdarg.h>
#include <stdint.h>
#include <stdlib.h>
#include <string.h>
#include <strings.h>
#include <sys/cdefs.h>
#include <sys/param.h>
#include <sys/stat.h>
#include <sys/statvfs.h>


int main(void){return 0;}

Determining if files sys/types.h;ctype.h;direct.h;errno.h;fcntl.h;inttypes.h;io.h;limits.h;locale.h;memory.h;process.h;pthread.h;signal.h;stdarg.h;stdint.h;stdlib.h;string.h;strings.h;sys/cdefs.h;sys/param.h;sys/stat.h;sys/sysmacros.h exist failed with the following output:
Change Dir: C:/Users/rapha/Documents/GitHub/OpenHD-ImageWriter/build-src-Desktop_Qt_5_12_12_MinGW_32_bit-Debug/CMakeFiles/CMakeTmp

Run Build Command(s):C:/Qt/Tools/Ninja/ninja.exe cmTC_320a0 && [1/2] Building C object CMakeFiles/cmTC_320a0.dir/HAVE_SYS_SYSMACROS_H.c.obj
FAILED: CMakeFiles/cmTC_320a0.dir/HAVE_SYS_SYSMACROS_H.c.obj 
C:\Qt\Tools\mingw730_32\bin\gcc.exe   -Wall -Wformat -Wformat-security -Werror -Wall -Wformat -Wformat-security -o CMakeFiles/cmTC_320a0.dir/HAVE_SYS_SYSMACROS_H.c.obj -c C:/Users/rapha/Documents/GitHub/OpenHD-ImageWriter/build-src-Desktop_Qt_5_12_12_MinGW_32_bit-Debug/CMakeFiles/CheckIncludeFiles/HAVE_SYS_SYSMACROS_H.c
C:/Users/rapha/Documents/GitHub/OpenHD-ImageWriter/build-src-Desktop_Qt_5_12_12_MinGW_32_bit-Debug/CMakeFiles/CheckIncludeFiles/HAVE_SYS_SYSMACROS_H.c:23:10: fatal error: sys/sysmacros.h: No such file or directory
 #include <sys/sysmacros.h>
          ^~~~~~~~~~~~~~~~~
compilation terminated.
ninja: build stopped: subcommand failed.


Source:
/* */
#include <sys/types.h>
#include <ctype.h>
#include <direct.h>
#include <errno.h>
#include <fcntl.h>
#include <inttypes.h>
#include <io.h>
#include <limits.h>
#include <locale.h>
#include <memory.h>
#include <process.h>
#include <pthread.h>
#include <signal.h>
#include <stdarg.h>
#include <stdint.h>
#include <stdlib.h>
#include <string.h>
#include <strings.h>
#include <sys/cdefs.h>
#include <sys/param.h>
#include <sys/stat.h>
#include <sys/sysmacros.h>


int main(void){return 0;}

Determining if files sys/types.h;ctype.h;direct.h;errno.h;fcntl.h;inttypes.h;io.h;limits.h;locale.h;memory.h;process.h;pthread.h;signal.h;stdarg.h;stdint.h;stdlib.h;string.h;strings.h;sys/cdefs.h;sys/param.h;sys/stat.h;sys/time.h;sys/utime.h;sys/vfs.h exist failed with the following output:
Change Dir: C:/Users/rapha/Documents/GitHub/OpenHD-ImageWriter/build-src-Desktop_Qt_5_12_12_MinGW_32_bit-Debug/CMakeFiles/CMakeTmp

Run Build Command(s):C:/Qt/Tools/Ninja/ninja.exe cmTC_0a89a && [1/2] Building C object CMakeFiles/cmTC_0a89a.dir/HAVE_SYS_VFS_H.c.obj
FAILED: CMakeFiles/cmTC_0a89a.dir/HAVE_SYS_VFS_H.c.obj 
C:\Qt\Tools\mingw730_32\bin\gcc.exe   -Wall -Wformat -Wformat-security -Werror -Wall -Wformat -Wformat-security -o CMakeFiles/cmTC_0a89a.dir/HAVE_SYS_VFS_H.c.obj -c C:/Users/rapha/Documents/GitHub/OpenHD-ImageWriter/build-src-Desktop_Qt_5_12_12_MinGW_32_bit-Debug/CMakeFiles/CheckIncludeFiles/HAVE_SYS_VFS_H.c
C:/Users/rapha/Documents/GitHub/OpenHD-ImageWriter/build-src-Desktop_Qt_5_12_12_MinGW_32_bit-Debug/CMakeFiles/CheckIncludeFiles/HAVE_SYS_VFS_H.c:25:10: fatal error: sys/vfs.h: No such file or directory
 #include <sys/vfs.h>
          ^~~~~~~~~~~
compilation terminated.
ninja: build stopped: subcommand failed.


Source:
/* */
#include <sys/types.h>
#include <ctype.h>
#include <direct.h>
#include <errno.h>
#include <fcntl.h>
#include <inttypes.h>
#include <io.h>
#include <limits.h>
#include <locale.h>
#include <memory.h>
#include <process.h>
#include <pthread.h>
#include <signal.h>
#include <stdarg.h>
#include <stdint.h>
#include <stdlib.h>
#include <string.h>
#include <strings.h>
#include <sys/cdefs.h>
#include <sys/param.h>
#include <sys/stat.h>
#include <sys/time.h>
#include <sys/utime.h>
#include <sys/vfs.h>


int main(void){return 0;}

Determining if files sys/types.h;ctype.h;direct.h;errno.h;fcntl.h;inttypes.h;io.h;limits.h;locale.h;memory.h;process.h;pthread.h;signal.h;stdarg.h;stdint.h;stdlib.h;string.h;strings.h;sys/cdefs.h;sys/param.h;sys/stat.h;sys/time.h;sys/utime.h;sys/wait.h exist failed with the following output:
Change Dir: C:/Users/rapha/Documents/GitHub/OpenHD-ImageWriter/build-src-Desktop_Qt_5_12_12_MinGW_32_bit-Debug/CMakeFiles/CMakeTmp

Run Build Command(s):C:/Qt/Tools/Ninja/ninja.exe cmTC_eef82 && [1/2] Building C object CMakeFiles/cmTC_eef82.dir/HAVE_SYS_WAIT_H.c.obj
FAILED: CMakeFiles/cmTC_eef82.dir/HAVE_SYS_WAIT_H.c.obj 
C:\Qt\Tools\mingw730_32\bin\gcc.exe   -Wall -Wformat -Wformat-security -Werror -Wall -Wformat -Wformat-security -o CMakeFiles/cmTC_eef82.dir/HAVE_SYS_WAIT_H.c.obj -c C:/Users/rapha/Documents/GitHub/OpenHD-ImageWriter/build-src-Desktop_Qt_5_12_12_MinGW_32_bit-Debug/CMakeFiles/CheckIncludeFiles/HAVE_SYS_WAIT_H.c
C:/Users/rapha/Documents/GitHub/OpenHD-ImageWriter/build-src-Desktop_Qt_5_12_12_MinGW_32_bit-Debug/CMakeFiles/CheckIncludeFiles/HAVE_SYS_WAIT_H.c:25:10: fatal error: sys/wait.h: No such file or directory
 #include <sys/wait.h>
          ^~~~~~~~~~~~
compilation terminated.
ninja: build stopped: subcommand failed.


Source:
/* */
#include <sys/types.h>
#include <ctype.h>
#include <direct.h>
#include <errno.h>
#include <fcntl.h>
#include <inttypes.h>
#include <io.h>
#include <limits.h>
#include <locale.h>
#include <memory.h>
#include <process.h>
#include <pthread.h>
#include <signal.h>
#include <stdarg.h>
#include <stdint.h>
#include <stdlib.h>
#include <string.h>
#include <strings.h>
#include <sys/cdefs.h>
#include <sys/param.h>
#include <sys/stat.h>
#include <sys/time.h>
#include <sys/utime.h>
#include <sys/wait.h>


int main(void){return 0;}

Determining if the function arc4random_buf exists failed with the following output:
Change Dir: C:/Users/rapha/Documents/GitHub/OpenHD-ImageWriter/build-src-Desktop_Qt_5_12_12_MinGW_32_bit-Debug/CMakeFiles/CMakeTmp

Run Build Command(s):C:/Qt/Tools/Ninja/ninja.exe cmTC_082db && [1/2] Building C object CMakeFiles/cmTC_082db.dir/CheckFunctionExists.c.obj
[2/2] Linking C executable cmTC_082db.exe
FAILED: cmTC_082db.exe 
cmd.exe /C "cd . && C:\Qt\Tools\mingw730_32\bin\gcc.exe -Wall -Wformat -Wformat-security -Werror -DCHECK_FUNCTION_EXISTS=arc4random_buf -Wall -Wformat -Wformat-security -fno-builtin  CMakeFiles/cmTC_082db.dir/CheckFunctionExists.c.obj -o cmTC_082db.exe -Wl,--out-implib,libcmTC_082db.dll.a -Wl,--major-image-version,0,--minor-image-version,0  -lkernel32 -luser32 -lgdi32 -lwinspool -lshell32 -lole32 -loleaut32 -luuid -lcomdlg32 -ladvapi32 && cd ."
CMakeFiles/cmTC_082db.dir/CheckFunctionExists.c.obj:CheckFunctionExists.c:(.text+0xc): undefined reference to `arc4random_buf'
collect2.exe: error: ld returned 1 exit status
ninja: build stopped: subcommand failed.



Determining if the function chflags exists failed with the following output:
Change Dir: C:/Users/rapha/Documents/GitHub/OpenHD-ImageWriter/build-src-Desktop_Qt_5_12_12_MinGW_32_bit-Debug/CMakeFiles/CMakeTmp

Run Build Command(s):C:/Qt/Tools/Ninja/ninja.exe cmTC_de30e && [1/2] Building C object CMakeFiles/cmTC_de30e.dir/CheckFunctionExists.c.obj
[2/2] Linking C executable cmTC_de30e.exe
FAILED: cmTC_de30e.exe 
cmd.exe /C "cd . && C:\Qt\Tools\mingw730_32\bin\gcc.exe -Wall -Wformat -Wformat-security -Werror -DCHECK_FUNCTION_EXISTS=chflags -Wall -Wformat -Wformat-security -fno-builtin  CMakeFiles/cmTC_de30e.dir/CheckFunctionExists.c.obj -o cmTC_de30e.exe -Wl,--out-implib,libcmTC_de30e.dll.a -Wl,--major-image-version,0,--minor-image-version,0  -lkernel32 -luser32 -lgdi32 -lwinspool -lshell32 -lole32 -loleaut32 -luuid -lcomdlg32 -ladvapi32 && cd ."
CMakeFiles/cmTC_de30e.dir/CheckFunctionExists.c.obj:CheckFunctionExists.c:(.text+0xc): undefined reference to `chflags'
collect2.exe: error: ld returned 1 exit status
ninja: build stopped: subcommand failed.



Determining if the function chown exists failed with the following output:
Change Dir: C:/Users/rapha/Documents/GitHub/OpenHD-ImageWriter/build-src-Desktop_Qt_5_12_12_MinGW_32_bit-Debug/CMakeFiles/CMakeTmp

Run Build Command(s):C:/Qt/Tools/Ninja/ninja.exe cmTC_a428d && [1/2] Building C object CMakeFiles/cmTC_a428d.dir/CheckFunctionExists.c.obj
[2/2] Linking C executable cmTC_a428d.exe
FAILED: cmTC_a428d.exe 
cmd.exe /C "cd . && C:\Qt\Tools\mingw730_32\bin\gcc.exe -Wall -Wformat -Wformat-security -Werror -DCHECK_FUNCTION_EXISTS=chown -Wall -Wformat -Wformat-security -fno-builtin  CMakeFiles/cmTC_a428d.dir/CheckFunctionExists.c.obj -o cmTC_a428d.exe -Wl,--out-implib,libcmTC_a428d.dll.a -Wl,--major-image-version,0,--minor-image-version,0  -lkernel32 -luser32 -lgdi32 -lwinspool -lshell32 -lole32 -loleaut32 -luuid -lcomdlg32 -ladvapi32 && cd ."
CMakeFiles/cmTC_a428d.dir/CheckFunctionExists.c.obj:CheckFunctionExists.c:(.text+0xc): undefined reference to `chown'
collect2.exe: error: ld returned 1 exit status
ninja: build stopped: subcommand failed.



Determining if the function chroot exists failed with the following output:
Change Dir: C:/Users/rapha/Documents/GitHub/OpenHD-ImageWriter/build-src-Desktop_Qt_5_12_12_MinGW_32_bit-Debug/CMakeFiles/CMakeTmp

Run Build Command(s):C:/Qt/Tools/Ninja/ninja.exe cmTC_97a5f && [1/2] Building C object CMakeFiles/cmTC_97a5f.dir/CheckFunctionExists.c.obj
[2/2] Linking C executable cmTC_97a5f.exe
FAILED: cmTC_97a5f.exe 
cmd.exe /C "cd . && C:\Qt\Tools\mingw730_32\bin\gcc.exe -Wall -Wformat -Wformat-security -Werror -DCHECK_FUNCTION_EXISTS=chroot -Wall -Wformat -Wformat-security -fno-builtin  CMakeFiles/cmTC_97a5f.dir/CheckFunctionExists.c.obj -o cmTC_97a5f.exe -Wl,--out-implib,libcmTC_97a5f.dll.a -Wl,--major-image-version,0,--minor-image-version,0  -lkernel32 -luser32 -lgdi32 -lwinspool -lshell32 -lole32 -loleaut32 -luuid -lcomdlg32 -ladvapi32 && cd ."
CMakeFiles/cmTC_97a5f.dir/CheckFunctionExists.c.obj:CheckFunctionExists.c:(.text+0xc): undefined reference to `chroot'
collect2.exe: error: ld returned 1 exit status
ninja: build stopped: subcommand failed.



Determining if the function ctime_r exists failed with the following output:
Change Dir: C:/Users/rapha/Documents/GitHub/OpenHD-ImageWriter/build-src-Desktop_Qt_5_12_12_MinGW_32_bit-Debug/CMakeFiles/CMakeTmp

Run Build Command(s):C:/Qt/Tools/Ninja/ninja.exe cmTC_8b851 && [1/2] Building C object CMakeFiles/cmTC_8b851.dir/CheckFunctionExists.c.obj
[2/2] Linking C executable cmTC_8b851.exe
FAILED: cmTC_8b851.exe 
cmd.exe /C "cd . && C:\Qt\Tools\mingw730_32\bin\gcc.exe -Wall -Wformat -Wformat-security -Werror -DCHECK_FUNCTION_EXISTS=ctime_r -Wall -Wformat -Wformat-security -fno-builtin  CMakeFiles/cmTC_8b851.dir/CheckFunctionExists.c.obj -o cmTC_8b851.exe -Wl,--out-implib,libcmTC_8b851.dll.a -Wl,--major-image-version,0,--minor-image-version,0  -lkernel32 -luser32 -lgdi32 -lwinspool -lshell32 -lole32 -loleaut32 -luuid -lcomdlg32 -ladvapi32 && cd ."
CMakeFiles/cmTC_8b851.dir/CheckFunctionExists.c.obj:CheckFunctionExists.c:(.text+0xc): undefined reference to `ctime_r'
collect2.exe: error: ld returned 1 exit status
ninja: build stopped: subcommand failed.



Determining if the function fchdir exists failed with the following output:
Change Dir: C:/Users/rapha/Documents/GitHub/OpenHD-ImageWriter/build-src-Desktop_Qt_5_12_12_MinGW_32_bit-Debug/CMakeFiles/CMakeTmp

Run Build Command(s):C:/Qt/Tools/Ninja/ninja.exe cmTC_e2ed9 && [1/2] Building C object CMakeFiles/cmTC_e2ed9.dir/CheckFunctionExists.c.obj
[2/2] Linking C executable cmTC_e2ed9.exe
FAILED: cmTC_e2ed9.exe 
cmd.exe /C "cd . && C:\Qt\Tools\mingw730_32\bin\gcc.exe -Wall -Wformat -Wformat-security -Werror -DCHECK_FUNCTION_EXISTS=fchdir -Wall -Wformat -Wformat-security -fno-builtin  CMakeFiles/cmTC_e2ed9.dir/CheckFunctionExists.c.obj -o cmTC_e2ed9.exe -Wl,--out-implib,libcmTC_e2ed9.dll.a -Wl,--major-image-version,0,--minor-image-version,0  -lkernel32 -luser32 -lgdi32 -lwinspool -lshell32 -lole32 -loleaut32 -luuid -lcomdlg32 -ladvapi32 && cd ."
CMakeFiles/cmTC_e2ed9.dir/CheckFunctionExists.c.obj:CheckFunctionExists.c:(.text+0xc): undefined reference to `fchdir'
collect2.exe: error: ld returned 1 exit status
ninja: build stopped: subcommand failed.



Determining if the function fchflags exists failed with the following output:
Change Dir: C:/Users/rapha/Documents/GitHub/OpenHD-ImageWriter/build-src-Desktop_Qt_5_12_12_MinGW_32_bit-Debug/CMakeFiles/CMakeTmp

Run Build Command(s):C:/Qt/Tools/Ninja/ninja.exe cmTC_098ff && [1/2] Building C object CMakeFiles/cmTC_098ff.dir/CheckFunctionExists.c.obj
[2/2] Linking C executable cmTC_098ff.exe
FAILED: cmTC_098ff.exe 
cmd.exe /C "cd . && C:\Qt\Tools\mingw730_32\bin\gcc.exe -Wall -Wformat -Wformat-security -Werror -DCHECK_FUNCTION_EXISTS=fchflags -Wall -Wformat -Wformat-security -fno-builtin  CMakeFiles/cmTC_098ff.dir/CheckFunctionExists.c.obj -o cmTC_098ff.exe -Wl,--out-implib,libcmTC_098ff.dll.a -Wl,--major-image-version,0,--minor-image-version,0  -lkernel32 -luser32 -lgdi32 -lwinspool -lshell32 -lole32 -loleaut32 -luuid -lcomdlg32 -ladvapi32 && cd ."
CMakeFiles/cmTC_098ff.dir/CheckFunctionExists.c.obj:CheckFunctionExists.c:(.text+0xc): undefined reference to `fchflags'
collect2.exe: error: ld returned 1 exit status
ninja: build stopped: subcommand failed.



Determining if the function fchmod exists failed with the following output:
Change Dir: C:/Users/rapha/Documents/GitHub/OpenHD-ImageWriter/build-src-Desktop_Qt_5_12_12_MinGW_32_bit-Debug/CMakeFiles/CMakeTmp

Run Build Command(s):C:/Qt/Tools/Ninja/ninja.exe cmTC_20a67 && [1/2] Building C object CMakeFiles/cmTC_20a67.dir/CheckFunctionExists.c.obj
[2/2] Linking C executable cmTC_20a67.exe
FAILED: cmTC_20a67.exe 
cmd.exe /C "cd . && C:\Qt\Tools\mingw730_32\bin\gcc.exe -Wall -Wformat -Wformat-security -Werror -DCHECK_FUNCTION_EXISTS=fchmod -Wall -Wformat -Wformat-security -fno-builtin  CMakeFiles/cmTC_20a67.dir/CheckFunctionExists.c.obj -o cmTC_20a67.exe -Wl,--out-implib,libcmTC_20a67.dll.a -Wl,--major-image-version,0,--minor-image-version,0  -lkernel32 -luser32 -lgdi32 -lwinspool -lshell32 -lole32 -loleaut32 -luuid -lcomdlg32 -ladvapi32 && cd ."
CMakeFiles/cmTC_20a67.dir/CheckFunctionExists.c.obj:CheckFunctionExists.c:(.text+0xc): undefined reference to `fchmod'
collect2.exe: error: ld returned 1 exit status
ninja: build stopped: subcommand failed.



Determining if the function fchown exists failed with the following output:
Change Dir: C:/Users/rapha/Documents/GitHub/OpenHD-ImageWriter/build-src-Desktop_Qt_5_12_12_MinGW_32_bit-Debug/CMakeFiles/CMakeTmp

Run Build Command(s):C:/Qt/Tools/Ninja/ninja.exe cmTC_3c68c && [1/2] Building C object CMakeFiles/cmTC_3c68c.dir/CheckFunctionExists.c.obj
[2/2] Linking C executable cmTC_3c68c.exe
FAILED: cmTC_3c68c.exe 
cmd.exe /C "cd . && C:\Qt\Tools\mingw730_32\bin\gcc.exe -Wall -Wformat -Wformat-security -Werror -DCHECK_FUNCTION_EXISTS=fchown -Wall -Wformat -Wformat-security -fno-builtin  CMakeFiles/cmTC_3c68c.dir/CheckFunctionExists.c.obj -o cmTC_3c68c.exe -Wl,--out-implib,libcmTC_3c68c.dll.a -Wl,--major-image-version,0,--minor-image-version,0  -lkernel32 -luser32 -lgdi32 -lwinspool -lshell32 -lole32 -loleaut32 -luuid -lcomdlg32 -ladvapi32 && cd ."
CMakeFiles/cmTC_3c68c.dir/CheckFunctionExists.c.obj:CheckFunctionExists.c:(.text+0xc): undefined reference to `fchown'
collect2.exe: error: ld returned 1 exit status
ninja: build stopped: subcommand failed.



Determining if the function fdopendir exists failed with the following output:
Change Dir: C:/Users/rapha/Documents/GitHub/OpenHD-ImageWriter/build-src-Desktop_Qt_5_12_12_MinGW_32_bit-Debug/CMakeFiles/CMakeTmp

Run Build Command(s):C:/Qt/Tools/Ninja/ninja.exe cmTC_f0d9c && [1/2] Building C object CMakeFiles/cmTC_f0d9c.dir/CheckFunctionExists.c.obj
[2/2] Linking C executable cmTC_f0d9c.exe
FAILED: cmTC_f0d9c.exe 
cmd.exe /C "cd . && C:\Qt\Tools\mingw730_32\bin\gcc.exe -Wall -Wformat -Wformat-security -Werror -DCHECK_FUNCTION_EXISTS=fdopendir -Wall -Wformat -Wformat-security -fno-builtin  CMakeFiles/cmTC_f0d9c.dir/CheckFunctionExists.c.obj -o cmTC_f0d9c.exe -Wl,--out-implib,libcmTC_f0d9c.dll.a -Wl,--major-image-version,0,--minor-image-version,0  -lkernel32 -luser32 -lgdi32 -lwinspool -lshell32 -lole32 -loleaut32 -luuid -lcomdlg32 -ladvapi32 && cd ."
CMakeFiles/cmTC_f0d9c.dir/CheckFunctionExists.c.obj:CheckFunctionExists.c:(.text+0xc): undefined reference to `fdopendir'
collect2.exe: error: ld returned 1 exit status
ninja: build stopped: subcommand failed.



Determining if the function fstatat exists failed with the following output:
Change Dir: C:/Users/rapha/Documents/GitHub/OpenHD-ImageWriter/build-src-Desktop_Qt_5_12_12_MinGW_32_bit-Debug/CMakeFiles/CMakeTmp

Run Build Command(s):C:/Qt/Tools/Ninja/ninja.exe cmTC_32c3c && [1/2] Building C object CMakeFiles/cmTC_32c3c.dir/CheckFunctionExists.c.obj
[2/2] Linking C executable cmTC_32c3c.exe
FAILED: cmTC_32c3c.exe 
cmd.exe /C "cd . && C:\Qt\Tools\mingw730_32\bin\gcc.exe -Wall -Wformat -Wformat-security -Werror -DCHECK_FUNCTION_EXISTS=fstatat -Wall -Wformat -Wformat-security -fno-builtin  CMakeFiles/cmTC_32c3c.dir/CheckFunctionExists.c.obj -o cmTC_32c3c.exe -Wl,--out-implib,libcmTC_32c3c.dll.a -Wl,--major-image-version,0,--minor-image-version,0  -lkernel32 -luser32 -lgdi32 -lwinspool -lshell32 -lole32 -loleaut32 -luuid -lcomdlg32 -ladvapi32 && cd ."
CMakeFiles/cmTC_32c3c.dir/CheckFunctionExists.c.obj:CheckFunctionExists.c:(.text+0xc): undefined reference to `fstatat'
collect2.exe: error: ld returned 1 exit status
ninja: build stopped: subcommand failed.



Determining if the function fstatfs exists failed with the following output:
Change Dir: C:/Users/rapha/Documents/GitHub/OpenHD-ImageWriter/build-src-Desktop_Qt_5_12_12_MinGW_32_bit-Debug/CMakeFiles/CMakeTmp

Run Build Command(s):C:/Qt/Tools/Ninja/ninja.exe cmTC_7aa96 && [1/2] Building C object CMakeFiles/cmTC_7aa96.dir/CheckFunctionExists.c.obj
[2/2] Linking C executable cmTC_7aa96.exe
FAILED: cmTC_7aa96.exe 
cmd.exe /C "cd . && C:\Qt\Tools\mingw730_32\bin\gcc.exe -Wall -Wformat -Wformat-security -Werror -DCHECK_FUNCTION_EXISTS=fstatfs -Wall -Wformat -Wformat-security -fno-builtin  CMakeFiles/cmTC_7aa96.dir/CheckFunctionExists.c.obj -o cmTC_7aa96.exe -Wl,--out-implib,libcmTC_7aa96.dll.a -Wl,--major-image-version,0,--minor-image-version,0  -lkernel32 -luser32 -lgdi32 -lwinspool -lshell32 -lole32 -loleaut32 -luuid -lcomdlg32 -ladvapi32 && cd ."
CMakeFiles/cmTC_7aa96.dir/CheckFunctionExists.c.obj:CheckFunctionExists.c:(.text+0xc): undefined reference to `fstatfs'
collect2.exe: error: ld returned 1 exit status
ninja: build stopped: subcommand failed.



Determining if the function fstatvfs exists failed with the following output:
Change Dir: C:/Users/rapha/Documents/GitHub/OpenHD-ImageWriter/build-src-Desktop_Qt_5_12_12_MinGW_32_bit-Debug/CMakeFiles/CMakeTmp

Run Build Command(s):C:/Qt/Tools/Ninja/ninja.exe cmTC_5bfc1 && [1/2] Building C object CMakeFiles/cmTC_5bfc1.dir/CheckFunctionExists.c.obj
[2/2] Linking C executable cmTC_5bfc1.exe
FAILED: cmTC_5bfc1.exe 
cmd.exe /C "cd . && C:\Qt\Tools\mingw730_32\bin\gcc.exe -Wall -Wformat -Wformat-security -Werror -DCHECK_FUNCTION_EXISTS=fstatvfs -Wall -Wformat -Wformat-security -fno-builtin  CMakeFiles/cmTC_5bfc1.dir/CheckFunctionExists.c.obj -o cmTC_5bfc1.exe -Wl,--out-implib,libcmTC_5bfc1.dll.a -Wl,--major-image-version,0,--minor-image-version,0  -lkernel32 -luser32 -lgdi32 -lwinspool -lshell32 -lole32 -loleaut32 -luuid -lcomdlg32 -ladvapi32 && cd ."
CMakeFiles/cmTC_5bfc1.dir/CheckFunctionExists.c.obj:CheckFunctionExists.c:(.text+0xc): undefined reference to `fstatvfs'
collect2.exe: error: ld returned 1 exit status
ninja: build stopped: subcommand failed.



Determining if the function futimens exists failed with the following output:
Change Dir: C:/Users/rapha/Documents/GitHub/OpenHD-ImageWriter/build-src-Desktop_Qt_5_12_12_MinGW_32_bit-Debug/CMakeFiles/CMakeTmp

Run Build Command(s):C:/Qt/Tools/Ninja/ninja.exe cmTC_dc971 && [1/2] Building C object CMakeFiles/cmTC_dc971.dir/CheckFunctionExists.c.obj
[2/2] Linking C executable cmTC_dc971.exe
FAILED: cmTC_dc971.exe 
cmd.exe /C "cd . && C:\Qt\Tools\mingw730_32\bin\gcc.exe -Wall -Wformat -Wformat-security -Werror -DCHECK_FUNCTION_EXISTS=futimens -Wall -Wformat -Wformat-security -fno-builtin  CMakeFiles/cmTC_dc971.dir/CheckFunctionExists.c.obj -o cmTC_dc971.exe -Wl,--out-implib,libcmTC_dc971.dll.a -Wl,--major-image-version,0,--minor-image-version,0  -lkernel32 -luser32 -lgdi32 -lwinspool -lshell32 -lole32 -loleaut32 -luuid -lcomdlg32 -ladvapi32 && cd ."
CMakeFiles/cmTC_dc971.dir/CheckFunctionExists.c.obj:CheckFunctionExists.c:(.text+0xc): undefined reference to `futimens'
collect2.exe: error: ld returned 1 exit status
ninja: build stopped: subcommand failed.



Determining if the function futimes exists failed with the following output:
Change Dir: C:/Users/rapha/Documents/GitHub/OpenHD-ImageWriter/build-src-Desktop_Qt_5_12_12_MinGW_32_bit-Debug/CMakeFiles/CMakeTmp

Run Build Command(s):C:/Qt/Tools/Ninja/ninja.exe cmTC_cf8dd && [1/2] Building C object CMakeFiles/cmTC_cf8dd.dir/CheckFunctionExists.c.obj
[2/2] Linking C executable cmTC_cf8dd.exe
FAILED: cmTC_cf8dd.exe 
cmd.exe /C "cd . && C:\Qt\Tools\mingw730_32\bin\gcc.exe -Wall -Wformat -Wformat-security -Werror -DCHECK_FUNCTION_EXISTS=futimes -Wall -Wformat -Wformat-security -fno-builtin  CMakeFiles/cmTC_cf8dd.dir/CheckFunctionExists.c.obj -o cmTC_cf8dd.exe -Wl,--out-implib,libcmTC_cf8dd.dll.a -Wl,--major-image-version,0,--minor-image-version,0  -lkernel32 -luser32 -lgdi32 -lwinspool -lshell32 -lole32 -loleaut32 -luuid -lcomdlg32 -ladvapi32 && cd ."
CMakeFiles/cmTC_cf8dd.dir/CheckFunctionExists.c.obj:CheckFunctionExists.c:(.text+0xc): undefined reference to `futimes'
collect2.exe: error: ld returned 1 exit status
ninja: build stopped: subcommand failed.



Determining if the function futimesat exists failed with the following output:
Change Dir: C:/Users/rapha/Documents/GitHub/OpenHD-ImageWriter/build-src-Desktop_Qt_5_12_12_MinGW_32_bit-Debug/CMakeFiles/CMakeTmp

Run Build Command(s):C:/Qt/Tools/Ninja/ninja.exe cmTC_efa50 && [1/2] Building C object CMakeFiles/cmTC_efa50.dir/CheckFunctionExists.c.obj
[2/2] Linking C executable cmTC_efa50.exe
FAILED: cmTC_efa50.exe 
cmd.exe /C "cd . && C:\Qt\Tools\mingw730_32\bin\gcc.exe -Wall -Wformat -Wformat-security -Werror -DCHECK_FUNCTION_EXISTS=futimesat -Wall -Wformat -Wformat-security -fno-builtin  CMakeFiles/cmTC_efa50.dir/CheckFunctionExists.c.obj -o cmTC_efa50.exe -Wl,--out-implib,libcmTC_efa50.dll.a -Wl,--major-image-version,0,--minor-image-version,0  -lkernel32 -luser32 -lgdi32 -lwinspool -lshell32 -lole32 -loleaut32 -luuid -lcomdlg32 -ladvapi32 && cd ."
CMakeFiles/cmTC_efa50.dir/CheckFunctionExists.c.obj:CheckFunctionExists.c:(.text+0xc): undefined reference to `futimesat'
collect2.exe: error: ld returned 1 exit status
ninja: build stopped: subcommand failed.



Determining if the function geteuid exists failed with the following output:
Change Dir: C:/Users/rapha/Documents/GitHub/OpenHD-ImageWriter/build-src-Desktop_Qt_5_12_12_MinGW_32_bit-Debug/CMakeFiles/CMakeTmp

Run Build Command(s):C:/Qt/Tools/Ninja/ninja.exe cmTC_b0eaa && [1/2] Building C object CMakeFiles/cmTC_b0eaa.dir/CheckFunctionExists.c.obj
[2/2] Linking C executable cmTC_b0eaa.exe
FAILED: cmTC_b0eaa.exe 
cmd.exe /C "cd . && C:\Qt\Tools\mingw730_32\bin\gcc.exe -Wall -Wformat -Wformat-security -Werror -DCHECK_FUNCTION_EXISTS=geteuid -Wall -Wformat -Wformat-security -fno-builtin  CMakeFiles/cmTC_b0eaa.dir/CheckFunctionExists.c.obj -o cmTC_b0eaa.exe -Wl,--out-implib,libcmTC_b0eaa.dll.a -Wl,--major-image-version,0,--minor-image-version,0  -lkernel32 -luser32 -lgdi32 -lwinspool -lshell32 -lole32 -loleaut32 -luuid -lcomdlg32 -ladvapi32 && cd ."
CMakeFiles/cmTC_b0eaa.dir/CheckFunctionExists.c.obj:CheckFunctionExists.c:(.text+0xc): undefined reference to `geteuid'
collect2.exe: error: ld returned 1 exit status
ninja: build stopped: subcommand failed.



Determining if the function getgrgid_r exists failed with the following output:
Change Dir: C:/Users/rapha/Documents/GitHub/OpenHD-ImageWriter/build-src-Desktop_Qt_5_12_12_MinGW_32_bit-Debug/CMakeFiles/CMakeTmp

Run Build Command(s):C:/Qt/Tools/Ninja/ninja.exe cmTC_97abe && [1/2] Building C object CMakeFiles/cmTC_97abe.dir/CheckFunctionExists.c.obj
[2/2] Linking C executable cmTC_97abe.exe
FAILED: cmTC_97abe.exe 
cmd.exe /C "cd . && C:\Qt\Tools\mingw730_32\bin\gcc.exe -Wall -Wformat -Wformat-security -Werror -DCHECK_FUNCTION_EXISTS=getgrgid_r -Wall -Wformat -Wformat-security -fno-builtin  CMakeFiles/cmTC_97abe.dir/CheckFunctionExists.c.obj -o cmTC_97abe.exe -Wl,--out-implib,libcmTC_97abe.dll.a -Wl,--major-image-version,0,--minor-image-version,0  -lkernel32 -luser32 -lgdi32 -lwinspool -lshell32 -lole32 -loleaut32 -luuid -lcomdlg32 -ladvapi32 && cd ."
CMakeFiles/cmTC_97abe.dir/CheckFunctionExists.c.obj:CheckFunctionExists.c:(.text+0xc): undefined reference to `getgrgid_r'
collect2.exe: error: ld returned 1 exit status
ninja: build stopped: subcommand failed.



Determining if the function getgrnam_r exists failed with the following output:
Change Dir: C:/Users/rapha/Documents/GitHub/OpenHD-ImageWriter/build-src-Desktop_Qt_5_12_12_MinGW_32_bit-Debug/CMakeFiles/CMakeTmp

Run Build Command(s):C:/Qt/Tools/Ninja/ninja.exe cmTC_73e45 && [1/2] Building C object CMakeFiles/cmTC_73e45.dir/CheckFunctionExists.c.obj
[2/2] Linking C executable cmTC_73e45.exe
FAILED: cmTC_73e45.exe 
cmd.exe /C "cd . && C:\Qt\Tools\mingw730_32\bin\gcc.exe -Wall -Wformat -Wformat-security -Werror -DCHECK_FUNCTION_EXISTS=getgrnam_r -Wall -Wformat -Wformat-security -fno-builtin  CMakeFiles/cmTC_73e45.dir/CheckFunctionExists.c.obj -o cmTC_73e45.exe -Wl,--out-implib,libcmTC_73e45.dll.a -Wl,--major-image-version,0,--minor-image-version,0  -lkernel32 -luser32 -lgdi32 -lwinspool -lshell32 -lole32 -loleaut32 -luuid -lcomdlg32 -ladvapi32 && cd ."
CMakeFiles/cmTC_73e45.dir/CheckFunctionExists.c.obj:CheckFunctionExists.c:(.text+0xc): undefined reference to `getgrnam_r'
collect2.exe: error: ld returned 1 exit status
ninja: build stopped: subcommand failed.



Determining if the function getpwnam_r exists failed with the following output:
Change Dir: C:/Users/rapha/Documents/GitHub/OpenHD-ImageWriter/build-src-Desktop_Qt_5_12_12_MinGW_32_bit-Debug/CMakeFiles/CMakeTmp

Run Build Command(s):C:/Qt/Tools/Ninja/ninja.exe cmTC_1e073 && [1/2] Building C object CMakeFiles/cmTC_1e073.dir/CheckFunctionExists.c.obj
[2/2] Linking C executable cmTC_1e073.exe
FAILED: cmTC_1e073.exe 
cmd.exe /C "cd . && C:\Qt\Tools\mingw730_32\bin\gcc.exe -Wall -Wformat -Wformat-security -Werror -DCHECK_FUNCTION_EXISTS=getpwnam_r -Wall -Wformat -Wformat-security -fno-builtin  CMakeFiles/cmTC_1e073.dir/CheckFunctionExists.c.obj -o cmTC_1e073.exe -Wl,--out-implib,libcmTC_1e073.dll.a -Wl,--major-image-version,0,--minor-image-version,0  -lkernel32 -luser32 -lgdi32 -lwinspool -lshell32 -lole32 -loleaut32 -luuid -lcomdlg32 -ladvapi32 && cd ."
CMakeFiles/cmTC_1e073.dir/CheckFunctionExists.c.obj:CheckFunctionExists.c:(.text+0xc): undefined reference to `getpwnam_r'
collect2.exe: error: ld returned 1 exit status
ninja: build stopped: subcommand failed.



Determining if the function getvfsbyname exists failed with the following output:
Change Dir: C:/Users/rapha/Documents/GitHub/OpenHD-ImageWriter/build-src-Desktop_Qt_5_12_12_MinGW_32_bit-Debug/CMakeFiles/CMakeTmp

Run Build Command(s):C:/Qt/Tools/Ninja/ninja.exe cmTC_e28a2 && [1/2] Building C object CMakeFiles/cmTC_e28a2.dir/CheckFunctionExists.c.obj
[2/2] Linking C executable cmTC_e28a2.exe
FAILED: cmTC_e28a2.exe 
cmd.exe /C "cd . && C:\Qt\Tools\mingw730_32\bin\gcc.exe -Wall -Wformat -Wformat-security -Werror -DCHECK_FUNCTION_EXISTS=getvfsbyname -Wall -Wformat -Wformat-security -fno-builtin  CMakeFiles/cmTC_e28a2.dir/CheckFunctionExists.c.obj -o cmTC_e28a2.exe -Wl,--out-implib,libcmTC_e28a2.dll.a -Wl,--major-image-version,0,--minor-image-version,0  -lkernel32 -luser32 -lgdi32 -lwinspool -lshell32 -lole32 -loleaut32 -luuid -lcomdlg32 -ladvapi32 && cd ."
CMakeFiles/cmTC_e28a2.dir/CheckFunctionExists.c.obj:CheckFunctionExists.c:(.text+0xc): undefined reference to `getvfsbyname'
collect2.exe: error: ld returned 1 exit status
ninja: build stopped: subcommand failed.



Determining if the function gmtime_r exists failed with the following output:
Change Dir: C:/Users/rapha/Documents/GitHub/OpenHD-ImageWriter/build-src-Desktop_Qt_5_12_12_MinGW_32_bit-Debug/CMakeFiles/CMakeTmp

Run Build Command(s):C:/Qt/Tools/Ninja/ninja.exe cmTC_0472d && [1/2] Building C object CMakeFiles/cmTC_0472d.dir/CheckFunctionExists.c.obj
[2/2] Linking C executable cmTC_0472d.exe
FAILED: cmTC_0472d.exe 
cmd.exe /C "cd . && C:\Qt\Tools\mingw730_32\bin\gcc.exe -Wall -Wformat -Wformat-security -Werror -DCHECK_FUNCTION_EXISTS=gmtime_r -Wall -Wformat -Wformat-security -fno-builtin  CMakeFiles/cmTC_0472d.dir/CheckFunctionExists.c.obj -o cmTC_0472d.exe -Wl,--out-implib,libcmTC_0472d.dll.a -Wl,--major-image-version,0,--minor-image-version,0  -lkernel32 -luser32 -lgdi32 -lwinspool -lshell32 -lole32 -loleaut32 -luuid -lcomdlg32 -ladvapi32 && cd ."
CMakeFiles/cmTC_0472d.dir/CheckFunctionExists.c.obj:CheckFunctionExists.c:(.text+0xc): undefined reference to `gmtime_r'
collect2.exe: error: ld returned 1 exit status
ninja: build stopped: subcommand failed.



Determining if the function lchflags exists failed with the following output:
Change Dir: C:/Users/rapha/Documents/GitHub/OpenHD-ImageWriter/build-src-Desktop_Qt_5_12_12_MinGW_32_bit-Debug/CMakeFiles/CMakeTmp

Run Build Command(s):C:/Qt/Tools/Ninja/ninja.exe cmTC_8403c && [1/2] Building C object CMakeFiles/cmTC_8403c.dir/CheckFunctionExists.c.obj
[2/2] Linking C executable cmTC_8403c.exe
FAILED: cmTC_8403c.exe 
cmd.exe /C "cd . && C:\Qt\Tools\mingw730_32\bin\gcc.exe -Wall -Wformat -Wformat-security -Werror -DCHECK_FUNCTION_EXISTS=lchflags -Wall -Wformat -Wformat-security -fno-builtin  CMakeFiles/cmTC_8403c.dir/CheckFunctionExists.c.obj -o cmTC_8403c.exe -Wl,--out-implib,libcmTC_8403c.dll.a -Wl,--major-image-version,0,--minor-image-version,0  -lkernel32 -luser32 -lgdi32 -lwinspool -lshell32 -lole32 -loleaut32 -luuid -lcomdlg32 -ladvapi32 && cd ."
CMakeFiles/cmTC_8403c.dir/CheckFunctionExists.c.obj:CheckFunctionExists.c:(.text+0xc): undefined reference to `lchflags'
collect2.exe: error: ld returned 1 exit status
ninja: build stopped: subcommand failed.



Determining if the function lchmod exists failed with the following output:
Change Dir: C:/Users/rapha/Documents/GitHub/OpenHD-ImageWriter/build-src-Desktop_Qt_5_12_12_MinGW_32_bit-Debug/CMakeFiles/CMakeTmp

Run Build Command(s):C:/Qt/Tools/Ninja/ninja.exe cmTC_7e029 && [1/2] Building C object CMakeFiles/cmTC_7e029.dir/CheckFunctionExists.c.obj
[2/2] Linking C executable cmTC_7e029.exe
FAILED: cmTC_7e029.exe 
cmd.exe /C "cd . && C:\Qt\Tools\mingw730_32\bin\gcc.exe -Wall -Wformat -Wformat-security -Werror -DCHECK_FUNCTION_EXISTS=lchmod -Wall -Wformat -Wformat-security -fno-builtin  CMakeFiles/cmTC_7e029.dir/CheckFunctionExists.c.obj -o cmTC_7e029.exe -Wl,--out-implib,libcmTC_7e029.dll.a -Wl,--major-image-version,0,--minor-image-version,0  -lkernel32 -luser32 -lgdi32 -lwinspool -lshell32 -lole32 -loleaut32 -luuid -lcomdlg32 -ladvapi32 && cd ."
CMakeFiles/cmTC_7e029.dir/CheckFunctionExists.c.obj:CheckFunctionExists.c:(.text+0xc): undefined reference to `lchmod'
collect2.exe: error: ld returned 1 exit status
ninja: build stopped: subcommand failed.



Determining if the function lchown exists failed with the following output:
Change Dir: C:/Users/rapha/Documents/GitHub/OpenHD-ImageWriter/build-src-Desktop_Qt_5_12_12_MinGW_32_bit-Debug/CMakeFiles/CMakeTmp

Run Build Command(s):C:/Qt/Tools/Ninja/ninja.exe cmTC_6cb68 && [1/2] Building C object CMakeFiles/cmTC_6cb68.dir/CheckFunctionExists.c.obj
[2/2] Linking C executable cmTC_6cb68.exe
FAILED: cmTC_6cb68.exe 
cmd.exe /C "cd . && C:\Qt\Tools\mingw730_32\bin\gcc.exe -Wall -Wformat -Wformat-security -Werror -DCHECK_FUNCTION_EXISTS=lchown -Wall -Wformat -Wformat-security -fno-builtin  CMakeFiles/cmTC_6cb68.dir/CheckFunctionExists.c.obj -o cmTC_6cb68.exe -Wl,--out-implib,libcmTC_6cb68.dll.a -Wl,--major-image-version,0,--minor-image-version,0  -lkernel32 -luser32 -lgdi32 -lwinspool -lshell32 -lole32 -loleaut32 -luuid -lcomdlg32 -ladvapi32 && cd ."
CMakeFiles/cmTC_6cb68.dir/CheckFunctionExists.c.obj:CheckFunctionExists.c:(.text+0xc): undefined reference to `lchown'
collect2.exe: error: ld returned 1 exit status
ninja: build stopped: subcommand failed.



Determining if the function link exists failed with the following output:
Change Dir: C:/Users/rapha/Documents/GitHub/OpenHD-ImageWriter/build-src-Desktop_Qt_5_12_12_MinGW_32_bit-Debug/CMakeFiles/CMakeTmp

Run Build Command(s):C:/Qt/Tools/Ninja/ninja.exe cmTC_b595d && [1/2] Building C object CMakeFiles/cmTC_b595d.dir/CheckFunctionExists.c.obj
[2/2] Linking C executable cmTC_b595d.exe
FAILED: cmTC_b595d.exe 
cmd.exe /C "cd . && C:\Qt\Tools\mingw730_32\bin\gcc.exe -Wall -Wformat -Wformat-security -Werror -DCHECK_FUNCTION_EXISTS=link -Wall -Wformat -Wformat-security -fno-builtin  CMakeFiles/cmTC_b595d.dir/CheckFunctionExists.c.obj -o cmTC_b595d.exe -Wl,--out-implib,libcmTC_b595d.dll.a -Wl,--major-image-version,0,--minor-image-version,0  -lkernel32 -luser32 -lgdi32 -lwinspool -lshell32 -lole32 -loleaut32 -luuid -lcomdlg32 -ladvapi32 && cd ."
CMakeFiles/cmTC_b595d.dir/CheckFunctionExists.c.obj:CheckFunctionExists.c:(.text+0xc): undefined reference to `link'
collect2.exe: error: ld returned 1 exit status
ninja: build stopped: subcommand failed.



Determining if the function linkat exists failed with the following output:
Change Dir: C:/Users/rapha/Documents/GitHub/OpenHD-ImageWriter/build-src-Desktop_Qt_5_12_12_MinGW_32_bit-Debug/CMakeFiles/CMakeTmp

Run Build Command(s):C:/Qt/Tools/Ninja/ninja.exe cmTC_bde92 && [1/2] Building C object CMakeFiles/cmTC_bde92.dir/CheckFunctionExists.c.obj
[2/2] Linking C executable cmTC_bde92.exe
FAILED: cmTC_bde92.exe 
cmd.exe /C "cd . && C:\Qt\Tools\mingw730_32\bin\gcc.exe -Wall -Wformat -Wformat-security -Werror -DCHECK_FUNCTION_EXISTS=linkat -Wall -Wformat -Wformat-security -fno-builtin  CMakeFiles/cmTC_bde92.dir/CheckFunctionExists.c.obj -o cmTC_bde92.exe -Wl,--out-implib,libcmTC_bde92.dll.a -Wl,--major-image-version,0,--minor-image-version,0  -lkernel32 -luser32 -lgdi32 -lwinspool -lshell32 -lole32 -loleaut32 -luuid -lcomdlg32 -ladvapi32 && cd ."
CMakeFiles/cmTC_bde92.dir/CheckFunctionExists.c.obj:CheckFunctionExists.c:(.text+0xc): undefined reference to `linkat'
collect2.exe: error: ld returned 1 exit status
ninja: build stopped: subcommand failed.



Determining if the function localtime_r exists failed with the following output:
Change Dir: C:/Users/rapha/Documents/GitHub/OpenHD-ImageWriter/build-src-Desktop_Qt_5_12_12_MinGW_32_bit-Debug/CMakeFiles/CMakeTmp

Run Build Command(s):C:/Qt/Tools/Ninja/ninja.exe cmTC_cd739 && [1/2] Building C object CMakeFiles/cmTC_cd739.dir/CheckFunctionExists.c.obj
[2/2] Linking C executable cmTC_cd739.exe
FAILED: cmTC_cd739.exe 
cmd.exe /C "cd . && C:\Qt\Tools\mingw730_32\bin\gcc.exe -Wall -Wformat -Wformat-security -Werror -DCHECK_FUNCTION_EXISTS=localtime_r -Wall -Wformat -Wformat-security -fno-builtin  CMakeFiles/cmTC_cd739.dir/CheckFunctionExists.c.obj -o cmTC_cd739.exe -Wl,--out-implib,libcmTC_cd739.dll.a -Wl,--major-image-version,0,--minor-image-version,0  -lkernel32 -luser32 -lgdi32 -lwinspool -lshell32 -lole32 -loleaut32 -luuid -lcomdlg32 -ladvapi32 && cd ."
CMakeFiles/cmTC_cd739.dir/CheckFunctionExists.c.obj:CheckFunctionExists.c:(.text+0xc): undefined reference to `localtime_r'
collect2.exe: error: ld returned 1 exit status
ninja: build stopped: subcommand failed.



Determining if the function lstat exists failed with the following output:
Change Dir: C:/Users/rapha/Documents/GitHub/OpenHD-ImageWriter/build-src-Desktop_Qt_5_12_12_MinGW_32_bit-Debug/CMakeFiles/CMakeTmp

Run Build Command(s):C:/Qt/Tools/Ninja/ninja.exe cmTC_061de && [1/2] Building C object CMakeFiles/cmTC_061de.dir/CheckFunctionExists.c.obj
[2/2] Linking C executable cmTC_061de.exe
FAILED: cmTC_061de.exe 
cmd.exe /C "cd . && C:\Qt\Tools\mingw730_32\bin\gcc.exe -Wall -Wformat -Wformat-security -Werror -DCHECK_FUNCTION_EXISTS=lstat -Wall -Wformat -Wformat-security -fno-builtin  CMakeFiles/cmTC_061de.dir/CheckFunctionExists.c.obj -o cmTC_061de.exe -Wl,--out-implib,libcmTC_061de.dll.a -Wl,--major-image-version,0,--minor-image-version,0  -lkernel32 -luser32 -lgdi32 -lwinspool -lshell32 -lole32 -loleaut32 -luuid -lcomdlg32 -ladvapi32 && cd ."
CMakeFiles/cmTC_061de.dir/CheckFunctionExists.c.obj:CheckFunctionExists.c:(.text+0xc): undefined reference to `lstat'
collect2.exe: error: ld returned 1 exit status
ninja: build stopped: subcommand failed.



Determining if the function lutimes exists failed with the following output:
Change Dir: C:/Users/rapha/Documents/GitHub/OpenHD-ImageWriter/build-src-Desktop_Qt_5_12_12_MinGW_32_bit-Debug/CMakeFiles/CMakeTmp

Run Build Command(s):C:/Qt/Tools/Ninja/ninja.exe cmTC_0039c && [1/2] Building C object CMakeFiles/cmTC_0039c.dir/CheckFunctionExists.c.obj
[2/2] Linking C executable cmTC_0039c.exe
FAILED: cmTC_0039c.exe 
cmd.exe /C "cd . && C:\Qt\Tools\mingw730_32\bin\gcc.exe -Wall -Wformat -Wformat-security -Werror -DCHECK_FUNCTION_EXISTS=lutimes -Wall -Wformat -Wformat-security -fno-builtin  CMakeFiles/cmTC_0039c.dir/CheckFunctionExists.c.obj -o cmTC_0039c.exe -Wl,--out-implib,libcmTC_0039c.dll.a -Wl,--major-image-version,0,--minor-image-version,0  -lkernel32 -luser32 -lgdi32 -lwinspool -lshell32 -lole32 -loleaut32 -luuid -lcomdlg32 -ladvapi32 && cd ."
CMakeFiles/cmTC_0039c.dir/CheckFunctionExists.c.obj:CheckFunctionExists.c:(.text+0xc): undefined reference to `lutimes'
collect2.exe: error: ld returned 1 exit status
ninja: build stopped: subcommand failed.



Determining if the function mkfifo exists failed with the following output:
Change Dir: C:/Users/rapha/Documents/GitHub/OpenHD-ImageWriter/build-src-Desktop_Qt_5_12_12_MinGW_32_bit-Debug/CMakeFiles/CMakeTmp

Run Build Command(s):C:/Qt/Tools/Ninja/ninja.exe cmTC_b7ea3 && [1/2] Building C object CMakeFiles/cmTC_b7ea3.dir/CheckFunctionExists.c.obj
[2/2] Linking C executable cmTC_b7ea3.exe
FAILED: cmTC_b7ea3.exe 
cmd.exe /C "cd . && C:\Qt\Tools\mingw730_32\bin\gcc.exe -Wall -Wformat -Wformat-security -Werror -DCHECK_FUNCTION_EXISTS=mkfifo -Wall -Wformat -Wformat-security -fno-builtin  CMakeFiles/cmTC_b7ea3.dir/CheckFunctionExists.c.obj -o cmTC_b7ea3.exe -Wl,--out-implib,libcmTC_b7ea3.dll.a -Wl,--major-image-version,0,--minor-image-version,0  -lkernel32 -luser32 -lgdi32 -lwinspool -lshell32 -lole32 -loleaut32 -luuid -lcomdlg32 -ladvapi32 && cd ."
CMakeFiles/cmTC_b7ea3.dir/CheckFunctionExists.c.obj:CheckFunctionExists.c:(.text+0xc): undefined reference to `mkfifo'
collect2.exe: error: ld returned 1 exit status
ninja: build stopped: subcommand failed.



Determining if the function mknod exists failed with the following output:
Change Dir: C:/Users/rapha/Documents/GitHub/OpenHD-ImageWriter/build-src-Desktop_Qt_5_12_12_MinGW_32_bit-Debug/CMakeFiles/CMakeTmp

Run Build Command(s):C:/Qt/Tools/Ninja/ninja.exe cmTC_35414 && [1/2] Building C object CMakeFiles/cmTC_35414.dir/CheckFunctionExists.c.obj
[2/2] Linking C executable cmTC_35414.exe
FAILED: cmTC_35414.exe 
cmd.exe /C "cd . && C:\Qt\Tools\mingw730_32\bin\gcc.exe -Wall -Wformat -Wformat-security -Werror -DCHECK_FUNCTION_EXISTS=mknod -Wall -Wformat -Wformat-security -fno-builtin  CMakeFiles/cmTC_35414.dir/CheckFunctionExists.c.obj -o cmTC_35414.exe -Wl,--out-implib,libcmTC_35414.dll.a -Wl,--major-image-version,0,--minor-image-version,0  -lkernel32 -luser32 -lgdi32 -lwinspool -lshell32 -lole32 -loleaut32 -luuid -lcomdlg32 -ladvapi32 && cd ."
CMakeFiles/cmTC_35414.dir/CheckFunctionExists.c.obj:CheckFunctionExists.c:(.text+0xc): undefined reference to `mknod'
collect2.exe: error: ld returned 1 exit status
ninja: build stopped: subcommand failed.



Determining if the function nl_langinfo exists failed with the following output:
Change Dir: C:/Users/rapha/Documents/GitHub/OpenHD-ImageWriter/build-src-Desktop_Qt_5_12_12_MinGW_32_bit-Debug/CMakeFiles/CMakeTmp

Run Build Command(s):C:/Qt/Tools/Ninja/ninja.exe cmTC_d4225 && [1/2] Building C object CMakeFiles/cmTC_d4225.dir/CheckFunctionExists.c.obj
[2/2] Linking C executable cmTC_d4225.exe
FAILED: cmTC_d4225.exe 
cmd.exe /C "cd . && C:\Qt\Tools\mingw730_32\bin\gcc.exe -Wall -Wformat -Wformat-security -Werror -DCHECK_FUNCTION_EXISTS=nl_langinfo -Wall -Wformat -Wformat-security -fno-builtin  CMakeFiles/cmTC_d4225.dir/CheckFunctionExists.c.obj -o cmTC_d4225.exe -Wl,--out-implib,libcmTC_d4225.dll.a -Wl,--major-image-version,0,--minor-image-version,0  -lkernel32 -luser32 -lgdi32 -lwinspool -lshell32 -lole32 -loleaut32 -luuid -lcomdlg32 -ladvapi32 && cd ."
CMakeFiles/cmTC_d4225.dir/CheckFunctionExists.c.obj:CheckFunctionExists.c:(.text+0xc): undefined reference to `nl_langinfo'
collect2.exe: error: ld returned 1 exit status
ninja: build stopped: subcommand failed.



Determining if the function openat exists failed with the following output:
Change Dir: C:/Users/rapha/Documents/GitHub/OpenHD-ImageWriter/build-src-Desktop_Qt_5_12_12_MinGW_32_bit-Debug/CMakeFiles/CMakeTmp

Run Build Command(s):C:/Qt/Tools/Ninja/ninja.exe cmTC_9162e && [1/2] Building C object CMakeFiles/cmTC_9162e.dir/CheckFunctionExists.c.obj
[2/2] Linking C executable cmTC_9162e.exe
FAILED: cmTC_9162e.exe 
cmd.exe /C "cd . && C:\Qt\Tools\mingw730_32\bin\gcc.exe -Wall -Wformat -Wformat-security -Werror -DCHECK_FUNCTION_EXISTS=openat -Wall -Wformat -Wformat-security -fno-builtin  CMakeFiles/cmTC_9162e.dir/CheckFunctionExists.c.obj -o cmTC_9162e.exe -Wl,--out-implib,libcmTC_9162e.dll.a -Wl,--major-image-version,0,--minor-image-version,0  -lkernel32 -luser32 -lgdi32 -lwinspool -lshell32 -lole32 -loleaut32 -luuid -lcomdlg32 -ladvapi32 && cd ."
CMakeFiles/cmTC_9162e.dir/CheckFunctionExists.c.obj:CheckFunctionExists.c:(.text+0xc): undefined reference to `openat'
collect2.exe: error: ld returned 1 exit status
ninja: build stopped: subcommand failed.



Determining if the function poll exists failed with the following output:
Change Dir: C:/Users/rapha/Documents/GitHub/OpenHD-ImageWriter/build-src-Desktop_Qt_5_12_12_MinGW_32_bit-Debug/CMakeFiles/CMakeTmp

Run Build Command(s):C:/Qt/Tools/Ninja/ninja.exe cmTC_7ec0a && [1/2] Building C object CMakeFiles/cmTC_7ec0a.dir/CheckFunctionExists.c.obj
[2/2] Linking C executable cmTC_7ec0a.exe
FAILED: cmTC_7ec0a.exe 
cmd.exe /C "cd . && C:\Qt\Tools\mingw730_32\bin\gcc.exe -Wall -Wformat -Wformat-security -Werror -DCHECK_FUNCTION_EXISTS=poll -Wall -Wformat -Wformat-security -fno-builtin  CMakeFiles/cmTC_7ec0a.dir/CheckFunctionExists.c.obj -o cmTC_7ec0a.exe -Wl,--out-implib,libcmTC_7ec0a.dll.a -Wl,--major-image-version,0,--minor-image-version,0  -lkernel32 -luser32 -lgdi32 -lwinspool -lshell32 -lole32 -loleaut32 -luuid -lcomdlg32 -ladvapi32 && cd ."
CMakeFiles/cmTC_7ec0a.dir/CheckFunctionExists.c.obj:CheckFunctionExists.c:(.text+0xc): undefined reference to `poll'
collect2.exe: error: ld returned 1 exit status
ninja: build stopped: subcommand failed.



Determining if the function posix_spawnp exists failed with the following output:
Change Dir: C:/Users/rapha/Documents/GitHub/OpenHD-ImageWriter/build-src-Desktop_Qt_5_12_12_MinGW_32_bit-Debug/CMakeFiles/CMakeTmp

Run Build Command(s):C:/Qt/Tools/Ninja/ninja.exe cmTC_f49fc && [1/2] Building C object CMakeFiles/cmTC_f49fc.dir/CheckFunctionExists.c.obj
[2/2] Linking C executable cmTC_f49fc.exe
FAILED: cmTC_f49fc.exe 
cmd.exe /C "cd . && C:\Qt\Tools\mingw730_32\bin\gcc.exe -Wall -Wformat -Wformat-security -Werror -DCHECK_FUNCTION_EXISTS=posix_spawnp -Wall -Wformat -Wformat-security -fno-builtin  CMakeFiles/cmTC_f49fc.dir/CheckFunctionExists.c.obj -o cmTC_f49fc.exe -Wl,--out-implib,libcmTC_f49fc.dll.a -Wl,--major-image-version,0,--minor-image-version,0  -lkernel32 -luser32 -lgdi32 -lwinspool -lshell32 -lole32 -loleaut32 -luuid -lcomdlg32 -ladvapi32 && cd ."
CMakeFiles/cmTC_f49fc.dir/CheckFunctionExists.c.obj:CheckFunctionExists.c:(.text+0xc): undefined reference to `posix_spawnp'
collect2.exe: error: ld returned 1 exit status
ninja: build stopped: subcommand failed.



Determining if the function readlink exists failed with the following output:
Change Dir: C:/Users/rapha/Documents/GitHub/OpenHD-ImageWriter/build-src-Desktop_Qt_5_12_12_MinGW_32_bit-Debug/CMakeFiles/CMakeTmp

Run Build Command(s):C:/Qt/Tools/Ninja/ninja.exe cmTC_ccf24 && [1/2] Building C object CMakeFiles/cmTC_ccf24.dir/CheckFunctionExists.c.obj
[2/2] Linking C executable cmTC_ccf24.exe
FAILED: cmTC_ccf24.exe 
cmd.exe /C "cd . && C:\Qt\Tools\mingw730_32\bin\gcc.exe -Wall -Wformat -Wformat-security -Werror -DCHECK_FUNCTION_EXISTS=readlink -Wall -Wformat -Wformat-security -fno-builtin  CMakeFiles/cmTC_ccf24.dir/CheckFunctionExists.c.obj -o cmTC_ccf24.exe -Wl,--out-implib,libcmTC_ccf24.dll.a -Wl,--major-image-version,0,--minor-image-version,0  -lkernel32 -luser32 -lgdi32 -lwinspool -lshell32 -lole32 -loleaut32 -luuid -lcomdlg32 -ladvapi32 && cd ."
CMakeFiles/cmTC_ccf24.dir/CheckFunctionExists.c.obj:CheckFunctionExists.c:(.text+0xc): undefined reference to `readlink'
collect2.exe: error: ld returned 1 exit status
ninja: build stopped: subcommand failed.



Determining if the function readpassphrase exists failed with the following output:
Change Dir: C:/Users/rapha/Documents/GitHub/OpenHD-ImageWriter/build-src-Desktop_Qt_5_12_12_MinGW_32_bit-Debug/CMakeFiles/CMakeTmp

Run Build Command(s):C:/Qt/Tools/Ninja/ninja.exe cmTC_82e5f && [1/2] Building C object CMakeFiles/cmTC_82e5f.dir/CheckFunctionExists.c.obj
[2/2] Linking C executable cmTC_82e5f.exe
FAILED: cmTC_82e5f.exe 
cmd.exe /C "cd . && C:\Qt\Tools\mingw730_32\bin\gcc.exe -Wall -Wformat -Wformat-security -Werror -DCHECK_FUNCTION_EXISTS=readpassphrase -Wall -Wformat -Wformat-security -fno-builtin  CMakeFiles/cmTC_82e5f.dir/CheckFunctionExists.c.obj -o cmTC_82e5f.exe -Wl,--out-implib,libcmTC_82e5f.dll.a -Wl,--major-image-version,0,--minor-image-version,0  -lkernel32 -luser32 -lgdi32 -lwinspool -lshell32 -lole32 -loleaut32 -luuid -lcomdlg32 -ladvapi32 && cd ."
CMakeFiles/cmTC_82e5f.dir/CheckFunctionExists.c.obj:CheckFunctionExists.c:(.text+0xc): undefined reference to `readpassphrase'
collect2.exe: error: ld returned 1 exit status
ninja: build stopped: subcommand failed.



Determining if the function select exists failed with the following output:
Change Dir: C:/Users/rapha/Documents/GitHub/OpenHD-ImageWriter/build-src-Desktop_Qt_5_12_12_MinGW_32_bit-Debug/CMakeFiles/CMakeTmp

Run Build Command(s):C:/Qt/Tools/Ninja/ninja.exe cmTC_24ba8 && [1/2] Building C object CMakeFiles/cmTC_24ba8.dir/CheckFunctionExists.c.obj
[2/2] Linking C executable cmTC_24ba8.exe
FAILED: cmTC_24ba8.exe 
cmd.exe /C "cd . && C:\Qt\Tools\mingw730_32\bin\gcc.exe -Wall -Wformat -Wformat-security -Werror -DCHECK_FUNCTION_EXISTS=select -Wall -Wformat -Wformat-security -fno-builtin  CMakeFiles/cmTC_24ba8.dir/CheckFunctionExists.c.obj -o cmTC_24ba8.exe -Wl,--out-implib,libcmTC_24ba8.dll.a -Wl,--major-image-version,0,--minor-image-version,0  -lkernel32 -luser32 -lgdi32 -lwinspool -lshell32 -lole32 -loleaut32 -luuid -lcomdlg32 -ladvapi32 && cd ."
CMakeFiles/cmTC_24ba8.dir/CheckFunctionExists.c.obj:CheckFunctionExists.c:(.text+0xc): undefined reference to `select'
collect2.exe: error: ld returned 1 exit status
ninja: build stopped: subcommand failed.



Determining if the function setenv exists failed with the following output:
Change Dir: C:/Users/rapha/Documents/GitHub/OpenHD-ImageWriter/build-src-Desktop_Qt_5_12_12_MinGW_32_bit-Debug/CMakeFiles/CMakeTmp

Run Build Command(s):C:/Qt/Tools/Ninja/ninja.exe cmTC_79c90 && [1/2] Building C object CMakeFiles/cmTC_79c90.dir/CheckFunctionExists.c.obj
[2/2] Linking C executable cmTC_79c90.exe
FAILED: cmTC_79c90.exe 
cmd.exe /C "cd . && C:\Qt\Tools\mingw730_32\bin\gcc.exe -Wall -Wformat -Wformat-security -Werror -DCHECK_FUNCTION_EXISTS=setenv -Wall -Wformat -Wformat-security -fno-builtin  CMakeFiles/cmTC_79c90.dir/CheckFunctionExists.c.obj -o cmTC_79c90.exe -Wl,--out-implib,libcmTC_79c90.dll.a -Wl,--major-image-version,0,--minor-image-version,0  -lkernel32 -luser32 -lgdi32 -lwinspool -lshell32 -lole32 -loleaut32 -luuid -lcomdlg32 -ladvapi32 && cd ."
CMakeFiles/cmTC_79c90.dir/CheckFunctionExists.c.obj:CheckFunctionExists.c:(.text+0xc): undefined reference to `setenv'
collect2.exe: error: ld returned 1 exit status
ninja: build stopped: subcommand failed.



Determining if the function sigaction exists failed with the following output:
Change Dir: C:/Users/rapha/Documents/GitHub/OpenHD-ImageWriter/build-src-Desktop_Qt_5_12_12_MinGW_32_bit-Debug/CMakeFiles/CMakeTmp

Run Build Command(s):C:/Qt/Tools/Ninja/ninja.exe cmTC_4f859 && [1/2] Building C object CMakeFiles/cmTC_4f859.dir/CheckFunctionExists.c.obj
[2/2] Linking C executable cmTC_4f859.exe
FAILED: cmTC_4f859.exe 
cmd.exe /C "cd . && C:\Qt\Tools\mingw730_32\bin\gcc.exe -Wall -Wformat -Wformat-security -Werror -DCHECK_FUNCTION_EXISTS=sigaction -Wall -Wformat -Wformat-security -fno-builtin  CMakeFiles/cmTC_4f859.dir/CheckFunctionExists.c.obj -o cmTC_4f859.exe -Wl,--out-implib,libcmTC_4f859.dll.a -Wl,--major-image-version,0,--minor-image-version,0  -lkernel32 -luser32 -lgdi32 -lwinspool -lshell32 -lole32 -loleaut32 -luuid -lcomdlg32 -ladvapi32 && cd ."
CMakeFiles/cmTC_4f859.dir/CheckFunctionExists.c.obj:CheckFunctionExists.c:(.text+0xc): undefined reference to `sigaction'
collect2.exe: error: ld returned 1 exit status
ninja: build stopped: subcommand failed.



Determining if the function statfs exists failed with the following output:
Change Dir: C:/Users/rapha/Documents/GitHub/OpenHD-ImageWriter/build-src-Desktop_Qt_5_12_12_MinGW_32_bit-Debug/CMakeFiles/CMakeTmp

Run Build Command(s):C:/Qt/Tools/Ninja/ninja.exe cmTC_b8980 && [1/2] Building C object CMakeFiles/cmTC_b8980.dir/CheckFunctionExists.c.obj
[2/2] Linking C executable cmTC_b8980.exe
FAILED: cmTC_b8980.exe 
cmd.exe /C "cd . && C:\Qt\Tools\mingw730_32\bin\gcc.exe -Wall -Wformat -Wformat-security -Werror -DCHECK_FUNCTION_EXISTS=statfs -Wall -Wformat -Wformat-security -fno-builtin  CMakeFiles/cmTC_b8980.dir/CheckFunctionExists.c.obj -o cmTC_b8980.exe -Wl,--out-implib,libcmTC_b8980.dll.a -Wl,--major-image-version,0,--minor-image-version,0  -lkernel32 -luser32 -lgdi32 -lwinspool -lshell32 -lole32 -loleaut32 -luuid -lcomdlg32 -ladvapi32 && cd ."
CMakeFiles/cmTC_b8980.dir/CheckFunctionExists.c.obj:CheckFunctionExists.c:(.text+0xc): undefined reference to `statfs'
collect2.exe: error: ld returned 1 exit status
ninja: build stopped: subcommand failed.



Determining if the function statvfs exists failed with the following output:
Change Dir: C:/Users/rapha/Documents/GitHub/OpenHD-ImageWriter/build-src-Desktop_Qt_5_12_12_MinGW_32_bit-Debug/CMakeFiles/CMakeTmp

Run Build Command(s):C:/Qt/Tools/Ninja/ninja.exe cmTC_bf1b1 && [1/2] Building C object CMakeFiles/cmTC_bf1b1.dir/CheckFunctionExists.c.obj
[2/2] Linking C executable cmTC_bf1b1.exe
FAILED: cmTC_bf1b1.exe 
cmd.exe /C "cd . && C:\Qt\Tools\mingw730_32\bin\gcc.exe -Wall -Wformat -Wformat-security -Werror -DCHECK_FUNCTION_EXISTS=statvfs -Wall -Wformat -Wformat-security -fno-builtin  CMakeFiles/cmTC_bf1b1.dir/CheckFunctionExists.c.obj -o cmTC_bf1b1.exe -Wl,--out-implib,libcmTC_bf1b1.dll.a -Wl,--major-image-version,0,--minor-image-version,0  -lkernel32 -luser32 -lgdi32 -lwinspool -lshell32 -lole32 -loleaut32 -luuid -lcomdlg32 -ladvapi32 && cd ."
CMakeFiles/cmTC_bf1b1.dir/CheckFunctionExists.c.obj:CheckFunctionExists.c:(.text+0xc): undefined reference to `statvfs'
collect2.exe: error: ld returned 1 exit status
ninja: build stopped: subcommand failed.



Determining if the function symlink exists failed with the following output:
Change Dir: C:/Users/rapha/Documents/GitHub/OpenHD-ImageWriter/build-src-Desktop_Qt_5_12_12_MinGW_32_bit-Debug/CMakeFiles/CMakeTmp

Run Build Command(s):C:/Qt/Tools/Ninja/ninja.exe cmTC_f5ec9 && [1/2] Building C object CMakeFiles/cmTC_f5ec9.dir/CheckFunctionExists.c.obj
[2/2] Linking C executable cmTC_f5ec9.exe
FAILED: cmTC_f5ec9.exe 
cmd.exe /C "cd . && C:\Qt\Tools\mingw730_32\bin\gcc.exe -Wall -Wformat -Wformat-security -Werror -DCHECK_FUNCTION_EXISTS=symlink -Wall -Wformat -Wformat-security -fno-builtin  CMakeFiles/cmTC_f5ec9.dir/CheckFunctionExists.c.obj -o cmTC_f5ec9.exe -Wl,--out-implib,libcmTC_f5ec9.dll.a -Wl,--major-image-version,0,--minor-image-version,0  -lkernel32 -luser32 -lgdi32 -lwinspool -lshell32 -lole32 -loleaut32 -luuid -lcomdlg32 -ladvapi32 && cd ."
CMakeFiles/cmTC_f5ec9.dir/CheckFunctionExists.c.obj:CheckFunctionExists.c:(.text+0xc): undefined reference to `symlink'
collect2.exe: error: ld returned 1 exit status
ninja: build stopped: subcommand failed.



Determining if the function timegm exists failed with the following output:
Change Dir: C:/Users/rapha/Documents/GitHub/OpenHD-ImageWriter/build-src-Desktop_Qt_5_12_12_MinGW_32_bit-Debug/CMakeFiles/CMakeTmp

Run Build Command(s):C:/Qt/Tools/Ninja/ninja.exe cmTC_a6999 && [1/2] Building C object CMakeFiles/cmTC_a6999.dir/CheckFunctionExists.c.obj
[2/2] Linking C executable cmTC_a6999.exe
FAILED: cmTC_a6999.exe 
cmd.exe /C "cd . && C:\Qt\Tools\mingw730_32\bin\gcc.exe -Wall -Wformat -Wformat-security -Werror -DCHECK_FUNCTION_EXISTS=timegm -Wall -Wformat -Wformat-security -fno-builtin  CMakeFiles/cmTC_a6999.dir/CheckFunctionExists.c.obj -o cmTC_a6999.exe -Wl,--out-implib,libcmTC_a6999.dll.a -Wl,--major-image-version,0,--minor-image-version,0  -lkernel32 -luser32 -lgdi32 -lwinspool -lshell32 -lole32 -loleaut32 -luuid -lcomdlg32 -ladvapi32 && cd ."
CMakeFiles/cmTC_a6999.dir/CheckFunctionExists.c.obj:CheckFunctionExists.c:(.text+0xc): undefined reference to `timegm'
collect2.exe: error: ld returned 1 exit status
ninja: build stopped: subcommand failed.



Determining if the function unlinkat exists failed with the following output:
Change Dir: C:/Users/rapha/Documents/GitHub/OpenHD-ImageWriter/build-src-Desktop_Qt_5_12_12_MinGW_32_bit-Debug/CMakeFiles/CMakeTmp

Run Build Command(s):C:/Qt/Tools/Ninja/ninja.exe cmTC_0faec && [1/2] Building C object CMakeFiles/cmTC_0faec.dir/CheckFunctionExists.c.obj
[2/2] Linking C executable cmTC_0faec.exe
FAILED: cmTC_0faec.exe 
cmd.exe /C "cd . && C:\Qt\Tools\mingw730_32\bin\gcc.exe -Wall -Wformat -Wformat-security -Werror -DCHECK_FUNCTION_EXISTS=unlinkat -Wall -Wformat -Wformat-security -fno-builtin  CMakeFiles/cmTC_0faec.dir/CheckFunctionExists.c.obj -o cmTC_0faec.exe -Wl,--out-implib,libcmTC_0faec.dll.a -Wl,--major-image-version,0,--minor-image-version,0  -lkernel32 -luser32 -lgdi32 -lwinspool -lshell32 -lole32 -loleaut32 -luuid -lcomdlg32 -ladvapi32 && cd ."
CMakeFiles/cmTC_0faec.dir/CheckFunctionExists.c.obj:CheckFunctionExists.c:(.text+0xc): undefined reference to `unlinkat'
collect2.exe: error: ld returned 1 exit status
ninja: build stopped: subcommand failed.



Determining if the function unsetenv exists failed with the following output:
Change Dir: C:/Users/rapha/Documents/GitHub/OpenHD-ImageWriter/build-src-Desktop_Qt_5_12_12_MinGW_32_bit-Debug/CMakeFiles/CMakeTmp

Run Build Command(s):C:/Qt/Tools/Ninja/ninja.exe cmTC_73296 && [1/2] Building C object CMakeFiles/cmTC_73296.dir/CheckFunctionExists.c.obj
[2/2] Linking C executable cmTC_73296.exe
FAILED: cmTC_73296.exe 
cmd.exe /C "cd . && C:\Qt\Tools\mingw730_32\bin\gcc.exe -Wall -Wformat -Wformat-security -Werror -DCHECK_FUNCTION_EXISTS=unsetenv -Wall -Wformat -Wformat-security -fno-builtin  CMakeFiles/cmTC_73296.dir/CheckFunctionExists.c.obj -o cmTC_73296.exe -Wl,--out-implib,libcmTC_73296.dll.a -Wl,--major-image-version,0,--minor-image-version,0  -lkernel32 -luser32 -lgdi32 -lwinspool -lshell32 -lole32 -loleaut32 -luuid -lcomdlg32 -ladvapi32 && cd ."
CMakeFiles/cmTC_73296.dir/CheckFunctionExists.c.obj:CheckFunctionExists.c:(.text+0xc): undefined reference to `unsetenv'
collect2.exe: error: ld returned 1 exit status
ninja: build stopped: subcommand failed.



Determining if the function utimes exists failed with the following output:
Change Dir: C:/Users/rapha/Documents/GitHub/OpenHD-ImageWriter/build-src-Desktop_Qt_5_12_12_MinGW_32_bit-Debug/CMakeFiles/CMakeTmp

Run Build Command(s):C:/Qt/Tools/Ninja/ninja.exe cmTC_375e2 && [1/2] Building C object CMakeFiles/cmTC_375e2.dir/CheckFunctionExists.c.obj
[2/2] Linking C executable cmTC_375e2.exe
FAILED: cmTC_375e2.exe 
cmd.exe /C "cd . && C:\Qt\Tools\mingw730_32\bin\gcc.exe -Wall -Wformat -Wformat-security -Werror -DCHECK_FUNCTION_EXISTS=utimes -Wall -Wformat -Wformat-security -fno-builtin  CMakeFiles/cmTC_375e2.dir/CheckFunctionExists.c.obj -o cmTC_375e2.exe -Wl,--out-implib,libcmTC_375e2.dll.a -Wl,--major-image-version,0,--minor-image-version,0  -lkernel32 -luser32 -lgdi32 -lwinspool -lshell32 -lole32 -loleaut32 -luuid -lcomdlg32 -ladvapi32 && cd ."
CMakeFiles/cmTC_375e2.dir/CheckFunctionExists.c.obj:CheckFunctionExists.c:(.text+0xc): undefined reference to `utimes'
collect2.exe: error: ld returned 1 exit status
ninja: build stopped: subcommand failed.



Determining if the function utimensat exists failed with the following output:
Change Dir: C:/Users/rapha/Documents/GitHub/OpenHD-ImageWriter/build-src-Desktop_Qt_5_12_12_MinGW_32_bit-Debug/CMakeFiles/CMakeTmp

Run Build Command(s):C:/Qt/Tools/Ninja/ninja.exe cmTC_cd431 && [1/2] Building C object CMakeFiles/cmTC_cd431.dir/CheckFunctionExists.c.obj
[2/2] Linking C executable cmTC_cd431.exe
FAILED: cmTC_cd431.exe 
cmd.exe /C "cd . && C:\Qt\Tools\mingw730_32\bin\gcc.exe -Wall -Wformat -Wformat-security -Werror -DCHECK_FUNCTION_EXISTS=utimensat -Wall -Wformat -Wformat-security -fno-builtin  CMakeFiles/cmTC_cd431.dir/CheckFunctionExists.c.obj -o cmTC_cd431.exe -Wl,--out-implib,libcmTC_cd431.dll.a -Wl,--major-image-version,0,--minor-image-version,0  -lkernel32 -luser32 -lgdi32 -lwinspool -lshell32 -lole32 -loleaut32 -luuid -lcomdlg32 -ladvapi32 && cd ."
CMakeFiles/cmTC_cd431.dir/CheckFunctionExists.c.obj:CheckFunctionExists.c:(.text+0xc): undefined reference to `utimensat'
collect2.exe: error: ld returned 1 exit status
ninja: build stopped: subcommand failed.



Determining if the function vfork exists failed with the following output:
Change Dir: C:/Users/rapha/Documents/GitHub/OpenHD-ImageWriter/build-src-Desktop_Qt_5_12_12_MinGW_32_bit-Debug/CMakeFiles/CMakeTmp

Run Build Command(s):C:/Qt/Tools/Ninja/ninja.exe cmTC_a1cf4 && [1/2] Building C object CMakeFiles/cmTC_a1cf4.dir/CheckFunctionExists.c.obj
[2/2] Linking C executable cmTC_a1cf4.exe
FAILED: cmTC_a1cf4.exe 
cmd.exe /C "cd . && C:\Qt\Tools\mingw730_32\bin\gcc.exe -Wall -Wformat -Wformat-security -Werror -DCHECK_FUNCTION_EXISTS=vfork -Wall -Wformat -Wformat-security -fno-builtin  CMakeFiles/cmTC_a1cf4.dir/CheckFunctionExists.c.obj -o cmTC_a1cf4.exe -Wl,--out-implib,libcmTC_a1cf4.dll.a -Wl,--major-image-version,0,--minor-image-version,0  -lkernel32 -luser32 -lgdi32 -lwinspool -lshell32 -lole32 -loleaut32 -luuid -lcomdlg32 -ladvapi32 && cd ."
CMakeFiles/cmTC_a1cf4.dir/CheckFunctionExists.c.obj:CheckFunctionExists.c:(.text+0xc): undefined reference to `vfork'
collect2.exe: error: ld returned 1 exit status
ninja: build stopped: subcommand failed.



Determining if the function _get_timezone exists failed with the following output:
Change Dir: C:/Users/rapha/Documents/GitHub/OpenHD-ImageWriter/build-src-Desktop_Qt_5_12_12_MinGW_32_bit-Debug/CMakeFiles/CMakeTmp

Run Build Command(s):C:/Qt/Tools/Ninja/ninja.exe cmTC_4cdd4 && [1/2] Building C object CMakeFiles/cmTC_4cdd4.dir/CheckFunctionExists.c.obj
[2/2] Linking C executable cmTC_4cdd4.exe
FAILED: cmTC_4cdd4.exe 
cmd.exe /C "cd . && C:\Qt\Tools\mingw730_32\bin\gcc.exe -Wall -Wformat -Wformat-security -Werror -DCHECK_FUNCTION_EXISTS=_get_timezone -Wall -Wformat -Wformat-security -fno-builtin  CMakeFiles/cmTC_4cdd4.dir/CheckFunctionExists.c.obj -o cmTC_4cdd4.exe -Wl,--out-implib,libcmTC_4cdd4.dll.a -Wl,--major-image-version,0,--minor-image-version,0  -lkernel32 -luser32 -lgdi32 -lwinspool -lshell32 -lole32 -loleaut32 -luuid -lcomdlg32 -ladvapi32 && cd ."
CMakeFiles/cmTC_4cdd4.dir/CheckFunctionExists.c.obj:CheckFunctionExists.c:(.text+0xc): undefined reference to `_get_timezone'
collect2.exe: error: ld returned 1 exit status
ninja: build stopped: subcommand failed.



Determining if the function _mkgmtime64 exists failed with the following output:
Change Dir: C:/Users/rapha/Documents/GitHub/OpenHD-ImageWriter/build-src-Desktop_Qt_5_12_12_MinGW_32_bit-Debug/CMakeFiles/CMakeTmp

Run Build Command(s):C:/Qt/Tools/Ninja/ninja.exe cmTC_ca0cf && [1/2] Building C object CMakeFiles/cmTC_ca0cf.dir/CheckFunctionExists.c.obj
[2/2] Linking C executable cmTC_ca0cf.exe
FAILED: cmTC_ca0cf.exe 
cmd.exe /C "cd . && C:\Qt\Tools\mingw730_32\bin\gcc.exe -Wall -Wformat -Wformat-security -Werror -DCHECK_FUNCTION_EXISTS=_mkgmtime64 -Wall -Wformat -Wformat-security -fno-builtin  CMakeFiles/cmTC_ca0cf.dir/CheckFunctionExists.c.obj -o cmTC_ca0cf.exe -Wl,--out-implib,libcmTC_ca0cf.dll.a -Wl,--major-image-version,0,--minor-image-version,0  -lkernel32 -luser32 -lgdi32 -lwinspool -lshell32 -lole32 -loleaut32 -luuid -lcomdlg32 -ladvapi32 && cd ."
CMakeFiles/cmTC_ca0cf.dir/CheckFunctionExists.c.obj:CheckFunctionExists.c:(.text+0xc): undefined reference to `_mkgmtime64'
collect2.exe: error: ld returned 1 exit status
ninja: build stopped: subcommand failed.



Determining if the function cygwin_conv_path exists failed with the following output:
Change Dir: C:/Users/rapha/Documents/GitHub/OpenHD-ImageWriter/build-src-Desktop_Qt_5_12_12_MinGW_32_bit-Debug/CMakeFiles/CMakeTmp

Run Build Command(s):C:/Qt/Tools/Ninja/ninja.exe cmTC_bed74 && [1/2] Building C object CMakeFiles/cmTC_bed74.dir/CheckFunctionExists.c.obj
[2/2] Linking C executable cmTC_bed74.exe
FAILED: cmTC_bed74.exe 
cmd.exe /C "cd . && C:\Qt\Tools\mingw730_32\bin\gcc.exe -Wall -Wformat -Wformat-security -Werror -DCHECK_FUNCTION_EXISTS=cygwin_conv_path -Wall -Wformat -Wformat-security -fno-builtin  CMakeFiles/cmTC_bed74.dir/CheckFunctionExists.c.obj -o cmTC_bed74.exe -Wl,--out-implib,libcmTC_bed74.dll.a -Wl,--major-image-version,0,--minor-image-version,0  -lkernel32 -luser32 -lgdi32 -lwinspool -lshell32 -lole32 -loleaut32 -luuid -lcomdlg32 -ladvapi32 && cd ."
CMakeFiles/cmTC_bed74.dir/CheckFunctionExists.c.obj:CheckFunctionExists.c:(.text+0xc): undefined reference to `cygwin_conv_path'
collect2.exe: error: ld returned 1 exit status
ninja: build stopped: subcommand failed.



Performing C SOURCE FILE Test HAVE_STRUCT_VFSCONF failed with the following output:
Change Dir: C:/Users/rapha/Documents/GitHub/OpenHD-ImageWriter/build-src-Desktop_Qt_5_12_12_MinGW_32_bit-Debug/CMakeFiles/CMakeTmp

Run Build Command(s):C:/Qt/Tools/Ninja/ninja.exe cmTC_d47b7 && [1/2] Building C object CMakeFiles/cmTC_d47b7.dir/src.c.obj
FAILED: CMakeFiles/cmTC_d47b7.dir/src.c.obj 
C:\Qt\Tools\mingw730_32\bin\gcc.exe -DHAVE_STRUCT_VFSCONF  -Wall -Wformat -Wformat-security -Werror -Wall -Wformat -Wformat-security -o CMakeFiles/cmTC_d47b7.dir/src.c.obj -c C:/Users/rapha/Documents/GitHub/OpenHD-ImageWriter/build-src-Desktop_Qt_5_12_12_MinGW_32_bit-Debug/CMakeFiles/CMakeTmp/src.c
C:/Users/rapha/Documents/GitHub/OpenHD-ImageWriter/build-src-Desktop_Qt_5_12_12_MinGW_32_bit-Debug/CMakeFiles/CMakeTmp/src.c:2:10: fatal error: sys/mount.h: No such file or directory
 #include <sys/mount.h>
          ^~~~~~~~~~~~~
compilation terminated.
ninja: build stopped: subcommand failed.


Source file was:
#include <sys/types.h>
#include <sys/mount.h>
int main(void) { struct vfsconf v; return sizeof(v);}
Performing C SOURCE FILE Test HAVE_STRUCT_XVFSCONF failed with the following output:
Change Dir: C:/Users/rapha/Documents/GitHub/OpenHD-ImageWriter/build-src-Desktop_Qt_5_12_12_MinGW_32_bit-Debug/CMakeFiles/CMakeTmp

Run Build Command(s):C:/Qt/Tools/Ninja/ninja.exe cmTC_47ebb && [1/2] Building C object CMakeFiles/cmTC_47ebb.dir/src.c.obj
FAILED: CMakeFiles/cmTC_47ebb.dir/src.c.obj 
C:\Qt\Tools\mingw730_32\bin\gcc.exe -DHAVE_STRUCT_XVFSCONF  -Wall -Wformat -Wformat-security -Werror -Wall -Wformat -Wformat-security -o CMakeFiles/cmTC_47ebb.dir/src.c.obj -c C:/Users/rapha/Documents/GitHub/OpenHD-ImageWriter/build-src-Desktop_Qt_5_12_12_MinGW_32_bit-Debug/CMakeFiles/CMakeTmp/src.c
C:/Users/rapha/Documents/GitHub/OpenHD-ImageWriter/build-src-Desktop_Qt_5_12_12_MinGW_32_bit-Debug/CMakeFiles/CMakeTmp/src.c:2:10: fatal error: sys/mount.h: No such file or directory
 #include <sys/mount.h>
          ^~~~~~~~~~~~~
compilation terminated.
ninja: build stopped: subcommand failed.


Source file was:
#include <sys/types.h>
#include <sys/mount.h>
int main(void) { struct xvfsconf v; return sizeof(v);}
Performing C SOURCE FILE Test HAVE_STRUCT_STATFS failed with the following output:
Change Dir: C:/Users/rapha/Documents/GitHub/OpenHD-ImageWriter/build-src-Desktop_Qt_5_12_12_MinGW_32_bit-Debug/CMakeFiles/CMakeTmp

Run Build Command(s):C:/Qt/Tools/Ninja/ninja.exe cmTC_7d510 && [1/2] Building C object CMakeFiles/cmTC_7d510.dir/src.c.obj
FAILED: CMakeFiles/cmTC_7d510.dir/src.c.obj 
C:\Qt\Tools\mingw730_32\bin\gcc.exe -DHAVE_STRUCT_STATFS  -Wall -Wformat -Wformat-security -Werror -Wall -Wformat -Wformat-security -o CMakeFiles/cmTC_7d510.dir/src.c.obj -c C:/Users/rapha/Documents/GitHub/OpenHD-ImageWriter/build-src-Desktop_Qt_5_12_12_MinGW_32_bit-Debug/CMakeFiles/CMakeTmp/src.c
C:/Users/rapha/Documents/GitHub/OpenHD-ImageWriter/build-src-Desktop_Qt_5_12_12_MinGW_32_bit-Debug/CMakeFiles/CMakeTmp/src.c:2:10: fatal error: sys/mount.h: No such file or directory
 #include <sys/mount.h>
          ^~~~~~~~~~~~~
compilation terminated.
ninja: build stopped: subcommand failed.


Source file was:
#include <sys/types.h>
#include <sys/mount.h>
int main(void) { struct statfs s; return sizeof(s);}
Performing C SOURCE FILE Test HAVE_READDIR_R failed with the following output:
Change Dir: C:/Users/rapha/Documents/GitHub/OpenHD-ImageWriter/build-src-Desktop_Qt_5_12_12_MinGW_32_bit-Debug/CMakeFiles/CMakeTmp

Run Build Command(s):C:/Qt/Tools/Ninja/ninja.exe cmTC_99376 && [1/2] Building C object CMakeFiles/cmTC_99376.dir/src.c.obj
FAILED: CMakeFiles/cmTC_99376.dir/src.c.obj 
C:\Qt\Tools\mingw730_32\bin\gcc.exe -DHAVE_READDIR_R  -Wall -Wformat -Wformat-security -Werror -Wall -Wformat -Wformat-security -o CMakeFiles/cmTC_99376.dir/src.c.obj -c C:/Users/rapha/Documents/GitHub/OpenHD-ImageWriter/build-src-Desktop_Qt_5_12_12_MinGW_32_bit-Debug/CMakeFiles/CMakeTmp/src.c
C:/Users/rapha/Documents/GitHub/OpenHD-ImageWriter/build-src-Desktop_Qt_5_12_12_MinGW_32_bit-Debug/CMakeFiles/CMakeTmp/src.c: In function 'main':
C:/Users/rapha/Documents/GitHub/OpenHD-ImageWriter/build-src-Desktop_Qt_5_12_12_MinGW_32_bit-Debug/CMakeFiles/CMakeTmp/src.c:2:63: error: implicit declaration of function 'readdir_r'; did you mean 'readdir'? [-Werror=implicit-function-declaration]
 int main() {DIR *d = opendir("."); struct dirent e,*r; return readdir_r(d,&e,&r);}
                                                               ^~~~~~~~~
                                                               readdir
cc1.exe: all warnings being treated as errors
ninja: build stopped: subcommand failed.


Source file was:
#include <dirent.h>
int main() {DIR *d = opendir("."); struct dirent e,*r; return readdir_r(d,&e,&r);}
Performing C SOURCE FILE Test HAVE_DIRFD failed with the following output:
Change Dir: C:/Users/rapha/Documents/GitHub/OpenHD-ImageWriter/build-src-Desktop_Qt_5_12_12_MinGW_32_bit-Debug/CMakeFiles/CMakeTmp

Run Build Command(s):C:/Qt/Tools/Ninja/ninja.exe cmTC_f2177 && [1/2] Building C object CMakeFiles/cmTC_f2177.dir/src.c.obj
FAILED: CMakeFiles/cmTC_f2177.dir/src.c.obj 
C:\Qt\Tools\mingw730_32\bin\gcc.exe -DHAVE_DIRFD  -Wall -Wformat -Wformat-security -Werror -Wall -Wformat -Wformat-security -o CMakeFiles/cmTC_f2177.dir/src.c.obj -c C:/Users/rapha/Documents/GitHub/OpenHD-ImageWriter/build-src-Desktop_Qt_5_12_12_MinGW_32_bit-Debug/CMakeFiles/CMakeTmp/src.c
C:/Users/rapha/Documents/GitHub/OpenHD-ImageWriter/build-src-Desktop_Qt_5_12_12_MinGW_32_bit-Debug/CMakeFiles/CMakeTmp/src.c: In function 'main':
C:/Users/rapha/Documents/GitHub/OpenHD-ImageWriter/build-src-Desktop_Qt_5_12_12_MinGW_32_bit-Debug/CMakeFiles/CMakeTmp/src.c:2:43: error: implicit declaration of function 'dirfd' [-Werror=implicit-function-declaration]
 int main() {DIR *d = opendir("."); return dirfd(d);}
                                           ^~~~~
cc1.exe: all warnings being treated as errors
ninja: build stopped: subcommand failed.


Source file was:
#include <dirent.h>
int main() {DIR *d = opendir("."); return dirfd(d);}
Performing C SOURCE FILE Test HAVE_READLINKAT failed with the following output:
Change Dir: C:/Users/rapha/Documents/GitHub/OpenHD-ImageWriter/build-src-Desktop_Qt_5_12_12_MinGW_32_bit-Debug/CMakeFiles/CMakeTmp

Run Build Command(s):C:/Qt/Tools/Ninja/ninja.exe cmTC_5c424 && [1/2] Building C object CMakeFiles/cmTC_5c424.dir/src.c.obj
FAILED: CMakeFiles/cmTC_5c424.dir/src.c.obj 
C:\Qt\Tools\mingw730_32\bin\gcc.exe -DHAVE_READLINKAT  -Wall -Wformat -Wformat-security -Werror -Wall -Wformat -Wformat-security -o CMakeFiles/cmTC_5c424.dir/src.c.obj -c C:/Users/rapha/Documents/GitHub/OpenHD-ImageWriter/build-src-Desktop_Qt_5_12_12_MinGW_32_bit-Debug/CMakeFiles/CMakeTmp/src.c
C:/Users/rapha/Documents/GitHub/OpenHD-ImageWriter/build-src-Desktop_Qt_5_12_12_MinGW_32_bit-Debug/CMakeFiles/CMakeTmp/src.c: In function 'main':
C:/Users/rapha/Documents/GitHub/OpenHD-ImageWriter/build-src-Desktop_Qt_5_12_12_MinGW_32_bit-Debug/CMakeFiles/CMakeTmp/src.c:3:34: error: implicit declaration of function 'readlinkat' [-Werror=implicit-function-declaration]
 int main() {char buf[10]; return readlinkat(AT_FDCWD, "", buf, 0);}
                                  ^~~~~~~~~~
C:/Users/rapha/Documents/GitHub/OpenHD-ImageWriter/build-src-Desktop_Qt_5_12_12_MinGW_32_bit-Debug/CMakeFiles/CMakeTmp/src.c:3:45: error: 'AT_FDCWD' undeclared (first use in this function)
 int main() {char buf[10]; return readlinkat(AT_FDCWD, "", buf, 0);}
                                             ^~~~~~~~
C:/Users/rapha/Documents/GitHub/OpenHD-ImageWriter/build-src-Desktop_Qt_5_12_12_MinGW_32_bit-Debug/CMakeFiles/CMakeTmp/src.c:3:45: note: each undeclared identifier is reported only once for each function it appears in
cc1.exe: all warnings being treated as errors
ninja: build stopped: subcommand failed.


Source file was:
#include <fcntl.h>
#include <unistd.h>
int main() {char buf[10]; return readlinkat(AT_FDCWD, "", buf, 0);}
Performing C SOURCE FILE Test MAJOR_IN_MKDEV failed with the following output:
Change Dir: C:/Users/rapha/Documents/GitHub/OpenHD-ImageWriter/build-src-Desktop_Qt_5_12_12_MinGW_32_bit-Debug/CMakeFiles/CMakeTmp

Run Build Command(s):C:/Qt/Tools/Ninja/ninja.exe cmTC_77ef0 && [1/2] Building C object CMakeFiles/cmTC_77ef0.dir/src.c.obj
FAILED: CMakeFiles/cmTC_77ef0.dir/src.c.obj 
C:\Qt\Tools\mingw730_32\bin\gcc.exe -DMAJOR_IN_MKDEV  -Wall -Wformat -Wformat-security -Werror -Wall -Wformat -Wformat-security -o CMakeFiles/cmTC_77ef0.dir/src.c.obj -c C:/Users/rapha/Documents/GitHub/OpenHD-ImageWriter/build-src-Desktop_Qt_5_12_12_MinGW_32_bit-Debug/CMakeFiles/CMakeTmp/src.c
C:/Users/rapha/Documents/GitHub/OpenHD-ImageWriter/build-src-Desktop_Qt_5_12_12_MinGW_32_bit-Debug/CMakeFiles/CMakeTmp/src.c:1:10: fatal error: sys/mkdev.h: No such file or directory
 #include <sys/mkdev.h>
          ^~~~~~~~~~~~~
compilation terminated.
ninja: build stopped: subcommand failed.


Source file was:
#include <sys/mkdev.h>
int main() { return major(256); }
Performing C SOURCE FILE Test MAJOR_IN_SYSMACROS failed with the following output:
Change Dir: C:/Users/rapha/Documents/GitHub/OpenHD-ImageWriter/build-src-Desktop_Qt_5_12_12_MinGW_32_bit-Debug/CMakeFiles/CMakeTmp

Run Build Command(s):C:/Qt/Tools/Ninja/ninja.exe cmTC_03084 && [1/2] Building C object CMakeFiles/cmTC_03084.dir/src.c.obj
FAILED: CMakeFiles/cmTC_03084.dir/src.c.obj 
C:\Qt\Tools\mingw730_32\bin\gcc.exe -DMAJOR_IN_SYSMACROS  -Wall -Wformat -Wformat-security -Werror -Wall -Wformat -Wformat-security -o CMakeFiles/cmTC_03084.dir/src.c.obj -c C:/Users/rapha/Documents/GitHub/OpenHD-ImageWriter/build-src-Desktop_Qt_5_12_12_MinGW_32_bit-Debug/CMakeFiles/CMakeTmp/src.c
C:/Users/rapha/Documents/GitHub/OpenHD-ImageWriter/build-src-Desktop_Qt_5_12_12_MinGW_32_bit-Debug/CMakeFiles/CMakeTmp/src.c:1:10: fatal error: sys/sysmacros.h: No such file or directory
 #include <sys/sysmacros.h>
          ^~~~~~~~~~~~~~~~~
compilation terminated.
ninja: build stopped: subcommand failed.


Source file was:
#include <sys/sysmacros.h>
int main() { return major(256); }
Performing C SOURCE FILE Test HAVE_LZMA_STREAM_ENCODER_MT failed with the following output:
Change Dir: C:/Users/rapha/Documents/GitHub/OpenHD-ImageWriter/build-src-Desktop_Qt_5_12_12_MinGW_32_bit-Debug/CMakeFiles/CMakeTmp

Run Build Command(s):C:/Qt/Tools/Ninja/ninja.exe cmTC_823b2 && [1/2] Building C object CMakeFiles/cmTC_823b2.dir/src.c.obj
FAILED: CMakeFiles/cmTC_823b2.dir/src.c.obj 
C:\Qt\Tools\mingw730_32\bin\gcc.exe -DHAVE_LZMA_STREAM_ENCODER_MT  -Wall -Wformat -Wformat-security -Werror -Wall -Wformat -Wformat-security -o CMakeFiles/cmTC_823b2.dir/src.c.obj -c C:/Users/rapha/Documents/GitHub/OpenHD-ImageWriter/build-src-Desktop_Qt_5_12_12_MinGW_32_bit-Debug/CMakeFiles/CMakeTmp/src.c
C:/Users/rapha/Documents/GitHub/OpenHD-ImageWriter/build-src-Desktop_Qt_5_12_12_MinGW_32_bit-Debug/CMakeFiles/CMakeTmp/src.c:1:10: fatal error: lzma.h: No such file or directory
 #include <lzma.h>
          ^~~~~~~~
compilation terminated.
ninja: build stopped: subcommand failed.


Source file was:
#include <lzma.h>
#if LZMA_VERSION < 50020000
#error unsupported
#endif
int main(void){lzma_stream_encoder_mt(0, 0); return 0;}
Determining if the EFTYPE exist failed with the following output:
Change Dir: C:/Users/rapha/Documents/GitHub/OpenHD-ImageWriter/build-src-Desktop_Qt_5_12_12_MinGW_32_bit-Debug/CMakeFiles/CMakeTmp

Run Build Command(s):C:/Qt/Tools/Ninja/ninja.exe cmTC_a58fd && [1/2] Building C object CMakeFiles/cmTC_a58fd.dir/CheckSymbolExists.c.obj
FAILED: CMakeFiles/cmTC_a58fd.dir/CheckSymbolExists.c.obj 
C:\Qt\Tools\mingw730_32\bin\gcc.exe   -Wall -Wformat -Wformat-security  -Wall -Wformat -Wformat-security -o CMakeFiles/cmTC_a58fd.dir/CheckSymbolExists.c.obj -c C:/Users/rapha/Documents/GitHub/OpenHD-ImageWriter/build-src-Desktop_Qt_5_12_12_MinGW_32_bit-Debug/CMakeFiles/CMakeTmp/CheckSymbolExists.c
C:/Users/rapha/Documents/GitHub/OpenHD-ImageWriter/build-src-Desktop_Qt_5_12_12_MinGW_32_bit-Debug/CMakeFiles/CMakeTmp/CheckSymbolExists.c: In function 'main':
C:/Users/rapha/Documents/GitHub/OpenHD-ImageWriter/build-src-Desktop_Qt_5_12_12_MinGW_32_bit-Debug/CMakeFiles/CMakeTmp/CheckSymbolExists.c:8:19: error: 'EFTYPE' undeclared (first use in this function); did you mean 'ESPIPE'?
   return ((int*)(&EFTYPE))[argc];
                   ^~~~~~
                   ESPIPE
C:/Users/rapha/Documents/GitHub/OpenHD-ImageWriter/build-src-Desktop_Qt_5_12_12_MinGW_32_bit-Debug/CMakeFiles/CMakeTmp/CheckSymbolExists.c:8:19: note: each undeclared identifier is reported only once for each function it appears in
ninja: build stopped: subcommand failed.


File C:/Users/rapha/Documents/GitHub/OpenHD-ImageWriter/build-src-Desktop_Qt_5_12_12_MinGW_32_bit-Debug/CMakeFiles/CMakeTmp/CheckSymbolExists.c:
/* */
#include <errno.h>

int main(int argc, char** argv)
{
  (void)argv;
#ifndef EFTYPE
  return ((int*)(&EFTYPE))[argc];
#else
  (void)argc;
  return 0;
#endif
}
Determining if the D_MD_ORDER exist failed with the following output:
Change Dir: C:/Users/rapha/Documents/GitHub/OpenHD-ImageWriter/build-src-Desktop_Qt_5_12_12_MinGW_32_bit-Debug/CMakeFiles/CMakeTmp

Run Build Command(s):C:/Qt/Tools/Ninja/ninja.exe cmTC_c81d6 && [1/2] Building C object CMakeFiles/cmTC_c81d6.dir/CheckSymbolExists.c.obj
FAILED: CMakeFiles/cmTC_c81d6.dir/CheckSymbolExists.c.obj 
C:\Qt\Tools\mingw730_32\bin\gcc.exe   -Wall -Wformat -Wformat-security  -Wall -Wformat -Wformat-security -o CMakeFiles/cmTC_c81d6.dir/CheckSymbolExists.c.obj -c C:/Users/rapha/Documents/GitHub/OpenHD-ImageWriter/build-src-Desktop_Qt_5_12_12_MinGW_32_bit-Debug/CMakeFiles/CMakeTmp/CheckSymbolExists.c
C:/Users/rapha/Documents/GitHub/OpenHD-ImageWriter/build-src-Desktop_Qt_5_12_12_MinGW_32_bit-Debug/CMakeFiles/CMakeTmp/CheckSymbolExists.c:2:10: fatal error: langinfo.h: No such file or directory
 #include <langinfo.h>
          ^~~~~~~~~~~~
compilation terminated.
ninja: build stopped: subcommand failed.


File C:/Users/rapha/Documents/GitHub/OpenHD-ImageWriter/build-src-Desktop_Qt_5_12_12_MinGW_32_bit-Debug/CMakeFiles/CMakeTmp/CheckSymbolExists.c:
/* */
#include <langinfo.h>

int main(int argc, char** argv)
{
  (void)argv;
#ifndef D_MD_ORDER
  return ((int*)(&D_MD_ORDER))[argc];
#else
  (void)argc;
  return 0;
#endif
}
Performing C SOURCE FILE Test HAVE_STRUCT_TM_TM_GMTOFF failed with the following output:
Change Dir: C:/Users/rapha/Documents/GitHub/OpenHD-ImageWriter/build-src-Desktop_Qt_5_12_12_MinGW_32_bit-Debug/CMakeFiles/CMakeTmp

Run Build Command(s):C:/Qt/Tools/Ninja/ninja.exe cmTC_62233 && [1/2] Building C object CMakeFiles/cmTC_62233.dir/src.c.obj
FAILED: CMakeFiles/cmTC_62233.dir/src.c.obj 
C:\Qt\Tools\mingw730_32\bin\gcc.exe -DHAVE_STRUCT_TM_TM_GMTOFF  -Wall -Wformat -Wformat-security -Werror -Wall -Wformat -Wformat-security -o CMakeFiles/cmTC_62233.dir/src.c.obj -c C:/Users/rapha/Documents/GitHub/OpenHD-ImageWriter/build-src-Desktop_Qt_5_12_12_MinGW_32_bit-Debug/CMakeFiles/CMakeTmp/src.c
C:/Users/rapha/Documents/GitHub/OpenHD-ImageWriter/build-src-Desktop_Qt_5_12_12_MinGW_32_bit-Debug/CMakeFiles/CMakeTmp/src.c: In function 'main':
C:/Users/rapha/Documents/GitHub/OpenHD-ImageWriter/build-src-Desktop_Qt_5_12_12_MinGW_32_bit-Debug/CMakeFiles/CMakeTmp/src.c:6:34: error: 'struct tm' has no member named 'tm_gmtoff'; did you mean 'tm_mon'?
   (void)sizeof(((struct tm *)0)->tm_gmtoff);
                                  ^~~~~~~~~
                                  tm_mon
ninja: build stopped: subcommand failed.


Source file was:

#include <time.h>

int main()
{
  (void)sizeof(((struct tm *)0)->tm_gmtoff);
  return 0;
}

Performing C SOURCE FILE Test HAVE_STRUCT_TM___TM_GMTOFF failed with the following output:
Change Dir: C:/Users/rapha/Documents/GitHub/OpenHD-ImageWriter/build-src-Desktop_Qt_5_12_12_MinGW_32_bit-Debug/CMakeFiles/CMakeTmp

Run Build Command(s):C:/Qt/Tools/Ninja/ninja.exe cmTC_f0496 && [1/2] Building C object CMakeFiles/cmTC_f0496.dir/src.c.obj
FAILED: CMakeFiles/cmTC_f0496.dir/src.c.obj 
C:\Qt\Tools\mingw730_32\bin\gcc.exe -DHAVE_STRUCT_TM___TM_GMTOFF  -Wall -Wformat -Wformat-security -Werror -Wall -Wformat -Wformat-security -o CMakeFiles/cmTC_f0496.dir/src.c.obj -c C:/Users/rapha/Documents/GitHub/OpenHD-ImageWriter/build-src-Desktop_Qt_5_12_12_MinGW_32_bit-Debug/CMakeFiles/CMakeTmp/src.c
C:/Users/rapha/Documents/GitHub/OpenHD-ImageWriter/build-src-Desktop_Qt_5_12_12_MinGW_32_bit-Debug/CMakeFiles/CMakeTmp/src.c: In function 'main':
C:/Users/rapha/Documents/GitHub/OpenHD-ImageWriter/build-src-Desktop_Qt_5_12_12_MinGW_32_bit-Debug/CMakeFiles/CMakeTmp/src.c:6:32: error: 'struct tm' has no member named '__tm_gmtoff'
   (void)sizeof(((struct tm *)0)->__tm_gmtoff);
                                ^~
ninja: build stopped: subcommand failed.


Source file was:

#include <time.h>

int main()
{
  (void)sizeof(((struct tm *)0)->__tm_gmtoff);
  return 0;
}

Performing C SOURCE FILE Test HAVE_STRUCT_STAT_ST_BIRTHTIME failed with the following output:
Change Dir: C:/Users/rapha/Documents/GitHub/OpenHD-ImageWriter/build-src-Desktop_Qt_5_12_12_MinGW_32_bit-Debug/CMakeFiles/CMakeTmp

Run Build Command(s):C:/Qt/Tools/Ninja/ninja.exe cmTC_305fb && [1/2] Building C object CMakeFiles/cmTC_305fb.dir/src.c.obj
FAILED: CMakeFiles/cmTC_305fb.dir/src.c.obj 
C:\Qt\Tools\mingw730_32\bin\gcc.exe -DHAVE_STRUCT_STAT_ST_BIRTHTIME  -Wall -Wformat -Wformat-security -Werror -Wall -Wformat -Wformat-security -o CMakeFiles/cmTC_305fb.dir/src.c.obj -c C:/Users/rapha/Documents/GitHub/OpenHD-ImageWriter/build-src-Desktop_Qt_5_12_12_MinGW_32_bit-Debug/CMakeFiles/CMakeTmp/src.c
C:/Users/rapha/Documents/GitHub/OpenHD-ImageWriter/build-src-Desktop_Qt_5_12_12_MinGW_32_bit-Debug/CMakeFiles/CMakeTmp/src.c: In function 'main':
C:/Users/rapha/Documents/GitHub/OpenHD-ImageWriter/build-src-Desktop_Qt_5_12_12_MinGW_32_bit-Debug/CMakeFiles/CMakeTmp/src.c:7:36: error: 'struct stat' has no member named 'st_birthtime'; did you mean 'st_atime'?
   (void)sizeof(((struct stat *)0)->st_birthtime);
                                    ^~~~~~~~~~~~
                                    st_atime
ninja: build stopped: subcommand failed.


Source file was:

#include <sys/types.h>
#include <sys/stat.h>

int main()
{
  (void)sizeof(((struct stat *)0)->st_birthtime);
  return 0;
}

Performing C SOURCE FILE Test HAVE_STRUCT_STAT_ST_BIRTHTIMESPEC_TV_NSEC failed with the following output:
Change Dir: C:/Users/rapha/Documents/GitHub/OpenHD-ImageWriter/build-src-Desktop_Qt_5_12_12_MinGW_32_bit-Debug/CMakeFiles/CMakeTmp

Run Build Command(s):C:/Qt/Tools/Ninja/ninja.exe cmTC_6e844 && [1/2] Building C object CMakeFiles/cmTC_6e844.dir/src.c.obj
FAILED: CMakeFiles/cmTC_6e844.dir/src.c.obj 
C:\Qt\Tools\mingw730_32\bin\gcc.exe -DHAVE_STRUCT_STAT_ST_BIRTHTIMESPEC_TV_NSEC  -Wall -Wformat -Wformat-security -Werror -Wall -Wformat -Wformat-security -o CMakeFiles/cmTC_6e844.dir/src.c.obj -c C:/Users/rapha/Documents/GitHub/OpenHD-ImageWriter/build-src-Desktop_Qt_5_12_12_MinGW_32_bit-Debug/CMakeFiles/CMakeTmp/src.c
C:/Users/rapha/Documents/GitHub/OpenHD-ImageWriter/build-src-Desktop_Qt_5_12_12_MinGW_32_bit-Debug/CMakeFiles/CMakeTmp/src.c: In function 'main':
C:/Users/rapha/Documents/GitHub/OpenHD-ImageWriter/build-src-Desktop_Qt_5_12_12_MinGW_32_bit-Debug/CMakeFiles/CMakeTmp/src.c:7:34: error: 'struct stat' has no member named 'st_birthtimespec'
   (void)sizeof(((struct stat *)0)->st_birthtimespec.tv_nsec);
                                  ^~
ninja: build stopped: subcommand failed.


Source file was:

#include <sys/types.h>
#include <sys/stat.h>

int main()
{
  (void)sizeof(((struct stat *)0)->st_birthtimespec.tv_nsec);
  return 0;
}

Performing C SOURCE FILE Test HAVE_STRUCT_STAT_ST_MTIMESPEC_TV_NSEC failed with the following output:
Change Dir: C:/Users/rapha/Documents/GitHub/OpenHD-ImageWriter/build-src-Desktop_Qt_5_12_12_MinGW_32_bit-Debug/CMakeFiles/CMakeTmp

Run Build Command(s):C:/Qt/Tools/Ninja/ninja.exe cmTC_b52a2 && [1/2] Building C object CMakeFiles/cmTC_b52a2.dir/src.c.obj
FAILED: CMakeFiles/cmTC_b52a2.dir/src.c.obj 
C:\Qt\Tools\mingw730_32\bin\gcc.exe -DHAVE_STRUCT_STAT_ST_MTIMESPEC_TV_NSEC  -Wall -Wformat -Wformat-security -Werror -Wall -Wformat -Wformat-security -o CMakeFiles/cmTC_b52a2.dir/src.c.obj -c C:/Users/rapha/Documents/GitHub/OpenHD-ImageWriter/build-src-Desktop_Qt_5_12_12_MinGW_32_bit-Debug/CMakeFiles/CMakeTmp/src.c
C:/Users/rapha/Documents/GitHub/OpenHD-ImageWriter/build-src-Desktop_Qt_5_12_12_MinGW_32_bit-Debug/CMakeFiles/CMakeTmp/src.c: In function 'main':
C:/Users/rapha/Documents/GitHub/OpenHD-ImageWriter/build-src-Desktop_Qt_5_12_12_MinGW_32_bit-Debug/CMakeFiles/CMakeTmp/src.c:7:36: error: 'struct stat' has no member named 'st_mtimespec'; did you mean 'st_mtime'?
   (void)sizeof(((struct stat *)0)->st_mtimespec.tv_nsec);
                                    ^~~~~~~~~~~~
                                    st_mtime
ninja: build stopped: subcommand failed.


Source file was:

#include <sys/types.h>
#include <sys/stat.h>

int main()
{
  (void)sizeof(((struct stat *)0)->st_mtimespec.tv_nsec);
  return 0;
}

Performing C SOURCE FILE Test HAVE_STRUCT_STAT_ST_MTIM_TV_NSEC failed with the following output:
Change Dir: C:/Users/rapha/Documents/GitHub/OpenHD-ImageWriter/build-src-Desktop_Qt_5_12_12_MinGW_32_bit-Debug/CMakeFiles/CMakeTmp

Run Build Command(s):C:/Qt/Tools/Ninja/ninja.exe cmTC_30a30 && [1/2] Building C object CMakeFiles/cmTC_30a30.dir/src.c.obj
FAILED: CMakeFiles/cmTC_30a30.dir/src.c.obj 
C:\Qt\Tools\mingw730_32\bin\gcc.exe -DHAVE_STRUCT_STAT_ST_MTIM_TV_NSEC  -Wall -Wformat -Wformat-security -Werror -Wall -Wformat -Wformat-security -o CMakeFiles/cmTC_30a30.dir/src.c.obj -c C:/Users/rapha/Documents/GitHub/OpenHD-ImageWriter/build-src-Desktop_Qt_5_12_12_MinGW_32_bit-Debug/CMakeFiles/CMakeTmp/src.c
C:/Users/rapha/Documents/GitHub/OpenHD-ImageWriter/build-src-Desktop_Qt_5_12_12_MinGW_32_bit-Debug/CMakeFiles/CMakeTmp/src.c: In function 'main':
C:/Users/rapha/Documents/GitHub/OpenHD-ImageWriter/build-src-Desktop_Qt_5_12_12_MinGW_32_bit-Debug/CMakeFiles/CMakeTmp/src.c:7:36: error: 'struct stat' has no member named 'st_mtim'; did you mean 'st_mtime'?
   (void)sizeof(((struct stat *)0)->st_mtim.tv_nsec);
                                    ^~~~~~~
                                    st_mtime
ninja: build stopped: subcommand failed.


Source file was:

#include <sys/types.h>
#include <sys/stat.h>

int main()
{
  (void)sizeof(((struct stat *)0)->st_mtim.tv_nsec);
  return 0;
}

Performing C SOURCE FILE Test HAVE_STRUCT_STAT_ST_MTIME_N failed with the following output:
Change Dir: C:/Users/rapha/Documents/GitHub/OpenHD-ImageWriter/build-src-Desktop_Qt_5_12_12_MinGW_32_bit-Debug/CMakeFiles/CMakeTmp

Run Build Command(s):C:/Qt/Tools/Ninja/ninja.exe cmTC_d7fb4 && [1/2] Building C object CMakeFiles/cmTC_d7fb4.dir/src.c.obj
FAILED: CMakeFiles/cmTC_d7fb4.dir/src.c.obj 
C:\Qt\Tools\mingw730_32\bin\gcc.exe -DHAVE_STRUCT_STAT_ST_MTIME_N  -Wall -Wformat -Wformat-security -Werror -Wall -Wformat -Wformat-security -o CMakeFiles/cmTC_d7fb4.dir/src.c.obj -c C:/Users/rapha/Documents/GitHub/OpenHD-ImageWriter/build-src-Desktop_Qt_5_12_12_MinGW_32_bit-Debug/CMakeFiles/CMakeTmp/src.c
C:/Users/rapha/Documents/GitHub/OpenHD-ImageWriter/build-src-Desktop_Qt_5_12_12_MinGW_32_bit-Debug/CMakeFiles/CMakeTmp/src.c: In function 'main':
C:/Users/rapha/Documents/GitHub/OpenHD-ImageWriter/build-src-Desktop_Qt_5_12_12_MinGW_32_bit-Debug/CMakeFiles/CMakeTmp/src.c:7:36: error: 'struct stat' has no member named 'st_mtime_n'; did you mean 'st_mtime'?
   (void)sizeof(((struct stat *)0)->st_mtime_n);
                                    ^~~~~~~~~~
                                    st_mtime
ninja: build stopped: subcommand failed.


Source file was:

#include <sys/types.h>
#include <sys/stat.h>

int main()
{
  (void)sizeof(((struct stat *)0)->st_mtime_n);
  return 0;
}

Performing C SOURCE FILE Test HAVE_STRUCT_STAT_ST_UMTIME failed with the following output:
Change Dir: C:/Users/rapha/Documents/GitHub/OpenHD-ImageWriter/build-src-Desktop_Qt_5_12_12_MinGW_32_bit-Debug/CMakeFiles/CMakeTmp

Run Build Command(s):C:/Qt/Tools/Ninja/ninja.exe cmTC_aaa8e && [1/2] Building C object CMakeFiles/cmTC_aaa8e.dir/src.c.obj
FAILED: CMakeFiles/cmTC_aaa8e.dir/src.c.obj 
C:\Qt\Tools\mingw730_32\bin\gcc.exe -DHAVE_STRUCT_STAT_ST_UMTIME  -Wall -Wformat -Wformat-security -Werror -Wall -Wformat -Wformat-security -o CMakeFiles/cmTC_aaa8e.dir/src.c.obj -c C:/Users/rapha/Documents/GitHub/OpenHD-ImageWriter/build-src-Desktop_Qt_5_12_12_MinGW_32_bit-Debug/CMakeFiles/CMakeTmp/src.c
C:/Users/rapha/Documents/GitHub/OpenHD-ImageWriter/build-src-Desktop_Qt_5_12_12_MinGW_32_bit-Debug/CMakeFiles/CMakeTmp/src.c: In function 'main':
C:/Users/rapha/Documents/GitHub/OpenHD-ImageWriter/build-src-Desktop_Qt_5_12_12_MinGW_32_bit-Debug/CMakeFiles/CMakeTmp/src.c:7:36: error: 'struct stat' has no member named 'st_umtime'; did you mean 'st_mtime'?
   (void)sizeof(((struct stat *)0)->st_umtime);
                                    ^~~~~~~~~
                                    st_mtime
ninja: build stopped: subcommand failed.


Source file was:

#include <sys/types.h>
#include <sys/stat.h>

int main()
{
  (void)sizeof(((struct stat *)0)->st_umtime);
  return 0;
}

Performing C SOURCE FILE Test HAVE_STRUCT_STAT_ST_MTIME_USEC failed with the following output:
Change Dir: C:/Users/rapha/Documents/GitHub/OpenHD-ImageWriter/build-src-Desktop_Qt_5_12_12_MinGW_32_bit-Debug/CMakeFiles/CMakeTmp

Run Build Command(s):C:/Qt/Tools/Ninja/ninja.exe cmTC_9b09d && [1/2] Building C object CMakeFiles/cmTC_9b09d.dir/src.c.obj
FAILED: CMakeFiles/cmTC_9b09d.dir/src.c.obj 
C:\Qt\Tools\mingw730_32\bin\gcc.exe -DHAVE_STRUCT_STAT_ST_MTIME_USEC  -Wall -Wformat -Wformat-security -Werror -Wall -Wformat -Wformat-security -o CMakeFiles/cmTC_9b09d.dir/src.c.obj -c C:/Users/rapha/Documents/GitHub/OpenHD-ImageWriter/build-src-Desktop_Qt_5_12_12_MinGW_32_bit-Debug/CMakeFiles/CMakeTmp/src.c
C:/Users/rapha/Documents/GitHub/OpenHD-ImageWriter/build-src-Desktop_Qt_5_12_12_MinGW_32_bit-Debug/CMakeFiles/CMakeTmp/src.c: In function 'main':
C:/Users/rapha/Documents/GitHub/OpenHD-ImageWriter/build-src-Desktop_Qt_5_12_12_MinGW_32_bit-Debug/CMakeFiles/CMakeTmp/src.c:7:36: error: 'struct stat' has no member named 'st_mtime_usec'; did you mean 'st_mtime'?
   (void)sizeof(((struct stat *)0)->st_mtime_usec);
                                    ^~~~~~~~~~~~~
                                    st_mtime
ninja: build stopped: subcommand failed.


Source file was:

#include <sys/types.h>
#include <sys/stat.h>

int main()
{
  (void)sizeof(((struct stat *)0)->st_mtime_usec);
  return 0;
}

Performing C SOURCE FILE Test HAVE_STRUCT_STAT_ST_BLKSIZE failed with the following output:
Change Dir: C:/Users/rapha/Documents/GitHub/OpenHD-ImageWriter/build-src-Desktop_Qt_5_12_12_MinGW_32_bit-Debug/CMakeFiles/CMakeTmp

Run Build Command(s):C:/Qt/Tools/Ninja/ninja.exe cmTC_ab478 && [1/2] Building C object CMakeFiles/cmTC_ab478.dir/src.c.obj
FAILED: CMakeFiles/cmTC_ab478.dir/src.c.obj 
C:\Qt\Tools\mingw730_32\bin\gcc.exe -DHAVE_STRUCT_STAT_ST_BLKSIZE  -Wall -Wformat -Wformat-security -Werror -Wall -Wformat -Wformat-security -o CMakeFiles/cmTC_ab478.dir/src.c.obj -c C:/Users/rapha/Documents/GitHub/OpenHD-ImageWriter/build-src-Desktop_Qt_5_12_12_MinGW_32_bit-Debug/CMakeFiles/CMakeTmp/src.c
C:/Users/rapha/Documents/GitHub/OpenHD-ImageWriter/build-src-Desktop_Qt_5_12_12_MinGW_32_bit-Debug/CMakeFiles/CMakeTmp/src.c: In function 'main':
C:/Users/rapha/Documents/GitHub/OpenHD-ImageWriter/build-src-Desktop_Qt_5_12_12_MinGW_32_bit-Debug/CMakeFiles/CMakeTmp/src.c:7:36: error: 'struct stat' has no member named 'st_blksize'; did you mean 'st_size'?
   (void)sizeof(((struct stat *)0)->st_blksize);
                                    ^~~~~~~~~~
                                    st_size
ninja: build stopped: subcommand failed.


Source file was:

#include <sys/types.h>
#include <sys/stat.h>

int main()
{
  (void)sizeof(((struct stat *)0)->st_blksize);
  return 0;
}

Performing C SOURCE FILE Test HAVE_STRUCT_STAT_ST_FLAGS failed with the following output:
Change Dir: C:/Users/rapha/Documents/GitHub/OpenHD-ImageWriter/build-src-Desktop_Qt_5_12_12_MinGW_32_bit-Debug/CMakeFiles/CMakeTmp

Run Build Command(s):C:/Qt/Tools/Ninja/ninja.exe cmTC_10f26 && [1/2] Building C object CMakeFiles/cmTC_10f26.dir/src.c.obj
FAILED: CMakeFiles/cmTC_10f26.dir/src.c.obj 
C:\Qt\Tools\mingw730_32\bin\gcc.exe -DHAVE_STRUCT_STAT_ST_FLAGS  -Wall -Wformat -Wformat-security -Werror -Wall -Wformat -Wformat-security -o CMakeFiles/cmTC_10f26.dir/src.c.obj -c C:/Users/rapha/Documents/GitHub/OpenHD-ImageWriter/build-src-Desktop_Qt_5_12_12_MinGW_32_bit-Debug/CMakeFiles/CMakeTmp/src.c
C:/Users/rapha/Documents/GitHub/OpenHD-ImageWriter/build-src-Desktop_Qt_5_12_12_MinGW_32_bit-Debug/CMakeFiles/CMakeTmp/src.c: In function 'main':
C:/Users/rapha/Documents/GitHub/OpenHD-ImageWriter/build-src-Desktop_Qt_5_12_12_MinGW_32_bit-Debug/CMakeFiles/CMakeTmp/src.c:7:36: error: 'struct stat' has no member named 'st_flags'; did you mean 'st_nlink'?
   (void)sizeof(((struct stat *)0)->st_flags);
                                    ^~~~~~~~
                                    st_nlink
ninja: build stopped: subcommand failed.


Source file was:

#include <sys/types.h>
#include <sys/stat.h>

int main()
{
  (void)sizeof(((struct stat *)0)->st_flags);
  return 0;
}

Determining size of gid_t failed with the following output:
Change Dir: C:/Users/rapha/Documents/GitHub/OpenHD-ImageWriter/build-src-Desktop_Qt_5_12_12_MinGW_32_bit-Debug/CMakeFiles/CMakeTmp

Run Build Command(s):C:/Qt/Tools/Ninja/ninja.exe cmTC_f6ad7 && [1/2] Building C object CMakeFiles/cmTC_f6ad7.dir/GID_T.c.obj
FAILED: CMakeFiles/cmTC_f6ad7.dir/GID_T.c.obj 
C:\Qt\Tools\mingw730_32\bin\gcc.exe   -Wall -Wformat -Wformat-security -Werror -Wall -Wformat -Wformat-security -o CMakeFiles/cmTC_f6ad7.dir/GID_T.c.obj -c C:/Users/rapha/Documents/GitHub/OpenHD-ImageWriter/build-src-Desktop_Qt_5_12_12_MinGW_32_bit-Debug/CMakeFiles/CheckTypeSize/GID_T.c
C:/Users/rapha/Documents/GitHub/OpenHD-ImageWriter/build-src-Desktop_Qt_5_12_12_MinGW_32_bit-Debug/CMakeFiles/CheckTypeSize/GID_T.c:27:22: error: 'gid_t' undeclared here (not in a function); did you mean 'pid_t'?
 #define SIZE (sizeof(gid_t))
                      ^
C:/Users/rapha/Documents/GitHub/OpenHD-ImageWriter/build-src-Desktop_Qt_5_12_12_MinGW_32_bit-Debug/CMakeFiles/CheckTypeSize/GID_T.c:29:12: note: in expansion of macro 'SIZE'
   ('0' + ((SIZE / 10000)%10)),
            ^~~~
ninja: build stopped: subcommand failed.


C:/Users/rapha/Documents/GitHub/OpenHD-ImageWriter/build-src-Desktop_Qt_5_12_12_MinGW_32_bit-Debug/CMakeFiles/CheckTypeSize/GID_T.c:
#include <sys/types.h>
#include <stdint.h>
#include <stddef.h>


#undef KEY
#if defined(__i386)
# define KEY '_','_','i','3','8','6'
#elif defined(__x86_64)
# define KEY '_','_','x','8','6','_','6','4'
#elif defined(__PPC64__)
# define KEY '_','_','P','P','C','6','4','_','_'
#elif defined(__ppc64__)
# define KEY '_','_','p','p','c','6','4','_','_'
#elif defined(__PPC__)
# define KEY '_','_','P','P','C','_','_'
#elif defined(__ppc__)
# define KEY '_','_','p','p','c','_','_'
#elif defined(__aarch64__)
# define KEY '_','_','a','a','r','c','h','6','4','_','_'
#elif defined(__ARM_ARCH_7A__)
# define KEY '_','_','A','R','M','_','A','R','C','H','_','7','A','_','_'
#elif defined(__ARM_ARCH_7S__)
# define KEY '_','_','A','R','M','_','A','R','C','H','_','7','S','_','_'
#endif

#define SIZE (sizeof(gid_t))
static char info_size[] =  {'I', 'N', 'F', 'O', ':', 's','i','z','e','[',
  ('0' + ((SIZE / 10000)%10)),
  ('0' + ((SIZE / 1000)%10)),
  ('0' + ((SIZE / 100)%10)),
  ('0' + ((SIZE / 10)%10)),
  ('0' +  (SIZE    % 10)),
  ']',
#ifdef KEY
  ' ','k','e','y','[', KEY, ']',
#endif
  '\0'};

#ifdef __CLASSIC_C__
int main(argc, argv) int argc; char *argv[];
#else
int main(int argc, char *argv[])
#endif
{
  int require = 0;
  require += info_size[argc];
  (void)argv;
  return require;
}


Determining size of id_t failed with the following output:
Change Dir: C:/Users/rapha/Documents/GitHub/OpenHD-ImageWriter/build-src-Desktop_Qt_5_12_12_MinGW_32_bit-Debug/CMakeFiles/CMakeTmp

Run Build Command(s):C:/Qt/Tools/Ninja/ninja.exe cmTC_58f67 && [1/2] Building C object CMakeFiles/cmTC_58f67.dir/ID_T.c.obj
FAILED: CMakeFiles/cmTC_58f67.dir/ID_T.c.obj 
C:\Qt\Tools\mingw730_32\bin\gcc.exe   -Wall -Wformat -Wformat-security -Werror -Wall -Wformat -Wformat-security -o CMakeFiles/cmTC_58f67.dir/ID_T.c.obj -c C:/Users/rapha/Documents/GitHub/OpenHD-ImageWriter/build-src-Desktop_Qt_5_12_12_MinGW_32_bit-Debug/CMakeFiles/CheckTypeSize/ID_T.c
C:/Users/rapha/Documents/GitHub/OpenHD-ImageWriter/build-src-Desktop_Qt_5_12_12_MinGW_32_bit-Debug/CMakeFiles/CheckTypeSize/ID_T.c:27:22: error: 'id_t' undeclared here (not in a function); did you mean 'pid_t'?
 #define SIZE (sizeof(id_t))
                      ^
C:/Users/rapha/Documents/GitHub/OpenHD-ImageWriter/build-src-Desktop_Qt_5_12_12_MinGW_32_bit-Debug/CMakeFiles/CheckTypeSize/ID_T.c:29:12: note: in expansion of macro 'SIZE'
   ('0' + ((SIZE / 10000)%10)),
            ^~~~
ninja: build stopped: subcommand failed.


C:/Users/rapha/Documents/GitHub/OpenHD-ImageWriter/build-src-Desktop_Qt_5_12_12_MinGW_32_bit-Debug/CMakeFiles/CheckTypeSize/ID_T.c:
#include <sys/types.h>
#include <stdint.h>
#include <stddef.h>


#undef KEY
#if defined(__i386)
# define KEY '_','_','i','3','8','6'
#elif defined(__x86_64)
# define KEY '_','_','x','8','6','_','6','4'
#elif defined(__PPC64__)
# define KEY '_','_','P','P','C','6','4','_','_'
#elif defined(__ppc64__)
# define KEY '_','_','p','p','c','6','4','_','_'
#elif defined(__PPC__)
# define KEY '_','_','P','P','C','_','_'
#elif defined(__ppc__)
# define KEY '_','_','p','p','c','_','_'
#elif defined(__aarch64__)
# define KEY '_','_','a','a','r','c','h','6','4','_','_'
#elif defined(__ARM_ARCH_7A__)
# define KEY '_','_','A','R','M','_','A','R','C','H','_','7','A','_','_'
#elif defined(__ARM_ARCH_7S__)
# define KEY '_','_','A','R','M','_','A','R','C','H','_','7','S','_','_'
#endif

#define SIZE (sizeof(id_t))
static char info_size[] =  {'I', 'N', 'F', 'O', ':', 's','i','z','e','[',
  ('0' + ((SIZE / 10000)%10)),
  ('0' + ((SIZE / 1000)%10)),
  ('0' + ((SIZE / 100)%10)),
  ('0' + ((SIZE / 10)%10)),
  ('0' +  (SIZE    % 10)),
  ']',
#ifdef KEY
  ' ','k','e','y','[', KEY, ']',
#endif
  '\0'};

#ifdef __CLASSIC_C__
int main(argc, argv) int argc; char *argv[];
#else
int main(int argc, char *argv[])
#endif
{
  int require = 0;
  require += info_size[argc];
  (void)argv;
  return require;
}


Determining size of uid_t failed with the following output:
Change Dir: C:/Users/rapha/Documents/GitHub/OpenHD-ImageWriter/build-src-Desktop_Qt_5_12_12_MinGW_32_bit-Debug/CMakeFiles/CMakeTmp

Run Build Command(s):C:/Qt/Tools/Ninja/ninja.exe cmTC_46ec6 && [1/2] Building C object CMakeFiles/cmTC_46ec6.dir/UID_T.c.obj
FAILED: CMakeFiles/cmTC_46ec6.dir/UID_T.c.obj 
C:\Qt\Tools\mingw730_32\bin\gcc.exe   -Wall -Wformat -Wformat-security -Werror -Wall -Wformat -Wformat-security -o CMakeFiles/cmTC_46ec6.dir/UID_T.c.obj -c C:/Users/rapha/Documents/GitHub/OpenHD-ImageWriter/build-src-Desktop_Qt_5_12_12_MinGW_32_bit-Debug/CMakeFiles/CheckTypeSize/UID_T.c
C:/Users/rapha/Documents/GitHub/OpenHD-ImageWriter/build-src-Desktop_Qt_5_12_12_MinGW_32_bit-Debug/CMakeFiles/CheckTypeSize/UID_T.c:27:22: error: 'uid_t' undeclared here (not in a function); did you mean 'pid_t'?
 #define SIZE (sizeof(uid_t))
                      ^
C:/Users/rapha/Documents/GitHub/OpenHD-ImageWriter/build-src-Desktop_Qt_5_12_12_MinGW_32_bit-Debug/CMakeFiles/CheckTypeSize/UID_T.c:29:12: note: in expansion of macro 'SIZE'
   ('0' + ((SIZE / 10000)%10)),
            ^~~~
ninja: build stopped: subcommand failed.


C:/Users/rapha/Documents/GitHub/OpenHD-ImageWriter/build-src-Desktop_Qt_5_12_12_MinGW_32_bit-Debug/CMakeFiles/CheckTypeSize/UID_T.c:
#include <sys/types.h>
#include <stdint.h>
#include <stddef.h>


#undef KEY
#if defined(__i386)
# define KEY '_','_','i','3','8','6'
#elif defined(__x86_64)
# define KEY '_','_','x','8','6','_','6','4'
#elif defined(__PPC64__)
# define KEY '_','_','P','P','C','6','4','_','_'
#elif defined(__ppc64__)
# define KEY '_','_','p','p','c','6','4','_','_'
#elif defined(__PPC__)
# define KEY '_','_','P','P','C','_','_'
#elif defined(__ppc__)
# define KEY '_','_','p','p','c','_','_'
#elif defined(__aarch64__)
# define KEY '_','_','a','a','r','c','h','6','4','_','_'
#elif defined(__ARM_ARCH_7A__)
# define KEY '_','_','A','R','M','_','A','R','C','H','_','7','A','_','_'
#elif defined(__ARM_ARCH_7S__)
# define KEY '_','_','A','R','M','_','A','R','C','H','_','7','S','_','_'
#endif

#define SIZE (sizeof(uid_t))
static char info_size[] =  {'I', 'N', 'F', 'O', ':', 's','i','z','e','[',
  ('0' + ((SIZE / 10000)%10)),
  ('0' + ((SIZE / 1000)%10)),
  ('0' + ((SIZE / 100)%10)),
  ('0' + ((SIZE / 10)%10)),
  ('0' +  (SIZE    % 10)),
  ']',
#ifdef KEY
  ' ','k','e','y','[', KEY, ']',
#endif
  '\0'};

#ifdef __CLASSIC_C__
int main(argc, argv) int argc; char *argv[];
#else
int main(int argc, char *argv[])
#endif
{
  int require = 0;
  require += info_size[argc];
  (void)argv;
  return require;
}


Determining if the function setxattr exists in the attr failed with the following output:
Change Dir: C:/Users/rapha/Documents/GitHub/OpenHD-ImageWriter/build-src-Desktop_Qt_5_12_12_MinGW_32_bit-Debug/CMakeFiles/CMakeTmp

Run Build Command(s):C:/Qt/Tools/Ninja/ninja.exe cmTC_b7feb && [1/2] Building C object CMakeFiles/cmTC_b7feb.dir/CheckFunctionExists.c.obj
[2/2] Linking C executable cmTC_b7feb.exe
FAILED: cmTC_b7feb.exe 
cmd.exe /C "cd . && C:\Qt\Tools\mingw730_32\bin\gcc.exe -Wall -Wformat -Wformat-security -Werror -DCHECK_FUNCTION_EXISTS=setxattr -Wall -Wformat -Wformat-security  CMakeFiles/cmTC_b7feb.dir/CheckFunctionExists.c.obj -o cmTC_b7feb.exe -Wl,--out-implib,libcmTC_b7feb.dll.a -Wl,--major-image-version,0,--minor-image-version,0  -lattr  -lkernel32 -luser32 -lgdi32 -lwinspool -lshell32 -lole32 -loleaut32 -luuid -lcomdlg32 -ladvapi32 && cd ."
C:/Qt/Tools/mingw730_32/bin/../lib/gcc/i686-w64-mingw32/7.3.0/../../../../i686-w64-mingw32/bin/ld.exe: cannot find -lattr
collect2.exe: error: ld returned 1 exit status
ninja: build stopped: subcommand failed.



Determining if the function setxattr exists in the gnu failed with the following output:
Change Dir: C:/Users/rapha/Documents/GitHub/OpenHD-ImageWriter/build-src-Desktop_Qt_5_12_12_MinGW_32_bit-Debug/CMakeFiles/CMakeTmp

Run Build Command(s):C:/Qt/Tools/Ninja/ninja.exe cmTC_75311 && [1/2] Building C object CMakeFiles/cmTC_75311.dir/CheckFunctionExists.c.obj
[2/2] Linking C executable cmTC_75311.exe
FAILED: cmTC_75311.exe 
cmd.exe /C "cd . && C:\Qt\Tools\mingw730_32\bin\gcc.exe -Wall -Wformat -Wformat-security -Werror -DCHECK_FUNCTION_EXISTS=setxattr -Wall -Wformat -Wformat-security  CMakeFiles/cmTC_75311.dir/CheckFunctionExists.c.obj -o cmTC_75311.exe -Wl,--out-implib,libcmTC_75311.dll.a -Wl,--major-image-version,0,--minor-image-version,0  -lgnu  -lkernel32 -luser32 -lgdi32 -lwinspool -lshell32 -lole32 -loleaut32 -luuid -lcomdlg32 -ladvapi32 && cd ."
C:/Qt/Tools/mingw730_32/bin/../lib/gcc/i686-w64-mingw32/7.3.0/../../../../i686-w64-mingw32/bin/ld.exe: cannot find -lgnu
collect2.exe: error: ld returned 1 exit status
ninja: build stopped: subcommand failed.



Determining if the EXTATTR_NAMESPACE_USER exist failed with the following output:
Change Dir: C:/Users/rapha/Documents/GitHub/OpenHD-ImageWriter/build-src-Desktop_Qt_5_12_12_MinGW_32_bit-Debug/CMakeFiles/CMakeTmp

Run Build Command(s):C:/Qt/Tools/Ninja/ninja.exe cmTC_ee44d && [1/2] Building C object CMakeFiles/cmTC_ee44d.dir/CheckSymbolExists.c.obj
FAILED: CMakeFiles/cmTC_ee44d.dir/CheckSymbolExists.c.obj 
C:\Qt\Tools\mingw730_32\bin\gcc.exe   -Wall -Wformat -Wformat-security  -Wall -Wformat -Wformat-security -o CMakeFiles/cmTC_ee44d.dir/CheckSymbolExists.c.obj -c C:/Users/rapha/Documents/GitHub/OpenHD-ImageWriter/build-src-Desktop_Qt_5_12_12_MinGW_32_bit-Debug/CMakeFiles/CMakeTmp/CheckSymbolExists.c
C:/Users/rapha/Documents/GitHub/OpenHD-ImageWriter/build-src-Desktop_Qt_5_12_12_MinGW_32_bit-Debug/CMakeFiles/CMakeTmp/CheckSymbolExists.c:3:10: fatal error: sys/extattr.h: No such file or directory
 #include <sys/extattr.h>
          ^~~~~~~~~~~~~~~
compilation terminated.
ninja: build stopped: subcommand failed.


File C:/Users/rapha/Documents/GitHub/OpenHD-ImageWriter/build-src-Desktop_Qt_5_12_12_MinGW_32_bit-Debug/CMakeFiles/CMakeTmp/CheckSymbolExists.c:
/* */
#include <sys/types.h>
#include <sys/extattr.h>

int main(int argc, char** argv)
{
  (void)argv;
#ifndef EXTATTR_NAMESPACE_USER
  return ((int*)(&EXTATTR_NAMESPACE_USER))[argc];
#else
  (void)argc;
  return 0;
#endif
}
Determining if the XATTR_NOFOLLOW exist failed with the following output:
Change Dir: C:/Users/rapha/Documents/GitHub/OpenHD-ImageWriter/build-src-Desktop_Qt_5_12_12_MinGW_32_bit-Debug/CMakeFiles/CMakeTmp

Run Build Command(s):C:/Qt/Tools/Ninja/ninja.exe cmTC_7684c && [1/2] Building C object CMakeFiles/cmTC_7684c.dir/CheckSymbolExists.c.obj
FAILED: CMakeFiles/cmTC_7684c.dir/CheckSymbolExists.c.obj 
C:\Qt\Tools\mingw730_32\bin\gcc.exe   -Wall -Wformat -Wformat-security  -Wall -Wformat -Wformat-security -o CMakeFiles/cmTC_7684c.dir/CheckSymbolExists.c.obj -c C:/Users/rapha/Documents/GitHub/OpenHD-ImageWriter/build-src-Desktop_Qt_5_12_12_MinGW_32_bit-Debug/CMakeFiles/CMakeTmp/CheckSymbolExists.c
C:/Users/rapha/Documents/GitHub/OpenHD-ImageWriter/build-src-Desktop_Qt_5_12_12_MinGW_32_bit-Debug/CMakeFiles/CMakeTmp/CheckSymbolExists.c:2:10: fatal error: sys/xattr.h: No such file or directory
 #include <sys/xattr.h>
          ^~~~~~~~~~~~~
compilation terminated.
ninja: build stopped: subcommand failed.


File C:/Users/rapha/Documents/GitHub/OpenHD-ImageWriter/build-src-Desktop_Qt_5_12_12_MinGW_32_bit-Debug/CMakeFiles/CMakeTmp/CheckSymbolExists.c:
/* */
#include <sys/xattr.h>

int main(int argc, char** argv)
{
  (void)argv;
#ifndef XATTR_NOFOLLOW
  return ((int*)(&XATTR_NOFOLLOW))[argc];
#else
  (void)argc;
  return 0;
#endif
}
Determining if the function acl exists failed with the following output:
Change Dir: C:/Users/rapha/Documents/GitHub/OpenHD-ImageWriter/build-src-Desktop_Qt_5_12_12_MinGW_32_bit-Debug/CMakeFiles/CMakeTmp

Run Build Command(s):C:/Qt/Tools/Ninja/ninja.exe cmTC_5707c && [1/2] Building C object CMakeFiles/cmTC_5707c.dir/CheckFunctionExists.c.obj
[2/2] Linking C executable cmTC_5707c.exe
FAILED: cmTC_5707c.exe 
cmd.exe /C "cd . && C:\Qt\Tools\mingw730_32\bin\gcc.exe -Wall -Wformat -Wformat-security -Werror -DCHECK_FUNCTION_EXISTS=acl -Wall -Wformat -Wformat-security  CMakeFiles/cmTC_5707c.dir/CheckFunctionExists.c.obj -o cmTC_5707c.exe -Wl,--out-implib,libcmTC_5707c.dll.a -Wl,--major-image-version,0,--minor-image-version,0  -lkernel32 -luser32 -lgdi32 -lwinspool -lshell32 -lole32 -loleaut32 -luuid -lcomdlg32 -ladvapi32 && cd ."
CMakeFiles/cmTC_5707c.dir/CheckFunctionExists.c.obj:CheckFunctionExists.c:(.text+0xc): undefined reference to `acl'
collect2.exe: error: ld returned 1 exit status
ninja: build stopped: subcommand failed.



Determining if the function facl exists failed with the following output:
Change Dir: C:/Users/rapha/Documents/GitHub/OpenHD-ImageWriter/build-src-Desktop_Qt_5_12_12_MinGW_32_bit-Debug/CMakeFiles/CMakeTmp

Run Build Command(s):C:/Qt/Tools/Ninja/ninja.exe cmTC_2e9ad && [1/2] Building C object CMakeFiles/cmTC_2e9ad.dir/CheckFunctionExists.c.obj
[2/2] Linking C executable cmTC_2e9ad.exe
FAILED: cmTC_2e9ad.exe 
cmd.exe /C "cd . && C:\Qt\Tools\mingw730_32\bin\gcc.exe -Wall -Wformat -Wformat-security -Werror -DCHECK_FUNCTION_EXISTS=facl -Wall -Wformat -Wformat-security  CMakeFiles/cmTC_2e9ad.dir/CheckFunctionExists.c.obj -o cmTC_2e9ad.exe -Wl,--out-implib,libcmTC_2e9ad.dll.a -Wl,--major-image-version,0,--minor-image-version,0  -lkernel32 -luser32 -lgdi32 -lwinspool -lshell32 -lole32 -loleaut32 -luuid -lcomdlg32 -ladvapi32 && cd ."
CMakeFiles/cmTC_2e9ad.dir/CheckFunctionExists.c.obj:CheckFunctionExists.c:(.text+0xc): undefined reference to `facl'
collect2.exe: error: ld returned 1 exit status
ninja: build stopped: subcommand failed.



Determining if the function acl_get_file exists in the acl failed with the following output:
Change Dir: C:/Users/rapha/Documents/GitHub/OpenHD-ImageWriter/build-src-Desktop_Qt_5_12_12_MinGW_32_bit-Debug/CMakeFiles/CMakeTmp

Run Build Command(s):C:/Qt/Tools/Ninja/ninja.exe cmTC_39450 && [1/2] Building C object CMakeFiles/cmTC_39450.dir/CheckFunctionExists.c.obj
[2/2] Linking C executable cmTC_39450.exe
FAILED: cmTC_39450.exe 
cmd.exe /C "cd . && C:\Qt\Tools\mingw730_32\bin\gcc.exe -Wall -Wformat -Wformat-security -Werror -DCHECK_FUNCTION_EXISTS=acl_get_file -Wall -Wformat -Wformat-security  CMakeFiles/cmTC_39450.dir/CheckFunctionExists.c.obj -o cmTC_39450.exe -Wl,--out-implib,libcmTC_39450.dll.a -Wl,--major-image-version,0,--minor-image-version,0  -lacl  -lkernel32 -luser32 -lgdi32 -lwinspool -lshell32 -lole32 -loleaut32 -luuid -lcomdlg32 -ladvapi32 && cd ."
C:/Qt/Tools/mingw730_32/bin/../lib/gcc/i686-w64-mingw32/7.3.0/../../../../i686-w64-mingw32/bin/ld.exe: cannot find -lacl
collect2.exe: error: ld returned 1 exit status
ninja: build stopped: subcommand failed.



Performing C SOURCE FILE Test HAVE_ACL_T failed with the following output:
Change Dir: C:/Users/rapha/Documents/GitHub/OpenHD-ImageWriter/build-src-Desktop_Qt_5_12_12_MinGW_32_bit-Debug/CMakeFiles/CMakeTmp

Run Build Command(s):C:/Qt/Tools/Ninja/ninja.exe cmTC_0c0d9 && [1/2] Building C object CMakeFiles/cmTC_0c0d9.dir/src.c.obj
FAILED: CMakeFiles/cmTC_0c0d9.dir/src.c.obj 
C:\Qt\Tools\mingw730_32\bin\gcc.exe -DHAVE_ACL_T  -Wall -Wformat -Wformat-security -Werror -Wall -Wformat -Wformat-security -o CMakeFiles/cmTC_0c0d9.dir/src.c.obj -c C:/Users/rapha/Documents/GitHub/OpenHD-ImageWriter/build-src-Desktop_Qt_5_12_12_MinGW_32_bit-Debug/CMakeFiles/CMakeTmp/src.c
C:/Users/rapha/Documents/GitHub/OpenHD-ImageWriter/build-src-Desktop_Qt_5_12_12_MinGW_32_bit-Debug/CMakeFiles/CMakeTmp/src.c:3:10: fatal error: sys/acl.h: No such file or directory
 #include <sys/acl.h>
          ^~~~~~~~~~~
compilation terminated.
ninja: build stopped: subcommand failed.


Source file was:

#include <sys/types.h>
#include <sys/acl.h>

int main()
{
   static acl_t tmp;
   if (sizeof(tmp))
      return 0;
  return 0;
}

Performing C SOURCE FILE Test HAVE_ACL_ENTRY_T failed with the following output:
Change Dir: C:/Users/rapha/Documents/GitHub/OpenHD-ImageWriter/build-src-Desktop_Qt_5_12_12_MinGW_32_bit-Debug/CMakeFiles/CMakeTmp

Run Build Command(s):C:/Qt/Tools/Ninja/ninja.exe cmTC_3bc2b && [1/2] Building C object CMakeFiles/cmTC_3bc2b.dir/src.c.obj
FAILED: CMakeFiles/cmTC_3bc2b.dir/src.c.obj 
C:\Qt\Tools\mingw730_32\bin\gcc.exe -DHAVE_ACL_ENTRY_T  -Wall -Wformat -Wformat-security -Werror -Wall -Wformat -Wformat-security -o CMakeFiles/cmTC_3bc2b.dir/src.c.obj -c C:/Users/rapha/Documents/GitHub/OpenHD-ImageWriter/build-src-Desktop_Qt_5_12_12_MinGW_32_bit-Debug/CMakeFiles/CMakeTmp/src.c
C:/Users/rapha/Documents/GitHub/OpenHD-ImageWriter/build-src-Desktop_Qt_5_12_12_MinGW_32_bit-Debug/CMakeFiles/CMakeTmp/src.c:3:10: fatal error: sys/acl.h: No such file or directory
 #include <sys/acl.h>
          ^~~~~~~~~~~
compilation terminated.
ninja: build stopped: subcommand failed.


Source file was:

#include <sys/types.h>
#include <sys/acl.h>

int main()
{
   static acl_entry_t tmp;
   if (sizeof(tmp))
      return 0;
  return 0;
}

Performing C SOURCE FILE Test HAVE_ACL_PERMSET_T failed with the following output:
Change Dir: C:/Users/rapha/Documents/GitHub/OpenHD-ImageWriter/build-src-Desktop_Qt_5_12_12_MinGW_32_bit-Debug/CMakeFiles/CMakeTmp

Run Build Command(s):C:/Qt/Tools/Ninja/ninja.exe cmTC_11cd7 && [1/2] Building C object CMakeFiles/cmTC_11cd7.dir/src.c.obj
FAILED: CMakeFiles/cmTC_11cd7.dir/src.c.obj 
C:\Qt\Tools\mingw730_32\bin\gcc.exe -DHAVE_ACL_PERMSET_T  -Wall -Wformat -Wformat-security -Werror -Wall -Wformat -Wformat-security -o CMakeFiles/cmTC_11cd7.dir/src.c.obj -c C:/Users/rapha/Documents/GitHub/OpenHD-ImageWriter/build-src-Desktop_Qt_5_12_12_MinGW_32_bit-Debug/CMakeFiles/CMakeTmp/src.c
C:/Users/rapha/Documents/GitHub/OpenHD-ImageWriter/build-src-Desktop_Qt_5_12_12_MinGW_32_bit-Debug/CMakeFiles/CMakeTmp/src.c:3:10: fatal error: sys/acl.h: No such file or directory
 #include <sys/acl.h>
          ^~~~~~~~~~~
compilation terminated.
ninja: build stopped: subcommand failed.


Source file was:

#include <sys/types.h>
#include <sys/acl.h>

int main()
{
   static acl_permset_t tmp;
   if (sizeof(tmp))
      return 0;
  return 0;
}

Performing C SOURCE FILE Test HAVE_ACL_TAG_T failed with the following output:
Change Dir: C:/Users/rapha/Documents/GitHub/OpenHD-ImageWriter/build-src-Desktop_Qt_5_12_12_MinGW_32_bit-Debug/CMakeFiles/CMakeTmp

Run Build Command(s):C:/Qt/Tools/Ninja/ninja.exe cmTC_3afbe && [1/2] Building C object CMakeFiles/cmTC_3afbe.dir/src.c.obj
FAILED: CMakeFiles/cmTC_3afbe.dir/src.c.obj 
C:\Qt\Tools\mingw730_32\bin\gcc.exe -DHAVE_ACL_TAG_T  -Wall -Wformat -Wformat-security -Werror -Wall -Wformat -Wformat-security -o CMakeFiles/cmTC_3afbe.dir/src.c.obj -c C:/Users/rapha/Documents/GitHub/OpenHD-ImageWriter/build-src-Desktop_Qt_5_12_12_MinGW_32_bit-Debug/CMakeFiles/CMakeTmp/src.c
C:/Users/rapha/Documents/GitHub/OpenHD-ImageWriter/build-src-Desktop_Qt_5_12_12_MinGW_32_bit-Debug/CMakeFiles/CMakeTmp/src.c:3:10: fatal error: sys/acl.h: No such file or directory
 #include <sys/acl.h>
          ^~~~~~~~~~~
compilation terminated.
ninja: build stopped: subcommand failed.


Source file was:

#include <sys/types.h>
#include <sys/acl.h>

int main()
{
   static acl_tag_t tmp;
   if (sizeof(tmp))
      return 0;
  return 0;
}

Determining if the function richacl_get_file exists in the richacl failed with the following output:
Change Dir: C:/Users/rapha/Documents/GitHub/OpenHD-ImageWriter/build-src-Desktop_Qt_5_12_12_MinGW_32_bit-Debug/CMakeFiles/CMakeTmp

Run Build Command(s):C:/Qt/Tools/Ninja/ninja.exe cmTC_66e19 && [1/2] Building C object CMakeFiles/cmTC_66e19.dir/CheckFunctionExists.c.obj
[2/2] Linking C executable cmTC_66e19.exe
FAILED: cmTC_66e19.exe 
cmd.exe /C "cd . && C:\Qt\Tools\mingw730_32\bin\gcc.exe -Wall -Wformat -Wformat-security -Werror -DCHECK_FUNCTION_EXISTS=richacl_get_file -Wall -Wformat -Wformat-security  CMakeFiles/cmTC_66e19.dir/CheckFunctionExists.c.obj -o cmTC_66e19.exe -Wl,--out-implib,libcmTC_66e19.dll.a -Wl,--major-image-version,0,--minor-image-version,0  -lrichacl  -lkernel32 -luser32 -lgdi32 -lwinspool -lshell32 -lole32 -loleaut32 -luuid -lcomdlg32 -ladvapi32 && cd ."
C:/Qt/Tools/mingw730_32/bin/../lib/gcc/i686-w64-mingw32/7.3.0/../../../../i686-w64-mingw32/bin/ld.exe: cannot find -lrichacl
collect2.exe: error: ld returned 1 exit status
ninja: build stopped: subcommand failed.



Performing C SOURCE FILE Test HAVE_STRUCT_RICHACE failed with the following output:
Change Dir: C:/Users/rapha/Documents/GitHub/OpenHD-ImageWriter/build-src-Desktop_Qt_5_12_12_MinGW_32_bit-Debug/CMakeFiles/CMakeTmp

Run Build Command(s):C:/Qt/Tools/Ninja/ninja.exe cmTC_9ea18 && [1/2] Building C object CMakeFiles/cmTC_9ea18.dir/src.c.obj
FAILED: CMakeFiles/cmTC_9ea18.dir/src.c.obj 
C:\Qt\Tools\mingw730_32\bin\gcc.exe -DHAVE_STRUCT_RICHACE  -Wall -Wformat -Wformat-security -Werror -Wall -Wformat -Wformat-security -o CMakeFiles/cmTC_9ea18.dir/src.c.obj -c C:/Users/rapha/Documents/GitHub/OpenHD-ImageWriter/build-src-Desktop_Qt_5_12_12_MinGW_32_bit-Debug/CMakeFiles/CMakeTmp/src.c
C:/Users/rapha/Documents/GitHub/OpenHD-ImageWriter/build-src-Desktop_Qt_5_12_12_MinGW_32_bit-Debug/CMakeFiles/CMakeTmp/src.c:2:10: fatal error: sys/richacl.h: No such file or directory
 #include <sys/richacl.h>
          ^~~~~~~~~~~~~~~
compilation terminated.
ninja: build stopped: subcommand failed.


Source file was:

#include <sys/richacl.h>

int main()
{
  (void)sizeof(((struct richace *)0)->e_type);
  return 0;
}

Performing C SOURCE FILE Test HAVE_STRUCT_RICHACL failed with the following output:
Change Dir: C:/Users/rapha/Documents/GitHub/OpenHD-ImageWriter/build-src-Desktop_Qt_5_12_12_MinGW_32_bit-Debug/CMakeFiles/CMakeTmp

Run Build Command(s):C:/Qt/Tools/Ninja/ninja.exe cmTC_dc1f3 && [1/2] Building C object CMakeFiles/cmTC_dc1f3.dir/src.c.obj
FAILED: CMakeFiles/cmTC_dc1f3.dir/src.c.obj 
C:\Qt\Tools\mingw730_32\bin\gcc.exe -DHAVE_STRUCT_RICHACL  -Wall -Wformat -Wformat-security -Werror -Wall -Wformat -Wformat-security -o CMakeFiles/cmTC_dc1f3.dir/src.c.obj -c C:/Users/rapha/Documents/GitHub/OpenHD-ImageWriter/build-src-Desktop_Qt_5_12_12_MinGW_32_bit-Debug/CMakeFiles/CMakeTmp/src.c
C:/Users/rapha/Documents/GitHub/OpenHD-ImageWriter/build-src-Desktop_Qt_5_12_12_MinGW_32_bit-Debug/CMakeFiles/CMakeTmp/src.c:2:10: fatal error: sys/richacl.h: No such file or directory
 #include <sys/richacl.h>
          ^~~~~~~~~~~~~~~
compilation terminated.
ninja: build stopped: subcommand failed.


Source file was:

#include <sys/richacl.h>

int main()
{
  (void)sizeof(((struct richacl *)0)->a_flags);
  return 0;
}

