Determining if the function recv exists in the network; failed with the following output:
Change Dir: C:/Users/rapha/Documents/GitHub/OpenHD-ImageWriter/build-src-Desktop_Qt_5_12_12_MinGW_32_bit-Release/CMakeFiles/CMakeTmp

Run Build Command(s):C:/Qt/Tools/Ninja/ninja.exe cmTC_95782 && [1/2] Building C object CMakeFiles/cmTC_95782.dir/CheckFunctionExists.c.obj
[2/2] Linking C executable cmTC_95782.exe
FAILED: cmTC_95782.exe 
cmd.exe /C "cd . && C:\Qt\Tools\mingw730_32\bin\gcc.exe -w -DCHECK_FUNCTION_EXISTS=recv  CMakeFiles/cmTC_95782.dir/CheckFunctionExists.c.obj -o cmTC_95782.exe -Wl,--out-implib,libcmTC_95782.dll.a -Wl,--major-image-version,0,--minor-image-version,0  -lnetwork  -lkernel32 -luser32 -lgdi32 -lwinspool -lshell32 -lole32 -loleaut32 -luuid -lcomdlg32 -ladvapi32 && cd ."
C:/Qt/Tools/mingw730_32/bin/../lib/gcc/i686-w64-mingw32/7.3.0/../../../../i686-w64-mingw32/bin/ld.exe: cannot find -lnetwork
collect2.exe: error: ld returned 1 exit status
ninja: build stopped: subcommand failed.



Determining if the function idn2_lookup_ul exists in the idn2;winmm;ws2_32;advapi32;crypt32 failed with the following output:
Change Dir: C:/Users/rapha/Documents/GitHub/OpenHD-ImageWriter/build-src-Desktop_Qt_5_12_12_MinGW_32_bit-Release/CMakeFiles/CMakeTmp

Run Build Command(s):C:/Qt/Tools/Ninja/ninja.exe cmTC_848ff && [1/2] Building C object CMakeFiles/cmTC_848ff.dir/CheckFunctionExists.c.obj
[2/2] Linking C executable cmTC_848ff.exe
FAILED: cmTC_848ff.exe 
cmd.exe /C "cd . && C:\Qt\Tools\mingw730_32\bin\gcc.exe -w -DCHECK_FUNCTION_EXISTS=idn2_lookup_ul  CMakeFiles/cmTC_848ff.dir/CheckFunctionExists.c.obj -o cmTC_848ff.exe -Wl,--out-implib,libcmTC_848ff.dll.a -Wl,--major-image-version,0,--minor-image-version,0  -lidn2  -lwinmm  -lws2_32  -ladvapi32  -lcrypt32  -lkernel32 -luser32 -lgdi32 -lwinspool -lshell32 -lole32 -loleaut32 -luuid -lcomdlg32 -ladvapi32 && cd ."
C:/Qt/Tools/mingw730_32/bin/../lib/gcc/i686-w64-mingw32/7.3.0/../../../../i686-w64-mingw32/bin/ld.exe: cannot find -lidn2
collect2.exe: error: ld returned 1 exit status
ninja: build stopped: subcommand failed.



Determining if files windows.h;winsock.h;ws2tcpip.h;winsock2.h;stdio.h;sys/filio.h exist failed with the following output:
Change Dir: C:/Users/rapha/Documents/GitHub/OpenHD-ImageWriter/build-src-Desktop_Qt_5_12_12_MinGW_32_bit-Release/CMakeFiles/CMakeTmp

Run Build Command(s):C:/Qt/Tools/Ninja/ninja.exe cmTC_4c1d7 && [1/2] Building C object CMakeFiles/cmTC_4c1d7.dir/HAVE_SYS_FILIO_H.c.obj
FAILED: CMakeFiles/cmTC_4c1d7.dir/HAVE_SYS_FILIO_H.c.obj 
C:\Qt\Tools\mingw730_32\bin\gcc.exe   -w     -D_WINSOCKAPI_= -DSECURITY_WIN32 -o CMakeFiles/cmTC_4c1d7.dir/HAVE_SYS_FILIO_H.c.obj -c C:/Users/rapha/Documents/GitHub/OpenHD-ImageWriter/build-src-Desktop_Qt_5_12_12_MinGW_32_bit-Release/CMakeFiles/CheckIncludeFiles/HAVE_SYS_FILIO_H.c
C:/Users/rapha/Documents/GitHub/OpenHD-ImageWriter/build-src-Desktop_Qt_5_12_12_MinGW_32_bit-Release/CMakeFiles/CheckIncludeFiles/HAVE_SYS_FILIO_H.c:7:10: fatal error: sys/filio.h: No such file or directory
 #include <sys/filio.h>
          ^~~~~~~~~~~~~
compilation terminated.
ninja: build stopped: subcommand failed.


Source:
/* */
#include <windows.h>
#include <winsock.h>
#include <ws2tcpip.h>
#include <winsock2.h>
#include <stdio.h>
#include <sys/filio.h>


int main(void){return 0;}

Determining if files windows.h;winsock.h;ws2tcpip.h;winsock2.h;stdio.h;sys/ioctl.h exist failed with the following output:
Change Dir: C:/Users/rapha/Documents/GitHub/OpenHD-ImageWriter/build-src-Desktop_Qt_5_12_12_MinGW_32_bit-Release/CMakeFiles/CMakeTmp

Run Build Command(s):C:/Qt/Tools/Ninja/ninja.exe cmTC_655fe && [1/2] Building C object CMakeFiles/cmTC_655fe.dir/HAVE_SYS_IOCTL_H.c.obj
FAILED: CMakeFiles/cmTC_655fe.dir/HAVE_SYS_IOCTL_H.c.obj 
C:\Qt\Tools\mingw730_32\bin\gcc.exe   -w     -D_WINSOCKAPI_= -DSECURITY_WIN32 -o CMakeFiles/cmTC_655fe.dir/HAVE_SYS_IOCTL_H.c.obj -c C:/Users/rapha/Documents/GitHub/OpenHD-ImageWriter/build-src-Desktop_Qt_5_12_12_MinGW_32_bit-Release/CMakeFiles/CheckIncludeFiles/HAVE_SYS_IOCTL_H.c
C:/Users/rapha/Documents/GitHub/OpenHD-ImageWriter/build-src-Desktop_Qt_5_12_12_MinGW_32_bit-Release/CMakeFiles/CheckIncludeFiles/HAVE_SYS_IOCTL_H.c:7:10: fatal error: sys/ioctl.h: No such file or directory
 #include <sys/ioctl.h>
          ^~~~~~~~~~~~~
compilation terminated.
ninja: build stopped: subcommand failed.


Source:
/* */
#include <windows.h>
#include <winsock.h>
#include <ws2tcpip.h>
#include <winsock2.h>
#include <stdio.h>
#include <sys/ioctl.h>


int main(void){return 0;}

Determining if files windows.h;winsock.h;ws2tcpip.h;winsock2.h;stdio.h;sys/resource.h exist failed with the following output:
Change Dir: C:/Users/rapha/Documents/GitHub/OpenHD-ImageWriter/build-src-Desktop_Qt_5_12_12_MinGW_32_bit-Release/CMakeFiles/CMakeTmp

Run Build Command(s):C:/Qt/Tools/Ninja/ninja.exe cmTC_6dc20 && [1/2] Building C object CMakeFiles/cmTC_6dc20.dir/HAVE_SYS_RESOURCE_H.c.obj
FAILED: CMakeFiles/cmTC_6dc20.dir/HAVE_SYS_RESOURCE_H.c.obj 
C:\Qt\Tools\mingw730_32\bin\gcc.exe   -w     -D_WINSOCKAPI_= -DSECURITY_WIN32 -o CMakeFiles/cmTC_6dc20.dir/HAVE_SYS_RESOURCE_H.c.obj -c C:/Users/rapha/Documents/GitHub/OpenHD-ImageWriter/build-src-Desktop_Qt_5_12_12_MinGW_32_bit-Release/CMakeFiles/CheckIncludeFiles/HAVE_SYS_RESOURCE_H.c
C:/Users/rapha/Documents/GitHub/OpenHD-ImageWriter/build-src-Desktop_Qt_5_12_12_MinGW_32_bit-Release/CMakeFiles/CheckIncludeFiles/HAVE_SYS_RESOURCE_H.c:7:10: fatal error: sys/resource.h: No such file or directory
 #include <sys/resource.h>
          ^~~~~~~~~~~~~~~~
compilation terminated.
ninja: build stopped: subcommand failed.


Source:
/* */
#include <windows.h>
#include <winsock.h>
#include <ws2tcpip.h>
#include <winsock2.h>
#include <stdio.h>
#include <sys/resource.h>


int main(void){return 0;}

Determining if files windows.h;winsock.h;ws2tcpip.h;winsock2.h;stdio.h;sys/stat.h;sys/types.h;sys/uio.h exist failed with the following output:
Change Dir: C:/Users/rapha/Documents/GitHub/OpenHD-ImageWriter/build-src-Desktop_Qt_5_12_12_MinGW_32_bit-Release/CMakeFiles/CMakeTmp

Run Build Command(s):C:/Qt/Tools/Ninja/ninja.exe cmTC_85f67 && [1/2] Building C object CMakeFiles/cmTC_85f67.dir/HAVE_SYS_UIO_H.c.obj
FAILED: CMakeFiles/cmTC_85f67.dir/HAVE_SYS_UIO_H.c.obj 
C:\Qt\Tools\mingw730_32\bin\gcc.exe   -w     -D_WINSOCKAPI_= -DSECURITY_WIN32 -o CMakeFiles/cmTC_85f67.dir/HAVE_SYS_UIO_H.c.obj -c C:/Users/rapha/Documents/GitHub/OpenHD-ImageWriter/build-src-Desktop_Qt_5_12_12_MinGW_32_bit-Release/CMakeFiles/CheckIncludeFiles/HAVE_SYS_UIO_H.c
C:/Users/rapha/Documents/GitHub/OpenHD-ImageWriter/build-src-Desktop_Qt_5_12_12_MinGW_32_bit-Release/CMakeFiles/CheckIncludeFiles/HAVE_SYS_UIO_H.c:9:10: fatal error: sys/uio.h: No such file or directory
 #include <sys/uio.h>
          ^~~~~~~~~~~
compilation terminated.
ninja: build stopped: subcommand failed.


Source:
/* */
#include <windows.h>
#include <winsock.h>
#include <ws2tcpip.h>
#include <winsock2.h>
#include <stdio.h>
#include <sys/stat.h>
#include <sys/types.h>
#include <sys/uio.h>


int main(void){return 0;}

Determining if files windows.h;winsock.h;ws2tcpip.h;winsock2.h;stdio.h;sys/stat.h;sys/types.h;sys/un.h exist failed with the following output:
Change Dir: C:/Users/rapha/Documents/GitHub/OpenHD-ImageWriter/build-src-Desktop_Qt_5_12_12_MinGW_32_bit-Release/CMakeFiles/CMakeTmp

Run Build Command(s):C:/Qt/Tools/Ninja/ninja.exe cmTC_d627c && [1/2] Building C object CMakeFiles/cmTC_d627c.dir/HAVE_SYS_UN_H.c.obj
FAILED: CMakeFiles/cmTC_d627c.dir/HAVE_SYS_UN_H.c.obj 
C:\Qt\Tools\mingw730_32\bin\gcc.exe   -w     -D_WINSOCKAPI_= -DSECURITY_WIN32 -o CMakeFiles/cmTC_d627c.dir/HAVE_SYS_UN_H.c.obj -c C:/Users/rapha/Documents/GitHub/OpenHD-ImageWriter/build-src-Desktop_Qt_5_12_12_MinGW_32_bit-Release/CMakeFiles/CheckIncludeFiles/HAVE_SYS_UN_H.c
C:/Users/rapha/Documents/GitHub/OpenHD-ImageWriter/build-src-Desktop_Qt_5_12_12_MinGW_32_bit-Release/CMakeFiles/CheckIncludeFiles/HAVE_SYS_UN_H.c:9:10: fatal error: sys/un.h: No such file or directory
 #include <sys/un.h>
          ^~~~~~~~~~
compilation terminated.
ninja: build stopped: subcommand failed.


Source:
/* */
#include <windows.h>
#include <winsock.h>
#include <ws2tcpip.h>
#include <winsock2.h>
#include <stdio.h>
#include <sys/stat.h>
#include <sys/types.h>
#include <sys/un.h>


int main(void){return 0;}

Determining if files windows.h;winsock.h;ws2tcpip.h;winsock2.h;stdio.h;sys/stat.h;sys/types.h;sys/utime.h;sys/xattr.h exist failed with the following output:
Change Dir: C:/Users/rapha/Documents/GitHub/OpenHD-ImageWriter/build-src-Desktop_Qt_5_12_12_MinGW_32_bit-Release/CMakeFiles/CMakeTmp

Run Build Command(s):C:/Qt/Tools/Ninja/ninja.exe cmTC_62bef && [1/2] Building C object CMakeFiles/cmTC_62bef.dir/HAVE_SYS_XATTR_H.c.obj
FAILED: CMakeFiles/cmTC_62bef.dir/HAVE_SYS_XATTR_H.c.obj 
C:\Qt\Tools\mingw730_32\bin\gcc.exe   -w     -D_WINSOCKAPI_= -DSECURITY_WIN32 -o CMakeFiles/cmTC_62bef.dir/HAVE_SYS_XATTR_H.c.obj -c C:/Users/rapha/Documents/GitHub/OpenHD-ImageWriter/build-src-Desktop_Qt_5_12_12_MinGW_32_bit-Release/CMakeFiles/CheckIncludeFiles/HAVE_SYS_XATTR_H.c
C:/Users/rapha/Documents/GitHub/OpenHD-ImageWriter/build-src-Desktop_Qt_5_12_12_MinGW_32_bit-Release/CMakeFiles/CheckIncludeFiles/HAVE_SYS_XATTR_H.c:10:10: fatal error: sys/xattr.h: No such file or directory
 #include <sys/xattr.h>
          ^~~~~~~~~~~~~
compilation terminated.
ninja: build stopped: subcommand failed.


Source:
/* */
#include <windows.h>
#include <winsock.h>
#include <ws2tcpip.h>
#include <winsock2.h>
#include <stdio.h>
#include <sys/stat.h>
#include <sys/types.h>
#include <sys/utime.h>
#include <sys/xattr.h>


int main(void){return 0;}

Determining if files windows.h;winsock.h;ws2tcpip.h;winsock2.h;stdio.h;sys/stat.h;sys/types.h;sys/utime.h;arpa/tftp.h exist failed with the following output:
Change Dir: C:/Users/rapha/Documents/GitHub/OpenHD-ImageWriter/build-src-Desktop_Qt_5_12_12_MinGW_32_bit-Release/CMakeFiles/CMakeTmp

Run Build Command(s):C:/Qt/Tools/Ninja/ninja.exe cmTC_298e1 && [1/2] Building C object CMakeFiles/cmTC_298e1.dir/HAVE_ARPA_TFTP_H.c.obj
FAILED: CMakeFiles/cmTC_298e1.dir/HAVE_ARPA_TFTP_H.c.obj 
C:\Qt\Tools\mingw730_32\bin\gcc.exe   -w     -D_WINSOCKAPI_= -DSECURITY_WIN32 -o CMakeFiles/cmTC_298e1.dir/HAVE_ARPA_TFTP_H.c.obj -c C:/Users/rapha/Documents/GitHub/OpenHD-ImageWriter/build-src-Desktop_Qt_5_12_12_MinGW_32_bit-Release/CMakeFiles/CheckIncludeFiles/HAVE_ARPA_TFTP_H.c
C:/Users/rapha/Documents/GitHub/OpenHD-ImageWriter/build-src-Desktop_Qt_5_12_12_MinGW_32_bit-Release/CMakeFiles/CheckIncludeFiles/HAVE_ARPA_TFTP_H.c:10:10: fatal error: arpa/tftp.h: No such file or directory
 #include <arpa/tftp.h>
          ^~~~~~~~~~~~~
compilation terminated.
ninja: build stopped: subcommand failed.


Source:
/* */
#include <windows.h>
#include <winsock.h>
#include <ws2tcpip.h>
#include <winsock2.h>
#include <stdio.h>
#include <sys/stat.h>
#include <sys/types.h>
#include <sys/utime.h>
#include <arpa/tftp.h>


int main(void){return 0;}

Determining if files windows.h;winsock.h;ws2tcpip.h;winsock2.h;stdio.h;sys/stat.h;sys/types.h;sys/utime.h;assert.h;crypto.h exist failed with the following output:
Change Dir: C:/Users/rapha/Documents/GitHub/OpenHD-ImageWriter/build-src-Desktop_Qt_5_12_12_MinGW_32_bit-Release/CMakeFiles/CMakeTmp

Run Build Command(s):C:/Qt/Tools/Ninja/ninja.exe cmTC_c5cad && [1/2] Building C object CMakeFiles/cmTC_c5cad.dir/HAVE_CRYPTO_H.c.obj
FAILED: CMakeFiles/cmTC_c5cad.dir/HAVE_CRYPTO_H.c.obj 
C:\Qt\Tools\mingw730_32\bin\gcc.exe   -w     -D_WINSOCKAPI_= -DSECURITY_WIN32 -o CMakeFiles/cmTC_c5cad.dir/HAVE_CRYPTO_H.c.obj -c C:/Users/rapha/Documents/GitHub/OpenHD-ImageWriter/build-src-Desktop_Qt_5_12_12_MinGW_32_bit-Release/CMakeFiles/CheckIncludeFiles/HAVE_CRYPTO_H.c
C:/Users/rapha/Documents/GitHub/OpenHD-ImageWriter/build-src-Desktop_Qt_5_12_12_MinGW_32_bit-Release/CMakeFiles/CheckIncludeFiles/HAVE_CRYPTO_H.c:11:10: fatal error: crypto.h: No such file or directory
 #include <crypto.h>
          ^~~~~~~~~~
compilation terminated.
ninja: build stopped: subcommand failed.


Source:
/* */
#include <windows.h>
#include <winsock.h>
#include <ws2tcpip.h>
#include <winsock2.h>
#include <stdio.h>
#include <sys/stat.h>
#include <sys/types.h>
#include <sys/utime.h>
#include <assert.h>
#include <crypto.h>


int main(void){return 0;}

Determining if files windows.h;winsock.h;ws2tcpip.h;winsock2.h;stdio.h;sys/stat.h;sys/types.h;sys/utime.h;assert.h;des.h exist failed with the following output:
Change Dir: C:/Users/rapha/Documents/GitHub/OpenHD-ImageWriter/build-src-Desktop_Qt_5_12_12_MinGW_32_bit-Release/CMakeFiles/CMakeTmp

Run Build Command(s):C:/Qt/Tools/Ninja/ninja.exe cmTC_7f785 && [1/2] Building C object CMakeFiles/cmTC_7f785.dir/HAVE_DES_H.c.obj
FAILED: CMakeFiles/cmTC_7f785.dir/HAVE_DES_H.c.obj 
C:\Qt\Tools\mingw730_32\bin\gcc.exe   -w     -D_WINSOCKAPI_= -DSECURITY_WIN32 -o CMakeFiles/cmTC_7f785.dir/HAVE_DES_H.c.obj -c C:/Users/rapha/Documents/GitHub/OpenHD-ImageWriter/build-src-Desktop_Qt_5_12_12_MinGW_32_bit-Release/CMakeFiles/CheckIncludeFiles/HAVE_DES_H.c
C:/Users/rapha/Documents/GitHub/OpenHD-ImageWriter/build-src-Desktop_Qt_5_12_12_MinGW_32_bit-Release/CMakeFiles/CheckIncludeFiles/HAVE_DES_H.c:11:10: fatal error: des.h: No such file or directory
 #include <des.h>
          ^~~~~~~
compilation terminated.
ninja: build stopped: subcommand failed.


Source:
/* */
#include <windows.h>
#include <winsock.h>
#include <ws2tcpip.h>
#include <winsock2.h>
#include <stdio.h>
#include <sys/stat.h>
#include <sys/types.h>
#include <sys/utime.h>
#include <assert.h>
#include <des.h>


int main(void){return 0;}

Determining if files windows.h;winsock.h;ws2tcpip.h;winsock2.h;stdio.h;sys/stat.h;sys/types.h;sys/utime.h;assert.h;err.h exist failed with the following output:
Change Dir: C:/Users/rapha/Documents/GitHub/OpenHD-ImageWriter/build-src-Desktop_Qt_5_12_12_MinGW_32_bit-Release/CMakeFiles/CMakeTmp

Run Build Command(s):C:/Qt/Tools/Ninja/ninja.exe cmTC_396bd && [1/2] Building C object CMakeFiles/cmTC_396bd.dir/HAVE_ERR_H.c.obj
FAILED: CMakeFiles/cmTC_396bd.dir/HAVE_ERR_H.c.obj 
C:\Qt\Tools\mingw730_32\bin\gcc.exe   -w     -D_WINSOCKAPI_= -DSECURITY_WIN32 -o CMakeFiles/cmTC_396bd.dir/HAVE_ERR_H.c.obj -c C:/Users/rapha/Documents/GitHub/OpenHD-ImageWriter/build-src-Desktop_Qt_5_12_12_MinGW_32_bit-Release/CMakeFiles/CheckIncludeFiles/HAVE_ERR_H.c
C:/Users/rapha/Documents/GitHub/OpenHD-ImageWriter/build-src-Desktop_Qt_5_12_12_MinGW_32_bit-Release/CMakeFiles/CheckIncludeFiles/HAVE_ERR_H.c:11:10: fatal error: err.h: No such file or directory
 #include <err.h>
          ^~~~~~~
compilation terminated.
ninja: build stopped: subcommand failed.


Source:
/* */
#include <windows.h>
#include <winsock.h>
#include <ws2tcpip.h>
#include <winsock2.h>
#include <stdio.h>
#include <sys/stat.h>
#include <sys/types.h>
#include <sys/utime.h>
#include <assert.h>
#include <err.h>


int main(void){return 0;}

Determining if files windows.h;winsock.h;ws2tcpip.h;winsock2.h;stdio.h;sys/stat.h;sys/types.h;sys/utime.h;assert.h;errno.h;fcntl.h;idn2.h exist failed with the following output:
Change Dir: C:/Users/rapha/Documents/GitHub/OpenHD-ImageWriter/build-src-Desktop_Qt_5_12_12_MinGW_32_bit-Release/CMakeFiles/CMakeTmp

Run Build Command(s):C:/Qt/Tools/Ninja/ninja.exe cmTC_c4b95 && [1/2] Building C object CMakeFiles/cmTC_c4b95.dir/HAVE_IDN2_H.c.obj
FAILED: CMakeFiles/cmTC_c4b95.dir/HAVE_IDN2_H.c.obj 
C:\Qt\Tools\mingw730_32\bin\gcc.exe   -w     -D_WINSOCKAPI_= -DSECURITY_WIN32 -o CMakeFiles/cmTC_c4b95.dir/HAVE_IDN2_H.c.obj -c C:/Users/rapha/Documents/GitHub/OpenHD-ImageWriter/build-src-Desktop_Qt_5_12_12_MinGW_32_bit-Release/CMakeFiles/CheckIncludeFiles/HAVE_IDN2_H.c
C:/Users/rapha/Documents/GitHub/OpenHD-ImageWriter/build-src-Desktop_Qt_5_12_12_MinGW_32_bit-Release/CMakeFiles/CheckIncludeFiles/HAVE_IDN2_H.c:13:10: fatal error: idn2.h: No such file or directory
 #include <idn2.h>
          ^~~~~~~~
compilation terminated.
ninja: build stopped: subcommand failed.


Source:
/* */
#include <windows.h>
#include <winsock.h>
#include <ws2tcpip.h>
#include <winsock2.h>
#include <stdio.h>
#include <sys/stat.h>
#include <sys/types.h>
#include <sys/utime.h>
#include <assert.h>
#include <errno.h>
#include <fcntl.h>
#include <idn2.h>


int main(void){return 0;}

Determining if files windows.h;winsock.h;ws2tcpip.h;winsock2.h;stdio.h;sys/stat.h;sys/types.h;sys/utime.h;assert.h;errno.h;fcntl.h;ifaddrs.h exist failed with the following output:
Change Dir: C:/Users/rapha/Documents/GitHub/OpenHD-ImageWriter/build-src-Desktop_Qt_5_12_12_MinGW_32_bit-Release/CMakeFiles/CMakeTmp

Run Build Command(s):C:/Qt/Tools/Ninja/ninja.exe cmTC_5117a && [1/2] Building C object CMakeFiles/cmTC_5117a.dir/HAVE_IFADDRS_H.c.obj
FAILED: CMakeFiles/cmTC_5117a.dir/HAVE_IFADDRS_H.c.obj 
C:\Qt\Tools\mingw730_32\bin\gcc.exe   -w     -D_WINSOCKAPI_= -DSECURITY_WIN32 -o CMakeFiles/cmTC_5117a.dir/HAVE_IFADDRS_H.c.obj -c C:/Users/rapha/Documents/GitHub/OpenHD-ImageWriter/build-src-Desktop_Qt_5_12_12_MinGW_32_bit-Release/CMakeFiles/CheckIncludeFiles/HAVE_IFADDRS_H.c
C:/Users/rapha/Documents/GitHub/OpenHD-ImageWriter/build-src-Desktop_Qt_5_12_12_MinGW_32_bit-Release/CMakeFiles/CheckIncludeFiles/HAVE_IFADDRS_H.c:13:10: fatal error: ifaddrs.h: No such file or directory
 #include <ifaddrs.h>
          ^~~~~~~~~~~
compilation terminated.
ninja: build stopped: subcommand failed.


Source:
/* */
#include <windows.h>
#include <winsock.h>
#include <ws2tcpip.h>
#include <winsock2.h>
#include <stdio.h>
#include <sys/stat.h>
#include <sys/types.h>
#include <sys/utime.h>
#include <assert.h>
#include <errno.h>
#include <fcntl.h>
#include <ifaddrs.h>


int main(void){return 0;}

Determining if files windows.h;winsock.h;ws2tcpip.h;winsock2.h;stdio.h;sys/stat.h;sys/types.h;sys/utime.h;assert.h;errno.h;fcntl.h;io.h;krb.h exist failed with the following output:
Change Dir: C:/Users/rapha/Documents/GitHub/OpenHD-ImageWriter/build-src-Desktop_Qt_5_12_12_MinGW_32_bit-Release/CMakeFiles/CMakeTmp

Run Build Command(s):C:/Qt/Tools/Ninja/ninja.exe cmTC_03f0b && [1/2] Building C object CMakeFiles/cmTC_03f0b.dir/HAVE_KRB_H.c.obj
FAILED: CMakeFiles/cmTC_03f0b.dir/HAVE_KRB_H.c.obj 
C:\Qt\Tools\mingw730_32\bin\gcc.exe   -w     -D_WINSOCKAPI_= -DSECURITY_WIN32 -o CMakeFiles/cmTC_03f0b.dir/HAVE_KRB_H.c.obj -c C:/Users/rapha/Documents/GitHub/OpenHD-ImageWriter/build-src-Desktop_Qt_5_12_12_MinGW_32_bit-Release/CMakeFiles/CheckIncludeFiles/HAVE_KRB_H.c
C:/Users/rapha/Documents/GitHub/OpenHD-ImageWriter/build-src-Desktop_Qt_5_12_12_MinGW_32_bit-Release/CMakeFiles/CheckIncludeFiles/HAVE_KRB_H.c:14:10: fatal error: krb.h: No such file or directory
 #include <krb.h>
          ^~~~~~~
compilation terminated.
ninja: build stopped: subcommand failed.


Source:
/* */
#include <windows.h>
#include <winsock.h>
#include <ws2tcpip.h>
#include <winsock2.h>
#include <stdio.h>
#include <sys/stat.h>
#include <sys/types.h>
#include <sys/utime.h>
#include <assert.h>
#include <errno.h>
#include <fcntl.h>
#include <io.h>
#include <krb.h>


int main(void){return 0;}

Determining if files windows.h;winsock.h;ws2tcpip.h;winsock2.h;stdio.h;sys/stat.h;sys/types.h;sys/utime.h;assert.h;errno.h;fcntl.h;io.h;libgen.h;locale.h;netinet/tcp.h exist failed with the following output:
Change Dir: C:/Users/rapha/Documents/GitHub/OpenHD-ImageWriter/build-src-Desktop_Qt_5_12_12_MinGW_32_bit-Release/CMakeFiles/CMakeTmp

Run Build Command(s):C:/Qt/Tools/Ninja/ninja.exe cmTC_2bd7e && [1/2] Building C object CMakeFiles/cmTC_2bd7e.dir/HAVE_NETINET_TCP_H.c.obj
FAILED: CMakeFiles/cmTC_2bd7e.dir/HAVE_NETINET_TCP_H.c.obj 
C:\Qt\Tools\mingw730_32\bin\gcc.exe   -w     -D_WINSOCKAPI_= -DSECURITY_WIN32 -o CMakeFiles/cmTC_2bd7e.dir/HAVE_NETINET_TCP_H.c.obj -c C:/Users/rapha/Documents/GitHub/OpenHD-ImageWriter/build-src-Desktop_Qt_5_12_12_MinGW_32_bit-Release/CMakeFiles/CheckIncludeFiles/HAVE_NETINET_TCP_H.c
C:/Users/rapha/Documents/GitHub/OpenHD-ImageWriter/build-src-Desktop_Qt_5_12_12_MinGW_32_bit-Release/CMakeFiles/CheckIncludeFiles/HAVE_NETINET_TCP_H.c:16:10: fatal error: netinet/tcp.h: No such file or directory
 #include <netinet/tcp.h>
          ^~~~~~~~~~~~~~~
compilation terminated.
ninja: build stopped: subcommand failed.


Source:
/* */
#include <windows.h>
#include <winsock.h>
#include <ws2tcpip.h>
#include <winsock2.h>
#include <stdio.h>
#include <sys/stat.h>
#include <sys/types.h>
#include <sys/utime.h>
#include <assert.h>
#include <errno.h>
#include <fcntl.h>
#include <io.h>
#include <libgen.h>
#include <locale.h>
#include <netinet/tcp.h>


int main(void){return 0;}

Determining if files windows.h;winsock.h;ws2tcpip.h;winsock2.h;stdio.h;sys/stat.h;sys/types.h;sys/utime.h;assert.h;errno.h;fcntl.h;io.h;libgen.h;locale.h;pem.h exist failed with the following output:
Change Dir: C:/Users/rapha/Documents/GitHub/OpenHD-ImageWriter/build-src-Desktop_Qt_5_12_12_MinGW_32_bit-Release/CMakeFiles/CMakeTmp

Run Build Command(s):C:/Qt/Tools/Ninja/ninja.exe cmTC_09e7b && [1/2] Building C object CMakeFiles/cmTC_09e7b.dir/HAVE_PEM_H.c.obj
FAILED: CMakeFiles/cmTC_09e7b.dir/HAVE_PEM_H.c.obj 
C:\Qt\Tools\mingw730_32\bin\gcc.exe   -w     -D_WINSOCKAPI_= -DSECURITY_WIN32 -o CMakeFiles/cmTC_09e7b.dir/HAVE_PEM_H.c.obj -c C:/Users/rapha/Documents/GitHub/OpenHD-ImageWriter/build-src-Desktop_Qt_5_12_12_MinGW_32_bit-Release/CMakeFiles/CheckIncludeFiles/HAVE_PEM_H.c
C:/Users/rapha/Documents/GitHub/OpenHD-ImageWriter/build-src-Desktop_Qt_5_12_12_MinGW_32_bit-Release/CMakeFiles/CheckIncludeFiles/HAVE_PEM_H.c:16:10: fatal error: pem.h: No such file or directory
 #include <pem.h>
          ^~~~~~~
compilation terminated.
ninja: build stopped: subcommand failed.


Source:
/* */
#include <windows.h>
#include <winsock.h>
#include <ws2tcpip.h>
#include <winsock2.h>
#include <stdio.h>
#include <sys/stat.h>
#include <sys/types.h>
#include <sys/utime.h>
#include <assert.h>
#include <errno.h>
#include <fcntl.h>
#include <io.h>
#include <libgen.h>
#include <locale.h>
#include <pem.h>


int main(void){return 0;}

Determining if files windows.h;winsock.h;ws2tcpip.h;winsock2.h;stdio.h;sys/stat.h;sys/types.h;sys/utime.h;assert.h;errno.h;fcntl.h;io.h;libgen.h;locale.h;poll.h exist failed with the following output:
Change Dir: C:/Users/rapha/Documents/GitHub/OpenHD-ImageWriter/build-src-Desktop_Qt_5_12_12_MinGW_32_bit-Release/CMakeFiles/CMakeTmp

Run Build Command(s):C:/Qt/Tools/Ninja/ninja.exe cmTC_65106 && [1/2] Building C object CMakeFiles/cmTC_65106.dir/HAVE_POLL_H.c.obj
FAILED: CMakeFiles/cmTC_65106.dir/HAVE_POLL_H.c.obj 
C:\Qt\Tools\mingw730_32\bin\gcc.exe   -w     -D_WINSOCKAPI_= -DSECURITY_WIN32 -o CMakeFiles/cmTC_65106.dir/HAVE_POLL_H.c.obj -c C:/Users/rapha/Documents/GitHub/OpenHD-ImageWriter/build-src-Desktop_Qt_5_12_12_MinGW_32_bit-Release/CMakeFiles/CheckIncludeFiles/HAVE_POLL_H.c
C:/Users/rapha/Documents/GitHub/OpenHD-ImageWriter/build-src-Desktop_Qt_5_12_12_MinGW_32_bit-Release/CMakeFiles/CheckIncludeFiles/HAVE_POLL_H.c:16:10: fatal error: poll.h: No such file or directory
 #include <poll.h>
          ^~~~~~~~
compilation terminated.
ninja: build stopped: subcommand failed.


Source:
/* */
#include <windows.h>
#include <winsock.h>
#include <ws2tcpip.h>
#include <winsock2.h>
#include <stdio.h>
#include <sys/stat.h>
#include <sys/types.h>
#include <sys/utime.h>
#include <assert.h>
#include <errno.h>
#include <fcntl.h>
#include <io.h>
#include <libgen.h>
#include <locale.h>
#include <poll.h>


int main(void){return 0;}

Determining if files windows.h;winsock.h;ws2tcpip.h;winsock2.h;stdio.h;sys/stat.h;sys/types.h;sys/utime.h;assert.h;errno.h;fcntl.h;io.h;libgen.h;locale.h;rsa.h exist failed with the following output:
Change Dir: C:/Users/rapha/Documents/GitHub/OpenHD-ImageWriter/build-src-Desktop_Qt_5_12_12_MinGW_32_bit-Release/CMakeFiles/CMakeTmp

Run Build Command(s):C:/Qt/Tools/Ninja/ninja.exe cmTC_0e6e7 && [1/2] Building C object CMakeFiles/cmTC_0e6e7.dir/HAVE_RSA_H.c.obj
FAILED: CMakeFiles/cmTC_0e6e7.dir/HAVE_RSA_H.c.obj 
C:\Qt\Tools\mingw730_32\bin\gcc.exe   -w     -D_WINSOCKAPI_= -DSECURITY_WIN32 -o CMakeFiles/cmTC_0e6e7.dir/HAVE_RSA_H.c.obj -c C:/Users/rapha/Documents/GitHub/OpenHD-ImageWriter/build-src-Desktop_Qt_5_12_12_MinGW_32_bit-Release/CMakeFiles/CheckIncludeFiles/HAVE_RSA_H.c
C:/Users/rapha/Documents/GitHub/OpenHD-ImageWriter/build-src-Desktop_Qt_5_12_12_MinGW_32_bit-Release/CMakeFiles/CheckIncludeFiles/HAVE_RSA_H.c:16:10: fatal error: rsa.h: No such file or directory
 #include <rsa.h>
          ^~~~~~~
compilation terminated.
ninja: build stopped: subcommand failed.


Source:
/* */
#include <windows.h>
#include <winsock.h>
#include <ws2tcpip.h>
#include <winsock2.h>
#include <stdio.h>
#include <sys/stat.h>
#include <sys/types.h>
#include <sys/utime.h>
#include <assert.h>
#include <errno.h>
#include <fcntl.h>
#include <io.h>
#include <libgen.h>
#include <locale.h>
#include <rsa.h>


int main(void){return 0;}

Determining if files windows.h;winsock.h;ws2tcpip.h;winsock2.h;stdio.h;sys/stat.h;sys/types.h;sys/utime.h;assert.h;errno.h;fcntl.h;io.h;libgen.h;locale.h;setjmp.h;signal.h;ssl.h exist failed with the following output:
Change Dir: C:/Users/rapha/Documents/GitHub/OpenHD-ImageWriter/build-src-Desktop_Qt_5_12_12_MinGW_32_bit-Release/CMakeFiles/CMakeTmp

Run Build Command(s):C:/Qt/Tools/Ninja/ninja.exe cmTC_74cc1 && [1/2] Building C object CMakeFiles/cmTC_74cc1.dir/HAVE_SSL_H.c.obj
FAILED: CMakeFiles/cmTC_74cc1.dir/HAVE_SSL_H.c.obj 
C:\Qt\Tools\mingw730_32\bin\gcc.exe   -w     -D_WINSOCKAPI_= -DSECURITY_WIN32 -o CMakeFiles/cmTC_74cc1.dir/HAVE_SSL_H.c.obj -c C:/Users/rapha/Documents/GitHub/OpenHD-ImageWriter/build-src-Desktop_Qt_5_12_12_MinGW_32_bit-Release/CMakeFiles/CheckIncludeFiles/HAVE_SSL_H.c
C:/Users/rapha/Documents/GitHub/OpenHD-ImageWriter/build-src-Desktop_Qt_5_12_12_MinGW_32_bit-Release/CMakeFiles/CheckIncludeFiles/HAVE_SSL_H.c:18:10: fatal error: ssl.h: No such file or directory
 #include <ssl.h>
          ^~~~~~~
compilation terminated.
ninja: build stopped: subcommand failed.


Source:
/* */
#include <windows.h>
#include <winsock.h>
#include <ws2tcpip.h>
#include <winsock2.h>
#include <stdio.h>
#include <sys/stat.h>
#include <sys/types.h>
#include <sys/utime.h>
#include <assert.h>
#include <errno.h>
#include <fcntl.h>
#include <io.h>
#include <libgen.h>
#include <locale.h>
#include <setjmp.h>
#include <signal.h>
#include <ssl.h>


int main(void){return 0;}

Determining if files windows.h;winsock.h;ws2tcpip.h;winsock2.h;stdio.h;sys/stat.h;sys/types.h;sys/utime.h;assert.h;errno.h;fcntl.h;io.h;libgen.h;locale.h;setjmp.h;signal.h;stdbool.h;stdio.h;stdlib.h;string.h;stropts.h exist failed with the following output:
Change Dir: C:/Users/rapha/Documents/GitHub/OpenHD-ImageWriter/build-src-Desktop_Qt_5_12_12_MinGW_32_bit-Release/CMakeFiles/CMakeTmp

Run Build Command(s):C:/Qt/Tools/Ninja/ninja.exe cmTC_ee448 && [1/2] Building C object CMakeFiles/cmTC_ee448.dir/HAVE_STROPTS_H.c.obj
FAILED: CMakeFiles/cmTC_ee448.dir/HAVE_STROPTS_H.c.obj 
C:\Qt\Tools\mingw730_32\bin\gcc.exe   -w     -D_WINSOCKAPI_= -DSECURITY_WIN32 -o CMakeFiles/cmTC_ee448.dir/HAVE_STROPTS_H.c.obj -c C:/Users/rapha/Documents/GitHub/OpenHD-ImageWriter/build-src-Desktop_Qt_5_12_12_MinGW_32_bit-Release/CMakeFiles/CheckIncludeFiles/HAVE_STROPTS_H.c
C:/Users/rapha/Documents/GitHub/OpenHD-ImageWriter/build-src-Desktop_Qt_5_12_12_MinGW_32_bit-Release/CMakeFiles/CheckIncludeFiles/HAVE_STROPTS_H.c:22:10: fatal error: stropts.h: No such file or directory
 #include <stropts.h>
          ^~~~~~~~~~~
compilation terminated.
ninja: build stopped: subcommand failed.


Source:
/* */
#include <windows.h>
#include <winsock.h>
#include <ws2tcpip.h>
#include <winsock2.h>
#include <stdio.h>
#include <sys/stat.h>
#include <sys/types.h>
#include <sys/utime.h>
#include <assert.h>
#include <errno.h>
#include <fcntl.h>
#include <io.h>
#include <libgen.h>
#include <locale.h>
#include <setjmp.h>
#include <signal.h>
#include <stdbool.h>
#include <stdio.h>
#include <stdlib.h>
#include <string.h>
#include <stropts.h>


int main(void){return 0;}

Determining if files windows.h;winsock.h;ws2tcpip.h;winsock2.h;stdio.h;sys/stat.h;sys/types.h;sys/utime.h;assert.h;errno.h;fcntl.h;io.h;libgen.h;locale.h;setjmp.h;signal.h;stdbool.h;stdio.h;stdlib.h;string.h;time.h;process.h;stddef.h;malloc.h;memory.h;sys/utsname.h exist failed with the following output:
Change Dir: C:/Users/rapha/Documents/GitHub/OpenHD-ImageWriter/build-src-Desktop_Qt_5_12_12_MinGW_32_bit-Release/CMakeFiles/CMakeTmp

Run Build Command(s):C:/Qt/Tools/Ninja/ninja.exe cmTC_a50c9 && [1/2] Building C object CMakeFiles/cmTC_a50c9.dir/HAVE_SYS_UTSNAME_H.c.obj
FAILED: CMakeFiles/cmTC_a50c9.dir/HAVE_SYS_UTSNAME_H.c.obj 
C:\Qt\Tools\mingw730_32\bin\gcc.exe   -w     -D_WINSOCKAPI_= -DSECURITY_WIN32 -o CMakeFiles/cmTC_a50c9.dir/HAVE_SYS_UTSNAME_H.c.obj -c C:/Users/rapha/Documents/GitHub/OpenHD-ImageWriter/build-src-Desktop_Qt_5_12_12_MinGW_32_bit-Release/CMakeFiles/CheckIncludeFiles/HAVE_SYS_UTSNAME_H.c
C:/Users/rapha/Documents/GitHub/OpenHD-ImageWriter/build-src-Desktop_Qt_5_12_12_MinGW_32_bit-Release/CMakeFiles/CheckIncludeFiles/HAVE_SYS_UTSNAME_H.c:27:10: fatal error: sys/utsname.h: No such file or directory
 #include <sys/utsname.h>
          ^~~~~~~~~~~~~~~
compilation terminated.
ninja: build stopped: subcommand failed.


Source:
/* */
#include <windows.h>
#include <winsock.h>
#include <ws2tcpip.h>
#include <winsock2.h>
#include <stdio.h>
#include <sys/stat.h>
#include <sys/types.h>
#include <sys/utime.h>
#include <assert.h>
#include <errno.h>
#include <fcntl.h>
#include <io.h>
#include <libgen.h>
#include <locale.h>
#include <setjmp.h>
#include <signal.h>
#include <stdbool.h>
#include <stdio.h>
#include <stdlib.h>
#include <string.h>
#include <time.h>
#include <process.h>
#include <stddef.h>
#include <malloc.h>
#include <memory.h>
#include <sys/utsname.h>


int main(void){return 0;}

Determining if the strncmpi exist failed with the following output:
Change Dir: C:/Users/rapha/Documents/GitHub/OpenHD-ImageWriter/build-src-Desktop_Qt_5_12_12_MinGW_32_bit-Release/CMakeFiles/CMakeTmp

Run Build Command(s):C:/Qt/Tools/Ninja/ninja.exe cmTC_ee22f && [1/2] Building C object CMakeFiles/cmTC_ee22f.dir/CheckSymbolExists.c.obj
FAILED: CMakeFiles/cmTC_ee22f.dir/CheckSymbolExists.c.obj 
C:\Qt\Tools\mingw730_32\bin\gcc.exe   -w     -D_WINSOCKAPI_= -DSECURITY_WIN32 -o CMakeFiles/cmTC_ee22f.dir/CheckSymbolExists.c.obj -c C:/Users/rapha/Documents/GitHub/OpenHD-ImageWriter/build-src-Desktop_Qt_5_12_12_MinGW_32_bit-Release/CMakeFiles/CMakeTmp/CheckSymbolExists.c
C:/Users/rapha/Documents/GitHub/OpenHD-ImageWriter/build-src-Desktop_Qt_5_12_12_MinGW_32_bit-Release/CMakeFiles/CMakeTmp/CheckSymbolExists.c: In function 'main':
C:/Users/rapha/Documents/GitHub/OpenHD-ImageWriter/build-src-Desktop_Qt_5_12_12_MinGW_32_bit-Release/CMakeFiles/CMakeTmp/CheckSymbolExists.c:32:19: error: 'strncmpi' undeclared (first use in this function); did you mean 'strcmpi'?
   return ((int*)(&strncmpi))[argc];
                   ^~~~~~~~
                   strcmpi
C:/Users/rapha/Documents/GitHub/OpenHD-ImageWriter/build-src-Desktop_Qt_5_12_12_MinGW_32_bit-Release/CMakeFiles/CMakeTmp/CheckSymbolExists.c:32:19: note: each undeclared identifier is reported only once for each function it appears in
ninja: build stopped: subcommand failed.


File C:/Users/rapha/Documents/GitHub/OpenHD-ImageWriter/build-src-Desktop_Qt_5_12_12_MinGW_32_bit-Release/CMakeFiles/CMakeTmp/CheckSymbolExists.c:
/* */
#include <windows.h>
#include <winsock.h>
#include <ws2tcpip.h>
#include <winsock2.h>
#include <stdio.h>
#include <sys/stat.h>
#include <sys/types.h>
#include <sys/utime.h>
#include <assert.h>
#include <errno.h>
#include <fcntl.h>
#include <io.h>
#include <libgen.h>
#include <locale.h>
#include <setjmp.h>
#include <signal.h>
#include <stdbool.h>
#include <stdio.h>
#include <stdlib.h>
#include <string.h>
#include <time.h>
#include <process.h>
#include <stddef.h>
#include <malloc.h>
#include <memory.h>

int main(int argc, char** argv)
{
  (void)argv;
#ifndef strncmpi
  return ((int*)(&strncmpi))[argc];
#else
  (void)argc;
  return 0;
#endif
}
Determining if the alarm exist failed with the following output:
Change Dir: C:/Users/rapha/Documents/GitHub/OpenHD-ImageWriter/build-src-Desktop_Qt_5_12_12_MinGW_32_bit-Release/CMakeFiles/CMakeTmp

Run Build Command(s):C:/Qt/Tools/Ninja/ninja.exe cmTC_5e065 && [1/2] Building C object CMakeFiles/cmTC_5e065.dir/CheckSymbolExists.c.obj
FAILED: CMakeFiles/cmTC_5e065.dir/CheckSymbolExists.c.obj 
C:\Qt\Tools\mingw730_32\bin\gcc.exe   -w     -D_WINSOCKAPI_= -DSECURITY_WIN32 -o CMakeFiles/cmTC_5e065.dir/CheckSymbolExists.c.obj -c C:/Users/rapha/Documents/GitHub/OpenHD-ImageWriter/build-src-Desktop_Qt_5_12_12_MinGW_32_bit-Release/CMakeFiles/CMakeTmp/CheckSymbolExists.c
C:/Users/rapha/Documents/GitHub/OpenHD-ImageWriter/build-src-Desktop_Qt_5_12_12_MinGW_32_bit-Release/CMakeFiles/CMakeTmp/CheckSymbolExists.c: In function 'main':
C:/Users/rapha/Documents/GitHub/OpenHD-ImageWriter/build-src-Desktop_Qt_5_12_12_MinGW_32_bit-Release/CMakeFiles/CMakeTmp/CheckSymbolExists.c:32:19: error: 'alarm' undeclared (first use in this function)
   return ((int*)(&alarm))[argc];
                   ^~~~~
C:/Users/rapha/Documents/GitHub/OpenHD-ImageWriter/build-src-Desktop_Qt_5_12_12_MinGW_32_bit-Release/CMakeFiles/CMakeTmp/CheckSymbolExists.c:32:19: note: each undeclared identifier is reported only once for each function it appears in
ninja: build stopped: subcommand failed.


File C:/Users/rapha/Documents/GitHub/OpenHD-ImageWriter/build-src-Desktop_Qt_5_12_12_MinGW_32_bit-Release/CMakeFiles/CMakeTmp/CheckSymbolExists.c:
/* */
#include <windows.h>
#include <winsock.h>
#include <ws2tcpip.h>
#include <winsock2.h>
#include <stdio.h>
#include <sys/stat.h>
#include <sys/types.h>
#include <sys/utime.h>
#include <assert.h>
#include <errno.h>
#include <fcntl.h>
#include <io.h>
#include <libgen.h>
#include <locale.h>
#include <setjmp.h>
#include <signal.h>
#include <stdbool.h>
#include <stdio.h>
#include <stdlib.h>
#include <string.h>
#include <time.h>
#include <process.h>
#include <stddef.h>
#include <malloc.h>
#include <memory.h>

int main(int argc, char** argv)
{
  (void)argv;
#ifndef alarm
  return ((int*)(&alarm))[argc];
#else
  (void)argc;
  return 0;
#endif
}
Determining if the getpwuid_r exist failed with the following output:
Change Dir: C:/Users/rapha/Documents/GitHub/OpenHD-ImageWriter/build-src-Desktop_Qt_5_12_12_MinGW_32_bit-Release/CMakeFiles/CMakeTmp

Run Build Command(s):C:/Qt/Tools/Ninja/ninja.exe cmTC_dd8e2 && [1/2] Building C object CMakeFiles/cmTC_dd8e2.dir/CheckSymbolExists.c.obj
FAILED: CMakeFiles/cmTC_dd8e2.dir/CheckSymbolExists.c.obj 
C:\Qt\Tools\mingw730_32\bin\gcc.exe   -w     -D_WINSOCKAPI_= -DSECURITY_WIN32 -o CMakeFiles/cmTC_dd8e2.dir/CheckSymbolExists.c.obj -c C:/Users/rapha/Documents/GitHub/OpenHD-ImageWriter/build-src-Desktop_Qt_5_12_12_MinGW_32_bit-Release/CMakeFiles/CMakeTmp/CheckSymbolExists.c
C:/Users/rapha/Documents/GitHub/OpenHD-ImageWriter/build-src-Desktop_Qt_5_12_12_MinGW_32_bit-Release/CMakeFiles/CMakeTmp/CheckSymbolExists.c: In function 'main':
C:/Users/rapha/Documents/GitHub/OpenHD-ImageWriter/build-src-Desktop_Qt_5_12_12_MinGW_32_bit-Release/CMakeFiles/CMakeTmp/CheckSymbolExists.c:32:19: error: 'getpwuid_r' undeclared (first use in this function); did you mean 'getpid'?
   return ((int*)(&getpwuid_r))[argc];
                   ^~~~~~~~~~
                   getpid
C:/Users/rapha/Documents/GitHub/OpenHD-ImageWriter/build-src-Desktop_Qt_5_12_12_MinGW_32_bit-Release/CMakeFiles/CMakeTmp/CheckSymbolExists.c:32:19: note: each undeclared identifier is reported only once for each function it appears in
ninja: build stopped: subcommand failed.


File C:/Users/rapha/Documents/GitHub/OpenHD-ImageWriter/build-src-Desktop_Qt_5_12_12_MinGW_32_bit-Release/CMakeFiles/CMakeTmp/CheckSymbolExists.c:
/* */
#include <windows.h>
#include <winsock.h>
#include <ws2tcpip.h>
#include <winsock2.h>
#include <stdio.h>
#include <sys/stat.h>
#include <sys/types.h>
#include <sys/utime.h>
#include <assert.h>
#include <errno.h>
#include <fcntl.h>
#include <io.h>
#include <libgen.h>
#include <locale.h>
#include <setjmp.h>
#include <signal.h>
#include <stdbool.h>
#include <stdio.h>
#include <stdlib.h>
#include <string.h>
#include <time.h>
#include <process.h>
#include <stddef.h>
#include <malloc.h>
#include <memory.h>

int main(int argc, char** argv)
{
  (void)argv;
#ifndef getpwuid_r
  return ((int*)(&getpwuid_r))[argc];
#else
  (void)argc;
  return 0;
#endif
}
Determining if the strerror_r exist failed with the following output:
Change Dir: C:/Users/rapha/Documents/GitHub/OpenHD-ImageWriter/build-src-Desktop_Qt_5_12_12_MinGW_32_bit-Release/CMakeFiles/CMakeTmp

Run Build Command(s):C:/Qt/Tools/Ninja/ninja.exe cmTC_67937 && [1/2] Building C object CMakeFiles/cmTC_67937.dir/CheckSymbolExists.c.obj
FAILED: CMakeFiles/cmTC_67937.dir/CheckSymbolExists.c.obj 
C:\Qt\Tools\mingw730_32\bin\gcc.exe   -w     -D_WINSOCKAPI_= -DSECURITY_WIN32 -o CMakeFiles/cmTC_67937.dir/CheckSymbolExists.c.obj -c C:/Users/rapha/Documents/GitHub/OpenHD-ImageWriter/build-src-Desktop_Qt_5_12_12_MinGW_32_bit-Release/CMakeFiles/CMakeTmp/CheckSymbolExists.c
C:/Users/rapha/Documents/GitHub/OpenHD-ImageWriter/build-src-Desktop_Qt_5_12_12_MinGW_32_bit-Release/CMakeFiles/CMakeTmp/CheckSymbolExists.c: In function 'main':
C:/Users/rapha/Documents/GitHub/OpenHD-ImageWriter/build-src-Desktop_Qt_5_12_12_MinGW_32_bit-Release/CMakeFiles/CMakeTmp/CheckSymbolExists.c:32:19: error: 'strerror_r' undeclared (first use in this function); did you mean 'strerror_s'?
   return ((int*)(&strerror_r))[argc];
                   ^~~~~~~~~~
                   strerror_s
C:/Users/rapha/Documents/GitHub/OpenHD-ImageWriter/build-src-Desktop_Qt_5_12_12_MinGW_32_bit-Release/CMakeFiles/CMakeTmp/CheckSymbolExists.c:32:19: note: each undeclared identifier is reported only once for each function it appears in
ninja: build stopped: subcommand failed.


File C:/Users/rapha/Documents/GitHub/OpenHD-ImageWriter/build-src-Desktop_Qt_5_12_12_MinGW_32_bit-Release/CMakeFiles/CMakeTmp/CheckSymbolExists.c:
/* */
#include <windows.h>
#include <winsock.h>
#include <ws2tcpip.h>
#include <winsock2.h>
#include <stdio.h>
#include <sys/stat.h>
#include <sys/types.h>
#include <sys/utime.h>
#include <assert.h>
#include <errno.h>
#include <fcntl.h>
#include <io.h>
#include <libgen.h>
#include <locale.h>
#include <setjmp.h>
#include <signal.h>
#include <stdbool.h>
#include <stdio.h>
#include <stdlib.h>
#include <string.h>
#include <time.h>
#include <process.h>
#include <stddef.h>
#include <malloc.h>
#include <memory.h>

int main(int argc, char** argv)
{
  (void)argv;
#ifndef strerror_r
  return ((int*)(&strerror_r))[argc];
#else
  (void)argc;
  return 0;
#endif
}
Determining if the siginterrupt exist failed with the following output:
Change Dir: C:/Users/rapha/Documents/GitHub/OpenHD-ImageWriter/build-src-Desktop_Qt_5_12_12_MinGW_32_bit-Release/CMakeFiles/CMakeTmp

Run Build Command(s):C:/Qt/Tools/Ninja/ninja.exe cmTC_a7643 && [1/2] Building C object CMakeFiles/cmTC_a7643.dir/CheckSymbolExists.c.obj
FAILED: CMakeFiles/cmTC_a7643.dir/CheckSymbolExists.c.obj 
C:\Qt\Tools\mingw730_32\bin\gcc.exe   -w     -D_WINSOCKAPI_= -DSECURITY_WIN32 -o CMakeFiles/cmTC_a7643.dir/CheckSymbolExists.c.obj -c C:/Users/rapha/Documents/GitHub/OpenHD-ImageWriter/build-src-Desktop_Qt_5_12_12_MinGW_32_bit-Release/CMakeFiles/CMakeTmp/CheckSymbolExists.c
C:/Users/rapha/Documents/GitHub/OpenHD-ImageWriter/build-src-Desktop_Qt_5_12_12_MinGW_32_bit-Release/CMakeFiles/CMakeTmp/CheckSymbolExists.c: In function 'main':
C:/Users/rapha/Documents/GitHub/OpenHD-ImageWriter/build-src-Desktop_Qt_5_12_12_MinGW_32_bit-Release/CMakeFiles/CMakeTmp/CheckSymbolExists.c:32:19: error: 'siginterrupt' undeclared (first use in this function)
   return ((int*)(&siginterrupt))[argc];
                   ^~~~~~~~~~~~
C:/Users/rapha/Documents/GitHub/OpenHD-ImageWriter/build-src-Desktop_Qt_5_12_12_MinGW_32_bit-Release/CMakeFiles/CMakeTmp/CheckSymbolExists.c:32:19: note: each undeclared identifier is reported only once for each function it appears in
ninja: build stopped: subcommand failed.


File C:/Users/rapha/Documents/GitHub/OpenHD-ImageWriter/build-src-Desktop_Qt_5_12_12_MinGW_32_bit-Release/CMakeFiles/CMakeTmp/CheckSymbolExists.c:
/* */
#include <windows.h>
#include <winsock.h>
#include <ws2tcpip.h>
#include <winsock2.h>
#include <stdio.h>
#include <sys/stat.h>
#include <sys/types.h>
#include <sys/utime.h>
#include <assert.h>
#include <errno.h>
#include <fcntl.h>
#include <io.h>
#include <libgen.h>
#include <locale.h>
#include <setjmp.h>
#include <signal.h>
#include <stdbool.h>
#include <stdio.h>
#include <stdlib.h>
#include <string.h>
#include <time.h>
#include <process.h>
#include <stddef.h>
#include <malloc.h>
#include <memory.h>

int main(int argc, char** argv)
{
  (void)argv;
#ifndef siginterrupt
  return ((int*)(&siginterrupt))[argc];
#else
  (void)argc;
  return 0;
#endif
}
Determining if the fork exist failed with the following output:
Change Dir: C:/Users/rapha/Documents/GitHub/OpenHD-ImageWriter/build-src-Desktop_Qt_5_12_12_MinGW_32_bit-Release/CMakeFiles/CMakeTmp

Run Build Command(s):C:/Qt/Tools/Ninja/ninja.exe cmTC_7416d && [1/2] Building C object CMakeFiles/cmTC_7416d.dir/CheckSymbolExists.c.obj
FAILED: CMakeFiles/cmTC_7416d.dir/CheckSymbolExists.c.obj 
C:\Qt\Tools\mingw730_32\bin\gcc.exe   -w     -D_WINSOCKAPI_= -DSECURITY_WIN32 -o CMakeFiles/cmTC_7416d.dir/CheckSymbolExists.c.obj -c C:/Users/rapha/Documents/GitHub/OpenHD-ImageWriter/build-src-Desktop_Qt_5_12_12_MinGW_32_bit-Release/CMakeFiles/CMakeTmp/CheckSymbolExists.c
C:/Users/rapha/Documents/GitHub/OpenHD-ImageWriter/build-src-Desktop_Qt_5_12_12_MinGW_32_bit-Release/CMakeFiles/CMakeTmp/CheckSymbolExists.c: In function 'main':
C:/Users/rapha/Documents/GitHub/OpenHD-ImageWriter/build-src-Desktop_Qt_5_12_12_MinGW_32_bit-Release/CMakeFiles/CMakeTmp/CheckSymbolExists.c:32:19: error: 'fork' undeclared (first use in this function); did you mean 'far'?
   return ((int*)(&fork))[argc];
                   ^~~~
                   far
C:/Users/rapha/Documents/GitHub/OpenHD-ImageWriter/build-src-Desktop_Qt_5_12_12_MinGW_32_bit-Release/CMakeFiles/CMakeTmp/CheckSymbolExists.c:32:19: note: each undeclared identifier is reported only once for each function it appears in
ninja: build stopped: subcommand failed.


File C:/Users/rapha/Documents/GitHub/OpenHD-ImageWriter/build-src-Desktop_Qt_5_12_12_MinGW_32_bit-Release/CMakeFiles/CMakeTmp/CheckSymbolExists.c:
/* */
#include <windows.h>
#include <winsock.h>
#include <ws2tcpip.h>
#include <winsock2.h>
#include <stdio.h>
#include <sys/stat.h>
#include <sys/types.h>
#include <sys/utime.h>
#include <assert.h>
#include <errno.h>
#include <fcntl.h>
#include <io.h>
#include <libgen.h>
#include <locale.h>
#include <setjmp.h>
#include <signal.h>
#include <stdbool.h>
#include <stdio.h>
#include <stdlib.h>
#include <string.h>
#include <time.h>
#include <process.h>
#include <stddef.h>
#include <malloc.h>
#include <memory.h>

int main(int argc, char** argv)
{
  (void)argv;
#ifndef fork
  return ((int*)(&fork))[argc];
#else
  (void)argc;
  return 0;
#endif
}
Determining if the freeifaddrs exist failed with the following output:
Change Dir: C:/Users/rapha/Documents/GitHub/OpenHD-ImageWriter/build-src-Desktop_Qt_5_12_12_MinGW_32_bit-Release/CMakeFiles/CMakeTmp

Run Build Command(s):C:/Qt/Tools/Ninja/ninja.exe cmTC_bc4d2 && [1/2] Building C object CMakeFiles/cmTC_bc4d2.dir/CheckSymbolExists.c.obj
FAILED: CMakeFiles/cmTC_bc4d2.dir/CheckSymbolExists.c.obj 
C:\Qt\Tools\mingw730_32\bin\gcc.exe   -w     -D_WINSOCKAPI_= -DSECURITY_WIN32 -o CMakeFiles/cmTC_bc4d2.dir/CheckSymbolExists.c.obj -c C:/Users/rapha/Documents/GitHub/OpenHD-ImageWriter/build-src-Desktop_Qt_5_12_12_MinGW_32_bit-Release/CMakeFiles/CMakeTmp/CheckSymbolExists.c
C:/Users/rapha/Documents/GitHub/OpenHD-ImageWriter/build-src-Desktop_Qt_5_12_12_MinGW_32_bit-Release/CMakeFiles/CMakeTmp/CheckSymbolExists.c: In function 'main':
C:/Users/rapha/Documents/GitHub/OpenHD-ImageWriter/build-src-Desktop_Qt_5_12_12_MinGW_32_bit-Release/CMakeFiles/CMakeTmp/CheckSymbolExists.c:32:19: error: 'freeifaddrs' undeclared (first use in this function); did you mean 'fread_s'?
   return ((int*)(&freeifaddrs))[argc];
                   ^~~~~~~~~~~
                   fread_s
C:/Users/rapha/Documents/GitHub/OpenHD-ImageWriter/build-src-Desktop_Qt_5_12_12_MinGW_32_bit-Release/CMakeFiles/CMakeTmp/CheckSymbolExists.c:32:19: note: each undeclared identifier is reported only once for each function it appears in
ninja: build stopped: subcommand failed.


File C:/Users/rapha/Documents/GitHub/OpenHD-ImageWriter/build-src-Desktop_Qt_5_12_12_MinGW_32_bit-Release/CMakeFiles/CMakeTmp/CheckSymbolExists.c:
/* */
#include <windows.h>
#include <winsock.h>
#include <ws2tcpip.h>
#include <winsock2.h>
#include <stdio.h>
#include <sys/stat.h>
#include <sys/types.h>
#include <sys/utime.h>
#include <assert.h>
#include <errno.h>
#include <fcntl.h>
#include <io.h>
#include <libgen.h>
#include <locale.h>
#include <setjmp.h>
#include <signal.h>
#include <stdbool.h>
#include <stdio.h>
#include <stdlib.h>
#include <string.h>
#include <time.h>
#include <process.h>
#include <stddef.h>
#include <malloc.h>
#include <memory.h>

int main(int argc, char** argv)
{
  (void)argv;
#ifndef freeifaddrs
  return ((int*)(&freeifaddrs))[argc];
#else
  (void)argc;
  return 0;
#endif
}
Determining if the pipe exist failed with the following output:
Change Dir: C:/Users/rapha/Documents/GitHub/OpenHD-ImageWriter/build-src-Desktop_Qt_5_12_12_MinGW_32_bit-Release/CMakeFiles/CMakeTmp

Run Build Command(s):C:/Qt/Tools/Ninja/ninja.exe cmTC_a90b2 && [1/2] Building C object CMakeFiles/cmTC_a90b2.dir/CheckSymbolExists.c.obj
FAILED: CMakeFiles/cmTC_a90b2.dir/CheckSymbolExists.c.obj 
C:\Qt\Tools\mingw730_32\bin\gcc.exe   -w     -D_WINSOCKAPI_= -DSECURITY_WIN32 -o CMakeFiles/cmTC_a90b2.dir/CheckSymbolExists.c.obj -c C:/Users/rapha/Documents/GitHub/OpenHD-ImageWriter/build-src-Desktop_Qt_5_12_12_MinGW_32_bit-Release/CMakeFiles/CMakeTmp/CheckSymbolExists.c
C:/Users/rapha/Documents/GitHub/OpenHD-ImageWriter/build-src-Desktop_Qt_5_12_12_MinGW_32_bit-Release/CMakeFiles/CMakeTmp/CheckSymbolExists.c: In function 'main':
C:/Users/rapha/Documents/GitHub/OpenHD-ImageWriter/build-src-Desktop_Qt_5_12_12_MinGW_32_bit-Release/CMakeFiles/CMakeTmp/CheckSymbolExists.c:32:19: error: 'pipe' undeclared (first use in this function); did you mean '_pipe'?
   return ((int*)(&pipe))[argc];
                   ^~~~
                   _pipe
C:/Users/rapha/Documents/GitHub/OpenHD-ImageWriter/build-src-Desktop_Qt_5_12_12_MinGW_32_bit-Release/CMakeFiles/CMakeTmp/CheckSymbolExists.c:32:19: note: each undeclared identifier is reported only once for each function it appears in
ninja: build stopped: subcommand failed.


File C:/Users/rapha/Documents/GitHub/OpenHD-ImageWriter/build-src-Desktop_Qt_5_12_12_MinGW_32_bit-Release/CMakeFiles/CMakeTmp/CheckSymbolExists.c:
/* */
#include <windows.h>
#include <winsock.h>
#include <ws2tcpip.h>
#include <winsock2.h>
#include <stdio.h>
#include <sys/stat.h>
#include <sys/types.h>
#include <sys/utime.h>
#include <assert.h>
#include <errno.h>
#include <fcntl.h>
#include <io.h>
#include <libgen.h>
#include <locale.h>
#include <setjmp.h>
#include <signal.h>
#include <stdbool.h>
#include <stdio.h>
#include <stdlib.h>
#include <string.h>
#include <time.h>
#include <process.h>
#include <stddef.h>
#include <malloc.h>
#include <memory.h>

int main(int argc, char** argv)
{
  (void)argv;
#ifndef pipe
  return ((int*)(&pipe))[argc];
#else
  (void)argc;
  return 0;
#endif
}
Determining if the ftruncate exist failed with the following output:
Change Dir: C:/Users/rapha/Documents/GitHub/OpenHD-ImageWriter/build-src-Desktop_Qt_5_12_12_MinGW_32_bit-Release/CMakeFiles/CMakeTmp

Run Build Command(s):C:/Qt/Tools/Ninja/ninja.exe cmTC_5fd7a && [1/2] Building C object CMakeFiles/cmTC_5fd7a.dir/CheckSymbolExists.c.obj
FAILED: CMakeFiles/cmTC_5fd7a.dir/CheckSymbolExists.c.obj 
C:\Qt\Tools\mingw730_32\bin\gcc.exe   -w     -D_WINSOCKAPI_= -DSECURITY_WIN32 -o CMakeFiles/cmTC_5fd7a.dir/CheckSymbolExists.c.obj -c C:/Users/rapha/Documents/GitHub/OpenHD-ImageWriter/build-src-Desktop_Qt_5_12_12_MinGW_32_bit-Release/CMakeFiles/CMakeTmp/CheckSymbolExists.c
C:/Users/rapha/Documents/GitHub/OpenHD-ImageWriter/build-src-Desktop_Qt_5_12_12_MinGW_32_bit-Release/CMakeFiles/CMakeTmp/CheckSymbolExists.c: In function 'main':
C:/Users/rapha/Documents/GitHub/OpenHD-ImageWriter/build-src-Desktop_Qt_5_12_12_MinGW_32_bit-Release/CMakeFiles/CMakeTmp/CheckSymbolExists.c:32:19: error: 'ftruncate' undeclared (first use in this function); did you mean 'strncat'?
   return ((int*)(&ftruncate))[argc];
                   ^~~~~~~~~
                   strncat
C:/Users/rapha/Documents/GitHub/OpenHD-ImageWriter/build-src-Desktop_Qt_5_12_12_MinGW_32_bit-Release/CMakeFiles/CMakeTmp/CheckSymbolExists.c:32:19: note: each undeclared identifier is reported only once for each function it appears in
ninja: build stopped: subcommand failed.


File C:/Users/rapha/Documents/GitHub/OpenHD-ImageWriter/build-src-Desktop_Qt_5_12_12_MinGW_32_bit-Release/CMakeFiles/CMakeTmp/CheckSymbolExists.c:
/* */
#include <windows.h>
#include <winsock.h>
#include <ws2tcpip.h>
#include <winsock2.h>
#include <stdio.h>
#include <sys/stat.h>
#include <sys/types.h>
#include <sys/utime.h>
#include <assert.h>
#include <errno.h>
#include <fcntl.h>
#include <io.h>
#include <libgen.h>
#include <locale.h>
#include <setjmp.h>
#include <signal.h>
#include <stdbool.h>
#include <stdio.h>
#include <stdlib.h>
#include <string.h>
#include <time.h>
#include <process.h>
#include <stddef.h>
#include <malloc.h>
#include <memory.h>

int main(int argc, char** argv)
{
  (void)argv;
#ifndef ftruncate
  return ((int*)(&ftruncate))[argc];
#else
  (void)argc;
  return 0;
#endif
}
Determining if the getrlimit exist failed with the following output:
Change Dir: C:/Users/rapha/Documents/GitHub/OpenHD-ImageWriter/build-src-Desktop_Qt_5_12_12_MinGW_32_bit-Release/CMakeFiles/CMakeTmp

Run Build Command(s):C:/Qt/Tools/Ninja/ninja.exe cmTC_fe738 && [1/2] Building C object CMakeFiles/cmTC_fe738.dir/CheckSymbolExists.c.obj
FAILED: CMakeFiles/cmTC_fe738.dir/CheckSymbolExists.c.obj 
C:\Qt\Tools\mingw730_32\bin\gcc.exe   -w     -D_WINSOCKAPI_= -DSECURITY_WIN32 -o CMakeFiles/cmTC_fe738.dir/CheckSymbolExists.c.obj -c C:/Users/rapha/Documents/GitHub/OpenHD-ImageWriter/build-src-Desktop_Qt_5_12_12_MinGW_32_bit-Release/CMakeFiles/CMakeTmp/CheckSymbolExists.c
C:/Users/rapha/Documents/GitHub/OpenHD-ImageWriter/build-src-Desktop_Qt_5_12_12_MinGW_32_bit-Release/CMakeFiles/CMakeTmp/CheckSymbolExists.c: In function 'main':
C:/Users/rapha/Documents/GitHub/OpenHD-ImageWriter/build-src-Desktop_Qt_5_12_12_MinGW_32_bit-Release/CMakeFiles/CMakeTmp/CheckSymbolExists.c:32:19: error: 'getrlimit' undeclared (first use in this function)
   return ((int*)(&getrlimit))[argc];
                   ^~~~~~~~~
C:/Users/rapha/Documents/GitHub/OpenHD-ImageWriter/build-src-Desktop_Qt_5_12_12_MinGW_32_bit-Release/CMakeFiles/CMakeTmp/CheckSymbolExists.c:32:19: note: each undeclared identifier is reported only once for each function it appears in
ninja: build stopped: subcommand failed.


File C:/Users/rapha/Documents/GitHub/OpenHD-ImageWriter/build-src-Desktop_Qt_5_12_12_MinGW_32_bit-Release/CMakeFiles/CMakeTmp/CheckSymbolExists.c:
/* */
#include <windows.h>
#include <winsock.h>
#include <ws2tcpip.h>
#include <winsock2.h>
#include <stdio.h>
#include <sys/stat.h>
#include <sys/types.h>
#include <sys/utime.h>
#include <assert.h>
#include <errno.h>
#include <fcntl.h>
#include <io.h>
#include <libgen.h>
#include <locale.h>
#include <setjmp.h>
#include <signal.h>
#include <stdbool.h>
#include <stdio.h>
#include <stdlib.h>
#include <string.h>
#include <time.h>
#include <process.h>
#include <stddef.h>
#include <malloc.h>
#include <memory.h>

int main(int argc, char** argv)
{
  (void)argv;
#ifndef getrlimit
  return ((int*)(&getrlimit))[argc];
#else
  (void)argc;
  return 0;
#endif
}
Determining if the setrlimit exist failed with the following output:
Change Dir: C:/Users/rapha/Documents/GitHub/OpenHD-ImageWriter/build-src-Desktop_Qt_5_12_12_MinGW_32_bit-Release/CMakeFiles/CMakeTmp

Run Build Command(s):C:/Qt/Tools/Ninja/ninja.exe cmTC_e2c39 && [1/2] Building C object CMakeFiles/cmTC_e2c39.dir/CheckSymbolExists.c.obj
FAILED: CMakeFiles/cmTC_e2c39.dir/CheckSymbolExists.c.obj 
C:\Qt\Tools\mingw730_32\bin\gcc.exe   -w     -D_WINSOCKAPI_= -DSECURITY_WIN32 -o CMakeFiles/cmTC_e2c39.dir/CheckSymbolExists.c.obj -c C:/Users/rapha/Documents/GitHub/OpenHD-ImageWriter/build-src-Desktop_Qt_5_12_12_MinGW_32_bit-Release/CMakeFiles/CMakeTmp/CheckSymbolExists.c
C:/Users/rapha/Documents/GitHub/OpenHD-ImageWriter/build-src-Desktop_Qt_5_12_12_MinGW_32_bit-Release/CMakeFiles/CMakeTmp/CheckSymbolExists.c: In function 'main':
C:/Users/rapha/Documents/GitHub/OpenHD-ImageWriter/build-src-Desktop_Qt_5_12_12_MinGW_32_bit-Release/CMakeFiles/CMakeTmp/CheckSymbolExists.c:32:19: error: 'setrlimit' undeclared (first use in this function)
   return ((int*)(&setrlimit))[argc];
                   ^~~~~~~~~
C:/Users/rapha/Documents/GitHub/OpenHD-ImageWriter/build-src-Desktop_Qt_5_12_12_MinGW_32_bit-Release/CMakeFiles/CMakeTmp/CheckSymbolExists.c:32:19: note: each undeclared identifier is reported only once for each function it appears in
ninja: build stopped: subcommand failed.


File C:/Users/rapha/Documents/GitHub/OpenHD-ImageWriter/build-src-Desktop_Qt_5_12_12_MinGW_32_bit-Release/CMakeFiles/CMakeTmp/CheckSymbolExists.c:
/* */
#include <windows.h>
#include <winsock.h>
#include <ws2tcpip.h>
#include <winsock2.h>
#include <stdio.h>
#include <sys/stat.h>
#include <sys/types.h>
#include <sys/utime.h>
#include <assert.h>
#include <errno.h>
#include <fcntl.h>
#include <io.h>
#include <libgen.h>
#include <locale.h>
#include <setjmp.h>
#include <signal.h>
#include <stdbool.h>
#include <stdio.h>
#include <stdlib.h>
#include <string.h>
#include <time.h>
#include <process.h>
#include <stddef.h>
#include <malloc.h>
#include <memory.h>

int main(int argc, char** argv)
{
  (void)argv;
#ifndef setrlimit
  return ((int*)(&setrlimit))[argc];
#else
  (void)argc;
  return 0;
#endif
}
Determining if the fcntl exist failed with the following output:
Change Dir: C:/Users/rapha/Documents/GitHub/OpenHD-ImageWriter/build-src-Desktop_Qt_5_12_12_MinGW_32_bit-Release/CMakeFiles/CMakeTmp

Run Build Command(s):C:/Qt/Tools/Ninja/ninja.exe cmTC_d140f && [1/2] Building C object CMakeFiles/cmTC_d140f.dir/CheckSymbolExists.c.obj
FAILED: CMakeFiles/cmTC_d140f.dir/CheckSymbolExists.c.obj 
C:\Qt\Tools\mingw730_32\bin\gcc.exe   -w     -D_WINSOCKAPI_= -DSECURITY_WIN32 -o CMakeFiles/cmTC_d140f.dir/CheckSymbolExists.c.obj -c C:/Users/rapha/Documents/GitHub/OpenHD-ImageWriter/build-src-Desktop_Qt_5_12_12_MinGW_32_bit-Release/CMakeFiles/CMakeTmp/CheckSymbolExists.c
C:/Users/rapha/Documents/GitHub/OpenHD-ImageWriter/build-src-Desktop_Qt_5_12_12_MinGW_32_bit-Release/CMakeFiles/CMakeTmp/CheckSymbolExists.c: In function 'main':
C:/Users/rapha/Documents/GitHub/OpenHD-ImageWriter/build-src-Desktop_Qt_5_12_12_MinGW_32_bit-Release/CMakeFiles/CMakeTmp/CheckSymbolExists.c:32:19: error: 'fcntl' undeclared (first use in this function); did you mean 'fcvt'?
   return ((int*)(&fcntl))[argc];
                   ^~~~~
                   fcvt
C:/Users/rapha/Documents/GitHub/OpenHD-ImageWriter/build-src-Desktop_Qt_5_12_12_MinGW_32_bit-Release/CMakeFiles/CMakeTmp/CheckSymbolExists.c:32:19: note: each undeclared identifier is reported only once for each function it appears in
ninja: build stopped: subcommand failed.


File C:/Users/rapha/Documents/GitHub/OpenHD-ImageWriter/build-src-Desktop_Qt_5_12_12_MinGW_32_bit-Release/CMakeFiles/CMakeTmp/CheckSymbolExists.c:
/* */
#include <windows.h>
#include <winsock.h>
#include <ws2tcpip.h>
#include <winsock2.h>
#include <stdio.h>
#include <sys/stat.h>
#include <sys/types.h>
#include <sys/utime.h>
#include <assert.h>
#include <errno.h>
#include <fcntl.h>
#include <io.h>
#include <libgen.h>
#include <locale.h>
#include <setjmp.h>
#include <signal.h>
#include <stdbool.h>
#include <stdio.h>
#include <stdlib.h>
#include <string.h>
#include <time.h>
#include <process.h>
#include <stddef.h>
#include <malloc.h>
#include <memory.h>

int main(int argc, char** argv)
{
  (void)argv;
#ifndef fcntl
  return ((int*)(&fcntl))[argc];
#else
  (void)argc;
  return 0;
#endif
}
Determining if the ioctl exist failed with the following output:
Change Dir: C:/Users/rapha/Documents/GitHub/OpenHD-ImageWriter/build-src-Desktop_Qt_5_12_12_MinGW_32_bit-Release/CMakeFiles/CMakeTmp

Run Build Command(s):C:/Qt/Tools/Ninja/ninja.exe cmTC_7e0a5 && [1/2] Building C object CMakeFiles/cmTC_7e0a5.dir/CheckSymbolExists.c.obj
FAILED: CMakeFiles/cmTC_7e0a5.dir/CheckSymbolExists.c.obj 
C:\Qt\Tools\mingw730_32\bin\gcc.exe   -w     -D_WINSOCKAPI_= -DSECURITY_WIN32 -o CMakeFiles/cmTC_7e0a5.dir/CheckSymbolExists.c.obj -c C:/Users/rapha/Documents/GitHub/OpenHD-ImageWriter/build-src-Desktop_Qt_5_12_12_MinGW_32_bit-Release/CMakeFiles/CMakeTmp/CheckSymbolExists.c
C:/Users/rapha/Documents/GitHub/OpenHD-ImageWriter/build-src-Desktop_Qt_5_12_12_MinGW_32_bit-Release/CMakeFiles/CMakeTmp/CheckSymbolExists.c: In function 'main':
C:/Users/rapha/Documents/GitHub/OpenHD-ImageWriter/build-src-Desktop_Qt_5_12_12_MinGW_32_bit-Release/CMakeFiles/CMakeTmp/CheckSymbolExists.c:32:19: error: 'ioctl' undeclared (first use in this function)
   return ((int*)(&ioctl))[argc];
                   ^~~~~
C:/Users/rapha/Documents/GitHub/OpenHD-ImageWriter/build-src-Desktop_Qt_5_12_12_MinGW_32_bit-Release/CMakeFiles/CMakeTmp/CheckSymbolExists.c:32:19: note: each undeclared identifier is reported only once for each function it appears in
ninja: build stopped: subcommand failed.


File C:/Users/rapha/Documents/GitHub/OpenHD-ImageWriter/build-src-Desktop_Qt_5_12_12_MinGW_32_bit-Release/CMakeFiles/CMakeTmp/CheckSymbolExists.c:
/* */
#include <windows.h>
#include <winsock.h>
#include <ws2tcpip.h>
#include <winsock2.h>
#include <stdio.h>
#include <sys/stat.h>
#include <sys/types.h>
#include <sys/utime.h>
#include <assert.h>
#include <errno.h>
#include <fcntl.h>
#include <io.h>
#include <libgen.h>
#include <locale.h>
#include <setjmp.h>
#include <signal.h>
#include <stdbool.h>
#include <stdio.h>
#include <stdlib.h>
#include <string.h>
#include <time.h>
#include <process.h>
#include <stddef.h>
#include <malloc.h>
#include <memory.h>

int main(int argc, char** argv)
{
  (void)argv;
#ifndef ioctl
  return ((int*)(&ioctl))[argc];
#else
  (void)argc;
  return 0;
#endif
}
Determining if the function mach_absolute_time exists failed with the following output:
Change Dir: C:/Users/rapha/Documents/GitHub/OpenHD-ImageWriter/build-src-Desktop_Qt_5_12_12_MinGW_32_bit-Release/CMakeFiles/CMakeTmp

Run Build Command(s):C:/Qt/Tools/Ninja/ninja.exe cmTC_8c9ab && [1/2] Building C object CMakeFiles/cmTC_8c9ab.dir/CheckFunctionExists.c.obj
[2/2] Linking C executable cmTC_8c9ab.exe
FAILED: cmTC_8c9ab.exe 
cmd.exe /C "cd . && C:\Qt\Tools\mingw730_32\bin\gcc.exe -w -DCHECK_FUNCTION_EXISTS=mach_absolute_time  CMakeFiles/cmTC_8c9ab.dir/CheckFunctionExists.c.obj -o cmTC_8c9ab.exe -Wl,--out-implib,libcmTC_8c9ab.dll.a -Wl,--major-image-version,0,--minor-image-version,0  -lws2_32  -lkernel32 -luser32 -lgdi32 -lwinspool -lshell32 -lole32 -loleaut32 -luuid -lcomdlg32 -ladvapi32 && cd ."
CMakeFiles/cmTC_8c9ab.dir/CheckFunctionExists.c.obj:CheckFunctionExists.c:(.text+0xc): undefined reference to `mach_absolute_time'
collect2.exe: error: ld returned 1 exit status
ninja: build stopped: subcommand failed.



Determining if the fsetxattr exist failed with the following output:
Change Dir: C:/Users/rapha/Documents/GitHub/OpenHD-ImageWriter/build-src-Desktop_Qt_5_12_12_MinGW_32_bit-Release/CMakeFiles/CMakeTmp

Run Build Command(s):C:/Qt/Tools/Ninja/ninja.exe cmTC_1a1fe && [1/2] Building C object CMakeFiles/cmTC_1a1fe.dir/CheckSymbolExists.c.obj
FAILED: CMakeFiles/cmTC_1a1fe.dir/CheckSymbolExists.c.obj 
C:\Qt\Tools\mingw730_32\bin\gcc.exe   -w     -D_WINSOCKAPI_= -DSECURITY_WIN32 -o CMakeFiles/cmTC_1a1fe.dir/CheckSymbolExists.c.obj -c C:/Users/rapha/Documents/GitHub/OpenHD-ImageWriter/build-src-Desktop_Qt_5_12_12_MinGW_32_bit-Release/CMakeFiles/CMakeTmp/CheckSymbolExists.c
C:/Users/rapha/Documents/GitHub/OpenHD-ImageWriter/build-src-Desktop_Qt_5_12_12_MinGW_32_bit-Release/CMakeFiles/CMakeTmp/CheckSymbolExists.c: In function 'main':
C:/Users/rapha/Documents/GitHub/OpenHD-ImageWriter/build-src-Desktop_Qt_5_12_12_MinGW_32_bit-Release/CMakeFiles/CMakeTmp/CheckSymbolExists.c:32:19: error: 'fsetxattr' undeclared (first use in this function); did you mean 'fstat'?
   return ((int*)(&fsetxattr))[argc];
                   ^~~~~~~~~
                   fstat
C:/Users/rapha/Documents/GitHub/OpenHD-ImageWriter/build-src-Desktop_Qt_5_12_12_MinGW_32_bit-Release/CMakeFiles/CMakeTmp/CheckSymbolExists.c:32:19: note: each undeclared identifier is reported only once for each function it appears in
ninja: build stopped: subcommand failed.


File C:/Users/rapha/Documents/GitHub/OpenHD-ImageWriter/build-src-Desktop_Qt_5_12_12_MinGW_32_bit-Release/CMakeFiles/CMakeTmp/CheckSymbolExists.c:
/* */
#include <windows.h>
#include <winsock.h>
#include <ws2tcpip.h>
#include <winsock2.h>
#include <stdio.h>
#include <sys/stat.h>
#include <sys/types.h>
#include <sys/utime.h>
#include <assert.h>
#include <errno.h>
#include <fcntl.h>
#include <io.h>
#include <libgen.h>
#include <locale.h>
#include <setjmp.h>
#include <signal.h>
#include <stdbool.h>
#include <stdio.h>
#include <stdlib.h>
#include <string.h>
#include <time.h>
#include <process.h>
#include <stddef.h>
#include <malloc.h>
#include <memory.h>

int main(int argc, char** argv)
{
  (void)argv;
#ifndef fsetxattr
  return ((int*)(&fsetxattr))[argc];
#else
  (void)argc;
  return 0;
#endif
}
Performing Curl Test HAVE_FCNTL_O_NONBLOCK failed with the following output:
Change Dir: C:/Users/rapha/Documents/GitHub/OpenHD-ImageWriter/build-src-Desktop_Qt_5_12_12_MinGW_32_bit-Release/CMakeFiles/CMakeTmp

Run Build Command(s):C:/Qt/Tools/Ninja/ninja.exe cmTC_42962 && [1/2] Building C object CMakeFiles/cmTC_42962.dir/CurlTests.c.obj
FAILED: CMakeFiles/cmTC_42962.dir/CurlTests.c.obj 
C:\Qt\Tools\mingw730_32\bin\gcc.exe   -w -DHAVE_FCNTL_O_NONBLOCK  -DHAVE_WINDOWS_H -DHAVE_WINSOCK_H -DHAVE_WS2TCPIP_H -DHAVE_WINSOCK2_H -DHAVE_STDIO_H -DHAVE_SYS_STAT_H -DHAVE_SYS_TYPES_H -DHAVE_SYS_UTIME_H -DHAVE_ASSERT_H -DHAVE_ERRNO_H -DHAVE_FCNTL_H -DHAVE_IO_H -DHAVE_LIBGEN_H -DHAVE_LOCALE_H -DHAVE_SETJMP_H -DHAVE_SIGNAL_H -DHAVE_STDBOOL_H -DHAVE_STDIO_H -DHAVE_STDLIB_H -DHAVE_STRING_H -DHAVE_TIME_H -DHAVE_PROCESS_H -DHAVE_STDDEF_H -DHAVE_MALLOC_H -DHAVE_MEMORY_H -o CMakeFiles/cmTC_42962.dir/CurlTests.c.obj -c C:/Users/rapha/Documents/GitHub/OpenHD-ImageWriter/src/dependencies/cmcurl/CMake/CurlTests.c
C:/Users/rapha/Documents/GitHub/OpenHD-ImageWriter/src/dependencies/cmcurl/CMake/CurlTests.c: In function 'main':
C:/Users/rapha/Documents/GitHub/OpenHD-ImageWriter/src/dependencies/cmcurl/CMake/CurlTests.c:68:24: error: 'F_SETFL' undeclared (first use in this function)
       if(0 != fcntl(0, F_SETFL, flags | O_NONBLOCK))
                        ^~~~~~~
C:/Users/rapha/Documents/GitHub/OpenHD-ImageWriter/src/dependencies/cmcurl/CMake/CurlTests.c:68:24: note: each undeclared identifier is reported only once for each function it appears in
C:/Users/rapha/Documents/GitHub/OpenHD-ImageWriter/src/dependencies/cmcurl/CMake/CurlTests.c:68:41: error: 'O_NONBLOCK' undeclared (first use in this function)
       if(0 != fcntl(0, F_SETFL, flags | O_NONBLOCK))
                                         ^~~~~~~~~~
ninja: build stopped: subcommand failed.


Performing Curl Test HAVE_IOCTLSOCKET_CAMEL failed with the following output:
Change Dir: C:/Users/rapha/Documents/GitHub/OpenHD-ImageWriter/build-src-Desktop_Qt_5_12_12_MinGW_32_bit-Release/CMakeFiles/CMakeTmp

Run Build Command(s):C:/Qt/Tools/Ninja/ninja.exe cmTC_782c8 && [1/2] Building C object CMakeFiles/cmTC_782c8.dir/CurlTests.c.obj
[2/2] Linking C executable cmTC_782c8.exe
FAILED: cmTC_782c8.exe 
cmd.exe /C "cd . && C:\Qt\Tools\mingw730_32\bin\gcc.exe -w -DHAVE_IOCTLSOCKET_CAMEL  -DHAVE_WINDOWS_H -DHAVE_WINSOCK_H -DHAVE_WS2TCPIP_H -DHAVE_WINSOCK2_H -DHAVE_STDIO_H -DHAVE_SYS_STAT_H -DHAVE_SYS_TYPES_H -DHAVE_SYS_UTIME_H -DHAVE_ASSERT_H -DHAVE_ERRNO_H -DHAVE_FCNTL_H -DHAVE_IO_H -DHAVE_LIBGEN_H -DHAVE_LOCALE_H -DHAVE_SETJMP_H -DHAVE_SIGNAL_H -DHAVE_STDBOOL_H -DHAVE_STDIO_H -DHAVE_STDLIB_H -DHAVE_STRING_H -DHAVE_TIME_H -DHAVE_PROCESS_H -DHAVE_STDDEF_H -DHAVE_MALLOC_H -DHAVE_MEMORY_H  CMakeFiles/cmTC_782c8.dir/CurlTests.c.obj -o cmTC_782c8.exe -Wl,--out-implib,libcmTC_782c8.dll.a -Wl,--major-image-version,0,--minor-image-version,0  -lws2_32  -lkernel32 -luser32 -lgdi32 -lwinspool -lshell32 -lole32 -loleaut32 -luuid -lcomdlg32 -ladvapi32 && cd ."
CMakeFiles/cmTC_782c8.dir/CurlTests.c.obj:CurlTests.c:(.text+0x26): undefined reference to `IoctlSocket'
collect2.exe: error: ld returned 1 exit status
ninja: build stopped: subcommand failed.


Performing Curl Test HAVE_IOCTL_FIONBIO failed with the following output:
Change Dir: C:/Users/rapha/Documents/GitHub/OpenHD-ImageWriter/build-src-Desktop_Qt_5_12_12_MinGW_32_bit-Release/CMakeFiles/CMakeTmp

Run Build Command(s):C:/Qt/Tools/Ninja/ninja.exe cmTC_36d02 && [1/2] Building C object CMakeFiles/cmTC_36d02.dir/CurlTests.c.obj
FAILED: CMakeFiles/cmTC_36d02.dir/CurlTests.c.obj 
C:\Qt\Tools\mingw730_32\bin\gcc.exe   -w -DHAVE_IOCTL_FIONBIO  -DHAVE_WINDOWS_H -DHAVE_WINSOCK_H -DHAVE_WS2TCPIP_H -DHAVE_WINSOCK2_H -DHAVE_STDIO_H -DHAVE_SYS_STAT_H -DHAVE_SYS_TYPES_H -DHAVE_SYS_UTIME_H -DHAVE_ASSERT_H -DHAVE_ERRNO_H -DHAVE_FCNTL_H -DHAVE_IO_H -DHAVE_LIBGEN_H -DHAVE_LOCALE_H -DHAVE_SETJMP_H -DHAVE_SIGNAL_H -DHAVE_STDBOOL_H -DHAVE_STDIO_H -DHAVE_STDLIB_H -DHAVE_STRING_H -DHAVE_TIME_H -DHAVE_PROCESS_H -DHAVE_STDDEF_H -DHAVE_MALLOC_H -DHAVE_MEMORY_H -o CMakeFiles/cmTC_36d02.dir/CurlTests.c.obj -c C:/Users/rapha/Documents/GitHub/OpenHD-ImageWriter/src/dependencies/cmcurl/CMake/CurlTests.c
C:/Users/rapha/Documents/GitHub/OpenHD-ImageWriter/src/dependencies/cmcurl/CMake/CurlTests.c: In function 'main':
C:/Users/rapha/Documents/GitHub/OpenHD-ImageWriter/src/dependencies/cmcurl/CMake/CurlTests.c:438:26: error: 'FIONBIO' undeclared (first use in this function)
         if(0 != ioctl(0, FIONBIO, &flags))
                          ^~~~~~~
C:/Users/rapha/Documents/GitHub/OpenHD-ImageWriter/src/dependencies/cmcurl/CMake/CurlTests.c:438:26: note: each undeclared identifier is reported only once for each function it appears in
ninja: build stopped: subcommand failed.


Performing Curl Test HAVE_IOCTL_SIOCGIFADDR failed with the following output:
Change Dir: C:/Users/rapha/Documents/GitHub/OpenHD-ImageWriter/build-src-Desktop_Qt_5_12_12_MinGW_32_bit-Release/CMakeFiles/CMakeTmp

Run Build Command(s):C:/Qt/Tools/Ninja/ninja.exe cmTC_975ef && [1/2] Building C object CMakeFiles/cmTC_975ef.dir/CurlTests.c.obj
FAILED: CMakeFiles/cmTC_975ef.dir/CurlTests.c.obj 
C:\Qt\Tools\mingw730_32\bin\gcc.exe   -w -DHAVE_IOCTL_SIOCGIFADDR  -DHAVE_WINDOWS_H -DHAVE_WINSOCK_H -DHAVE_WS2TCPIP_H -DHAVE_WINSOCK2_H -DHAVE_STDIO_H -DHAVE_SYS_STAT_H -DHAVE_SYS_TYPES_H -DHAVE_SYS_UTIME_H -DHAVE_ASSERT_H -DHAVE_ERRNO_H -DHAVE_FCNTL_H -DHAVE_IO_H -DHAVE_LIBGEN_H -DHAVE_LOCALE_H -DHAVE_SETJMP_H -DHAVE_SIGNAL_H -DHAVE_STDBOOL_H -DHAVE_STDIO_H -DHAVE_STDLIB_H -DHAVE_STRING_H -DHAVE_TIME_H -DHAVE_PROCESS_H -DHAVE_STDDEF_H -DHAVE_MALLOC_H -DHAVE_MEMORY_H -o CMakeFiles/cmTC_975ef.dir/CurlTests.c.obj -c C:/Users/rapha/Documents/GitHub/OpenHD-ImageWriter/src/dependencies/cmcurl/CMake/CurlTests.c
C:/Users/rapha/Documents/GitHub/OpenHD-ImageWriter/src/dependencies/cmcurl/CMake/CurlTests.c:463:10: fatal error: net/if.h: No such file or directory
 #include <net/if.h>
          ^~~~~~~~~~
compilation terminated.
ninja: build stopped: subcommand failed.


Performing Curl Test HAVE_SETSOCKOPT_SO_NONBLOCK failed with the following output:
Change Dir: C:/Users/rapha/Documents/GitHub/OpenHD-ImageWriter/build-src-Desktop_Qt_5_12_12_MinGW_32_bit-Release/CMakeFiles/CMakeTmp

Run Build Command(s):C:/Qt/Tools/Ninja/ninja.exe cmTC_b566b && [1/2] Building C object CMakeFiles/cmTC_b566b.dir/CurlTests.c.obj
FAILED: CMakeFiles/cmTC_b566b.dir/CurlTests.c.obj 
C:\Qt\Tools\mingw730_32\bin\gcc.exe   -w -DHAVE_SETSOCKOPT_SO_NONBLOCK  -DHAVE_WINDOWS_H -DHAVE_WINSOCK_H -DHAVE_WS2TCPIP_H -DHAVE_WINSOCK2_H -DHAVE_STDIO_H -DHAVE_SYS_STAT_H -DHAVE_SYS_TYPES_H -DHAVE_SYS_UTIME_H -DHAVE_ASSERT_H -DHAVE_ERRNO_H -DHAVE_FCNTL_H -DHAVE_IO_H -DHAVE_LIBGEN_H -DHAVE_LOCALE_H -DHAVE_SETJMP_H -DHAVE_SIGNAL_H -DHAVE_STDBOOL_H -DHAVE_STDIO_H -DHAVE_STDLIB_H -DHAVE_STRING_H -DHAVE_TIME_H -DHAVE_PROCESS_H -DHAVE_STDDEF_H -DHAVE_MALLOC_H -DHAVE_MEMORY_H -o CMakeFiles/cmTC_b566b.dir/CurlTests.c.obj -c C:/Users/rapha/Documents/GitHub/OpenHD-ImageWriter/src/dependencies/cmcurl/CMake/CurlTests.c
C:/Users/rapha/Documents/GitHub/OpenHD-ImageWriter/src/dependencies/cmcurl/CMake/CurlTests.c: In function 'main':
C:/Users/rapha/Documents/GitHub/OpenHD-ImageWriter/src/dependencies/cmcurl/CMake/CurlTests.c:503:43: error: 'SO_NONBLOCK' undeclared (first use in this function); did you mean 'SMTO_BLOCK'?
         if(0 != setsockopt(0, SOL_SOCKET, SO_NONBLOCK, 0, 0))
                                           ^~~~~~~~~~~
                                           SMTO_BLOCK
C:/Users/rapha/Documents/GitHub/OpenHD-ImageWriter/src/dependencies/cmcurl/CMake/CurlTests.c:503:43: note: each undeclared identifier is reported only once for each function it appears in
ninja: build stopped: subcommand failed.


Performing Curl Test HAVE_SOCKADDR_IN6_SIN6_SCOPE_ID failed with the following output:
Change Dir: C:/Users/rapha/Documents/GitHub/OpenHD-ImageWriter/build-src-Desktop_Qt_5_12_12_MinGW_32_bit-Release/CMakeFiles/CMakeTmp

Run Build Command(s):C:/Qt/Tools/Ninja/ninja.exe cmTC_b5317 && [1/2] Building C object CMakeFiles/cmTC_b5317.dir/CurlTests.c.obj
[2/2] Linking C executable cmTC_b5317.exe
FAILED: cmTC_b5317.exe 
cmd.exe /C "cd . && C:\Qt\Tools\mingw730_32\bin\gcc.exe -w -DHAVE_SOCKADDR_IN6_SIN6_SCOPE_ID  -DHAVE_WINDOWS_H -DHAVE_WINSOCK_H -DHAVE_WS2TCPIP_H -DHAVE_WINSOCK2_H -DHAVE_STDIO_H -DHAVE_SYS_STAT_H -DHAVE_SYS_TYPES_H -DHAVE_SYS_UTIME_H -DHAVE_ASSERT_H -DHAVE_ERRNO_H -DHAVE_FCNTL_H -DHAVE_IO_H -DHAVE_LIBGEN_H -DHAVE_LOCALE_H -DHAVE_SETJMP_H -DHAVE_SIGNAL_H -DHAVE_STDBOOL_H -DHAVE_STDIO_H -DHAVE_STDLIB_H -DHAVE_STRING_H -DHAVE_TIME_H -DHAVE_PROCESS_H -DHAVE_STDDEF_H -DHAVE_MALLOC_H -DHAVE_MEMORY_H  CMakeFiles/cmTC_b5317.dir/CurlTests.c.obj -o cmTC_b5317.exe -Wl,--out-implib,libcmTC_b5317.dll.a -Wl,--major-image-version,0,--minor-image-version,0  -lws2_32  -lkernel32 -luser32 -lgdi32 -lwinspool -lshell32 -lole32 -loleaut32 -luuid -lcomdlg32 -ladvapi32 && cd ."
C:/Qt/Tools/mingw730_32/bin/../lib/gcc/i686-w64-mingw32/7.3.0/../../../../i686-w64-mingw32/lib/../lib/libmingw32.a(lib32_libmingw32_a-crt0_c.o):crt0_c.c:(.text.startup+0x39): undefined reference to `WinMain@16'
collect2.exe: error: ld returned 1 exit status
ninja: build stopped: subcommand failed.


Performing Curl Test HAVE_GLIBC_STRERROR_R failed with the following output:
Change Dir: C:/Users/rapha/Documents/GitHub/OpenHD-ImageWriter/build-src-Desktop_Qt_5_12_12_MinGW_32_bit-Release/CMakeFiles/CMakeTmp

Run Build Command(s):C:/Qt/Tools/Ninja/ninja.exe cmTC_fd253 && [1/2] Building C object CMakeFiles/cmTC_fd253.dir/CurlTests.c.obj
FAILED: CMakeFiles/cmTC_fd253.dir/CurlTests.c.obj 
C:\Qt\Tools\mingw730_32\bin\gcc.exe   -w -DHAVE_GLIBC_STRERROR_R  -DHAVE_WINDOWS_H -DHAVE_WINSOCK_H -DHAVE_WS2TCPIP_H -DHAVE_WINSOCK2_H -DHAVE_STDIO_H -DHAVE_SYS_STAT_H -DHAVE_SYS_TYPES_H -DHAVE_SYS_UTIME_H -DHAVE_ASSERT_H -DHAVE_ERRNO_H -DHAVE_FCNTL_H -DHAVE_IO_H -DHAVE_LIBGEN_H -DHAVE_LOCALE_H -DHAVE_SETJMP_H -DHAVE_SIGNAL_H -DHAVE_STDBOOL_H -DHAVE_STDIO_H -DHAVE_STDLIB_H -DHAVE_STRING_H -DHAVE_TIME_H -DHAVE_PROCESS_H -DHAVE_STDDEF_H -DHAVE_MALLOC_H -DHAVE_MEMORY_H -o CMakeFiles/cmTC_fd253.dir/CurlTests.c.obj -c C:/Users/rapha/Documents/GitHub/OpenHD-ImageWriter/src/dependencies/cmcurl/CMake/CurlTests.c
C:/Users/rapha/Documents/GitHub/OpenHD-ImageWriter/src/dependencies/cmcurl/CMake/CurlTests.c: In function 'main':
C:/Users/rapha/Documents/GitHub/OpenHD-ImageWriter/src/dependencies/cmcurl/CMake/CurlTests.c:519:51: error: subscripted value is neither array nor pointer nor vector
   check(strerror_r(EACCES, buffer, sizeof(buffer))[0]);
                                                   ^
ninja: build stopped: subcommand failed.


Performing Curl Test HAVE_POSIX_STRERROR_R failed with the following output:
Change Dir: C:/Users/rapha/Documents/GitHub/OpenHD-ImageWriter/build-src-Desktop_Qt_5_12_12_MinGW_32_bit-Release/CMakeFiles/CMakeTmp

Run Build Command(s):C:/Qt/Tools/Ninja/ninja.exe cmTC_5fa80 && [1/2] Building C object CMakeFiles/cmTC_5fa80.dir/CurlTests.c.obj
[2/2] Linking C executable cmTC_5fa80.exe
FAILED: cmTC_5fa80.exe 
cmd.exe /C "cd . && C:\Qt\Tools\mingw730_32\bin\gcc.exe -w -DHAVE_POSIX_STRERROR_R  -DHAVE_WINDOWS_H -DHAVE_WINSOCK_H -DHAVE_WS2TCPIP_H -DHAVE_WINSOCK2_H -DHAVE_STDIO_H -DHAVE_SYS_STAT_H -DHAVE_SYS_TYPES_H -DHAVE_SYS_UTIME_H -DHAVE_ASSERT_H -DHAVE_ERRNO_H -DHAVE_FCNTL_H -DHAVE_IO_H -DHAVE_LIBGEN_H -DHAVE_LOCALE_H -DHAVE_SETJMP_H -DHAVE_SIGNAL_H -DHAVE_STDBOOL_H -DHAVE_STDIO_H -DHAVE_STDLIB_H -DHAVE_STRING_H -DHAVE_TIME_H -DHAVE_PROCESS_H -DHAVE_STDDEF_H -DHAVE_MALLOC_H -DHAVE_MEMORY_H  CMakeFiles/cmTC_5fa80.dir/CurlTests.c.obj -o cmTC_5fa80.exe -Wl,--out-implib,libcmTC_5fa80.dll.a -Wl,--major-image-version,0,--minor-image-version,0  -lws2_32  -lkernel32 -luser32 -lgdi32 -lwinspool -lshell32 -lole32 -loleaut32 -luuid -lcomdlg32 -ladvapi32 && cd ."
CMakeFiles/cmTC_5fa80.dir/CurlTests.c.obj:CurlTests.c:(.text+0x2f): undefined reference to `strerror_r'
collect2.exe: error: ld returned 1 exit status
ninja: build stopped: subcommand failed.


Performing Curl Test HAVE_BUILTIN_AVAILABLE failed with the following output:
Change Dir: C:/Users/rapha/Documents/GitHub/OpenHD-ImageWriter/build-src-Desktop_Qt_5_12_12_MinGW_32_bit-Release/CMakeFiles/CMakeTmp

Run Build Command(s):C:/Qt/Tools/Ninja/ninja.exe cmTC_fa395 && [1/2] Building C object CMakeFiles/cmTC_fa395.dir/CurlTests.c.obj
FAILED: CMakeFiles/cmTC_fa395.dir/CurlTests.c.obj 
C:\Qt\Tools\mingw730_32\bin\gcc.exe   -w -DHAVE_BUILTIN_AVAILABLE  -DHAVE_WINDOWS_H -DHAVE_WINSOCK_H -DHAVE_WS2TCPIP_H -DHAVE_WINSOCK2_H -DHAVE_STDIO_H -DHAVE_SYS_STAT_H -DHAVE_SYS_TYPES_H -DHAVE_SYS_UTIME_H -DHAVE_ASSERT_H -DHAVE_ERRNO_H -DHAVE_FCNTL_H -DHAVE_IO_H -DHAVE_LIBGEN_H -DHAVE_LOCALE_H -DHAVE_SETJMP_H -DHAVE_SIGNAL_H -DHAVE_STDBOOL_H -DHAVE_STDIO_H -DHAVE_STDLIB_H -DHAVE_STRING_H -DHAVE_TIME_H -DHAVE_PROCESS_H -DHAVE_STDDEF_H -DHAVE_MALLOC_H -DHAVE_MEMORY_H -o CMakeFiles/cmTC_fa395.dir/CurlTests.c.obj -c C:/Users/rapha/Documents/GitHub/OpenHD-ImageWriter/src/dependencies/cmcurl/CMake/CurlTests.c
C:/Users/rapha/Documents/GitHub/OpenHD-ImageWriter/src/dependencies/cmcurl/CMake/CurlTests.c: In function 'main':
C:/Users/rapha/Documents/GitHub/OpenHD-ImageWriter/src/dependencies/cmcurl/CMake/CurlTests.c:566:26: error: 'macOS' undeclared (first use in this function)
   if(__builtin_available(macOS 10.12, *)) {}
                          ^~~~~
C:/Users/rapha/Documents/GitHub/OpenHD-ImageWriter/src/dependencies/cmcurl/CMake/CurlTests.c:566:26: note: each undeclared identifier is reported only once for each function it appears in
C:/Users/rapha/Documents/GitHub/OpenHD-ImageWriter/src/dependencies/cmcurl/CMake/CurlTests.c:566:32: error: expected ')' before numeric constant
   if(__builtin_available(macOS 10.12, *)) {}
                                ^~~~~
ninja: build stopped: subcommand failed.


Performing C SOURCE FILE Test HAVE_MSG_NOSIGNAL failed with the following output:
Change Dir: C:/Users/rapha/Documents/GitHub/OpenHD-ImageWriter/build-src-Desktop_Qt_5_12_12_MinGW_32_bit-Release/CMakeFiles/CMakeTmp

Run Build Command(s):C:/Qt/Tools/Ninja/ninja.exe cmTC_7fc67 && [1/2] Building C object CMakeFiles/cmTC_7fc67.dir/src.c.obj
FAILED: CMakeFiles/cmTC_7fc67.dir/src.c.obj 
C:\Qt\Tools\mingw730_32\bin\gcc.exe -DHAVE_MSG_NOSIGNAL -IC:/Users/rapha/Documents/GitHub/OpenHD-ImageWriter/src/dependencies/cmcurl/include -w     -D_WINSOCKAPI_= -DSECURITY_WIN32 -o CMakeFiles/cmTC_7fc67.dir/src.c.obj -c C:/Users/rapha/Documents/GitHub/OpenHD-ImageWriter/build-src-Desktop_Qt_5_12_12_MinGW_32_bit-Release/CMakeFiles/CMakeTmp/src.c
C:/Users/rapha/Documents/GitHub/OpenHD-ImageWriter/build-src-Desktop_Qt_5_12_12_MinGW_32_bit-Release/CMakeFiles/CMakeTmp/src.c: In function 'main':
C:/Users/rapha/Documents/GitHub/OpenHD-ImageWriter/build-src-Desktop_Qt_5_12_12_MinGW_32_bit-Release/CMakeFiles/CMakeTmp/src.c:9:16: error: 'MSG_NOSIGNAL' undeclared (first use in this function); did you mean 'MM_MCISIGNAL'?
     int flag = MSG_NOSIGNAL;
                ^~~~~~~~~~~~
                MM_MCISIGNAL
C:/Users/rapha/Documents/GitHub/OpenHD-ImageWriter/build-src-Desktop_Qt_5_12_12_MinGW_32_bit-Release/CMakeFiles/CMakeTmp/src.c:9:16: note: each undeclared identifier is reported only once for each function it appears in
ninja: build stopped: subcommand failed.


Source file was:
#undef inline
#include <winsock2.h>
#include <windows.h>
#include <winsock.h>
#ifndef WIN32_LEAN_AND_MEAN
#define WIN32_LEAN_AND_MEAN
#endif
  int main(void) {
    int flag = MSG_NOSIGNAL;
    (void)flag;
    return 0;
  }
Performing C SOURCE FILE Test HAVE_POLL_FINE failed with the following compile output:
Change Dir: C:/Users/rapha/Documents/GitHub/OpenHD-ImageWriter/build-src-Desktop_Qt_5_12_12_MinGW_32_bit-Release/CMakeFiles/CMakeTmp

Run Build Command(s):C:/Qt/Tools/Ninja/ninja.exe cmTC_2ea87 && [1/2] Building C object CMakeFiles/cmTC_2ea87.dir/src.c.obj
[2/2] Linking C executable cmTC_2ea87.exe
FAILED: cmTC_2ea87.exe 
cmd.exe /C "cd . && C:\Qt\Tools\mingw730_32\bin\gcc.exe -w  CMakeFiles/cmTC_2ea87.dir/src.c.obj -o cmTC_2ea87.exe -Wl,--out-implib,libcmTC_2ea87.dll.a -Wl,--major-image-version,0,--minor-image-version,0  -lws2_32  -lkernel32 -luser32 -lgdi32 -lwinspool -lshell32 -lole32 -loleaut32 -luuid -lcomdlg32 -ladvapi32 && cd ."
CMakeFiles/cmTC_2ea87.dir/src.c.obj:src.c:(.text+0x26): undefined reference to `poll'
CMakeFiles/cmTC_2ea87.dir/src.c.obj:src.c:(.text+0x64): undefined reference to `poll'
collect2.exe: error: ld returned 1 exit status
ninja: build stopped: subcommand failed.


...and run output:

Return value: 1
Source file was:

    #include <stdlib.h>
    #include <sys/time.h>

    #ifdef HAVE_SYS_POLL_H
    #  include <sys/poll.h>
    #elif  HAVE_POLL_H
    #  include <poll.h>
    #endif

    int main(void)
    {
        if(0 != poll(0, 0, 10)) {
          return 1; /* fail */
        }
        else {
          /* detect the 10.12 poll() breakage */
          struct timeval before, after;
          int rc;
          size_t us;

          gettimeofday(&before, NULL);
          rc = poll(NULL, 0, 500);
          gettimeofday(&after, NULL);

          us = (after.tv_sec - before.tv_sec) * 1000000 +
            (after.tv_usec - before.tv_usec);

          if(us < 400000) {
            return 1;
          }
        }
        return 0;
    }
Determining if the include file byteswap.h exists failed with the following output:
Change Dir: C:/Users/rapha/Documents/GitHub/OpenHD-ImageWriter/build-src-Desktop_Qt_5_12_12_MinGW_32_bit-Release/CMakeFiles/CMakeTmp

Run Build Command(s):C:/Qt/Tools/Ninja/ninja.exe cmTC_d171e && [1/2] Building C object CMakeFiles/cmTC_d171e.dir/CheckIncludeFile.c.obj
FAILED: CMakeFiles/cmTC_d171e.dir/CheckIncludeFile.c.obj 
C:\Qt\Tools\mingw730_32\bin\gcc.exe    -o CMakeFiles/cmTC_d171e.dir/CheckIncludeFile.c.obj -c C:/Users/rapha/Documents/GitHub/OpenHD-ImageWriter/build-src-Desktop_Qt_5_12_12_MinGW_32_bit-Release/CMakeFiles/CMakeTmp/CheckIncludeFile.c
C:/Users/rapha/Documents/GitHub/OpenHD-ImageWriter/build-src-Desktop_Qt_5_12_12_MinGW_32_bit-Release/CMakeFiles/CMakeTmp/CheckIncludeFile.c:1:10: fatal error: byteswap.h: No such file or directory
 #include <byteswap.h>
          ^~~~~~~~~~~~
compilation terminated.
ninja: build stopped: subcommand failed.



Determining if the include file sys/sysctl.h exists failed with the following output:
Change Dir: C:/Users/rapha/Documents/GitHub/OpenHD-ImageWriter/build-src-Desktop_Qt_5_12_12_MinGW_32_bit-Release/CMakeFiles/CMakeTmp

Run Build Command(s):C:/Qt/Tools/Ninja/ninja.exe cmTC_7ce35 && [1/2] Building C object CMakeFiles/cmTC_7ce35.dir/CheckIncludeFile.c.obj
FAILED: CMakeFiles/cmTC_7ce35.dir/CheckIncludeFile.c.obj 
C:\Qt\Tools\mingw730_32\bin\gcc.exe    -o CMakeFiles/cmTC_7ce35.dir/CheckIncludeFile.c.obj -c C:/Users/rapha/Documents/GitHub/OpenHD-ImageWriter/build-src-Desktop_Qt_5_12_12_MinGW_32_bit-Release/CMakeFiles/CMakeTmp/CheckIncludeFile.c
C:/Users/rapha/Documents/GitHub/OpenHD-ImageWriter/build-src-Desktop_Qt_5_12_12_MinGW_32_bit-Release/CMakeFiles/CMakeTmp/CheckIncludeFile.c:1:10: fatal error: sys/sysctl.h: No such file or directory
 #include <sys/sysctl.h>
          ^~~~~~~~~~~~~~
compilation terminated.
ninja: build stopped: subcommand failed.



Performing C SOURCE FILE Test HAVE_BSWAP_16 failed with the following output:
Change Dir: C:/Users/rapha/Documents/GitHub/OpenHD-ImageWriter/build-src-Desktop_Qt_5_12_12_MinGW_32_bit-Release/CMakeFiles/CMakeTmp

Run Build Command(s):C:/Qt/Tools/Ninja/ninja.exe cmTC_a0dd2 && [1/2] Building C object CMakeFiles/cmTC_a0dd2.dir/src.c.obj
FAILED: CMakeFiles/cmTC_a0dd2.dir/src.c.obj 
C:\Qt\Tools\mingw730_32\bin\gcc.exe -DHAVE_BSWAP_16   -o CMakeFiles/cmTC_a0dd2.dir/src.c.obj -c C:/Users/rapha/Documents/GitHub/OpenHD-ImageWriter/build-src-Desktop_Qt_5_12_12_MinGW_32_bit-Release/CMakeFiles/CMakeTmp/src.c
C:/Users/rapha/Documents/GitHub/OpenHD-ImageWriter/build-src-Desktop_Qt_5_12_12_MinGW_32_bit-Release/CMakeFiles/CMakeTmp/src.c:1:9: fatal error: byteswap.h: No such file or directory
 #include<byteswap.h>
         ^~~~~~~~~~~~
compilation terminated.
ninja: build stopped: subcommand failed.


Source file was:
#include<byteswap.h>
int main(void){bswap_16(0);return 0;}
Performing C SOURCE FILE Test HAVE_BSWAP_32 failed with the following output:
Change Dir: C:/Users/rapha/Documents/GitHub/OpenHD-ImageWriter/build-src-Desktop_Qt_5_12_12_MinGW_32_bit-Release/CMakeFiles/CMakeTmp

Run Build Command(s):C:/Qt/Tools/Ninja/ninja.exe cmTC_6fac1 && [1/2] Building C object CMakeFiles/cmTC_6fac1.dir/src.c.obj
FAILED: CMakeFiles/cmTC_6fac1.dir/src.c.obj 
C:\Qt\Tools\mingw730_32\bin\gcc.exe -DHAVE_BSWAP_32   -o CMakeFiles/cmTC_6fac1.dir/src.c.obj -c C:/Users/rapha/Documents/GitHub/OpenHD-ImageWriter/build-src-Desktop_Qt_5_12_12_MinGW_32_bit-Release/CMakeFiles/CMakeTmp/src.c
C:/Users/rapha/Documents/GitHub/OpenHD-ImageWriter/build-src-Desktop_Qt_5_12_12_MinGW_32_bit-Release/CMakeFiles/CMakeTmp/src.c:1:9: fatal error: byteswap.h: No such file or directory
 #include<byteswap.h>
         ^~~~~~~~~~~~
compilation terminated.
ninja: build stopped: subcommand failed.


Source file was:
#include<byteswap.h>
int main(void){bswap_32(0);return 0;}
Performing C SOURCE FILE Test HAVE_BSWAP_64 failed with the following output:
Change Dir: C:/Users/rapha/Documents/GitHub/OpenHD-ImageWriter/build-src-Desktop_Qt_5_12_12_MinGW_32_bit-Release/CMakeFiles/CMakeTmp

Run Build Command(s):C:/Qt/Tools/Ninja/ninja.exe cmTC_ce6ee && [1/2] Building C object CMakeFiles/cmTC_ce6ee.dir/src.c.obj
FAILED: CMakeFiles/cmTC_ce6ee.dir/src.c.obj 
C:\Qt\Tools\mingw730_32\bin\gcc.exe -DHAVE_BSWAP_64   -o CMakeFiles/cmTC_ce6ee.dir/src.c.obj -c C:/Users/rapha/Documents/GitHub/OpenHD-ImageWriter/build-src-Desktop_Qt_5_12_12_MinGW_32_bit-Release/CMakeFiles/CMakeTmp/src.c
C:/Users/rapha/Documents/GitHub/OpenHD-ImageWriter/build-src-Desktop_Qt_5_12_12_MinGW_32_bit-Release/CMakeFiles/CMakeTmp/src.c:1:9: fatal error: byteswap.h: No such file or directory
 #include<byteswap.h>
         ^~~~~~~~~~~~
compilation terminated.
ninja: build stopped: subcommand failed.


Source file was:
#include<byteswap.h>
int main(void){bswap_64(0);return 0;}
Performing C SOURCE FILE Test ZLIB_WINAPI failed with the following compile output:
Change Dir: C:/Users/rapha/Documents/GitHub/OpenHD-ImageWriter/build-src-Desktop_Qt_5_12_12_MinGW_32_bit-Release/CMakeFiles/CMakeTmp

Run Build Command(s):C:/Qt/Tools/Ninja/ninja.exe cmTC_03a46 && [1/2] Building C object CMakeFiles/cmTC_03a46.dir/src.c.obj
[2/2] Linking C executable cmTC_03a46.exe
FAILED: cmTC_03a46.exe 
cmd.exe /C "cd . && C:\Qt\Tools\mingw730_32\bin\gcc.exe -Wall -Wformat -Wformat-security -Wall -Wformat -Wformat-security  CMakeFiles/cmTC_03a46.dir/src.c.obj -o cmTC_03a46.exe -Wl,--out-implib,libcmTC_03a46.dll.a -Wl,--major-image-version,0,--minor-image-version,0  -lzlibstatic  -lkernel32 -luser32 -lgdi32 -lwinspool -lshell32 -lole32 -loleaut32 -luuid -lcomdlg32 -ladvapi32 && cd ."
C:/Qt/Tools/mingw730_32/bin/../lib/gcc/i686-w64-mingw32/7.3.0/../../../../i686-w64-mingw32/bin/ld.exe: cannot find -lzlibstatic
collect2.exe: error: ld returned 1 exit status
ninja: build stopped: subcommand failed.


...and run output:

Return value: 1
Source file was:
#include <zlib.h>
int main() {uLong f = zlibCompileFlags(); return (f&(1U<<10))?0:-1; }
Performing C SOURCE FILE Test ZLIB_DLL failed with the following output:
Change Dir: C:/Users/rapha/Documents/GitHub/OpenHD-ImageWriter/build-src-Desktop_Qt_5_12_12_MinGW_32_bit-Release/CMakeFiles/CMakeTmp

Run Build Command(s):C:/Qt/Tools/Ninja/ninja.exe cmTC_c9deb && [1/2] Building C object CMakeFiles/cmTC_c9deb.dir/src.c.obj
[2/2] Linking C executable cmTC_c9deb.exe
FAILED: cmTC_c9deb.exe 
cmd.exe /C "cd . && C:\Qt\Tools\mingw730_32\bin\gcc.exe -Wall -Wformat -Wformat-security -Wall -Wformat -Wformat-security  CMakeFiles/cmTC_c9deb.dir/src.c.obj -o cmTC_c9deb.exe -Wl,--out-implib,libcmTC_c9deb.dll.a -Wl,--major-image-version,0,--minor-image-version,0  -lzlibstatic  -lkernel32 -luser32 -lgdi32 -lwinspool -lshell32 -lole32 -loleaut32 -luuid -lcomdlg32 -ladvapi32 && cd ."
C:/Qt/Tools/mingw730_32/bin/../lib/gcc/i686-w64-mingw32/7.3.0/../../../../i686-w64-mingw32/bin/ld.exe: cannot find -lzlibstatic
collect2.exe: error: ld returned 1 exit status
ninja: build stopped: subcommand failed.


Source file was:
#include <zlib.h>
int main() {return zlibVersion()?1:0; }
Performing C SOURCE FILE Test WITHOUT_ZLIB_DLL failed with the following output:
Change Dir: C:/Users/rapha/Documents/GitHub/OpenHD-ImageWriter/build-src-Desktop_Qt_5_12_12_MinGW_32_bit-Release/CMakeFiles/CMakeTmp

Run Build Command(s):C:/Qt/Tools/Ninja/ninja.exe cmTC_b0d59 && [1/2] Building C object CMakeFiles/cmTC_b0d59.dir/src.c.obj
[2/2] Linking C executable cmTC_b0d59.exe
FAILED: cmTC_b0d59.exe 
cmd.exe /C "cd . && C:\Qt\Tools\mingw730_32\bin\gcc.exe -Wall -Wformat -Wformat-security -Wall -Wformat -Wformat-security  CMakeFiles/cmTC_b0d59.dir/src.c.obj -o cmTC_b0d59.exe -Wl,--out-implib,libcmTC_b0d59.dll.a -Wl,--major-image-version,0,--minor-image-version,0  -lzlibstatic  -lkernel32 -luser32 -lgdi32 -lwinspool -lshell32 -lole32 -loleaut32 -luuid -lcomdlg32 -ladvapi32 && cd ."
C:/Qt/Tools/mingw730_32/bin/../lib/gcc/i686-w64-mingw32/7.3.0/../../../../i686-w64-mingw32/bin/ld.exe: cannot find -lzlibstatic
collect2.exe: error: ld returned 1 exit status
ninja: build stopped: subcommand failed.


Source file was:
#include <zlib.h>
int main() {return zlibVersion()?1:0; }
Performing C SOURCE FILE Test WITHOUT_LZMA_API_STATIC failed with the following output:
Change Dir: C:/Users/rapha/Documents/GitHub/OpenHD-ImageWriter/build-src-Desktop_Qt_5_12_12_MinGW_32_bit-Release/CMakeFiles/CMakeTmp

Run Build Command(s):C:/Qt/Tools/Ninja/ninja.exe cmTC_700be && [1/2] Building C object CMakeFiles/cmTC_700be.dir/src.c.obj
[2/2] Linking C executable cmTC_700be.exe
FAILED: cmTC_700be.exe 
cmd.exe /C "cd . && C:\Qt\Tools\mingw730_32\bin\gcc.exe -Wall -Wformat -Wformat-security -Wall -Wformat -Wformat-security  CMakeFiles/cmTC_700be.dir/src.c.obj -o cmTC_700be.exe -Wl,--out-implib,libcmTC_700be.dll.a -Wl,--major-image-version,0,--minor-image-version,0  -lcmliblzma  -lkernel32 -luser32 -lgdi32 -lwinspool -lshell32 -lole32 -loleaut32 -luuid -lcomdlg32 -ladvapi32 && cd ."
C:/Qt/Tools/mingw730_32/bin/../lib/gcc/i686-w64-mingw32/7.3.0/../../../../i686-w64-mingw32/bin/ld.exe: cannot find -lcmliblzma
collect2.exe: error: ld returned 1 exit status
ninja: build stopped: subcommand failed.


Source file was:
#include <lzma.h>
int main() {return (int)lzma_version_number(); }
Performing C SOURCE FILE Test LZMA_API_STATIC failed with the following output:
Change Dir: C:/Users/rapha/Documents/GitHub/OpenHD-ImageWriter/build-src-Desktop_Qt_5_12_12_MinGW_32_bit-Release/CMakeFiles/CMakeTmp

Run Build Command(s):C:/Qt/Tools/Ninja/ninja.exe cmTC_b053f && [1/2] Building C object CMakeFiles/cmTC_b053f.dir/src.c.obj
[2/2] Linking C executable cmTC_b053f.exe
FAILED: cmTC_b053f.exe 
cmd.exe /C "cd . && C:\Qt\Tools\mingw730_32\bin\gcc.exe -Wall -Wformat -Wformat-security -Wall -Wformat -Wformat-security  CMakeFiles/cmTC_b053f.dir/src.c.obj -o cmTC_b053f.exe -Wl,--out-implib,libcmTC_b053f.dll.a -Wl,--major-image-version,0,--minor-image-version,0  -lcmliblzma  -lkernel32 -luser32 -lgdi32 -lwinspool -lshell32 -lole32 -loleaut32 -luuid -lcomdlg32 -ladvapi32 && cd ."
C:/Qt/Tools/mingw730_32/bin/../lib/gcc/i686-w64-mingw32/7.3.0/../../../../i686-w64-mingw32/bin/ld.exe: cannot find -lcmliblzma
collect2.exe: error: ld returned 1 exit status
ninja: build stopped: subcommand failed.


Source file was:
#include <lzma.h>
int main() {return (int)lzma_version_number(); }
Determining if files sys/types.h;acl/libacl.h exist failed with the following output:
Change Dir: C:/Users/rapha/Documents/GitHub/OpenHD-ImageWriter/build-src-Desktop_Qt_5_12_12_MinGW_32_bit-Release/CMakeFiles/CMakeTmp

Run Build Command(s):C:/Qt/Tools/Ninja/ninja.exe cmTC_c1c3f && [1/2] Building C object CMakeFiles/cmTC_c1c3f.dir/HAVE_ACL_LIBACL_H.c.obj
FAILED: CMakeFiles/cmTC_c1c3f.dir/HAVE_ACL_LIBACL_H.c.obj 
C:\Qt\Tools\mingw730_32\bin\gcc.exe   -Wall -Wformat -Wformat-security -Wall -Wformat -Wformat-security -o CMakeFiles/cmTC_c1c3f.dir/HAVE_ACL_LIBACL_H.c.obj -c C:/Users/rapha/Documents/GitHub/OpenHD-ImageWriter/build-src-Desktop_Qt_5_12_12_MinGW_32_bit-Release/CMakeFiles/CheckIncludeFiles/HAVE_ACL_LIBACL_H.c
C:/Users/rapha/Documents/GitHub/OpenHD-ImageWriter/build-src-Desktop_Qt_5_12_12_MinGW_32_bit-Release/CMakeFiles/CheckIncludeFiles/HAVE_ACL_LIBACL_H.c:3:10: fatal error: acl/libacl.h: No such file or directory
 #include <acl/libacl.h>
          ^~~~~~~~~~~~~~
compilation terminated.
ninja: build stopped: subcommand failed.


Source:
/* */
#include <sys/types.h>
#include <acl/libacl.h>


int main(void){return 0;}

Determining if files sys/types.h;attr/xattr.h exist failed with the following output:
Change Dir: C:/Users/rapha/Documents/GitHub/OpenHD-ImageWriter/build-src-Desktop_Qt_5_12_12_MinGW_32_bit-Release/CMakeFiles/CMakeTmp

Run Build Command(s):C:/Qt/Tools/Ninja/ninja.exe cmTC_51c19 && [1/2] Building C object CMakeFiles/cmTC_51c19.dir/HAVE_ATTR_XATTR_H.c.obj
FAILED: CMakeFiles/cmTC_51c19.dir/HAVE_ATTR_XATTR_H.c.obj 
C:\Qt\Tools\mingw730_32\bin\gcc.exe   -Wall -Wformat -Wformat-security -Wall -Wformat -Wformat-security -o CMakeFiles/cmTC_51c19.dir/HAVE_ATTR_XATTR_H.c.obj -c C:/Users/rapha/Documents/GitHub/OpenHD-ImageWriter/build-src-Desktop_Qt_5_12_12_MinGW_32_bit-Release/CMakeFiles/CheckIncludeFiles/HAVE_ATTR_XATTR_H.c
C:/Users/rapha/Documents/GitHub/OpenHD-ImageWriter/build-src-Desktop_Qt_5_12_12_MinGW_32_bit-Release/CMakeFiles/CheckIncludeFiles/HAVE_ATTR_XATTR_H.c:3:10: fatal error: attr/xattr.h: No such file or directory
 #include <attr/xattr.h>
          ^~~~~~~~~~~~~~
compilation terminated.
ninja: build stopped: subcommand failed.


Source:
/* */
#include <sys/types.h>
#include <attr/xattr.h>


int main(void){return 0;}

Determining if files sys/types.h;ctype.h;copyfile.h exist failed with the following output:
Change Dir: C:/Users/rapha/Documents/GitHub/OpenHD-ImageWriter/build-src-Desktop_Qt_5_12_12_MinGW_32_bit-Release/CMakeFiles/CMakeTmp

Run Build Command(s):C:/Qt/Tools/Ninja/ninja.exe cmTC_f8fb4 && [1/2] Building C object CMakeFiles/cmTC_f8fb4.dir/HAVE_COPYFILE_H.c.obj
FAILED: CMakeFiles/cmTC_f8fb4.dir/HAVE_COPYFILE_H.c.obj 
C:\Qt\Tools\mingw730_32\bin\gcc.exe   -Wall -Wformat -Wformat-security -Wall -Wformat -Wformat-security -o CMakeFiles/cmTC_f8fb4.dir/HAVE_COPYFILE_H.c.obj -c C:/Users/rapha/Documents/GitHub/OpenHD-ImageWriter/build-src-Desktop_Qt_5_12_12_MinGW_32_bit-Release/CMakeFiles/CheckIncludeFiles/HAVE_COPYFILE_H.c
C:/Users/rapha/Documents/GitHub/OpenHD-ImageWriter/build-src-Desktop_Qt_5_12_12_MinGW_32_bit-Release/CMakeFiles/CheckIncludeFiles/HAVE_COPYFILE_H.c:4:10: fatal error: copyfile.h: No such file or directory
 #include <copyfile.h>
          ^~~~~~~~~~~~
compilation terminated.
ninja: build stopped: subcommand failed.


Source:
/* */
#include <sys/types.h>
#include <ctype.h>
#include <copyfile.h>


int main(void){return 0;}

Determining if files sys/types.h;ctype.h;direct.h;dlfcn.h exist failed with the following output:
Change Dir: C:/Users/rapha/Documents/GitHub/OpenHD-ImageWriter/build-src-Desktop_Qt_5_12_12_MinGW_32_bit-Release/CMakeFiles/CMakeTmp

Run Build Command(s):C:/Qt/Tools/Ninja/ninja.exe cmTC_e4911 && [1/2] Building C object CMakeFiles/cmTC_e4911.dir/HAVE_DLFCN_H.c.obj
FAILED: CMakeFiles/cmTC_e4911.dir/HAVE_DLFCN_H.c.obj 
C:\Qt\Tools\mingw730_32\bin\gcc.exe   -Wall -Wformat -Wformat-security -Wall -Wformat -Wformat-security -o CMakeFiles/cmTC_e4911.dir/HAVE_DLFCN_H.c.obj -c C:/Users/rapha/Documents/GitHub/OpenHD-ImageWriter/build-src-Desktop_Qt_5_12_12_MinGW_32_bit-Release/CMakeFiles/CheckIncludeFiles/HAVE_DLFCN_H.c
C:/Users/rapha/Documents/GitHub/OpenHD-ImageWriter/build-src-Desktop_Qt_5_12_12_MinGW_32_bit-Release/CMakeFiles/CheckIncludeFiles/HAVE_DLFCN_H.c:5:10: fatal error: dlfcn.h: No such file or directory
 #include <dlfcn.h>
          ^~~~~~~~~
compilation terminated.
ninja: build stopped: subcommand failed.


Source:
/* */
#include <sys/types.h>
#include <ctype.h>
#include <direct.h>
#include <dlfcn.h>


int main(void){return 0;}

Determining if files sys/types.h;ctype.h;direct.h;errno.h;ext2fs/ext2_fs.h exist failed with the following output:
Change Dir: C:/Users/rapha/Documents/GitHub/OpenHD-ImageWriter/build-src-Desktop_Qt_5_12_12_MinGW_32_bit-Release/CMakeFiles/CMakeTmp

Run Build Command(s):C:/Qt/Tools/Ninja/ninja.exe cmTC_d63e8 && [1/2] Building C object CMakeFiles/cmTC_d63e8.dir/HAVE_EXT2FS_EXT2_FS_H.c.obj
FAILED: CMakeFiles/cmTC_d63e8.dir/HAVE_EXT2FS_EXT2_FS_H.c.obj 
C:\Qt\Tools\mingw730_32\bin\gcc.exe   -Wall -Wformat -Wformat-security -Wall -Wformat -Wformat-security -o CMakeFiles/cmTC_d63e8.dir/HAVE_EXT2FS_EXT2_FS_H.c.obj -c C:/Users/rapha/Documents/GitHub/OpenHD-ImageWriter/build-src-Desktop_Qt_5_12_12_MinGW_32_bit-Release/CMakeFiles/CheckIncludeFiles/HAVE_EXT2FS_EXT2_FS_H.c
C:/Users/rapha/Documents/GitHub/OpenHD-ImageWriter/build-src-Desktop_Qt_5_12_12_MinGW_32_bit-Release/CMakeFiles/CheckIncludeFiles/HAVE_EXT2FS_EXT2_FS_H.c:6:10: fatal error: ext2fs/ext2_fs.h: No such file or directory
 #include <ext2fs/ext2_fs.h>
          ^~~~~~~~~~~~~~~~~~
compilation terminated.
ninja: build stopped: subcommand failed.


Source:
/* */
#include <sys/types.h>
#include <ctype.h>
#include <direct.h>
#include <errno.h>
#include <ext2fs/ext2_fs.h>


int main(void){return 0;}

Performing C SOURCE FILE Test HAVE_WORKING_EXT2_IOC_GETFLAGS failed with the following output:
Change Dir: C:/Users/rapha/Documents/GitHub/OpenHD-ImageWriter/build-src-Desktop_Qt_5_12_12_MinGW_32_bit-Release/CMakeFiles/CMakeTmp

Run Build Command(s):C:/Qt/Tools/Ninja/ninja.exe cmTC_34b3f && [1/2] Building C object CMakeFiles/cmTC_34b3f.dir/src.c.obj
FAILED: CMakeFiles/cmTC_34b3f.dir/src.c.obj 
C:\Qt\Tools\mingw730_32\bin\gcc.exe -DHAVE_WORKING_EXT2_IOC_GETFLAGS  -Wall -Wformat -Wformat-security -Wall -Wformat -Wformat-security -o CMakeFiles/cmTC_34b3f.dir/src.c.obj -c C:/Users/rapha/Documents/GitHub/OpenHD-ImageWriter/build-src-Desktop_Qt_5_12_12_MinGW_32_bit-Release/CMakeFiles/CMakeTmp/src.c
C:/Users/rapha/Documents/GitHub/OpenHD-ImageWriter/build-src-Desktop_Qt_5_12_12_MinGW_32_bit-Release/CMakeFiles/CMakeTmp/src.c:1:10: fatal error: sys/ioctl.h: No such file or directory
 #include <sys/ioctl.h>
          ^~~~~~~~~~~~~
compilation terminated.
ninja: build stopped: subcommand failed.


Source file was:
#include <sys/ioctl.h>
#include <ext2fs/ext2_fs.h>
int main(void) { return EXT2_IOC_GETFLAGS; }
Determining if files sys/types.h;ctype.h;direct.h;errno.h;fcntl.h;grp.h exist failed with the following output:
Change Dir: C:/Users/rapha/Documents/GitHub/OpenHD-ImageWriter/build-src-Desktop_Qt_5_12_12_MinGW_32_bit-Release/CMakeFiles/CMakeTmp

Run Build Command(s):C:/Qt/Tools/Ninja/ninja.exe cmTC_9a3ed && [1/2] Building C object CMakeFiles/cmTC_9a3ed.dir/HAVE_GRP_H.c.obj
FAILED: CMakeFiles/cmTC_9a3ed.dir/HAVE_GRP_H.c.obj 
C:\Qt\Tools\mingw730_32\bin\gcc.exe   -Wall -Wformat -Wformat-security -Wall -Wformat -Wformat-security -o CMakeFiles/cmTC_9a3ed.dir/HAVE_GRP_H.c.obj -c C:/Users/rapha/Documents/GitHub/OpenHD-ImageWriter/build-src-Desktop_Qt_5_12_12_MinGW_32_bit-Release/CMakeFiles/CheckIncludeFiles/HAVE_GRP_H.c
C:/Users/rapha/Documents/GitHub/OpenHD-ImageWriter/build-src-Desktop_Qt_5_12_12_MinGW_32_bit-Release/CMakeFiles/CheckIncludeFiles/HAVE_GRP_H.c:7:10: fatal error: grp.h: No such file or directory
 #include <grp.h>
          ^~~~~~~
compilation terminated.
ninja: build stopped: subcommand failed.


Source:
/* */
#include <sys/types.h>
#include <ctype.h>
#include <direct.h>
#include <errno.h>
#include <fcntl.h>
#include <grp.h>


int main(void){return 0;}

Determining if files sys/types.h;ctype.h;direct.h;errno.h;fcntl.h;inttypes.h;io.h;langinfo.h exist failed with the following output:
Change Dir: C:/Users/rapha/Documents/GitHub/OpenHD-ImageWriter/build-src-Desktop_Qt_5_12_12_MinGW_32_bit-Release/CMakeFiles/CMakeTmp

Run Build Command(s):C:/Qt/Tools/Ninja/ninja.exe cmTC_19903 && [1/2] Building C object CMakeFiles/cmTC_19903.dir/HAVE_LANGINFO_H.c.obj
FAILED: CMakeFiles/cmTC_19903.dir/HAVE_LANGINFO_H.c.obj 
C:\Qt\Tools\mingw730_32\bin\gcc.exe   -Wall -Wformat -Wformat-security -Wall -Wformat -Wformat-security -o CMakeFiles/cmTC_19903.dir/HAVE_LANGINFO_H.c.obj -c C:/Users/rapha/Documents/GitHub/OpenHD-ImageWriter/build-src-Desktop_Qt_5_12_12_MinGW_32_bit-Release/CMakeFiles/CheckIncludeFiles/HAVE_LANGINFO_H.c
C:/Users/rapha/Documents/GitHub/OpenHD-ImageWriter/build-src-Desktop_Qt_5_12_12_MinGW_32_bit-Release/CMakeFiles/CheckIncludeFiles/HAVE_LANGINFO_H.c:9:10: fatal error: langinfo.h: No such file or directory
 #include <langinfo.h>
          ^~~~~~~~~~~~
compilation terminated.
ninja: build stopped: subcommand failed.


Source:
/* */
#include <sys/types.h>
#include <ctype.h>
#include <direct.h>
#include <errno.h>
#include <fcntl.h>
#include <inttypes.h>
#include <io.h>
#include <langinfo.h>


int main(void){return 0;}

Determining if files sys/types.h;ctype.h;direct.h;errno.h;fcntl.h;inttypes.h;io.h;limits.h;linux/types.h exist failed with the following output:
Change Dir: C:/Users/rapha/Documents/GitHub/OpenHD-ImageWriter/build-src-Desktop_Qt_5_12_12_MinGW_32_bit-Release/CMakeFiles/CMakeTmp

Run Build Command(s):C:/Qt/Tools/Ninja/ninja.exe cmTC_9d93a && [1/2] Building C object CMakeFiles/cmTC_9d93a.dir/HAVE_LINUX_TYPES_H.c.obj
FAILED: CMakeFiles/cmTC_9d93a.dir/HAVE_LINUX_TYPES_H.c.obj 
C:\Qt\Tools\mingw730_32\bin\gcc.exe   -Wall -Wformat -Wformat-security -Wall -Wformat -Wformat-security -o CMakeFiles/cmTC_9d93a.dir/HAVE_LINUX_TYPES_H.c.obj -c C:/Users/rapha/Documents/GitHub/OpenHD-ImageWriter/build-src-Desktop_Qt_5_12_12_MinGW_32_bit-Release/CMakeFiles/CheckIncludeFiles/HAVE_LINUX_TYPES_H.c
C:/Users/rapha/Documents/GitHub/OpenHD-ImageWriter/build-src-Desktop_Qt_5_12_12_MinGW_32_bit-Release/CMakeFiles/CheckIncludeFiles/HAVE_LINUX_TYPES_H.c:10:10: fatal error: linux/types.h: No such file or directory
 #include <linux/types.h>
          ^~~~~~~~~~~~~~~
compilation terminated.
ninja: build stopped: subcommand failed.


Source:
/* */
#include <sys/types.h>
#include <ctype.h>
#include <direct.h>
#include <errno.h>
#include <fcntl.h>
#include <inttypes.h>
#include <io.h>
#include <limits.h>
#include <linux/types.h>


int main(void){return 0;}

Determining if files sys/types.h;ctype.h;direct.h;errno.h;fcntl.h;inttypes.h;io.h;limits.h;linux/fiemap.h exist failed with the following output:
Change Dir: C:/Users/rapha/Documents/GitHub/OpenHD-ImageWriter/build-src-Desktop_Qt_5_12_12_MinGW_32_bit-Release/CMakeFiles/CMakeTmp

Run Build Command(s):C:/Qt/Tools/Ninja/ninja.exe cmTC_54bb4 && [1/2] Building C object CMakeFiles/cmTC_54bb4.dir/HAVE_LINUX_FIEMAP_H.c.obj
FAILED: CMakeFiles/cmTC_54bb4.dir/HAVE_LINUX_FIEMAP_H.c.obj 
C:\Qt\Tools\mingw730_32\bin\gcc.exe   -Wall -Wformat -Wformat-security -Wall -Wformat -Wformat-security -o CMakeFiles/cmTC_54bb4.dir/HAVE_LINUX_FIEMAP_H.c.obj -c C:/Users/rapha/Documents/GitHub/OpenHD-ImageWriter/build-src-Desktop_Qt_5_12_12_MinGW_32_bit-Release/CMakeFiles/CheckIncludeFiles/HAVE_LINUX_FIEMAP_H.c
C:/Users/rapha/Documents/GitHub/OpenHD-ImageWriter/build-src-Desktop_Qt_5_12_12_MinGW_32_bit-Release/CMakeFiles/CheckIncludeFiles/HAVE_LINUX_FIEMAP_H.c:10:10: fatal error: linux/fiemap.h: No such file or directory
 #include <linux/fiemap.h>
          ^~~~~~~~~~~~~~~~
compilation terminated.
ninja: build stopped: subcommand failed.


Source:
/* */
#include <sys/types.h>
#include <ctype.h>
#include <direct.h>
#include <errno.h>
#include <fcntl.h>
#include <inttypes.h>
#include <io.h>
#include <limits.h>
#include <linux/fiemap.h>


int main(void){return 0;}

Determining if files sys/types.h;ctype.h;direct.h;errno.h;fcntl.h;inttypes.h;io.h;limits.h;linux/fs.h exist failed with the following output:
Change Dir: C:/Users/rapha/Documents/GitHub/OpenHD-ImageWriter/build-src-Desktop_Qt_5_12_12_MinGW_32_bit-Release/CMakeFiles/CMakeTmp

Run Build Command(s):C:/Qt/Tools/Ninja/ninja.exe cmTC_0c41b && [1/2] Building C object CMakeFiles/cmTC_0c41b.dir/HAVE_LINUX_FS_H.c.obj
FAILED: CMakeFiles/cmTC_0c41b.dir/HAVE_LINUX_FS_H.c.obj 
C:\Qt\Tools\mingw730_32\bin\gcc.exe   -Wall -Wformat -Wformat-security -Wall -Wformat -Wformat-security -o CMakeFiles/cmTC_0c41b.dir/HAVE_LINUX_FS_H.c.obj -c C:/Users/rapha/Documents/GitHub/OpenHD-ImageWriter/build-src-Desktop_Qt_5_12_12_MinGW_32_bit-Release/CMakeFiles/CheckIncludeFiles/HAVE_LINUX_FS_H.c
C:/Users/rapha/Documents/GitHub/OpenHD-ImageWriter/build-src-Desktop_Qt_5_12_12_MinGW_32_bit-Release/CMakeFiles/CheckIncludeFiles/HAVE_LINUX_FS_H.c:10:10: fatal error: linux/fs.h: No such file or directory
 #include <linux/fs.h>
          ^~~~~~~~~~~~
compilation terminated.
ninja: build stopped: subcommand failed.


Source:
/* */
#include <sys/types.h>
#include <ctype.h>
#include <direct.h>
#include <errno.h>
#include <fcntl.h>
#include <inttypes.h>
#include <io.h>
#include <limits.h>
#include <linux/fs.h>


int main(void){return 0;}

Performing C SOURCE FILE Test HAVE_WORKING_FS_IOC_GETFLAGS failed with the following output:
Change Dir: C:/Users/rapha/Documents/GitHub/OpenHD-ImageWriter/build-src-Desktop_Qt_5_12_12_MinGW_32_bit-Release/CMakeFiles/CMakeTmp

Run Build Command(s):C:/Qt/Tools/Ninja/ninja.exe cmTC_f7f84 && [1/2] Building C object CMakeFiles/cmTC_f7f84.dir/src.c.obj
FAILED: CMakeFiles/cmTC_f7f84.dir/src.c.obj 
C:\Qt\Tools\mingw730_32\bin\gcc.exe -DHAVE_WORKING_FS_IOC_GETFLAGS  -Wall -Wformat -Wformat-security -Wall -Wformat -Wformat-security -o CMakeFiles/cmTC_f7f84.dir/src.c.obj -c C:/Users/rapha/Documents/GitHub/OpenHD-ImageWriter/build-src-Desktop_Qt_5_12_12_MinGW_32_bit-Release/CMakeFiles/CMakeTmp/src.c
C:/Users/rapha/Documents/GitHub/OpenHD-ImageWriter/build-src-Desktop_Qt_5_12_12_MinGW_32_bit-Release/CMakeFiles/CMakeTmp/src.c:1:10: fatal error: sys/ioctl.h: No such file or directory
 #include <sys/ioctl.h>
          ^~~~~~~~~~~~~
compilation terminated.
ninja: build stopped: subcommand failed.


Source file was:
#include <sys/ioctl.h>
#include <linux/fs.h>
int main(void) { return FS_IOC_GETFLAGS; }
Determining if files sys/types.h;ctype.h;direct.h;errno.h;fcntl.h;inttypes.h;io.h;limits.h;linux/magic.h exist failed with the following output:
Change Dir: C:/Users/rapha/Documents/GitHub/OpenHD-ImageWriter/build-src-Desktop_Qt_5_12_12_MinGW_32_bit-Release/CMakeFiles/CMakeTmp

Run Build Command(s):C:/Qt/Tools/Ninja/ninja.exe cmTC_ccf76 && [1/2] Building C object CMakeFiles/cmTC_ccf76.dir/HAVE_LINUX_MAGIC_H.c.obj
FAILED: CMakeFiles/cmTC_ccf76.dir/HAVE_LINUX_MAGIC_H.c.obj 
C:\Qt\Tools\mingw730_32\bin\gcc.exe   -Wall -Wformat -Wformat-security -Wall -Wformat -Wformat-security -o CMakeFiles/cmTC_ccf76.dir/HAVE_LINUX_MAGIC_H.c.obj -c C:/Users/rapha/Documents/GitHub/OpenHD-ImageWriter/build-src-Desktop_Qt_5_12_12_MinGW_32_bit-Release/CMakeFiles/CheckIncludeFiles/HAVE_LINUX_MAGIC_H.c
C:/Users/rapha/Documents/GitHub/OpenHD-ImageWriter/build-src-Desktop_Qt_5_12_12_MinGW_32_bit-Release/CMakeFiles/CheckIncludeFiles/HAVE_LINUX_MAGIC_H.c:10:10: fatal error: linux/magic.h: No such file or directory
 #include <linux/magic.h>
          ^~~~~~~~~~~~~~~
compilation terminated.
ninja: build stopped: subcommand failed.


Source:
/* */
#include <sys/types.h>
#include <ctype.h>
#include <direct.h>
#include <errno.h>
#include <fcntl.h>
#include <inttypes.h>
#include <io.h>
#include <limits.h>
#include <linux/magic.h>


int main(void){return 0;}

Determining if files sys/types.h;ctype.h;direct.h;errno.h;fcntl.h;inttypes.h;io.h;limits.h;locale.h;membership.h exist failed with the following output:
Change Dir: C:/Users/rapha/Documents/GitHub/OpenHD-ImageWriter/build-src-Desktop_Qt_5_12_12_MinGW_32_bit-Release/CMakeFiles/CMakeTmp

Run Build Command(s):C:/Qt/Tools/Ninja/ninja.exe cmTC_c35b4 && [1/2] Building C object CMakeFiles/cmTC_c35b4.dir/HAVE_MEMBERSHIP_H.c.obj
FAILED: CMakeFiles/cmTC_c35b4.dir/HAVE_MEMBERSHIP_H.c.obj 
C:\Qt\Tools\mingw730_32\bin\gcc.exe   -Wall -Wformat -Wformat-security -Wall -Wformat -Wformat-security -o CMakeFiles/cmTC_c35b4.dir/HAVE_MEMBERSHIP_H.c.obj -c C:/Users/rapha/Documents/GitHub/OpenHD-ImageWriter/build-src-Desktop_Qt_5_12_12_MinGW_32_bit-Release/CMakeFiles/CheckIncludeFiles/HAVE_MEMBERSHIP_H.c
C:/Users/rapha/Documents/GitHub/OpenHD-ImageWriter/build-src-Desktop_Qt_5_12_12_MinGW_32_bit-Release/CMakeFiles/CheckIncludeFiles/HAVE_MEMBERSHIP_H.c:11:10: fatal error: membership.h: No such file or directory
 #include <membership.h>
          ^~~~~~~~~~~~~~
compilation terminated.
ninja: build stopped: subcommand failed.


Source:
/* */
#include <sys/types.h>
#include <ctype.h>
#include <direct.h>
#include <errno.h>
#include <fcntl.h>
#include <inttypes.h>
#include <io.h>
#include <limits.h>
#include <locale.h>
#include <membership.h>


int main(void){return 0;}

Determining if files sys/types.h;ctype.h;direct.h;errno.h;fcntl.h;inttypes.h;io.h;limits.h;locale.h;memory.h;paths.h exist failed with the following output:
Change Dir: C:/Users/rapha/Documents/GitHub/OpenHD-ImageWriter/build-src-Desktop_Qt_5_12_12_MinGW_32_bit-Release/CMakeFiles/CMakeTmp

Run Build Command(s):C:/Qt/Tools/Ninja/ninja.exe cmTC_a7b0e && [1/2] Building C object CMakeFiles/cmTC_a7b0e.dir/HAVE_PATHS_H.c.obj
FAILED: CMakeFiles/cmTC_a7b0e.dir/HAVE_PATHS_H.c.obj 
C:\Qt\Tools\mingw730_32\bin\gcc.exe   -Wall -Wformat -Wformat-security -Wall -Wformat -Wformat-security -o CMakeFiles/cmTC_a7b0e.dir/HAVE_PATHS_H.c.obj -c C:/Users/rapha/Documents/GitHub/OpenHD-ImageWriter/build-src-Desktop_Qt_5_12_12_MinGW_32_bit-Release/CMakeFiles/CheckIncludeFiles/HAVE_PATHS_H.c
C:/Users/rapha/Documents/GitHub/OpenHD-ImageWriter/build-src-Desktop_Qt_5_12_12_MinGW_32_bit-Release/CMakeFiles/CheckIncludeFiles/HAVE_PATHS_H.c:12:10: fatal error: paths.h: No such file or directory
 #include <paths.h>
          ^~~~~~~~~
compilation terminated.
ninja: build stopped: subcommand failed.


Source:
/* */
#include <sys/types.h>
#include <ctype.h>
#include <direct.h>
#include <errno.h>
#include <fcntl.h>
#include <inttypes.h>
#include <io.h>
#include <limits.h>
#include <locale.h>
#include <memory.h>
#include <paths.h>


int main(void){return 0;}

Determining if files sys/types.h;ctype.h;direct.h;errno.h;fcntl.h;inttypes.h;io.h;limits.h;locale.h;memory.h;process.h;pthread.h;pwd.h exist failed with the following output:
Change Dir: C:/Users/rapha/Documents/GitHub/OpenHD-ImageWriter/build-src-Desktop_Qt_5_12_12_MinGW_32_bit-Release/CMakeFiles/CMakeTmp

Run Build Command(s):C:/Qt/Tools/Ninja/ninja.exe cmTC_d7548 && [1/2] Building C object CMakeFiles/cmTC_d7548.dir/HAVE_PWD_H.c.obj
FAILED: CMakeFiles/cmTC_d7548.dir/HAVE_PWD_H.c.obj 
C:\Qt\Tools\mingw730_32\bin\gcc.exe   -Wall -Wformat -Wformat-security -Wall -Wformat -Wformat-security -o CMakeFiles/cmTC_d7548.dir/HAVE_PWD_H.c.obj -c C:/Users/rapha/Documents/GitHub/OpenHD-ImageWriter/build-src-Desktop_Qt_5_12_12_MinGW_32_bit-Release/CMakeFiles/CheckIncludeFiles/HAVE_PWD_H.c
C:/Users/rapha/Documents/GitHub/OpenHD-ImageWriter/build-src-Desktop_Qt_5_12_12_MinGW_32_bit-Release/CMakeFiles/CheckIncludeFiles/HAVE_PWD_H.c:14:10: fatal error: pwd.h: No such file or directory
 #include <pwd.h>
          ^~~~~~~
compilation terminated.
ninja: build stopped: subcommand failed.


Source:
/* */
#include <sys/types.h>
#include <ctype.h>
#include <direct.h>
#include <errno.h>
#include <fcntl.h>
#include <inttypes.h>
#include <io.h>
#include <limits.h>
#include <locale.h>
#include <memory.h>
#include <process.h>
#include <pthread.h>
#include <pwd.h>


int main(void){return 0;}

Determining if files sys/types.h;ctype.h;direct.h;errno.h;fcntl.h;inttypes.h;io.h;limits.h;locale.h;memory.h;process.h;pthread.h;readpassphrase.h exist failed with the following output:
Change Dir: C:/Users/rapha/Documents/GitHub/OpenHD-ImageWriter/build-src-Desktop_Qt_5_12_12_MinGW_32_bit-Release/CMakeFiles/CMakeTmp

Run Build Command(s):C:/Qt/Tools/Ninja/ninja.exe cmTC_0fbd3 && [1/2] Building C object CMakeFiles/cmTC_0fbd3.dir/HAVE_READPASSPHRASE_H.c.obj
FAILED: CMakeFiles/cmTC_0fbd3.dir/HAVE_READPASSPHRASE_H.c.obj 
C:\Qt\Tools\mingw730_32\bin\gcc.exe   -Wall -Wformat -Wformat-security -Wall -Wformat -Wformat-security -o CMakeFiles/cmTC_0fbd3.dir/HAVE_READPASSPHRASE_H.c.obj -c C:/Users/rapha/Documents/GitHub/OpenHD-ImageWriter/build-src-Desktop_Qt_5_12_12_MinGW_32_bit-Release/CMakeFiles/CheckIncludeFiles/HAVE_READPASSPHRASE_H.c
C:/Users/rapha/Documents/GitHub/OpenHD-ImageWriter/build-src-Desktop_Qt_5_12_12_MinGW_32_bit-Release/CMakeFiles/CheckIncludeFiles/HAVE_READPASSPHRASE_H.c:14:10: fatal error: readpassphrase.h: No such file or directory
 #include <readpassphrase.h>
          ^~~~~~~~~~~~~~~~~~
compilation terminated.
ninja: build stopped: subcommand failed.


Source:
/* */
#include <sys/types.h>
#include <ctype.h>
#include <direct.h>
#include <errno.h>
#include <fcntl.h>
#include <inttypes.h>
#include <io.h>
#include <limits.h>
#include <locale.h>
#include <memory.h>
#include <process.h>
#include <pthread.h>
#include <readpassphrase.h>


int main(void){return 0;}

Determining if files sys/types.h;ctype.h;direct.h;errno.h;fcntl.h;inttypes.h;io.h;limits.h;locale.h;memory.h;process.h;pthread.h;regex.h exist failed with the following output:
Change Dir: C:/Users/rapha/Documents/GitHub/OpenHD-ImageWriter/build-src-Desktop_Qt_5_12_12_MinGW_32_bit-Release/CMakeFiles/CMakeTmp

Run Build Command(s):C:/Qt/Tools/Ninja/ninja.exe cmTC_a49ee && [1/2] Building C object CMakeFiles/cmTC_a49ee.dir/HAVE_REGEX_H.c.obj
FAILED: CMakeFiles/cmTC_a49ee.dir/HAVE_REGEX_H.c.obj 
C:\Qt\Tools\mingw730_32\bin\gcc.exe   -Wall -Wformat -Wformat-security -Wall -Wformat -Wformat-security -o CMakeFiles/cmTC_a49ee.dir/HAVE_REGEX_H.c.obj -c C:/Users/rapha/Documents/GitHub/OpenHD-ImageWriter/build-src-Desktop_Qt_5_12_12_MinGW_32_bit-Release/CMakeFiles/CheckIncludeFiles/HAVE_REGEX_H.c
C:/Users/rapha/Documents/GitHub/OpenHD-ImageWriter/build-src-Desktop_Qt_5_12_12_MinGW_32_bit-Release/CMakeFiles/CheckIncludeFiles/HAVE_REGEX_H.c:14:10: fatal error: regex.h: No such file or directory
 #include <regex.h>
          ^~~~~~~~~
compilation terminated.
ninja: build stopped: subcommand failed.


Source:
/* */
#include <sys/types.h>
#include <ctype.h>
#include <direct.h>
#include <errno.h>
#include <fcntl.h>
#include <inttypes.h>
#include <io.h>
#include <limits.h>
#include <locale.h>
#include <memory.h>
#include <process.h>
#include <pthread.h>
#include <regex.h>


int main(void){return 0;}

Determining if files sys/types.h;ctype.h;direct.h;errno.h;fcntl.h;inttypes.h;io.h;limits.h;locale.h;memory.h;process.h;pthread.h;signal.h;spawn.h exist failed with the following output:
Change Dir: C:/Users/rapha/Documents/GitHub/OpenHD-ImageWriter/build-src-Desktop_Qt_5_12_12_MinGW_32_bit-Release/CMakeFiles/CMakeTmp

Run Build Command(s):C:/Qt/Tools/Ninja/ninja.exe cmTC_eba61 && [1/2] Building C object CMakeFiles/cmTC_eba61.dir/HAVE_SPAWN_H.c.obj
FAILED: CMakeFiles/cmTC_eba61.dir/HAVE_SPAWN_H.c.obj 
C:\Qt\Tools\mingw730_32\bin\gcc.exe   -Wall -Wformat -Wformat-security -Wall -Wformat -Wformat-security -o CMakeFiles/cmTC_eba61.dir/HAVE_SPAWN_H.c.obj -c C:/Users/rapha/Documents/GitHub/OpenHD-ImageWriter/build-src-Desktop_Qt_5_12_12_MinGW_32_bit-Release/CMakeFiles/CheckIncludeFiles/HAVE_SPAWN_H.c
C:/Users/rapha/Documents/GitHub/OpenHD-ImageWriter/build-src-Desktop_Qt_5_12_12_MinGW_32_bit-Release/CMakeFiles/CheckIncludeFiles/HAVE_SPAWN_H.c:15:10: fatal error: spawn.h: No such file or directory
 #include <spawn.h>
          ^~~~~~~~~
compilation terminated.
ninja: build stopped: subcommand failed.


Source:
/* */
#include <sys/types.h>
#include <ctype.h>
#include <direct.h>
#include <errno.h>
#include <fcntl.h>
#include <inttypes.h>
#include <io.h>
#include <limits.h>
#include <locale.h>
#include <memory.h>
#include <process.h>
#include <pthread.h>
#include <signal.h>
#include <spawn.h>


int main(void){return 0;}

Determining if files sys/types.h;ctype.h;direct.h;errno.h;fcntl.h;inttypes.h;io.h;limits.h;locale.h;memory.h;process.h;pthread.h;signal.h;stdarg.h;stdint.h;stdlib.h;string.h;strings.h;sys/acl.h exist failed with the following output:
Change Dir: C:/Users/rapha/Documents/GitHub/OpenHD-ImageWriter/build-src-Desktop_Qt_5_12_12_MinGW_32_bit-Release/CMakeFiles/CMakeTmp

Run Build Command(s):C:/Qt/Tools/Ninja/ninja.exe cmTC_37ea4 && [1/2] Building C object CMakeFiles/cmTC_37ea4.dir/HAVE_SYS_ACL_H.c.obj
FAILED: CMakeFiles/cmTC_37ea4.dir/HAVE_SYS_ACL_H.c.obj 
C:\Qt\Tools\mingw730_32\bin\gcc.exe   -Wall -Wformat -Wformat-security -Wall -Wformat -Wformat-security -o CMakeFiles/cmTC_37ea4.dir/HAVE_SYS_ACL_H.c.obj -c C:/Users/rapha/Documents/GitHub/OpenHD-ImageWriter/build-src-Desktop_Qt_5_12_12_MinGW_32_bit-Release/CMakeFiles/CheckIncludeFiles/HAVE_SYS_ACL_H.c
C:/Users/rapha/Documents/GitHub/OpenHD-ImageWriter/build-src-Desktop_Qt_5_12_12_MinGW_32_bit-Release/CMakeFiles/CheckIncludeFiles/HAVE_SYS_ACL_H.c:20:10: fatal error: sys/acl.h: No such file or directory
 #include <sys/acl.h>
          ^~~~~~~~~~~
compilation terminated.
ninja: build stopped: subcommand failed.


Source:
/* */
#include <sys/types.h>
#include <ctype.h>
#include <direct.h>
#include <errno.h>
#include <fcntl.h>
#include <inttypes.h>
#include <io.h>
#include <limits.h>
#include <locale.h>
#include <memory.h>
#include <process.h>
#include <pthread.h>
#include <signal.h>
#include <stdarg.h>
#include <stdint.h>
#include <stdlib.h>
#include <string.h>
#include <strings.h>
#include <sys/acl.h>


int main(void){return 0;}

Determining if files sys/types.h;ctype.h;direct.h;errno.h;fcntl.h;inttypes.h;io.h;limits.h;locale.h;memory.h;process.h;pthread.h;signal.h;stdarg.h;stdint.h;stdlib.h;string.h;strings.h;sys/cdefs.h;sys/extattr.h exist failed with the following output:
Change Dir: C:/Users/rapha/Documents/GitHub/OpenHD-ImageWriter/build-src-Desktop_Qt_5_12_12_MinGW_32_bit-Release/CMakeFiles/CMakeTmp

Run Build Command(s):C:/Qt/Tools/Ninja/ninja.exe cmTC_1f6a2 && [1/2] Building C object CMakeFiles/cmTC_1f6a2.dir/HAVE_SYS_EXTATTR_H.c.obj
FAILED: CMakeFiles/cmTC_1f6a2.dir/HAVE_SYS_EXTATTR_H.c.obj 
C:\Qt\Tools\mingw730_32\bin\gcc.exe   -Wall -Wformat -Wformat-security -Wall -Wformat -Wformat-security -o CMakeFiles/cmTC_1f6a2.dir/HAVE_SYS_EXTATTR_H.c.obj -c C:/Users/rapha/Documents/GitHub/OpenHD-ImageWriter/build-src-Desktop_Qt_5_12_12_MinGW_32_bit-Release/CMakeFiles/CheckIncludeFiles/HAVE_SYS_EXTATTR_H.c
C:/Users/rapha/Documents/GitHub/OpenHD-ImageWriter/build-src-Desktop_Qt_5_12_12_MinGW_32_bit-Release/CMakeFiles/CheckIncludeFiles/HAVE_SYS_EXTATTR_H.c:21:10: fatal error: sys/extattr.h: No such file or directory
 #include <sys/extattr.h>
          ^~~~~~~~~~~~~~~
compilation terminated.
ninja: build stopped: subcommand failed.


Source:
/* */
#include <sys/types.h>
#include <ctype.h>
#include <direct.h>
#include <errno.h>
#include <fcntl.h>
#include <inttypes.h>
#include <io.h>
#include <limits.h>
#include <locale.h>
#include <memory.h>
#include <process.h>
#include <pthread.h>
#include <signal.h>
#include <stdarg.h>
#include <stdint.h>
#include <stdlib.h>
#include <string.h>
#include <strings.h>
#include <sys/cdefs.h>
#include <sys/extattr.h>


int main(void){return 0;}

Determining if files sys/types.h;ctype.h;direct.h;errno.h;fcntl.h;inttypes.h;io.h;limits.h;locale.h;memory.h;process.h;pthread.h;signal.h;stdarg.h;stdint.h;stdlib.h;string.h;strings.h;sys/cdefs.h;sys/mkdev.h exist failed with the following output:
Change Dir: C:/Users/rapha/Documents/GitHub/OpenHD-ImageWriter/build-src-Desktop_Qt_5_12_12_MinGW_32_bit-Release/CMakeFiles/CMakeTmp

Run Build Command(s):C:/Qt/Tools/Ninja/ninja.exe cmTC_b1f24 && [1/2] Building C object CMakeFiles/cmTC_b1f24.dir/HAVE_SYS_MKDEV_H.c.obj
FAILED: CMakeFiles/cmTC_b1f24.dir/HAVE_SYS_MKDEV_H.c.obj 
C:\Qt\Tools\mingw730_32\bin\gcc.exe   -Wall -Wformat -Wformat-security -Wall -Wformat -Wformat-security -o CMakeFiles/cmTC_b1f24.dir/HAVE_SYS_MKDEV_H.c.obj -c C:/Users/rapha/Documents/GitHub/OpenHD-ImageWriter/build-src-Desktop_Qt_5_12_12_MinGW_32_bit-Release/CMakeFiles/CheckIncludeFiles/HAVE_SYS_MKDEV_H.c
C:/Users/rapha/Documents/GitHub/OpenHD-ImageWriter/build-src-Desktop_Qt_5_12_12_MinGW_32_bit-Release/CMakeFiles/CheckIncludeFiles/HAVE_SYS_MKDEV_H.c:21:10: fatal error: sys/mkdev.h: No such file or directory
 #include <sys/mkdev.h>
          ^~~~~~~~~~~~~
compilation terminated.
ninja: build stopped: subcommand failed.


Source:
/* */
#include <sys/types.h>
#include <ctype.h>
#include <direct.h>
#include <errno.h>
#include <fcntl.h>
#include <inttypes.h>
#include <io.h>
#include <limits.h>
#include <locale.h>
#include <memory.h>
#include <process.h>
#include <pthread.h>
#include <signal.h>
#include <stdarg.h>
#include <stdint.h>
#include <stdlib.h>
#include <string.h>
#include <strings.h>
#include <sys/cdefs.h>
#include <sys/mkdev.h>


int main(void){return 0;}

Determining if files sys/types.h;ctype.h;direct.h;errno.h;fcntl.h;inttypes.h;io.h;limits.h;locale.h;memory.h;process.h;pthread.h;signal.h;stdarg.h;stdint.h;stdlib.h;string.h;strings.h;sys/cdefs.h;sys/mount.h exist failed with the following output:
Change Dir: C:/Users/rapha/Documents/GitHub/OpenHD-ImageWriter/build-src-Desktop_Qt_5_12_12_MinGW_32_bit-Release/CMakeFiles/CMakeTmp

Run Build Command(s):C:/Qt/Tools/Ninja/ninja.exe cmTC_7ce86 && [1/2] Building C object CMakeFiles/cmTC_7ce86.dir/HAVE_SYS_MOUNT_H.c.obj
FAILED: CMakeFiles/cmTC_7ce86.dir/HAVE_SYS_MOUNT_H.c.obj 
C:\Qt\Tools\mingw730_32\bin\gcc.exe   -Wall -Wformat -Wformat-security -Wall -Wformat -Wformat-security -o CMakeFiles/cmTC_7ce86.dir/HAVE_SYS_MOUNT_H.c.obj -c C:/Users/rapha/Documents/GitHub/OpenHD-ImageWriter/build-src-Desktop_Qt_5_12_12_MinGW_32_bit-Release/CMakeFiles/CheckIncludeFiles/HAVE_SYS_MOUNT_H.c
C:/Users/rapha/Documents/GitHub/OpenHD-ImageWriter/build-src-Desktop_Qt_5_12_12_MinGW_32_bit-Release/CMakeFiles/CheckIncludeFiles/HAVE_SYS_MOUNT_H.c:21:10: fatal error: sys/mount.h: No such file or directory
 #include <sys/mount.h>
          ^~~~~~~~~~~~~
compilation terminated.
ninja: build stopped: subcommand failed.


Source:
/* */
#include <sys/types.h>
#include <ctype.h>
#include <direct.h>
#include <errno.h>
#include <fcntl.h>
#include <inttypes.h>
#include <io.h>
#include <limits.h>
#include <locale.h>
#include <memory.h>
#include <process.h>
#include <pthread.h>
#include <signal.h>
#include <stdarg.h>
#include <stdint.h>
#include <stdlib.h>
#include <string.h>
#include <strings.h>
#include <sys/cdefs.h>
#include <sys/mount.h>


int main(void){return 0;}

Determining if files sys/types.h;ctype.h;direct.h;errno.h;fcntl.h;inttypes.h;io.h;limits.h;locale.h;memory.h;process.h;pthread.h;signal.h;stdarg.h;stdint.h;stdlib.h;string.h;strings.h;sys/cdefs.h;sys/param.h;sys/poll.h exist failed with the following output:
Change Dir: C:/Users/rapha/Documents/GitHub/OpenHD-ImageWriter/build-src-Desktop_Qt_5_12_12_MinGW_32_bit-Release/CMakeFiles/CMakeTmp

Run Build Command(s):C:/Qt/Tools/Ninja/ninja.exe cmTC_2d7de && [1/2] Building C object CMakeFiles/cmTC_2d7de.dir/HAVE_SYS_POLL_H.c.obj
FAILED: CMakeFiles/cmTC_2d7de.dir/HAVE_SYS_POLL_H.c.obj 
C:\Qt\Tools\mingw730_32\bin\gcc.exe   -Wall -Wformat -Wformat-security -Wall -Wformat -Wformat-security -o CMakeFiles/cmTC_2d7de.dir/HAVE_SYS_POLL_H.c.obj -c C:/Users/rapha/Documents/GitHub/OpenHD-ImageWriter/build-src-Desktop_Qt_5_12_12_MinGW_32_bit-Release/CMakeFiles/CheckIncludeFiles/HAVE_SYS_POLL_H.c
C:/Users/rapha/Documents/GitHub/OpenHD-ImageWriter/build-src-Desktop_Qt_5_12_12_MinGW_32_bit-Release/CMakeFiles/CheckIncludeFiles/HAVE_SYS_POLL_H.c:22:10: fatal error: sys/poll.h: No such file or directory
 #include <sys/poll.h>
          ^~~~~~~~~~~~
compilation terminated.
ninja: build stopped: subcommand failed.


Source:
/* */
#include <sys/types.h>
#include <ctype.h>
#include <direct.h>
#include <errno.h>
#include <fcntl.h>
#include <inttypes.h>
#include <io.h>
#include <limits.h>
#include <locale.h>
#include <memory.h>
#include <process.h>
#include <pthread.h>
#include <signal.h>
#include <stdarg.h>
#include <stdint.h>
#include <stdlib.h>
#include <string.h>
#include <strings.h>
#include <sys/cdefs.h>
#include <sys/param.h>
#include <sys/poll.h>


int main(void){return 0;}

Determining if files sys/types.h;ctype.h;direct.h;errno.h;fcntl.h;inttypes.h;io.h;limits.h;locale.h;memory.h;process.h;pthread.h;signal.h;stdarg.h;stdint.h;stdlib.h;string.h;strings.h;sys/cdefs.h;sys/param.h;sys/richacl.h exist failed with the following output:
Change Dir: C:/Users/rapha/Documents/GitHub/OpenHD-ImageWriter/build-src-Desktop_Qt_5_12_12_MinGW_32_bit-Release/CMakeFiles/CMakeTmp

Run Build Command(s):C:/Qt/Tools/Ninja/ninja.exe cmTC_6c0cf && [1/2] Building C object CMakeFiles/cmTC_6c0cf.dir/HAVE_SYS_RICHACL_H.c.obj
FAILED: CMakeFiles/cmTC_6c0cf.dir/HAVE_SYS_RICHACL_H.c.obj 
C:\Qt\Tools\mingw730_32\bin\gcc.exe   -Wall -Wformat -Wformat-security -Wall -Wformat -Wformat-security -o CMakeFiles/cmTC_6c0cf.dir/HAVE_SYS_RICHACL_H.c.obj -c C:/Users/rapha/Documents/GitHub/OpenHD-ImageWriter/build-src-Desktop_Qt_5_12_12_MinGW_32_bit-Release/CMakeFiles/CheckIncludeFiles/HAVE_SYS_RICHACL_H.c
C:/Users/rapha/Documents/GitHub/OpenHD-ImageWriter/build-src-Desktop_Qt_5_12_12_MinGW_32_bit-Release/CMakeFiles/CheckIncludeFiles/HAVE_SYS_RICHACL_H.c:22:10: fatal error: sys/richacl.h: No such file or directory
 #include <sys/richacl.h>
          ^~~~~~~~~~~~~~~
compilation terminated.
ninja: build stopped: subcommand failed.


Source:
/* */
#include <sys/types.h>
#include <ctype.h>
#include <direct.h>
#include <errno.h>
#include <fcntl.h>
#include <inttypes.h>
#include <io.h>
#include <limits.h>
#include <locale.h>
#include <memory.h>
#include <process.h>
#include <pthread.h>
#include <signal.h>
#include <stdarg.h>
#include <stdint.h>
#include <stdlib.h>
#include <string.h>
#include <strings.h>
#include <sys/cdefs.h>
#include <sys/param.h>
#include <sys/richacl.h>


int main(void){return 0;}

Determining if files sys/types.h;ctype.h;direct.h;errno.h;fcntl.h;inttypes.h;io.h;limits.h;locale.h;memory.h;process.h;pthread.h;signal.h;stdarg.h;stdint.h;stdlib.h;string.h;strings.h;sys/cdefs.h;sys/param.h;sys/select.h exist failed with the following output:
Change Dir: C:/Users/rapha/Documents/GitHub/OpenHD-ImageWriter/build-src-Desktop_Qt_5_12_12_MinGW_32_bit-Release/CMakeFiles/CMakeTmp

Run Build Command(s):C:/Qt/Tools/Ninja/ninja.exe cmTC_c21f5 && [1/2] Building C object CMakeFiles/cmTC_c21f5.dir/HAVE_SYS_SELECT_H.c.obj
FAILED: CMakeFiles/cmTC_c21f5.dir/HAVE_SYS_SELECT_H.c.obj 
C:\Qt\Tools\mingw730_32\bin\gcc.exe   -Wall -Wformat -Wformat-security -Wall -Wformat -Wformat-security -o CMakeFiles/cmTC_c21f5.dir/HAVE_SYS_SELECT_H.c.obj -c C:/Users/rapha/Documents/GitHub/OpenHD-ImageWriter/build-src-Desktop_Qt_5_12_12_MinGW_32_bit-Release/CMakeFiles/CheckIncludeFiles/HAVE_SYS_SELECT_H.c
C:/Users/rapha/Documents/GitHub/OpenHD-ImageWriter/build-src-Desktop_Qt_5_12_12_MinGW_32_bit-Release/CMakeFiles/CheckIncludeFiles/HAVE_SYS_SELECT_H.c:22:10: fatal error: sys/select.h: No such file or directory
 #include <sys/select.h>
          ^~~~~~~~~~~~~~
compilation terminated.
ninja: build stopped: subcommand failed.


Source:
/* */
#include <sys/types.h>
#include <ctype.h>
#include <direct.h>
#include <errno.h>
#include <fcntl.h>
#include <inttypes.h>
#include <io.h>
#include <limits.h>
#include <locale.h>
#include <memory.h>
#include <process.h>
#include <pthread.h>
#include <signal.h>
#include <stdarg.h>
#include <stdint.h>
#include <stdlib.h>
#include <string.h>
#include <strings.h>
#include <sys/cdefs.h>
#include <sys/param.h>
#include <sys/select.h>


int main(void){return 0;}

Determining if files sys/types.h;ctype.h;direct.h;errno.h;fcntl.h;inttypes.h;io.h;limits.h;locale.h;memory.h;process.h;pthread.h;signal.h;stdarg.h;stdint.h;stdlib.h;string.h;strings.h;sys/cdefs.h;sys/param.h;sys/stat.h;sys/statfs.h exist failed with the following output:
Change Dir: C:/Users/rapha/Documents/GitHub/OpenHD-ImageWriter/build-src-Desktop_Qt_5_12_12_MinGW_32_bit-Release/CMakeFiles/CMakeTmp

Run Build Command(s):C:/Qt/Tools/Ninja/ninja.exe cmTC_ede0d && [1/2] Building C object CMakeFiles/cmTC_ede0d.dir/HAVE_SYS_STATFS_H.c.obj
FAILED: CMakeFiles/cmTC_ede0d.dir/HAVE_SYS_STATFS_H.c.obj 
C:\Qt\Tools\mingw730_32\bin\gcc.exe   -Wall -Wformat -Wformat-security -Wall -Wformat -Wformat-security -o CMakeFiles/cmTC_ede0d.dir/HAVE_SYS_STATFS_H.c.obj -c C:/Users/rapha/Documents/GitHub/OpenHD-ImageWriter/build-src-Desktop_Qt_5_12_12_MinGW_32_bit-Release/CMakeFiles/CheckIncludeFiles/HAVE_SYS_STATFS_H.c
C:/Users/rapha/Documents/GitHub/OpenHD-ImageWriter/build-src-Desktop_Qt_5_12_12_MinGW_32_bit-Release/CMakeFiles/CheckIncludeFiles/HAVE_SYS_STATFS_H.c:23:10: fatal error: sys/statfs.h: No such file or directory
 #include <sys/statfs.h>
          ^~~~~~~~~~~~~~
compilation terminated.
ninja: build stopped: subcommand failed.


Source:
/* */
#include <sys/types.h>
#include <ctype.h>
#include <direct.h>
#include <errno.h>
#include <fcntl.h>
#include <inttypes.h>
#include <io.h>
#include <limits.h>
#include <locale.h>
#include <memory.h>
#include <process.h>
#include <pthread.h>
#include <signal.h>
#include <stdarg.h>
#include <stdint.h>
#include <stdlib.h>
#include <string.h>
#include <strings.h>
#include <sys/cdefs.h>
#include <sys/param.h>
#include <sys/stat.h>
#include <sys/statfs.h>


int main(void){return 0;}

Determining if files sys/types.h;ctype.h;direct.h;errno.h;fcntl.h;inttypes.h;io.h;limits.h;locale.h;memory.h;process.h;pthread.h;signal.h;stdarg.h;stdint.h;stdlib.h;string.h;strings.h;sys/cdefs.h;sys/param.h;sys/stat.h;sys/statvfs.h exist failed with the following output:
Change Dir: C:/Users/rapha/Documents/GitHub/OpenHD-ImageWriter/build-src-Desktop_Qt_5_12_12_MinGW_32_bit-Release/CMakeFiles/CMakeTmp

Run Build Command(s):C:/Qt/Tools/Ninja/ninja.exe cmTC_1d8e9 && [1/2] Building C object CMakeFiles/cmTC_1d8e9.dir/HAVE_SYS_STATVFS_H.c.obj
FAILED: CMakeFiles/cmTC_1d8e9.dir/HAVE_SYS_STATVFS_H.c.obj 
C:\Qt\Tools\mingw730_32\bin\gcc.exe   -Wall -Wformat -Wformat-security -Wall -Wformat -Wformat-security -o CMakeFiles/cmTC_1d8e9.dir/HAVE_SYS_STATVFS_H.c.obj -c C:/Users/rapha/Documents/GitHub/OpenHD-ImageWriter/build-src-Desktop_Qt_5_12_12_MinGW_32_bit-Release/CMakeFiles/CheckIncludeFiles/HAVE_SYS_STATVFS_H.c
C:/Users/rapha/Documents/GitHub/OpenHD-ImageWriter/build-src-Desktop_Qt_5_12_12_MinGW_32_bit-Release/CMakeFiles/CheckIncludeFiles/HAVE_SYS_STATVFS_H.c:23:10: fatal error: sys/statvfs.h: No such file or directory
 #include <sys/statvfs.h>
          ^~~~~~~~~~~~~~~
compilation terminated.
ninja: build stopped: subcommand failed.


Source:
/* */
#include <sys/types.h>
#include <ctype.h>
#include <direct.h>
#include <errno.h>
#include <fcntl.h>
#include <inttypes.h>
#include <io.h>
#include <limits.h>
#include <locale.h>
#include <memory.h>
#include <process.h>
#include <pthread.h>
#include <signal.h>
#include <stdarg.h>
#include <stdint.h>
#include <stdlib.h>
#include <string.h>
#include <strings.h>
#include <sys/cdefs.h>
#include <sys/param.h>
#include <sys/stat.h>
#include <sys/statvfs.h>


int main(void){return 0;}

Determining if files sys/types.h;ctype.h;direct.h;errno.h;fcntl.h;inttypes.h;io.h;limits.h;locale.h;memory.h;process.h;pthread.h;signal.h;stdarg.h;stdint.h;stdlib.h;string.h;strings.h;sys/cdefs.h;sys/param.h;sys/stat.h;sys/sysmacros.h exist failed with the following output:
Change Dir: C:/Users/rapha/Documents/GitHub/OpenHD-ImageWriter/build-src-Desktop_Qt_5_12_12_MinGW_32_bit-Release/CMakeFiles/CMakeTmp

Run Build Command(s):C:/Qt/Tools/Ninja/ninja.exe cmTC_f0d1f && [1/2] Building C object CMakeFiles/cmTC_f0d1f.dir/HAVE_SYS_SYSMACROS_H.c.obj
FAILED: CMakeFiles/cmTC_f0d1f.dir/HAVE_SYS_SYSMACROS_H.c.obj 
C:\Qt\Tools\mingw730_32\bin\gcc.exe   -Wall -Wformat -Wformat-security -Wall -Wformat -Wformat-security -o CMakeFiles/cmTC_f0d1f.dir/HAVE_SYS_SYSMACROS_H.c.obj -c C:/Users/rapha/Documents/GitHub/OpenHD-ImageWriter/build-src-Desktop_Qt_5_12_12_MinGW_32_bit-Release/CMakeFiles/CheckIncludeFiles/HAVE_SYS_SYSMACROS_H.c
C:/Users/rapha/Documents/GitHub/OpenHD-ImageWriter/build-src-Desktop_Qt_5_12_12_MinGW_32_bit-Release/CMakeFiles/CheckIncludeFiles/HAVE_SYS_SYSMACROS_H.c:23:10: fatal error: sys/sysmacros.h: No such file or directory
 #include <sys/sysmacros.h>
          ^~~~~~~~~~~~~~~~~
compilation terminated.
ninja: build stopped: subcommand failed.


Source:
/* */
#include <sys/types.h>
#include <ctype.h>
#include <direct.h>
#include <errno.h>
#include <fcntl.h>
#include <inttypes.h>
#include <io.h>
#include <limits.h>
#include <locale.h>
#include <memory.h>
#include <process.h>
#include <pthread.h>
#include <signal.h>
#include <stdarg.h>
#include <stdint.h>
#include <stdlib.h>
#include <string.h>
#include <strings.h>
#include <sys/cdefs.h>
#include <sys/param.h>
#include <sys/stat.h>
#include <sys/sysmacros.h>


int main(void){return 0;}

Determining if files sys/types.h;ctype.h;direct.h;errno.h;fcntl.h;inttypes.h;io.h;limits.h;locale.h;memory.h;process.h;pthread.h;signal.h;stdarg.h;stdint.h;stdlib.h;string.h;strings.h;sys/cdefs.h;sys/param.h;sys/stat.h;sys/time.h;sys/utime.h;sys/vfs.h exist failed with the following output:
Change Dir: C:/Users/rapha/Documents/GitHub/OpenHD-ImageWriter/build-src-Desktop_Qt_5_12_12_MinGW_32_bit-Release/CMakeFiles/CMakeTmp

Run Build Command(s):C:/Qt/Tools/Ninja/ninja.exe cmTC_c92a0 && [1/2] Building C object CMakeFiles/cmTC_c92a0.dir/HAVE_SYS_VFS_H.c.obj
FAILED: CMakeFiles/cmTC_c92a0.dir/HAVE_SYS_VFS_H.c.obj 
C:\Qt\Tools\mingw730_32\bin\gcc.exe   -Wall -Wformat -Wformat-security -Wall -Wformat -Wformat-security -o CMakeFiles/cmTC_c92a0.dir/HAVE_SYS_VFS_H.c.obj -c C:/Users/rapha/Documents/GitHub/OpenHD-ImageWriter/build-src-Desktop_Qt_5_12_12_MinGW_32_bit-Release/CMakeFiles/CheckIncludeFiles/HAVE_SYS_VFS_H.c
C:/Users/rapha/Documents/GitHub/OpenHD-ImageWriter/build-src-Desktop_Qt_5_12_12_MinGW_32_bit-Release/CMakeFiles/CheckIncludeFiles/HAVE_SYS_VFS_H.c:25:10: fatal error: sys/vfs.h: No such file or directory
 #include <sys/vfs.h>
          ^~~~~~~~~~~
compilation terminated.
ninja: build stopped: subcommand failed.


Source:
/* */
#include <sys/types.h>
#include <ctype.h>
#include <direct.h>
#include <errno.h>
#include <fcntl.h>
#include <inttypes.h>
#include <io.h>
#include <limits.h>
#include <locale.h>
#include <memory.h>
#include <process.h>
#include <pthread.h>
#include <signal.h>
#include <stdarg.h>
#include <stdint.h>
#include <stdlib.h>
#include <string.h>
#include <strings.h>
#include <sys/cdefs.h>
#include <sys/param.h>
#include <sys/stat.h>
#include <sys/time.h>
#include <sys/utime.h>
#include <sys/vfs.h>


int main(void){return 0;}

Determining if files sys/types.h;ctype.h;direct.h;errno.h;fcntl.h;inttypes.h;io.h;limits.h;locale.h;memory.h;process.h;pthread.h;signal.h;stdarg.h;stdint.h;stdlib.h;string.h;strings.h;sys/cdefs.h;sys/param.h;sys/stat.h;sys/time.h;sys/utime.h;sys/wait.h exist failed with the following output:
Change Dir: C:/Users/rapha/Documents/GitHub/OpenHD-ImageWriter/build-src-Desktop_Qt_5_12_12_MinGW_32_bit-Release/CMakeFiles/CMakeTmp

Run Build Command(s):C:/Qt/Tools/Ninja/ninja.exe cmTC_2b129 && [1/2] Building C object CMakeFiles/cmTC_2b129.dir/HAVE_SYS_WAIT_H.c.obj
FAILED: CMakeFiles/cmTC_2b129.dir/HAVE_SYS_WAIT_H.c.obj 
C:\Qt\Tools\mingw730_32\bin\gcc.exe   -Wall -Wformat -Wformat-security -Wall -Wformat -Wformat-security -o CMakeFiles/cmTC_2b129.dir/HAVE_SYS_WAIT_H.c.obj -c C:/Users/rapha/Documents/GitHub/OpenHD-ImageWriter/build-src-Desktop_Qt_5_12_12_MinGW_32_bit-Release/CMakeFiles/CheckIncludeFiles/HAVE_SYS_WAIT_H.c
C:/Users/rapha/Documents/GitHub/OpenHD-ImageWriter/build-src-Desktop_Qt_5_12_12_MinGW_32_bit-Release/CMakeFiles/CheckIncludeFiles/HAVE_SYS_WAIT_H.c:25:10: fatal error: sys/wait.h: No such file or directory
 #include <sys/wait.h>
          ^~~~~~~~~~~~
compilation terminated.
ninja: build stopped: subcommand failed.


Source:
/* */
#include <sys/types.h>
#include <ctype.h>
#include <direct.h>
#include <errno.h>
#include <fcntl.h>
#include <inttypes.h>
#include <io.h>
#include <limits.h>
#include <locale.h>
#include <memory.h>
#include <process.h>
#include <pthread.h>
#include <signal.h>
#include <stdarg.h>
#include <stdint.h>
#include <stdlib.h>
#include <string.h>
#include <strings.h>
#include <sys/cdefs.h>
#include <sys/param.h>
#include <sys/stat.h>
#include <sys/time.h>
#include <sys/utime.h>
#include <sys/wait.h>


int main(void){return 0;}

Determining if the function arc4random_buf exists failed with the following output:
Change Dir: C:/Users/rapha/Documents/GitHub/OpenHD-ImageWriter/build-src-Desktop_Qt_5_12_12_MinGW_32_bit-Release/CMakeFiles/CMakeTmp

Run Build Command(s):C:/Qt/Tools/Ninja/ninja.exe cmTC_b4784 && [1/2] Building C object CMakeFiles/cmTC_b4784.dir/CheckFunctionExists.c.obj
[2/2] Linking C executable cmTC_b4784.exe
FAILED: cmTC_b4784.exe 
cmd.exe /C "cd . && C:\Qt\Tools\mingw730_32\bin\gcc.exe -Wall -Wformat -Wformat-security -DCHECK_FUNCTION_EXISTS=arc4random_buf -Wall -Wformat -Wformat-security -fno-builtin  CMakeFiles/cmTC_b4784.dir/CheckFunctionExists.c.obj -o cmTC_b4784.exe -Wl,--out-implib,libcmTC_b4784.dll.a -Wl,--major-image-version,0,--minor-image-version,0  -lkernel32 -luser32 -lgdi32 -lwinspool -lshell32 -lole32 -loleaut32 -luuid -lcomdlg32 -ladvapi32 && cd ."
CMakeFiles/cmTC_b4784.dir/CheckFunctionExists.c.obj:CheckFunctionExists.c:(.text+0xc): undefined reference to `arc4random_buf'
collect2.exe: error: ld returned 1 exit status
ninja: build stopped: subcommand failed.



Determining if the function chflags exists failed with the following output:
Change Dir: C:/Users/rapha/Documents/GitHub/OpenHD-ImageWriter/build-src-Desktop_Qt_5_12_12_MinGW_32_bit-Release/CMakeFiles/CMakeTmp

Run Build Command(s):C:/Qt/Tools/Ninja/ninja.exe cmTC_084f8 && [1/2] Building C object CMakeFiles/cmTC_084f8.dir/CheckFunctionExists.c.obj
[2/2] Linking C executable cmTC_084f8.exe
FAILED: cmTC_084f8.exe 
cmd.exe /C "cd . && C:\Qt\Tools\mingw730_32\bin\gcc.exe -Wall -Wformat -Wformat-security -DCHECK_FUNCTION_EXISTS=chflags -Wall -Wformat -Wformat-security -fno-builtin  CMakeFiles/cmTC_084f8.dir/CheckFunctionExists.c.obj -o cmTC_084f8.exe -Wl,--out-implib,libcmTC_084f8.dll.a -Wl,--major-image-version,0,--minor-image-version,0  -lkernel32 -luser32 -lgdi32 -lwinspool -lshell32 -lole32 -loleaut32 -luuid -lcomdlg32 -ladvapi32 && cd ."
CMakeFiles/cmTC_084f8.dir/CheckFunctionExists.c.obj:CheckFunctionExists.c:(.text+0xc): undefined reference to `chflags'
collect2.exe: error: ld returned 1 exit status
ninja: build stopped: subcommand failed.



Determining if the function chown exists failed with the following output:
Change Dir: C:/Users/rapha/Documents/GitHub/OpenHD-ImageWriter/build-src-Desktop_Qt_5_12_12_MinGW_32_bit-Release/CMakeFiles/CMakeTmp

Run Build Command(s):C:/Qt/Tools/Ninja/ninja.exe cmTC_7ac39 && [1/2] Building C object CMakeFiles/cmTC_7ac39.dir/CheckFunctionExists.c.obj
[2/2] Linking C executable cmTC_7ac39.exe
FAILED: cmTC_7ac39.exe 
cmd.exe /C "cd . && C:\Qt\Tools\mingw730_32\bin\gcc.exe -Wall -Wformat -Wformat-security -DCHECK_FUNCTION_EXISTS=chown -Wall -Wformat -Wformat-security -fno-builtin  CMakeFiles/cmTC_7ac39.dir/CheckFunctionExists.c.obj -o cmTC_7ac39.exe -Wl,--out-implib,libcmTC_7ac39.dll.a -Wl,--major-image-version,0,--minor-image-version,0  -lkernel32 -luser32 -lgdi32 -lwinspool -lshell32 -lole32 -loleaut32 -luuid -lcomdlg32 -ladvapi32 && cd ."
CMakeFiles/cmTC_7ac39.dir/CheckFunctionExists.c.obj:CheckFunctionExists.c:(.text+0xc): undefined reference to `chown'
collect2.exe: error: ld returned 1 exit status
ninja: build stopped: subcommand failed.



Determining if the function chroot exists failed with the following output:
Change Dir: C:/Users/rapha/Documents/GitHub/OpenHD-ImageWriter/build-src-Desktop_Qt_5_12_12_MinGW_32_bit-Release/CMakeFiles/CMakeTmp

Run Build Command(s):C:/Qt/Tools/Ninja/ninja.exe cmTC_9da3a && [1/2] Building C object CMakeFiles/cmTC_9da3a.dir/CheckFunctionExists.c.obj
[2/2] Linking C executable cmTC_9da3a.exe
FAILED: cmTC_9da3a.exe 
cmd.exe /C "cd . && C:\Qt\Tools\mingw730_32\bin\gcc.exe -Wall -Wformat -Wformat-security -DCHECK_FUNCTION_EXISTS=chroot -Wall -Wformat -Wformat-security -fno-builtin  CMakeFiles/cmTC_9da3a.dir/CheckFunctionExists.c.obj -o cmTC_9da3a.exe -Wl,--out-implib,libcmTC_9da3a.dll.a -Wl,--major-image-version,0,--minor-image-version,0  -lkernel32 -luser32 -lgdi32 -lwinspool -lshell32 -lole32 -loleaut32 -luuid -lcomdlg32 -ladvapi32 && cd ."
CMakeFiles/cmTC_9da3a.dir/CheckFunctionExists.c.obj:CheckFunctionExists.c:(.text+0xc): undefined reference to `chroot'
collect2.exe: error: ld returned 1 exit status
ninja: build stopped: subcommand failed.



Determining if the function ctime_r exists failed with the following output:
Change Dir: C:/Users/rapha/Documents/GitHub/OpenHD-ImageWriter/build-src-Desktop_Qt_5_12_12_MinGW_32_bit-Release/CMakeFiles/CMakeTmp

Run Build Command(s):C:/Qt/Tools/Ninja/ninja.exe cmTC_a49ac && [1/2] Building C object CMakeFiles/cmTC_a49ac.dir/CheckFunctionExists.c.obj
[2/2] Linking C executable cmTC_a49ac.exe
FAILED: cmTC_a49ac.exe 
cmd.exe /C "cd . && C:\Qt\Tools\mingw730_32\bin\gcc.exe -Wall -Wformat -Wformat-security -DCHECK_FUNCTION_EXISTS=ctime_r -Wall -Wformat -Wformat-security -fno-builtin  CMakeFiles/cmTC_a49ac.dir/CheckFunctionExists.c.obj -o cmTC_a49ac.exe -Wl,--out-implib,libcmTC_a49ac.dll.a -Wl,--major-image-version,0,--minor-image-version,0  -lkernel32 -luser32 -lgdi32 -lwinspool -lshell32 -lole32 -loleaut32 -luuid -lcomdlg32 -ladvapi32 && cd ."
CMakeFiles/cmTC_a49ac.dir/CheckFunctionExists.c.obj:CheckFunctionExists.c:(.text+0xc): undefined reference to `ctime_r'
collect2.exe: error: ld returned 1 exit status
ninja: build stopped: subcommand failed.



Determining if the function fchdir exists failed with the following output:
Change Dir: C:/Users/rapha/Documents/GitHub/OpenHD-ImageWriter/build-src-Desktop_Qt_5_12_12_MinGW_32_bit-Release/CMakeFiles/CMakeTmp

Run Build Command(s):C:/Qt/Tools/Ninja/ninja.exe cmTC_ab4bb && [1/2] Building C object CMakeFiles/cmTC_ab4bb.dir/CheckFunctionExists.c.obj
[2/2] Linking C executable cmTC_ab4bb.exe
FAILED: cmTC_ab4bb.exe 
cmd.exe /C "cd . && C:\Qt\Tools\mingw730_32\bin\gcc.exe -Wall -Wformat -Wformat-security -DCHECK_FUNCTION_EXISTS=fchdir -Wall -Wformat -Wformat-security -fno-builtin  CMakeFiles/cmTC_ab4bb.dir/CheckFunctionExists.c.obj -o cmTC_ab4bb.exe -Wl,--out-implib,libcmTC_ab4bb.dll.a -Wl,--major-image-version,0,--minor-image-version,0  -lkernel32 -luser32 -lgdi32 -lwinspool -lshell32 -lole32 -loleaut32 -luuid -lcomdlg32 -ladvapi32 && cd ."
CMakeFiles/cmTC_ab4bb.dir/CheckFunctionExists.c.obj:CheckFunctionExists.c:(.text+0xc): undefined reference to `fchdir'
collect2.exe: error: ld returned 1 exit status
ninja: build stopped: subcommand failed.



Determining if the function fchflags exists failed with the following output:
Change Dir: C:/Users/rapha/Documents/GitHub/OpenHD-ImageWriter/build-src-Desktop_Qt_5_12_12_MinGW_32_bit-Release/CMakeFiles/CMakeTmp

Run Build Command(s):C:/Qt/Tools/Ninja/ninja.exe cmTC_44c25 && [1/2] Building C object CMakeFiles/cmTC_44c25.dir/CheckFunctionExists.c.obj
[2/2] Linking C executable cmTC_44c25.exe
FAILED: cmTC_44c25.exe 
cmd.exe /C "cd . && C:\Qt\Tools\mingw730_32\bin\gcc.exe -Wall -Wformat -Wformat-security -DCHECK_FUNCTION_EXISTS=fchflags -Wall -Wformat -Wformat-security -fno-builtin  CMakeFiles/cmTC_44c25.dir/CheckFunctionExists.c.obj -o cmTC_44c25.exe -Wl,--out-implib,libcmTC_44c25.dll.a -Wl,--major-image-version,0,--minor-image-version,0  -lkernel32 -luser32 -lgdi32 -lwinspool -lshell32 -lole32 -loleaut32 -luuid -lcomdlg32 -ladvapi32 && cd ."
CMakeFiles/cmTC_44c25.dir/CheckFunctionExists.c.obj:CheckFunctionExists.c:(.text+0xc): undefined reference to `fchflags'
collect2.exe: error: ld returned 1 exit status
ninja: build stopped: subcommand failed.



Determining if the function fchmod exists failed with the following output:
Change Dir: C:/Users/rapha/Documents/GitHub/OpenHD-ImageWriter/build-src-Desktop_Qt_5_12_12_MinGW_32_bit-Release/CMakeFiles/CMakeTmp

Run Build Command(s):C:/Qt/Tools/Ninja/ninja.exe cmTC_3dc34 && [1/2] Building C object CMakeFiles/cmTC_3dc34.dir/CheckFunctionExists.c.obj
[2/2] Linking C executable cmTC_3dc34.exe
FAILED: cmTC_3dc34.exe 
cmd.exe /C "cd . && C:\Qt\Tools\mingw730_32\bin\gcc.exe -Wall -Wformat -Wformat-security -DCHECK_FUNCTION_EXISTS=fchmod -Wall -Wformat -Wformat-security -fno-builtin  CMakeFiles/cmTC_3dc34.dir/CheckFunctionExists.c.obj -o cmTC_3dc34.exe -Wl,--out-implib,libcmTC_3dc34.dll.a -Wl,--major-image-version,0,--minor-image-version,0  -lkernel32 -luser32 -lgdi32 -lwinspool -lshell32 -lole32 -loleaut32 -luuid -lcomdlg32 -ladvapi32 && cd ."
CMakeFiles/cmTC_3dc34.dir/CheckFunctionExists.c.obj:CheckFunctionExists.c:(.text+0xc): undefined reference to `fchmod'
collect2.exe: error: ld returned 1 exit status
ninja: build stopped: subcommand failed.



Determining if the function fchown exists failed with the following output:
Change Dir: C:/Users/rapha/Documents/GitHub/OpenHD-ImageWriter/build-src-Desktop_Qt_5_12_12_MinGW_32_bit-Release/CMakeFiles/CMakeTmp

Run Build Command(s):C:/Qt/Tools/Ninja/ninja.exe cmTC_615c4 && [1/2] Building C object CMakeFiles/cmTC_615c4.dir/CheckFunctionExists.c.obj
[2/2] Linking C executable cmTC_615c4.exe
FAILED: cmTC_615c4.exe 
cmd.exe /C "cd . && C:\Qt\Tools\mingw730_32\bin\gcc.exe -Wall -Wformat -Wformat-security -DCHECK_FUNCTION_EXISTS=fchown -Wall -Wformat -Wformat-security -fno-builtin  CMakeFiles/cmTC_615c4.dir/CheckFunctionExists.c.obj -o cmTC_615c4.exe -Wl,--out-implib,libcmTC_615c4.dll.a -Wl,--major-image-version,0,--minor-image-version,0  -lkernel32 -luser32 -lgdi32 -lwinspool -lshell32 -lole32 -loleaut32 -luuid -lcomdlg32 -ladvapi32 && cd ."
CMakeFiles/cmTC_615c4.dir/CheckFunctionExists.c.obj:CheckFunctionExists.c:(.text+0xc): undefined reference to `fchown'
collect2.exe: error: ld returned 1 exit status
ninja: build stopped: subcommand failed.



Determining if the function fdopendir exists failed with the following output:
Change Dir: C:/Users/rapha/Documents/GitHub/OpenHD-ImageWriter/build-src-Desktop_Qt_5_12_12_MinGW_32_bit-Release/CMakeFiles/CMakeTmp

Run Build Command(s):C:/Qt/Tools/Ninja/ninja.exe cmTC_1ed92 && [1/2] Building C object CMakeFiles/cmTC_1ed92.dir/CheckFunctionExists.c.obj
[2/2] Linking C executable cmTC_1ed92.exe
FAILED: cmTC_1ed92.exe 
cmd.exe /C "cd . && C:\Qt\Tools\mingw730_32\bin\gcc.exe -Wall -Wformat -Wformat-security -DCHECK_FUNCTION_EXISTS=fdopendir -Wall -Wformat -Wformat-security -fno-builtin  CMakeFiles/cmTC_1ed92.dir/CheckFunctionExists.c.obj -o cmTC_1ed92.exe -Wl,--out-implib,libcmTC_1ed92.dll.a -Wl,--major-image-version,0,--minor-image-version,0  -lkernel32 -luser32 -lgdi32 -lwinspool -lshell32 -lole32 -loleaut32 -luuid -lcomdlg32 -ladvapi32 && cd ."
CMakeFiles/cmTC_1ed92.dir/CheckFunctionExists.c.obj:CheckFunctionExists.c:(.text+0xc): undefined reference to `fdopendir'
collect2.exe: error: ld returned 1 exit status
ninja: build stopped: subcommand failed.



Determining if the function fstatat exists failed with the following output:
Change Dir: C:/Users/rapha/Documents/GitHub/OpenHD-ImageWriter/build-src-Desktop_Qt_5_12_12_MinGW_32_bit-Release/CMakeFiles/CMakeTmp

Run Build Command(s):C:/Qt/Tools/Ninja/ninja.exe cmTC_a901b && [1/2] Building C object CMakeFiles/cmTC_a901b.dir/CheckFunctionExists.c.obj
[2/2] Linking C executable cmTC_a901b.exe
FAILED: cmTC_a901b.exe 
cmd.exe /C "cd . && C:\Qt\Tools\mingw730_32\bin\gcc.exe -Wall -Wformat -Wformat-security -DCHECK_FUNCTION_EXISTS=fstatat -Wall -Wformat -Wformat-security -fno-builtin  CMakeFiles/cmTC_a901b.dir/CheckFunctionExists.c.obj -o cmTC_a901b.exe -Wl,--out-implib,libcmTC_a901b.dll.a -Wl,--major-image-version,0,--minor-image-version,0  -lkernel32 -luser32 -lgdi32 -lwinspool -lshell32 -lole32 -loleaut32 -luuid -lcomdlg32 -ladvapi32 && cd ."
CMakeFiles/cmTC_a901b.dir/CheckFunctionExists.c.obj:CheckFunctionExists.c:(.text+0xc): undefined reference to `fstatat'
collect2.exe: error: ld returned 1 exit status
ninja: build stopped: subcommand failed.



Determining if the function fstatfs exists failed with the following output:
Change Dir: C:/Users/rapha/Documents/GitHub/OpenHD-ImageWriter/build-src-Desktop_Qt_5_12_12_MinGW_32_bit-Release/CMakeFiles/CMakeTmp

Run Build Command(s):C:/Qt/Tools/Ninja/ninja.exe cmTC_7922d && [1/2] Building C object CMakeFiles/cmTC_7922d.dir/CheckFunctionExists.c.obj
[2/2] Linking C executable cmTC_7922d.exe
FAILED: cmTC_7922d.exe 
cmd.exe /C "cd . && C:\Qt\Tools\mingw730_32\bin\gcc.exe -Wall -Wformat -Wformat-security -DCHECK_FUNCTION_EXISTS=fstatfs -Wall -Wformat -Wformat-security -fno-builtin  CMakeFiles/cmTC_7922d.dir/CheckFunctionExists.c.obj -o cmTC_7922d.exe -Wl,--out-implib,libcmTC_7922d.dll.a -Wl,--major-image-version,0,--minor-image-version,0  -lkernel32 -luser32 -lgdi32 -lwinspool -lshell32 -lole32 -loleaut32 -luuid -lcomdlg32 -ladvapi32 && cd ."
CMakeFiles/cmTC_7922d.dir/CheckFunctionExists.c.obj:CheckFunctionExists.c:(.text+0xc): undefined reference to `fstatfs'
collect2.exe: error: ld returned 1 exit status
ninja: build stopped: subcommand failed.



Determining if the function fstatvfs exists failed with the following output:
Change Dir: C:/Users/rapha/Documents/GitHub/OpenHD-ImageWriter/build-src-Desktop_Qt_5_12_12_MinGW_32_bit-Release/CMakeFiles/CMakeTmp

Run Build Command(s):C:/Qt/Tools/Ninja/ninja.exe cmTC_d20b6 && [1/2] Building C object CMakeFiles/cmTC_d20b6.dir/CheckFunctionExists.c.obj
[2/2] Linking C executable cmTC_d20b6.exe
FAILED: cmTC_d20b6.exe 
cmd.exe /C "cd . && C:\Qt\Tools\mingw730_32\bin\gcc.exe -Wall -Wformat -Wformat-security -DCHECK_FUNCTION_EXISTS=fstatvfs -Wall -Wformat -Wformat-security -fno-builtin  CMakeFiles/cmTC_d20b6.dir/CheckFunctionExists.c.obj -o cmTC_d20b6.exe -Wl,--out-implib,libcmTC_d20b6.dll.a -Wl,--major-image-version,0,--minor-image-version,0  -lkernel32 -luser32 -lgdi32 -lwinspool -lshell32 -lole32 -loleaut32 -luuid -lcomdlg32 -ladvapi32 && cd ."
CMakeFiles/cmTC_d20b6.dir/CheckFunctionExists.c.obj:CheckFunctionExists.c:(.text+0xc): undefined reference to `fstatvfs'
collect2.exe: error: ld returned 1 exit status
ninja: build stopped: subcommand failed.



Determining if the function futimens exists failed with the following output:
Change Dir: C:/Users/rapha/Documents/GitHub/OpenHD-ImageWriter/build-src-Desktop_Qt_5_12_12_MinGW_32_bit-Release/CMakeFiles/CMakeTmp

Run Build Command(s):C:/Qt/Tools/Ninja/ninja.exe cmTC_58bcb && [1/2] Building C object CMakeFiles/cmTC_58bcb.dir/CheckFunctionExists.c.obj
[2/2] Linking C executable cmTC_58bcb.exe
FAILED: cmTC_58bcb.exe 
cmd.exe /C "cd . && C:\Qt\Tools\mingw730_32\bin\gcc.exe -Wall -Wformat -Wformat-security -DCHECK_FUNCTION_EXISTS=futimens -Wall -Wformat -Wformat-security -fno-builtin  CMakeFiles/cmTC_58bcb.dir/CheckFunctionExists.c.obj -o cmTC_58bcb.exe -Wl,--out-implib,libcmTC_58bcb.dll.a -Wl,--major-image-version,0,--minor-image-version,0  -lkernel32 -luser32 -lgdi32 -lwinspool -lshell32 -lole32 -loleaut32 -luuid -lcomdlg32 -ladvapi32 && cd ."
CMakeFiles/cmTC_58bcb.dir/CheckFunctionExists.c.obj:CheckFunctionExists.c:(.text+0xc): undefined reference to `futimens'
collect2.exe: error: ld returned 1 exit status
ninja: build stopped: subcommand failed.



Determining if the function futimes exists failed with the following output:
Change Dir: C:/Users/rapha/Documents/GitHub/OpenHD-ImageWriter/build-src-Desktop_Qt_5_12_12_MinGW_32_bit-Release/CMakeFiles/CMakeTmp

Run Build Command(s):C:/Qt/Tools/Ninja/ninja.exe cmTC_ec935 && [1/2] Building C object CMakeFiles/cmTC_ec935.dir/CheckFunctionExists.c.obj
[2/2] Linking C executable cmTC_ec935.exe
FAILED: cmTC_ec935.exe 
cmd.exe /C "cd . && C:\Qt\Tools\mingw730_32\bin\gcc.exe -Wall -Wformat -Wformat-security -DCHECK_FUNCTION_EXISTS=futimes -Wall -Wformat -Wformat-security -fno-builtin  CMakeFiles/cmTC_ec935.dir/CheckFunctionExists.c.obj -o cmTC_ec935.exe -Wl,--out-implib,libcmTC_ec935.dll.a -Wl,--major-image-version,0,--minor-image-version,0  -lkernel32 -luser32 -lgdi32 -lwinspool -lshell32 -lole32 -loleaut32 -luuid -lcomdlg32 -ladvapi32 && cd ."
CMakeFiles/cmTC_ec935.dir/CheckFunctionExists.c.obj:CheckFunctionExists.c:(.text+0xc): undefined reference to `futimes'
collect2.exe: error: ld returned 1 exit status
ninja: build stopped: subcommand failed.



Determining if the function futimesat exists failed with the following output:
Change Dir: C:/Users/rapha/Documents/GitHub/OpenHD-ImageWriter/build-src-Desktop_Qt_5_12_12_MinGW_32_bit-Release/CMakeFiles/CMakeTmp

Run Build Command(s):C:/Qt/Tools/Ninja/ninja.exe cmTC_edda0 && [1/2] Building C object CMakeFiles/cmTC_edda0.dir/CheckFunctionExists.c.obj
[2/2] Linking C executable cmTC_edda0.exe
FAILED: cmTC_edda0.exe 
cmd.exe /C "cd . && C:\Qt\Tools\mingw730_32\bin\gcc.exe -Wall -Wformat -Wformat-security -DCHECK_FUNCTION_EXISTS=futimesat -Wall -Wformat -Wformat-security -fno-builtin  CMakeFiles/cmTC_edda0.dir/CheckFunctionExists.c.obj -o cmTC_edda0.exe -Wl,--out-implib,libcmTC_edda0.dll.a -Wl,--major-image-version,0,--minor-image-version,0  -lkernel32 -luser32 -lgdi32 -lwinspool -lshell32 -lole32 -loleaut32 -luuid -lcomdlg32 -ladvapi32 && cd ."
CMakeFiles/cmTC_edda0.dir/CheckFunctionExists.c.obj:CheckFunctionExists.c:(.text+0xc): undefined reference to `futimesat'
collect2.exe: error: ld returned 1 exit status
ninja: build stopped: subcommand failed.



Determining if the function geteuid exists failed with the following output:
Change Dir: C:/Users/rapha/Documents/GitHub/OpenHD-ImageWriter/build-src-Desktop_Qt_5_12_12_MinGW_32_bit-Release/CMakeFiles/CMakeTmp

Run Build Command(s):C:/Qt/Tools/Ninja/ninja.exe cmTC_4eb6e && [1/2] Building C object CMakeFiles/cmTC_4eb6e.dir/CheckFunctionExists.c.obj
[2/2] Linking C executable cmTC_4eb6e.exe
FAILED: cmTC_4eb6e.exe 
cmd.exe /C "cd . && C:\Qt\Tools\mingw730_32\bin\gcc.exe -Wall -Wformat -Wformat-security -DCHECK_FUNCTION_EXISTS=geteuid -Wall -Wformat -Wformat-security -fno-builtin  CMakeFiles/cmTC_4eb6e.dir/CheckFunctionExists.c.obj -o cmTC_4eb6e.exe -Wl,--out-implib,libcmTC_4eb6e.dll.a -Wl,--major-image-version,0,--minor-image-version,0  -lkernel32 -luser32 -lgdi32 -lwinspool -lshell32 -lole32 -loleaut32 -luuid -lcomdlg32 -ladvapi32 && cd ."
CMakeFiles/cmTC_4eb6e.dir/CheckFunctionExists.c.obj:CheckFunctionExists.c:(.text+0xc): undefined reference to `geteuid'
collect2.exe: error: ld returned 1 exit status
ninja: build stopped: subcommand failed.



Determining if the function getgrgid_r exists failed with the following output:
Change Dir: C:/Users/rapha/Documents/GitHub/OpenHD-ImageWriter/build-src-Desktop_Qt_5_12_12_MinGW_32_bit-Release/CMakeFiles/CMakeTmp

Run Build Command(s):C:/Qt/Tools/Ninja/ninja.exe cmTC_8db9b && [1/2] Building C object CMakeFiles/cmTC_8db9b.dir/CheckFunctionExists.c.obj
[2/2] Linking C executable cmTC_8db9b.exe
FAILED: cmTC_8db9b.exe 
cmd.exe /C "cd . && C:\Qt\Tools\mingw730_32\bin\gcc.exe -Wall -Wformat -Wformat-security -DCHECK_FUNCTION_EXISTS=getgrgid_r -Wall -Wformat -Wformat-security -fno-builtin  CMakeFiles/cmTC_8db9b.dir/CheckFunctionExists.c.obj -o cmTC_8db9b.exe -Wl,--out-implib,libcmTC_8db9b.dll.a -Wl,--major-image-version,0,--minor-image-version,0  -lkernel32 -luser32 -lgdi32 -lwinspool -lshell32 -lole32 -loleaut32 -luuid -lcomdlg32 -ladvapi32 && cd ."
CMakeFiles/cmTC_8db9b.dir/CheckFunctionExists.c.obj:CheckFunctionExists.c:(.text+0xc): undefined reference to `getgrgid_r'
collect2.exe: error: ld returned 1 exit status
ninja: build stopped: subcommand failed.



Determining if the function getgrnam_r exists failed with the following output:
Change Dir: C:/Users/rapha/Documents/GitHub/OpenHD-ImageWriter/build-src-Desktop_Qt_5_12_12_MinGW_32_bit-Release/CMakeFiles/CMakeTmp

Run Build Command(s):C:/Qt/Tools/Ninja/ninja.exe cmTC_e0456 && [1/2] Building C object CMakeFiles/cmTC_e0456.dir/CheckFunctionExists.c.obj
[2/2] Linking C executable cmTC_e0456.exe
FAILED: cmTC_e0456.exe 
cmd.exe /C "cd . && C:\Qt\Tools\mingw730_32\bin\gcc.exe -Wall -Wformat -Wformat-security -DCHECK_FUNCTION_EXISTS=getgrnam_r -Wall -Wformat -Wformat-security -fno-builtin  CMakeFiles/cmTC_e0456.dir/CheckFunctionExists.c.obj -o cmTC_e0456.exe -Wl,--out-implib,libcmTC_e0456.dll.a -Wl,--major-image-version,0,--minor-image-version,0  -lkernel32 -luser32 -lgdi32 -lwinspool -lshell32 -lole32 -loleaut32 -luuid -lcomdlg32 -ladvapi32 && cd ."
CMakeFiles/cmTC_e0456.dir/CheckFunctionExists.c.obj:CheckFunctionExists.c:(.text+0xc): undefined reference to `getgrnam_r'
collect2.exe: error: ld returned 1 exit status
ninja: build stopped: subcommand failed.



Determining if the function getpwnam_r exists failed with the following output:
Change Dir: C:/Users/rapha/Documents/GitHub/OpenHD-ImageWriter/build-src-Desktop_Qt_5_12_12_MinGW_32_bit-Release/CMakeFiles/CMakeTmp

Run Build Command(s):C:/Qt/Tools/Ninja/ninja.exe cmTC_a699f && [1/2] Building C object CMakeFiles/cmTC_a699f.dir/CheckFunctionExists.c.obj
[2/2] Linking C executable cmTC_a699f.exe
FAILED: cmTC_a699f.exe 
cmd.exe /C "cd . && C:\Qt\Tools\mingw730_32\bin\gcc.exe -Wall -Wformat -Wformat-security -DCHECK_FUNCTION_EXISTS=getpwnam_r -Wall -Wformat -Wformat-security -fno-builtin  CMakeFiles/cmTC_a699f.dir/CheckFunctionExists.c.obj -o cmTC_a699f.exe -Wl,--out-implib,libcmTC_a699f.dll.a -Wl,--major-image-version,0,--minor-image-version,0  -lkernel32 -luser32 -lgdi32 -lwinspool -lshell32 -lole32 -loleaut32 -luuid -lcomdlg32 -ladvapi32 && cd ."
CMakeFiles/cmTC_a699f.dir/CheckFunctionExists.c.obj:CheckFunctionExists.c:(.text+0xc): undefined reference to `getpwnam_r'
collect2.exe: error: ld returned 1 exit status
ninja: build stopped: subcommand failed.



Determining if the function getvfsbyname exists failed with the following output:
Change Dir: C:/Users/rapha/Documents/GitHub/OpenHD-ImageWriter/build-src-Desktop_Qt_5_12_12_MinGW_32_bit-Release/CMakeFiles/CMakeTmp

Run Build Command(s):C:/Qt/Tools/Ninja/ninja.exe cmTC_bae5a && [1/2] Building C object CMakeFiles/cmTC_bae5a.dir/CheckFunctionExists.c.obj
[2/2] Linking C executable cmTC_bae5a.exe
FAILED: cmTC_bae5a.exe 
cmd.exe /C "cd . && C:\Qt\Tools\mingw730_32\bin\gcc.exe -Wall -Wformat -Wformat-security -DCHECK_FUNCTION_EXISTS=getvfsbyname -Wall -Wformat -Wformat-security -fno-builtin  CMakeFiles/cmTC_bae5a.dir/CheckFunctionExists.c.obj -o cmTC_bae5a.exe -Wl,--out-implib,libcmTC_bae5a.dll.a -Wl,--major-image-version,0,--minor-image-version,0  -lkernel32 -luser32 -lgdi32 -lwinspool -lshell32 -lole32 -loleaut32 -luuid -lcomdlg32 -ladvapi32 && cd ."
CMakeFiles/cmTC_bae5a.dir/CheckFunctionExists.c.obj:CheckFunctionExists.c:(.text+0xc): undefined reference to `getvfsbyname'
collect2.exe: error: ld returned 1 exit status
ninja: build stopped: subcommand failed.



Determining if the function gmtime_r exists failed with the following output:
Change Dir: C:/Users/rapha/Documents/GitHub/OpenHD-ImageWriter/build-src-Desktop_Qt_5_12_12_MinGW_32_bit-Release/CMakeFiles/CMakeTmp

Run Build Command(s):C:/Qt/Tools/Ninja/ninja.exe cmTC_a008d && [1/2] Building C object CMakeFiles/cmTC_a008d.dir/CheckFunctionExists.c.obj
[2/2] Linking C executable cmTC_a008d.exe
FAILED: cmTC_a008d.exe 
cmd.exe /C "cd . && C:\Qt\Tools\mingw730_32\bin\gcc.exe -Wall -Wformat -Wformat-security -DCHECK_FUNCTION_EXISTS=gmtime_r -Wall -Wformat -Wformat-security -fno-builtin  CMakeFiles/cmTC_a008d.dir/CheckFunctionExists.c.obj -o cmTC_a008d.exe -Wl,--out-implib,libcmTC_a008d.dll.a -Wl,--major-image-version,0,--minor-image-version,0  -lkernel32 -luser32 -lgdi32 -lwinspool -lshell32 -lole32 -loleaut32 -luuid -lcomdlg32 -ladvapi32 && cd ."
CMakeFiles/cmTC_a008d.dir/CheckFunctionExists.c.obj:CheckFunctionExists.c:(.text+0xc): undefined reference to `gmtime_r'
collect2.exe: error: ld returned 1 exit status
ninja: build stopped: subcommand failed.



Determining if the function lchflags exists failed with the following output:
Change Dir: C:/Users/rapha/Documents/GitHub/OpenHD-ImageWriter/build-src-Desktop_Qt_5_12_12_MinGW_32_bit-Release/CMakeFiles/CMakeTmp

Run Build Command(s):C:/Qt/Tools/Ninja/ninja.exe cmTC_3a642 && [1/2] Building C object CMakeFiles/cmTC_3a642.dir/CheckFunctionExists.c.obj
[2/2] Linking C executable cmTC_3a642.exe
FAILED: cmTC_3a642.exe 
cmd.exe /C "cd . && C:\Qt\Tools\mingw730_32\bin\gcc.exe -Wall -Wformat -Wformat-security -DCHECK_FUNCTION_EXISTS=lchflags -Wall -Wformat -Wformat-security -fno-builtin  CMakeFiles/cmTC_3a642.dir/CheckFunctionExists.c.obj -o cmTC_3a642.exe -Wl,--out-implib,libcmTC_3a642.dll.a -Wl,--major-image-version,0,--minor-image-version,0  -lkernel32 -luser32 -lgdi32 -lwinspool -lshell32 -lole32 -loleaut32 -luuid -lcomdlg32 -ladvapi32 && cd ."
CMakeFiles/cmTC_3a642.dir/CheckFunctionExists.c.obj:CheckFunctionExists.c:(.text+0xc): undefined reference to `lchflags'
collect2.exe: error: ld returned 1 exit status
ninja: build stopped: subcommand failed.



Determining if the function lchmod exists failed with the following output:
Change Dir: C:/Users/rapha/Documents/GitHub/OpenHD-ImageWriter/build-src-Desktop_Qt_5_12_12_MinGW_32_bit-Release/CMakeFiles/CMakeTmp

Run Build Command(s):C:/Qt/Tools/Ninja/ninja.exe cmTC_84837 && [1/2] Building C object CMakeFiles/cmTC_84837.dir/CheckFunctionExists.c.obj
[2/2] Linking C executable cmTC_84837.exe
FAILED: cmTC_84837.exe 
cmd.exe /C "cd . && C:\Qt\Tools\mingw730_32\bin\gcc.exe -Wall -Wformat -Wformat-security -DCHECK_FUNCTION_EXISTS=lchmod -Wall -Wformat -Wformat-security -fno-builtin  CMakeFiles/cmTC_84837.dir/CheckFunctionExists.c.obj -o cmTC_84837.exe -Wl,--out-implib,libcmTC_84837.dll.a -Wl,--major-image-version,0,--minor-image-version,0  -lkernel32 -luser32 -lgdi32 -lwinspool -lshell32 -lole32 -loleaut32 -luuid -lcomdlg32 -ladvapi32 && cd ."
CMakeFiles/cmTC_84837.dir/CheckFunctionExists.c.obj:CheckFunctionExists.c:(.text+0xc): undefined reference to `lchmod'
collect2.exe: error: ld returned 1 exit status
ninja: build stopped: subcommand failed.



Determining if the function lchown exists failed with the following output:
Change Dir: C:/Users/rapha/Documents/GitHub/OpenHD-ImageWriter/build-src-Desktop_Qt_5_12_12_MinGW_32_bit-Release/CMakeFiles/CMakeTmp

Run Build Command(s):C:/Qt/Tools/Ninja/ninja.exe cmTC_d78b6 && [1/2] Building C object CMakeFiles/cmTC_d78b6.dir/CheckFunctionExists.c.obj
[2/2] Linking C executable cmTC_d78b6.exe
FAILED: cmTC_d78b6.exe 
cmd.exe /C "cd . && C:\Qt\Tools\mingw730_32\bin\gcc.exe -Wall -Wformat -Wformat-security -DCHECK_FUNCTION_EXISTS=lchown -Wall -Wformat -Wformat-security -fno-builtin  CMakeFiles/cmTC_d78b6.dir/CheckFunctionExists.c.obj -o cmTC_d78b6.exe -Wl,--out-implib,libcmTC_d78b6.dll.a -Wl,--major-image-version,0,--minor-image-version,0  -lkernel32 -luser32 -lgdi32 -lwinspool -lshell32 -lole32 -loleaut32 -luuid -lcomdlg32 -ladvapi32 && cd ."
CMakeFiles/cmTC_d78b6.dir/CheckFunctionExists.c.obj:CheckFunctionExists.c:(.text+0xc): undefined reference to `lchown'
collect2.exe: error: ld returned 1 exit status
ninja: build stopped: subcommand failed.



Determining if the function link exists failed with the following output:
Change Dir: C:/Users/rapha/Documents/GitHub/OpenHD-ImageWriter/build-src-Desktop_Qt_5_12_12_MinGW_32_bit-Release/CMakeFiles/CMakeTmp

Run Build Command(s):C:/Qt/Tools/Ninja/ninja.exe cmTC_c5785 && [1/2] Building C object CMakeFiles/cmTC_c5785.dir/CheckFunctionExists.c.obj
[2/2] Linking C executable cmTC_c5785.exe
FAILED: cmTC_c5785.exe 
cmd.exe /C "cd . && C:\Qt\Tools\mingw730_32\bin\gcc.exe -Wall -Wformat -Wformat-security -DCHECK_FUNCTION_EXISTS=link -Wall -Wformat -Wformat-security -fno-builtin  CMakeFiles/cmTC_c5785.dir/CheckFunctionExists.c.obj -o cmTC_c5785.exe -Wl,--out-implib,libcmTC_c5785.dll.a -Wl,--major-image-version,0,--minor-image-version,0  -lkernel32 -luser32 -lgdi32 -lwinspool -lshell32 -lole32 -loleaut32 -luuid -lcomdlg32 -ladvapi32 && cd ."
CMakeFiles/cmTC_c5785.dir/CheckFunctionExists.c.obj:CheckFunctionExists.c:(.text+0xc): undefined reference to `link'
collect2.exe: error: ld returned 1 exit status
ninja: build stopped: subcommand failed.



Determining if the function linkat exists failed with the following output:
Change Dir: C:/Users/rapha/Documents/GitHub/OpenHD-ImageWriter/build-src-Desktop_Qt_5_12_12_MinGW_32_bit-Release/CMakeFiles/CMakeTmp

Run Build Command(s):C:/Qt/Tools/Ninja/ninja.exe cmTC_8498e && [1/2] Building C object CMakeFiles/cmTC_8498e.dir/CheckFunctionExists.c.obj
[2/2] Linking C executable cmTC_8498e.exe
FAILED: cmTC_8498e.exe 
cmd.exe /C "cd . && C:\Qt\Tools\mingw730_32\bin\gcc.exe -Wall -Wformat -Wformat-security -DCHECK_FUNCTION_EXISTS=linkat -Wall -Wformat -Wformat-security -fno-builtin  CMakeFiles/cmTC_8498e.dir/CheckFunctionExists.c.obj -o cmTC_8498e.exe -Wl,--out-implib,libcmTC_8498e.dll.a -Wl,--major-image-version,0,--minor-image-version,0  -lkernel32 -luser32 -lgdi32 -lwinspool -lshell32 -lole32 -loleaut32 -luuid -lcomdlg32 -ladvapi32 && cd ."
CMakeFiles/cmTC_8498e.dir/CheckFunctionExists.c.obj:CheckFunctionExists.c:(.text+0xc): undefined reference to `linkat'
collect2.exe: error: ld returned 1 exit status
ninja: build stopped: subcommand failed.



Determining if the function localtime_r exists failed with the following output:
Change Dir: C:/Users/rapha/Documents/GitHub/OpenHD-ImageWriter/build-src-Desktop_Qt_5_12_12_MinGW_32_bit-Release/CMakeFiles/CMakeTmp

Run Build Command(s):C:/Qt/Tools/Ninja/ninja.exe cmTC_0d8e9 && [1/2] Building C object CMakeFiles/cmTC_0d8e9.dir/CheckFunctionExists.c.obj
[2/2] Linking C executable cmTC_0d8e9.exe
FAILED: cmTC_0d8e9.exe 
cmd.exe /C "cd . && C:\Qt\Tools\mingw730_32\bin\gcc.exe -Wall -Wformat -Wformat-security -DCHECK_FUNCTION_EXISTS=localtime_r -Wall -Wformat -Wformat-security -fno-builtin  CMakeFiles/cmTC_0d8e9.dir/CheckFunctionExists.c.obj -o cmTC_0d8e9.exe -Wl,--out-implib,libcmTC_0d8e9.dll.a -Wl,--major-image-version,0,--minor-image-version,0  -lkernel32 -luser32 -lgdi32 -lwinspool -lshell32 -lole32 -loleaut32 -luuid -lcomdlg32 -ladvapi32 && cd ."
CMakeFiles/cmTC_0d8e9.dir/CheckFunctionExists.c.obj:CheckFunctionExists.c:(.text+0xc): undefined reference to `localtime_r'
collect2.exe: error: ld returned 1 exit status
ninja: build stopped: subcommand failed.



Determining if the function lstat exists failed with the following output:
Change Dir: C:/Users/rapha/Documents/GitHub/OpenHD-ImageWriter/build-src-Desktop_Qt_5_12_12_MinGW_32_bit-Release/CMakeFiles/CMakeTmp

Run Build Command(s):C:/Qt/Tools/Ninja/ninja.exe cmTC_93952 && [1/2] Building C object CMakeFiles/cmTC_93952.dir/CheckFunctionExists.c.obj
[2/2] Linking C executable cmTC_93952.exe
FAILED: cmTC_93952.exe 
cmd.exe /C "cd . && C:\Qt\Tools\mingw730_32\bin\gcc.exe -Wall -Wformat -Wformat-security -DCHECK_FUNCTION_EXISTS=lstat -Wall -Wformat -Wformat-security -fno-builtin  CMakeFiles/cmTC_93952.dir/CheckFunctionExists.c.obj -o cmTC_93952.exe -Wl,--out-implib,libcmTC_93952.dll.a -Wl,--major-image-version,0,--minor-image-version,0  -lkernel32 -luser32 -lgdi32 -lwinspool -lshell32 -lole32 -loleaut32 -luuid -lcomdlg32 -ladvapi32 && cd ."
CMakeFiles/cmTC_93952.dir/CheckFunctionExists.c.obj:CheckFunctionExists.c:(.text+0xc): undefined reference to `lstat'
collect2.exe: error: ld returned 1 exit status
ninja: build stopped: subcommand failed.



Determining if the function lutimes exists failed with the following output:
Change Dir: C:/Users/rapha/Documents/GitHub/OpenHD-ImageWriter/build-src-Desktop_Qt_5_12_12_MinGW_32_bit-Release/CMakeFiles/CMakeTmp

Run Build Command(s):C:/Qt/Tools/Ninja/ninja.exe cmTC_64c6d && [1/2] Building C object CMakeFiles/cmTC_64c6d.dir/CheckFunctionExists.c.obj
[2/2] Linking C executable cmTC_64c6d.exe
FAILED: cmTC_64c6d.exe 
cmd.exe /C "cd . && C:\Qt\Tools\mingw730_32\bin\gcc.exe -Wall -Wformat -Wformat-security -DCHECK_FUNCTION_EXISTS=lutimes -Wall -Wformat -Wformat-security -fno-builtin  CMakeFiles/cmTC_64c6d.dir/CheckFunctionExists.c.obj -o cmTC_64c6d.exe -Wl,--out-implib,libcmTC_64c6d.dll.a -Wl,--major-image-version,0,--minor-image-version,0  -lkernel32 -luser32 -lgdi32 -lwinspool -lshell32 -lole32 -loleaut32 -luuid -lcomdlg32 -ladvapi32 && cd ."
CMakeFiles/cmTC_64c6d.dir/CheckFunctionExists.c.obj:CheckFunctionExists.c:(.text+0xc): undefined reference to `lutimes'
collect2.exe: error: ld returned 1 exit status
ninja: build stopped: subcommand failed.



Determining if the function mkfifo exists failed with the following output:
Change Dir: C:/Users/rapha/Documents/GitHub/OpenHD-ImageWriter/build-src-Desktop_Qt_5_12_12_MinGW_32_bit-Release/CMakeFiles/CMakeTmp

Run Build Command(s):C:/Qt/Tools/Ninja/ninja.exe cmTC_71ae0 && [1/2] Building C object CMakeFiles/cmTC_71ae0.dir/CheckFunctionExists.c.obj
[2/2] Linking C executable cmTC_71ae0.exe
FAILED: cmTC_71ae0.exe 
cmd.exe /C "cd . && C:\Qt\Tools\mingw730_32\bin\gcc.exe -Wall -Wformat -Wformat-security -DCHECK_FUNCTION_EXISTS=mkfifo -Wall -Wformat -Wformat-security -fno-builtin  CMakeFiles/cmTC_71ae0.dir/CheckFunctionExists.c.obj -o cmTC_71ae0.exe -Wl,--out-implib,libcmTC_71ae0.dll.a -Wl,--major-image-version,0,--minor-image-version,0  -lkernel32 -luser32 -lgdi32 -lwinspool -lshell32 -lole32 -loleaut32 -luuid -lcomdlg32 -ladvapi32 && cd ."
CMakeFiles/cmTC_71ae0.dir/CheckFunctionExists.c.obj:CheckFunctionExists.c:(.text+0xc): undefined reference to `mkfifo'
collect2.exe: error: ld returned 1 exit status
ninja: build stopped: subcommand failed.



Determining if the function mknod exists failed with the following output:
Change Dir: C:/Users/rapha/Documents/GitHub/OpenHD-ImageWriter/build-src-Desktop_Qt_5_12_12_MinGW_32_bit-Release/CMakeFiles/CMakeTmp

Run Build Command(s):C:/Qt/Tools/Ninja/ninja.exe cmTC_f219d && [1/2] Building C object CMakeFiles/cmTC_f219d.dir/CheckFunctionExists.c.obj
[2/2] Linking C executable cmTC_f219d.exe
FAILED: cmTC_f219d.exe 
cmd.exe /C "cd . && C:\Qt\Tools\mingw730_32\bin\gcc.exe -Wall -Wformat -Wformat-security -DCHECK_FUNCTION_EXISTS=mknod -Wall -Wformat -Wformat-security -fno-builtin  CMakeFiles/cmTC_f219d.dir/CheckFunctionExists.c.obj -o cmTC_f219d.exe -Wl,--out-implib,libcmTC_f219d.dll.a -Wl,--major-image-version,0,--minor-image-version,0  -lkernel32 -luser32 -lgdi32 -lwinspool -lshell32 -lole32 -loleaut32 -luuid -lcomdlg32 -ladvapi32 && cd ."
CMakeFiles/cmTC_f219d.dir/CheckFunctionExists.c.obj:CheckFunctionExists.c:(.text+0xc): undefined reference to `mknod'
collect2.exe: error: ld returned 1 exit status
ninja: build stopped: subcommand failed.



Determining if the function nl_langinfo exists failed with the following output:
Change Dir: C:/Users/rapha/Documents/GitHub/OpenHD-ImageWriter/build-src-Desktop_Qt_5_12_12_MinGW_32_bit-Release/CMakeFiles/CMakeTmp

Run Build Command(s):C:/Qt/Tools/Ninja/ninja.exe cmTC_7ddc6 && [1/2] Building C object CMakeFiles/cmTC_7ddc6.dir/CheckFunctionExists.c.obj
[2/2] Linking C executable cmTC_7ddc6.exe
FAILED: cmTC_7ddc6.exe 
cmd.exe /C "cd . && C:\Qt\Tools\mingw730_32\bin\gcc.exe -Wall -Wformat -Wformat-security -DCHECK_FUNCTION_EXISTS=nl_langinfo -Wall -Wformat -Wformat-security -fno-builtin  CMakeFiles/cmTC_7ddc6.dir/CheckFunctionExists.c.obj -o cmTC_7ddc6.exe -Wl,--out-implib,libcmTC_7ddc6.dll.a -Wl,--major-image-version,0,--minor-image-version,0  -lkernel32 -luser32 -lgdi32 -lwinspool -lshell32 -lole32 -loleaut32 -luuid -lcomdlg32 -ladvapi32 && cd ."
CMakeFiles/cmTC_7ddc6.dir/CheckFunctionExists.c.obj:CheckFunctionExists.c:(.text+0xc): undefined reference to `nl_langinfo'
collect2.exe: error: ld returned 1 exit status
ninja: build stopped: subcommand failed.



Determining if the function openat exists failed with the following output:
Change Dir: C:/Users/rapha/Documents/GitHub/OpenHD-ImageWriter/build-src-Desktop_Qt_5_12_12_MinGW_32_bit-Release/CMakeFiles/CMakeTmp

Run Build Command(s):C:/Qt/Tools/Ninja/ninja.exe cmTC_9cdc5 && [1/2] Building C object CMakeFiles/cmTC_9cdc5.dir/CheckFunctionExists.c.obj
[2/2] Linking C executable cmTC_9cdc5.exe
FAILED: cmTC_9cdc5.exe 
cmd.exe /C "cd . && C:\Qt\Tools\mingw730_32\bin\gcc.exe -Wall -Wformat -Wformat-security -DCHECK_FUNCTION_EXISTS=openat -Wall -Wformat -Wformat-security -fno-builtin  CMakeFiles/cmTC_9cdc5.dir/CheckFunctionExists.c.obj -o cmTC_9cdc5.exe -Wl,--out-implib,libcmTC_9cdc5.dll.a -Wl,--major-image-version,0,--minor-image-version,0  -lkernel32 -luser32 -lgdi32 -lwinspool -lshell32 -lole32 -loleaut32 -luuid -lcomdlg32 -ladvapi32 && cd ."
CMakeFiles/cmTC_9cdc5.dir/CheckFunctionExists.c.obj:CheckFunctionExists.c:(.text+0xc): undefined reference to `openat'
collect2.exe: error: ld returned 1 exit status
ninja: build stopped: subcommand failed.



Determining if the function poll exists failed with the following output:
Change Dir: C:/Users/rapha/Documents/GitHub/OpenHD-ImageWriter/build-src-Desktop_Qt_5_12_12_MinGW_32_bit-Release/CMakeFiles/CMakeTmp

Run Build Command(s):C:/Qt/Tools/Ninja/ninja.exe cmTC_1e3c4 && [1/2] Building C object CMakeFiles/cmTC_1e3c4.dir/CheckFunctionExists.c.obj
[2/2] Linking C executable cmTC_1e3c4.exe
FAILED: cmTC_1e3c4.exe 
cmd.exe /C "cd . && C:\Qt\Tools\mingw730_32\bin\gcc.exe -Wall -Wformat -Wformat-security -DCHECK_FUNCTION_EXISTS=poll -Wall -Wformat -Wformat-security -fno-builtin  CMakeFiles/cmTC_1e3c4.dir/CheckFunctionExists.c.obj -o cmTC_1e3c4.exe -Wl,--out-implib,libcmTC_1e3c4.dll.a -Wl,--major-image-version,0,--minor-image-version,0  -lkernel32 -luser32 -lgdi32 -lwinspool -lshell32 -lole32 -loleaut32 -luuid -lcomdlg32 -ladvapi32 && cd ."
CMakeFiles/cmTC_1e3c4.dir/CheckFunctionExists.c.obj:CheckFunctionExists.c:(.text+0xc): undefined reference to `poll'
collect2.exe: error: ld returned 1 exit status
ninja: build stopped: subcommand failed.



Determining if the function posix_spawnp exists failed with the following output:
Change Dir: C:/Users/rapha/Documents/GitHub/OpenHD-ImageWriter/build-src-Desktop_Qt_5_12_12_MinGW_32_bit-Release/CMakeFiles/CMakeTmp

Run Build Command(s):C:/Qt/Tools/Ninja/ninja.exe cmTC_34b81 && [1/2] Building C object CMakeFiles/cmTC_34b81.dir/CheckFunctionExists.c.obj
[2/2] Linking C executable cmTC_34b81.exe
FAILED: cmTC_34b81.exe 
cmd.exe /C "cd . && C:\Qt\Tools\mingw730_32\bin\gcc.exe -Wall -Wformat -Wformat-security -DCHECK_FUNCTION_EXISTS=posix_spawnp -Wall -Wformat -Wformat-security -fno-builtin  CMakeFiles/cmTC_34b81.dir/CheckFunctionExists.c.obj -o cmTC_34b81.exe -Wl,--out-implib,libcmTC_34b81.dll.a -Wl,--major-image-version,0,--minor-image-version,0  -lkernel32 -luser32 -lgdi32 -lwinspool -lshell32 -lole32 -loleaut32 -luuid -lcomdlg32 -ladvapi32 && cd ."
CMakeFiles/cmTC_34b81.dir/CheckFunctionExists.c.obj:CheckFunctionExists.c:(.text+0xc): undefined reference to `posix_spawnp'
collect2.exe: error: ld returned 1 exit status
ninja: build stopped: subcommand failed.



Determining if the function readlink exists failed with the following output:
Change Dir: C:/Users/rapha/Documents/GitHub/OpenHD-ImageWriter/build-src-Desktop_Qt_5_12_12_MinGW_32_bit-Release/CMakeFiles/CMakeTmp

Run Build Command(s):C:/Qt/Tools/Ninja/ninja.exe cmTC_01e83 && [1/2] Building C object CMakeFiles/cmTC_01e83.dir/CheckFunctionExists.c.obj
[2/2] Linking C executable cmTC_01e83.exe
FAILED: cmTC_01e83.exe 
cmd.exe /C "cd . && C:\Qt\Tools\mingw730_32\bin\gcc.exe -Wall -Wformat -Wformat-security -DCHECK_FUNCTION_EXISTS=readlink -Wall -Wformat -Wformat-security -fno-builtin  CMakeFiles/cmTC_01e83.dir/CheckFunctionExists.c.obj -o cmTC_01e83.exe -Wl,--out-implib,libcmTC_01e83.dll.a -Wl,--major-image-version,0,--minor-image-version,0  -lkernel32 -luser32 -lgdi32 -lwinspool -lshell32 -lole32 -loleaut32 -luuid -lcomdlg32 -ladvapi32 && cd ."
CMakeFiles/cmTC_01e83.dir/CheckFunctionExists.c.obj:CheckFunctionExists.c:(.text+0xc): undefined reference to `readlink'
collect2.exe: error: ld returned 1 exit status
ninja: build stopped: subcommand failed.



Determining if the function readpassphrase exists failed with the following output:
Change Dir: C:/Users/rapha/Documents/GitHub/OpenHD-ImageWriter/build-src-Desktop_Qt_5_12_12_MinGW_32_bit-Release/CMakeFiles/CMakeTmp

Run Build Command(s):C:/Qt/Tools/Ninja/ninja.exe cmTC_86b5a && [1/2] Building C object CMakeFiles/cmTC_86b5a.dir/CheckFunctionExists.c.obj
[2/2] Linking C executable cmTC_86b5a.exe
FAILED: cmTC_86b5a.exe 
cmd.exe /C "cd . && C:\Qt\Tools\mingw730_32\bin\gcc.exe -Wall -Wformat -Wformat-security -DCHECK_FUNCTION_EXISTS=readpassphrase -Wall -Wformat -Wformat-security -fno-builtin  CMakeFiles/cmTC_86b5a.dir/CheckFunctionExists.c.obj -o cmTC_86b5a.exe -Wl,--out-implib,libcmTC_86b5a.dll.a -Wl,--major-image-version,0,--minor-image-version,0  -lkernel32 -luser32 -lgdi32 -lwinspool -lshell32 -lole32 -loleaut32 -luuid -lcomdlg32 -ladvapi32 && cd ."
CMakeFiles/cmTC_86b5a.dir/CheckFunctionExists.c.obj:CheckFunctionExists.c:(.text+0xc): undefined reference to `readpassphrase'
collect2.exe: error: ld returned 1 exit status
ninja: build stopped: subcommand failed.



Determining if the function select exists failed with the following output:
Change Dir: C:/Users/rapha/Documents/GitHub/OpenHD-ImageWriter/build-src-Desktop_Qt_5_12_12_MinGW_32_bit-Release/CMakeFiles/CMakeTmp

Run Build Command(s):C:/Qt/Tools/Ninja/ninja.exe cmTC_54afe && [1/2] Building C object CMakeFiles/cmTC_54afe.dir/CheckFunctionExists.c.obj
[2/2] Linking C executable cmTC_54afe.exe
FAILED: cmTC_54afe.exe 
cmd.exe /C "cd . && C:\Qt\Tools\mingw730_32\bin\gcc.exe -Wall -Wformat -Wformat-security -DCHECK_FUNCTION_EXISTS=select -Wall -Wformat -Wformat-security -fno-builtin  CMakeFiles/cmTC_54afe.dir/CheckFunctionExists.c.obj -o cmTC_54afe.exe -Wl,--out-implib,libcmTC_54afe.dll.a -Wl,--major-image-version,0,--minor-image-version,0  -lkernel32 -luser32 -lgdi32 -lwinspool -lshell32 -lole32 -loleaut32 -luuid -lcomdlg32 -ladvapi32 && cd ."
CMakeFiles/cmTC_54afe.dir/CheckFunctionExists.c.obj:CheckFunctionExists.c:(.text+0xc): undefined reference to `select'
collect2.exe: error: ld returned 1 exit status
ninja: build stopped: subcommand failed.



Determining if the function setenv exists failed with the following output:
Change Dir: C:/Users/rapha/Documents/GitHub/OpenHD-ImageWriter/build-src-Desktop_Qt_5_12_12_MinGW_32_bit-Release/CMakeFiles/CMakeTmp

Run Build Command(s):C:/Qt/Tools/Ninja/ninja.exe cmTC_99257 && [1/2] Building C object CMakeFiles/cmTC_99257.dir/CheckFunctionExists.c.obj
[2/2] Linking C executable cmTC_99257.exe
FAILED: cmTC_99257.exe 
cmd.exe /C "cd . && C:\Qt\Tools\mingw730_32\bin\gcc.exe -Wall -Wformat -Wformat-security -DCHECK_FUNCTION_EXISTS=setenv -Wall -Wformat -Wformat-security -fno-builtin  CMakeFiles/cmTC_99257.dir/CheckFunctionExists.c.obj -o cmTC_99257.exe -Wl,--out-implib,libcmTC_99257.dll.a -Wl,--major-image-version,0,--minor-image-version,0  -lkernel32 -luser32 -lgdi32 -lwinspool -lshell32 -lole32 -loleaut32 -luuid -lcomdlg32 -ladvapi32 && cd ."
CMakeFiles/cmTC_99257.dir/CheckFunctionExists.c.obj:CheckFunctionExists.c:(.text+0xc): undefined reference to `setenv'
collect2.exe: error: ld returned 1 exit status
ninja: build stopped: subcommand failed.



Determining if the function sigaction exists failed with the following output:
Change Dir: C:/Users/rapha/Documents/GitHub/OpenHD-ImageWriter/build-src-Desktop_Qt_5_12_12_MinGW_32_bit-Release/CMakeFiles/CMakeTmp

Run Build Command(s):C:/Qt/Tools/Ninja/ninja.exe cmTC_be284 && [1/2] Building C object CMakeFiles/cmTC_be284.dir/CheckFunctionExists.c.obj
[2/2] Linking C executable cmTC_be284.exe
FAILED: cmTC_be284.exe 
cmd.exe /C "cd . && C:\Qt\Tools\mingw730_32\bin\gcc.exe -Wall -Wformat -Wformat-security -DCHECK_FUNCTION_EXISTS=sigaction -Wall -Wformat -Wformat-security -fno-builtin  CMakeFiles/cmTC_be284.dir/CheckFunctionExists.c.obj -o cmTC_be284.exe -Wl,--out-implib,libcmTC_be284.dll.a -Wl,--major-image-version,0,--minor-image-version,0  -lkernel32 -luser32 -lgdi32 -lwinspool -lshell32 -lole32 -loleaut32 -luuid -lcomdlg32 -ladvapi32 && cd ."
CMakeFiles/cmTC_be284.dir/CheckFunctionExists.c.obj:CheckFunctionExists.c:(.text+0xc): undefined reference to `sigaction'
collect2.exe: error: ld returned 1 exit status
ninja: build stopped: subcommand failed.



Determining if the function statfs exists failed with the following output:
Change Dir: C:/Users/rapha/Documents/GitHub/OpenHD-ImageWriter/build-src-Desktop_Qt_5_12_12_MinGW_32_bit-Release/CMakeFiles/CMakeTmp

Run Build Command(s):C:/Qt/Tools/Ninja/ninja.exe cmTC_19503 && [1/2] Building C object CMakeFiles/cmTC_19503.dir/CheckFunctionExists.c.obj
[2/2] Linking C executable cmTC_19503.exe
FAILED: cmTC_19503.exe 
cmd.exe /C "cd . && C:\Qt\Tools\mingw730_32\bin\gcc.exe -Wall -Wformat -Wformat-security -DCHECK_FUNCTION_EXISTS=statfs -Wall -Wformat -Wformat-security -fno-builtin  CMakeFiles/cmTC_19503.dir/CheckFunctionExists.c.obj -o cmTC_19503.exe -Wl,--out-implib,libcmTC_19503.dll.a -Wl,--major-image-version,0,--minor-image-version,0  -lkernel32 -luser32 -lgdi32 -lwinspool -lshell32 -lole32 -loleaut32 -luuid -lcomdlg32 -ladvapi32 && cd ."
CMakeFiles/cmTC_19503.dir/CheckFunctionExists.c.obj:CheckFunctionExists.c:(.text+0xc): undefined reference to `statfs'
collect2.exe: error: ld returned 1 exit status
ninja: build stopped: subcommand failed.



Determining if the function statvfs exists failed with the following output:
Change Dir: C:/Users/rapha/Documents/GitHub/OpenHD-ImageWriter/build-src-Desktop_Qt_5_12_12_MinGW_32_bit-Release/CMakeFiles/CMakeTmp

Run Build Command(s):C:/Qt/Tools/Ninja/ninja.exe cmTC_b317b && [1/2] Building C object CMakeFiles/cmTC_b317b.dir/CheckFunctionExists.c.obj
[2/2] Linking C executable cmTC_b317b.exe
FAILED: cmTC_b317b.exe 
cmd.exe /C "cd . && C:\Qt\Tools\mingw730_32\bin\gcc.exe -Wall -Wformat -Wformat-security -DCHECK_FUNCTION_EXISTS=statvfs -Wall -Wformat -Wformat-security -fno-builtin  CMakeFiles/cmTC_b317b.dir/CheckFunctionExists.c.obj -o cmTC_b317b.exe -Wl,--out-implib,libcmTC_b317b.dll.a -Wl,--major-image-version,0,--minor-image-version,0  -lkernel32 -luser32 -lgdi32 -lwinspool -lshell32 -lole32 -loleaut32 -luuid -lcomdlg32 -ladvapi32 && cd ."
CMakeFiles/cmTC_b317b.dir/CheckFunctionExists.c.obj:CheckFunctionExists.c:(.text+0xc): undefined reference to `statvfs'
collect2.exe: error: ld returned 1 exit status
ninja: build stopped: subcommand failed.



Determining if the function symlink exists failed with the following output:
Change Dir: C:/Users/rapha/Documents/GitHub/OpenHD-ImageWriter/build-src-Desktop_Qt_5_12_12_MinGW_32_bit-Release/CMakeFiles/CMakeTmp

Run Build Command(s):C:/Qt/Tools/Ninja/ninja.exe cmTC_15390 && [1/2] Building C object CMakeFiles/cmTC_15390.dir/CheckFunctionExists.c.obj
[2/2] Linking C executable cmTC_15390.exe
FAILED: cmTC_15390.exe 
cmd.exe /C "cd . && C:\Qt\Tools\mingw730_32\bin\gcc.exe -Wall -Wformat -Wformat-security -DCHECK_FUNCTION_EXISTS=symlink -Wall -Wformat -Wformat-security -fno-builtin  CMakeFiles/cmTC_15390.dir/CheckFunctionExists.c.obj -o cmTC_15390.exe -Wl,--out-implib,libcmTC_15390.dll.a -Wl,--major-image-version,0,--minor-image-version,0  -lkernel32 -luser32 -lgdi32 -lwinspool -lshell32 -lole32 -loleaut32 -luuid -lcomdlg32 -ladvapi32 && cd ."
CMakeFiles/cmTC_15390.dir/CheckFunctionExists.c.obj:CheckFunctionExists.c:(.text+0xc): undefined reference to `symlink'
collect2.exe: error: ld returned 1 exit status
ninja: build stopped: subcommand failed.



Determining if the function timegm exists failed with the following output:
Change Dir: C:/Users/rapha/Documents/GitHub/OpenHD-ImageWriter/build-src-Desktop_Qt_5_12_12_MinGW_32_bit-Release/CMakeFiles/CMakeTmp

Run Build Command(s):C:/Qt/Tools/Ninja/ninja.exe cmTC_c9559 && [1/2] Building C object CMakeFiles/cmTC_c9559.dir/CheckFunctionExists.c.obj
[2/2] Linking C executable cmTC_c9559.exe
FAILED: cmTC_c9559.exe 
cmd.exe /C "cd . && C:\Qt\Tools\mingw730_32\bin\gcc.exe -Wall -Wformat -Wformat-security -DCHECK_FUNCTION_EXISTS=timegm -Wall -Wformat -Wformat-security -fno-builtin  CMakeFiles/cmTC_c9559.dir/CheckFunctionExists.c.obj -o cmTC_c9559.exe -Wl,--out-implib,libcmTC_c9559.dll.a -Wl,--major-image-version,0,--minor-image-version,0  -lkernel32 -luser32 -lgdi32 -lwinspool -lshell32 -lole32 -loleaut32 -luuid -lcomdlg32 -ladvapi32 && cd ."
CMakeFiles/cmTC_c9559.dir/CheckFunctionExists.c.obj:CheckFunctionExists.c:(.text+0xc): undefined reference to `timegm'
collect2.exe: error: ld returned 1 exit status
ninja: build stopped: subcommand failed.



Determining if the function unlinkat exists failed with the following output:
Change Dir: C:/Users/rapha/Documents/GitHub/OpenHD-ImageWriter/build-src-Desktop_Qt_5_12_12_MinGW_32_bit-Release/CMakeFiles/CMakeTmp

Run Build Command(s):C:/Qt/Tools/Ninja/ninja.exe cmTC_7b577 && [1/2] Building C object CMakeFiles/cmTC_7b577.dir/CheckFunctionExists.c.obj
[2/2] Linking C executable cmTC_7b577.exe
FAILED: cmTC_7b577.exe 
cmd.exe /C "cd . && C:\Qt\Tools\mingw730_32\bin\gcc.exe -Wall -Wformat -Wformat-security -DCHECK_FUNCTION_EXISTS=unlinkat -Wall -Wformat -Wformat-security -fno-builtin  CMakeFiles/cmTC_7b577.dir/CheckFunctionExists.c.obj -o cmTC_7b577.exe -Wl,--out-implib,libcmTC_7b577.dll.a -Wl,--major-image-version,0,--minor-image-version,0  -lkernel32 -luser32 -lgdi32 -lwinspool -lshell32 -lole32 -loleaut32 -luuid -lcomdlg32 -ladvapi32 && cd ."
CMakeFiles/cmTC_7b577.dir/CheckFunctionExists.c.obj:CheckFunctionExists.c:(.text+0xc): undefined reference to `unlinkat'
collect2.exe: error: ld returned 1 exit status
ninja: build stopped: subcommand failed.



Determining if the function unsetenv exists failed with the following output:
Change Dir: C:/Users/rapha/Documents/GitHub/OpenHD-ImageWriter/build-src-Desktop_Qt_5_12_12_MinGW_32_bit-Release/CMakeFiles/CMakeTmp

Run Build Command(s):C:/Qt/Tools/Ninja/ninja.exe cmTC_42574 && [1/2] Building C object CMakeFiles/cmTC_42574.dir/CheckFunctionExists.c.obj
[2/2] Linking C executable cmTC_42574.exe
FAILED: cmTC_42574.exe 
cmd.exe /C "cd . && C:\Qt\Tools\mingw730_32\bin\gcc.exe -Wall -Wformat -Wformat-security -DCHECK_FUNCTION_EXISTS=unsetenv -Wall -Wformat -Wformat-security -fno-builtin  CMakeFiles/cmTC_42574.dir/CheckFunctionExists.c.obj -o cmTC_42574.exe -Wl,--out-implib,libcmTC_42574.dll.a -Wl,--major-image-version,0,--minor-image-version,0  -lkernel32 -luser32 -lgdi32 -lwinspool -lshell32 -lole32 -loleaut32 -luuid -lcomdlg32 -ladvapi32 && cd ."
CMakeFiles/cmTC_42574.dir/CheckFunctionExists.c.obj:CheckFunctionExists.c:(.text+0xc): undefined reference to `unsetenv'
collect2.exe: error: ld returned 1 exit status
ninja: build stopped: subcommand failed.



Determining if the function utimes exists failed with the following output:
Change Dir: C:/Users/rapha/Documents/GitHub/OpenHD-ImageWriter/build-src-Desktop_Qt_5_12_12_MinGW_32_bit-Release/CMakeFiles/CMakeTmp

Run Build Command(s):C:/Qt/Tools/Ninja/ninja.exe cmTC_faa49 && [1/2] Building C object CMakeFiles/cmTC_faa49.dir/CheckFunctionExists.c.obj
[2/2] Linking C executable cmTC_faa49.exe
FAILED: cmTC_faa49.exe 
cmd.exe /C "cd . && C:\Qt\Tools\mingw730_32\bin\gcc.exe -Wall -Wformat -Wformat-security -DCHECK_FUNCTION_EXISTS=utimes -Wall -Wformat -Wformat-security -fno-builtin  CMakeFiles/cmTC_faa49.dir/CheckFunctionExists.c.obj -o cmTC_faa49.exe -Wl,--out-implib,libcmTC_faa49.dll.a -Wl,--major-image-version,0,--minor-image-version,0  -lkernel32 -luser32 -lgdi32 -lwinspool -lshell32 -lole32 -loleaut32 -luuid -lcomdlg32 -ladvapi32 && cd ."
CMakeFiles/cmTC_faa49.dir/CheckFunctionExists.c.obj:CheckFunctionExists.c:(.text+0xc): undefined reference to `utimes'
collect2.exe: error: ld returned 1 exit status
ninja: build stopped: subcommand failed.



Determining if the function utimensat exists failed with the following output:
Change Dir: C:/Users/rapha/Documents/GitHub/OpenHD-ImageWriter/build-src-Desktop_Qt_5_12_12_MinGW_32_bit-Release/CMakeFiles/CMakeTmp

Run Build Command(s):C:/Qt/Tools/Ninja/ninja.exe cmTC_71eb4 && [1/2] Building C object CMakeFiles/cmTC_71eb4.dir/CheckFunctionExists.c.obj
[2/2] Linking C executable cmTC_71eb4.exe
FAILED: cmTC_71eb4.exe 
cmd.exe /C "cd . && C:\Qt\Tools\mingw730_32\bin\gcc.exe -Wall -Wformat -Wformat-security -DCHECK_FUNCTION_EXISTS=utimensat -Wall -Wformat -Wformat-security -fno-builtin  CMakeFiles/cmTC_71eb4.dir/CheckFunctionExists.c.obj -o cmTC_71eb4.exe -Wl,--out-implib,libcmTC_71eb4.dll.a -Wl,--major-image-version,0,--minor-image-version,0  -lkernel32 -luser32 -lgdi32 -lwinspool -lshell32 -lole32 -loleaut32 -luuid -lcomdlg32 -ladvapi32 && cd ."
CMakeFiles/cmTC_71eb4.dir/CheckFunctionExists.c.obj:CheckFunctionExists.c:(.text+0xc): undefined reference to `utimensat'
collect2.exe: error: ld returned 1 exit status
ninja: build stopped: subcommand failed.



Determining if the function vfork exists failed with the following output:
Change Dir: C:/Users/rapha/Documents/GitHub/OpenHD-ImageWriter/build-src-Desktop_Qt_5_12_12_MinGW_32_bit-Release/CMakeFiles/CMakeTmp

Run Build Command(s):C:/Qt/Tools/Ninja/ninja.exe cmTC_9338a && [1/2] Building C object CMakeFiles/cmTC_9338a.dir/CheckFunctionExists.c.obj
[2/2] Linking C executable cmTC_9338a.exe
FAILED: cmTC_9338a.exe 
cmd.exe /C "cd . && C:\Qt\Tools\mingw730_32\bin\gcc.exe -Wall -Wformat -Wformat-security -DCHECK_FUNCTION_EXISTS=vfork -Wall -Wformat -Wformat-security -fno-builtin  CMakeFiles/cmTC_9338a.dir/CheckFunctionExists.c.obj -o cmTC_9338a.exe -Wl,--out-implib,libcmTC_9338a.dll.a -Wl,--major-image-version,0,--minor-image-version,0  -lkernel32 -luser32 -lgdi32 -lwinspool -lshell32 -lole32 -loleaut32 -luuid -lcomdlg32 -ladvapi32 && cd ."
CMakeFiles/cmTC_9338a.dir/CheckFunctionExists.c.obj:CheckFunctionExists.c:(.text+0xc): undefined reference to `vfork'
collect2.exe: error: ld returned 1 exit status
ninja: build stopped: subcommand failed.



Determining if the function _get_timezone exists failed with the following output:
Change Dir: C:/Users/rapha/Documents/GitHub/OpenHD-ImageWriter/build-src-Desktop_Qt_5_12_12_MinGW_32_bit-Release/CMakeFiles/CMakeTmp

Run Build Command(s):C:/Qt/Tools/Ninja/ninja.exe cmTC_18e88 && [1/2] Building C object CMakeFiles/cmTC_18e88.dir/CheckFunctionExists.c.obj
[2/2] Linking C executable cmTC_18e88.exe
FAILED: cmTC_18e88.exe 
cmd.exe /C "cd . && C:\Qt\Tools\mingw730_32\bin\gcc.exe -Wall -Wformat -Wformat-security -DCHECK_FUNCTION_EXISTS=_get_timezone -Wall -Wformat -Wformat-security -fno-builtin  CMakeFiles/cmTC_18e88.dir/CheckFunctionExists.c.obj -o cmTC_18e88.exe -Wl,--out-implib,libcmTC_18e88.dll.a -Wl,--major-image-version,0,--minor-image-version,0  -lkernel32 -luser32 -lgdi32 -lwinspool -lshell32 -lole32 -loleaut32 -luuid -lcomdlg32 -ladvapi32 && cd ."
CMakeFiles/cmTC_18e88.dir/CheckFunctionExists.c.obj:CheckFunctionExists.c:(.text+0xc): undefined reference to `_get_timezone'
collect2.exe: error: ld returned 1 exit status
ninja: build stopped: subcommand failed.



Determining if the function _mkgmtime64 exists failed with the following output:
Change Dir: C:/Users/rapha/Documents/GitHub/OpenHD-ImageWriter/build-src-Desktop_Qt_5_12_12_MinGW_32_bit-Release/CMakeFiles/CMakeTmp

Run Build Command(s):C:/Qt/Tools/Ninja/ninja.exe cmTC_2a13a && [1/2] Building C object CMakeFiles/cmTC_2a13a.dir/CheckFunctionExists.c.obj
[2/2] Linking C executable cmTC_2a13a.exe
FAILED: cmTC_2a13a.exe 
cmd.exe /C "cd . && C:\Qt\Tools\mingw730_32\bin\gcc.exe -Wall -Wformat -Wformat-security -DCHECK_FUNCTION_EXISTS=_mkgmtime64 -Wall -Wformat -Wformat-security -fno-builtin  CMakeFiles/cmTC_2a13a.dir/CheckFunctionExists.c.obj -o cmTC_2a13a.exe -Wl,--out-implib,libcmTC_2a13a.dll.a -Wl,--major-image-version,0,--minor-image-version,0  -lkernel32 -luser32 -lgdi32 -lwinspool -lshell32 -lole32 -loleaut32 -luuid -lcomdlg32 -ladvapi32 && cd ."
CMakeFiles/cmTC_2a13a.dir/CheckFunctionExists.c.obj:CheckFunctionExists.c:(.text+0xc): undefined reference to `_mkgmtime64'
collect2.exe: error: ld returned 1 exit status
ninja: build stopped: subcommand failed.



Determining if the function cygwin_conv_path exists failed with the following output:
Change Dir: C:/Users/rapha/Documents/GitHub/OpenHD-ImageWriter/build-src-Desktop_Qt_5_12_12_MinGW_32_bit-Release/CMakeFiles/CMakeTmp

Run Build Command(s):C:/Qt/Tools/Ninja/ninja.exe cmTC_7e2a2 && [1/2] Building C object CMakeFiles/cmTC_7e2a2.dir/CheckFunctionExists.c.obj
[2/2] Linking C executable cmTC_7e2a2.exe
FAILED: cmTC_7e2a2.exe 
cmd.exe /C "cd . && C:\Qt\Tools\mingw730_32\bin\gcc.exe -Wall -Wformat -Wformat-security -DCHECK_FUNCTION_EXISTS=cygwin_conv_path -Wall -Wformat -Wformat-security -fno-builtin  CMakeFiles/cmTC_7e2a2.dir/CheckFunctionExists.c.obj -o cmTC_7e2a2.exe -Wl,--out-implib,libcmTC_7e2a2.dll.a -Wl,--major-image-version,0,--minor-image-version,0  -lkernel32 -luser32 -lgdi32 -lwinspool -lshell32 -lole32 -loleaut32 -luuid -lcomdlg32 -ladvapi32 && cd ."
CMakeFiles/cmTC_7e2a2.dir/CheckFunctionExists.c.obj:CheckFunctionExists.c:(.text+0xc): undefined reference to `cygwin_conv_path'
collect2.exe: error: ld returned 1 exit status
ninja: build stopped: subcommand failed.



Performing C SOURCE FILE Test HAVE_STRUCT_VFSCONF failed with the following output:
Change Dir: C:/Users/rapha/Documents/GitHub/OpenHD-ImageWriter/build-src-Desktop_Qt_5_12_12_MinGW_32_bit-Release/CMakeFiles/CMakeTmp

Run Build Command(s):C:/Qt/Tools/Ninja/ninja.exe cmTC_3332e && [1/2] Building C object CMakeFiles/cmTC_3332e.dir/src.c.obj
FAILED: CMakeFiles/cmTC_3332e.dir/src.c.obj 
C:\Qt\Tools\mingw730_32\bin\gcc.exe -DHAVE_STRUCT_VFSCONF  -Wall -Wformat -Wformat-security -Wall -Wformat -Wformat-security -o CMakeFiles/cmTC_3332e.dir/src.c.obj -c C:/Users/rapha/Documents/GitHub/OpenHD-ImageWriter/build-src-Desktop_Qt_5_12_12_MinGW_32_bit-Release/CMakeFiles/CMakeTmp/src.c
C:/Users/rapha/Documents/GitHub/OpenHD-ImageWriter/build-src-Desktop_Qt_5_12_12_MinGW_32_bit-Release/CMakeFiles/CMakeTmp/src.c:2:10: fatal error: sys/mount.h: No such file or directory
 #include <sys/mount.h>
          ^~~~~~~~~~~~~
compilation terminated.
ninja: build stopped: subcommand failed.


Source file was:
#include <sys/types.h>
#include <sys/mount.h>
int main(void) { struct vfsconf v; return sizeof(v);}
Performing C SOURCE FILE Test HAVE_STRUCT_XVFSCONF failed with the following output:
Change Dir: C:/Users/rapha/Documents/GitHub/OpenHD-ImageWriter/build-src-Desktop_Qt_5_12_12_MinGW_32_bit-Release/CMakeFiles/CMakeTmp

Run Build Command(s):C:/Qt/Tools/Ninja/ninja.exe cmTC_bd6e5 && [1/2] Building C object CMakeFiles/cmTC_bd6e5.dir/src.c.obj
FAILED: CMakeFiles/cmTC_bd6e5.dir/src.c.obj 
C:\Qt\Tools\mingw730_32\bin\gcc.exe -DHAVE_STRUCT_XVFSCONF  -Wall -Wformat -Wformat-security -Wall -Wformat -Wformat-security -o CMakeFiles/cmTC_bd6e5.dir/src.c.obj -c C:/Users/rapha/Documents/GitHub/OpenHD-ImageWriter/build-src-Desktop_Qt_5_12_12_MinGW_32_bit-Release/CMakeFiles/CMakeTmp/src.c
C:/Users/rapha/Documents/GitHub/OpenHD-ImageWriter/build-src-Desktop_Qt_5_12_12_MinGW_32_bit-Release/CMakeFiles/CMakeTmp/src.c:2:10: fatal error: sys/mount.h: No such file or directory
 #include <sys/mount.h>
          ^~~~~~~~~~~~~
compilation terminated.
ninja: build stopped: subcommand failed.


Source file was:
#include <sys/types.h>
#include <sys/mount.h>
int main(void) { struct xvfsconf v; return sizeof(v);}
Performing C SOURCE FILE Test HAVE_STRUCT_STATFS failed with the following output:
Change Dir: C:/Users/rapha/Documents/GitHub/OpenHD-ImageWriter/build-src-Desktop_Qt_5_12_12_MinGW_32_bit-Release/CMakeFiles/CMakeTmp

Run Build Command(s):C:/Qt/Tools/Ninja/ninja.exe cmTC_ffbe6 && [1/2] Building C object CMakeFiles/cmTC_ffbe6.dir/src.c.obj
FAILED: CMakeFiles/cmTC_ffbe6.dir/src.c.obj 
C:\Qt\Tools\mingw730_32\bin\gcc.exe -DHAVE_STRUCT_STATFS  -Wall -Wformat -Wformat-security -Wall -Wformat -Wformat-security -o CMakeFiles/cmTC_ffbe6.dir/src.c.obj -c C:/Users/rapha/Documents/GitHub/OpenHD-ImageWriter/build-src-Desktop_Qt_5_12_12_MinGW_32_bit-Release/CMakeFiles/CMakeTmp/src.c
C:/Users/rapha/Documents/GitHub/OpenHD-ImageWriter/build-src-Desktop_Qt_5_12_12_MinGW_32_bit-Release/CMakeFiles/CMakeTmp/src.c:2:10: fatal error: sys/mount.h: No such file or directory
 #include <sys/mount.h>
          ^~~~~~~~~~~~~
compilation terminated.
ninja: build stopped: subcommand failed.


Source file was:
#include <sys/types.h>
#include <sys/mount.h>
int main(void) { struct statfs s; return sizeof(s);}
Performing C SOURCE FILE Test HAVE_READDIR_R failed with the following output:
Change Dir: C:/Users/rapha/Documents/GitHub/OpenHD-ImageWriter/build-src-Desktop_Qt_5_12_12_MinGW_32_bit-Release/CMakeFiles/CMakeTmp

Run Build Command(s):C:/Qt/Tools/Ninja/ninja.exe cmTC_efe7c && [1/2] Building C object CMakeFiles/cmTC_efe7c.dir/src.c.obj
C:/Users/rapha/Documents/GitHub/OpenHD-ImageWriter/build-src-Desktop_Qt_5_12_12_MinGW_32_bit-Release/CMakeFiles/CMakeTmp/src.c: In function 'main':
C:/Users/rapha/Documents/GitHub/OpenHD-ImageWriter/build-src-Desktop_Qt_5_12_12_MinGW_32_bit-Release/CMakeFiles/CMakeTmp/src.c:2:63: warning: implicit declaration of function 'readdir_r'; did you mean 'readdir'? [-Wimplicit-function-declaration]
 int main() {DIR *d = opendir("."); struct dirent e,*r; return readdir_r(d,&e,&r);}
                                                               ^~~~~~~~~
                                                               readdir
[2/2] Linking C executable cmTC_efe7c.exe
FAILED: cmTC_efe7c.exe 
cmd.exe /C "cd . && C:\Qt\Tools\mingw730_32\bin\gcc.exe -Wall -Wformat -Wformat-security -Wall -Wformat -Wformat-security  CMakeFiles/cmTC_efe7c.dir/src.c.obj -o cmTC_efe7c.exe -Wl,--out-implib,libcmTC_efe7c.dll.a -Wl,--major-image-version,0,--minor-image-version,0  -lkernel32 -luser32 -lgdi32 -lwinspool -lshell32 -lole32 -loleaut32 -luuid -lcomdlg32 -ladvapi32 && cd ."
CMakeFiles/cmTC_efe7c.dir/src.c.obj:src.c:(.text+0x3f): undefined reference to `readdir_r'
collect2.exe: error: ld returned 1 exit status
ninja: build stopped: subcommand failed.


Source file was:
#include <dirent.h>
int main() {DIR *d = opendir("."); struct dirent e,*r; return readdir_r(d,&e,&r);}
Performing C SOURCE FILE Test HAVE_DIRFD failed with the following output:
Change Dir: C:/Users/rapha/Documents/GitHub/OpenHD-ImageWriter/build-src-Desktop_Qt_5_12_12_MinGW_32_bit-Release/CMakeFiles/CMakeTmp

Run Build Command(s):C:/Qt/Tools/Ninja/ninja.exe cmTC_44579 && [1/2] Building C object CMakeFiles/cmTC_44579.dir/src.c.obj
C:/Users/rapha/Documents/GitHub/OpenHD-ImageWriter/build-src-Desktop_Qt_5_12_12_MinGW_32_bit-Release/CMakeFiles/CMakeTmp/src.c: In function 'main':
C:/Users/rapha/Documents/GitHub/OpenHD-ImageWriter/build-src-Desktop_Qt_5_12_12_MinGW_32_bit-Release/CMakeFiles/CMakeTmp/src.c:2:43: warning: implicit declaration of function 'dirfd' [-Wimplicit-function-declaration]
 int main() {DIR *d = opendir("."); return dirfd(d);}
                                           ^~~~~
[2/2] Linking C executable cmTC_44579.exe
FAILED: cmTC_44579.exe 
cmd.exe /C "cd . && C:\Qt\Tools\mingw730_32\bin\gcc.exe -Wall -Wformat -Wformat-security -Wall -Wformat -Wformat-security  CMakeFiles/cmTC_44579.dir/src.c.obj -o cmTC_44579.exe -Wl,--out-implib,libcmTC_44579.dll.a -Wl,--major-image-version,0,--minor-image-version,0  -lkernel32 -luser32 -lgdi32 -lwinspool -lshell32 -lole32 -loleaut32 -luuid -lcomdlg32 -ladvapi32 && cd ."
CMakeFiles/cmTC_44579.dir/src.c.obj:src.c:(.text+0x26): undefined reference to `dirfd'
collect2.exe: error: ld returned 1 exit status
ninja: build stopped: subcommand failed.


Source file was:
#include <dirent.h>
int main() {DIR *d = opendir("."); return dirfd(d);}
Performing C SOURCE FILE Test HAVE_READLINKAT failed with the following output:
Change Dir: C:/Users/rapha/Documents/GitHub/OpenHD-ImageWriter/build-src-Desktop_Qt_5_12_12_MinGW_32_bit-Release/CMakeFiles/CMakeTmp

Run Build Command(s):C:/Qt/Tools/Ninja/ninja.exe cmTC_dbb49 && [1/2] Building C object CMakeFiles/cmTC_dbb49.dir/src.c.obj
FAILED: CMakeFiles/cmTC_dbb49.dir/src.c.obj 
C:\Qt\Tools\mingw730_32\bin\gcc.exe -DHAVE_READLINKAT  -Wall -Wformat -Wformat-security -Wall -Wformat -Wformat-security -o CMakeFiles/cmTC_dbb49.dir/src.c.obj -c C:/Users/rapha/Documents/GitHub/OpenHD-ImageWriter/build-src-Desktop_Qt_5_12_12_MinGW_32_bit-Release/CMakeFiles/CMakeTmp/src.c
C:/Users/rapha/Documents/GitHub/OpenHD-ImageWriter/build-src-Desktop_Qt_5_12_12_MinGW_32_bit-Release/CMakeFiles/CMakeTmp/src.c: In function 'main':
C:/Users/rapha/Documents/GitHub/OpenHD-ImageWriter/build-src-Desktop_Qt_5_12_12_MinGW_32_bit-Release/CMakeFiles/CMakeTmp/src.c:3:34: warning: implicit declaration of function 'readlinkat' [-Wimplicit-function-declaration]
 int main() {char buf[10]; return readlinkat(AT_FDCWD, "", buf, 0);}
                                  ^~~~~~~~~~
C:/Users/rapha/Documents/GitHub/OpenHD-ImageWriter/build-src-Desktop_Qt_5_12_12_MinGW_32_bit-Release/CMakeFiles/CMakeTmp/src.c:3:45: error: 'AT_FDCWD' undeclared (first use in this function)
 int main() {char buf[10]; return readlinkat(AT_FDCWD, "", buf, 0);}
                                             ^~~~~~~~
C:/Users/rapha/Documents/GitHub/OpenHD-ImageWriter/build-src-Desktop_Qt_5_12_12_MinGW_32_bit-Release/CMakeFiles/CMakeTmp/src.c:3:45: note: each undeclared identifier is reported only once for each function it appears in
ninja: build stopped: subcommand failed.


Source file was:
#include <fcntl.h>
#include <unistd.h>
int main() {char buf[10]; return readlinkat(AT_FDCWD, "", buf, 0);}
Performing C SOURCE FILE Test MAJOR_IN_MKDEV failed with the following output:
Change Dir: C:/Users/rapha/Documents/GitHub/OpenHD-ImageWriter/build-src-Desktop_Qt_5_12_12_MinGW_32_bit-Release/CMakeFiles/CMakeTmp

Run Build Command(s):C:/Qt/Tools/Ninja/ninja.exe cmTC_9d8d5 && [1/2] Building C object CMakeFiles/cmTC_9d8d5.dir/src.c.obj
FAILED: CMakeFiles/cmTC_9d8d5.dir/src.c.obj 
C:\Qt\Tools\mingw730_32\bin\gcc.exe -DMAJOR_IN_MKDEV  -Wall -Wformat -Wformat-security -Wall -Wformat -Wformat-security -o CMakeFiles/cmTC_9d8d5.dir/src.c.obj -c C:/Users/rapha/Documents/GitHub/OpenHD-ImageWriter/build-src-Desktop_Qt_5_12_12_MinGW_32_bit-Release/CMakeFiles/CMakeTmp/src.c
C:/Users/rapha/Documents/GitHub/OpenHD-ImageWriter/build-src-Desktop_Qt_5_12_12_MinGW_32_bit-Release/CMakeFiles/CMakeTmp/src.c:1:10: fatal error: sys/mkdev.h: No such file or directory
 #include <sys/mkdev.h>
          ^~~~~~~~~~~~~
compilation terminated.
ninja: build stopped: subcommand failed.


Source file was:
#include <sys/mkdev.h>
int main() { return major(256); }
Performing C SOURCE FILE Test MAJOR_IN_SYSMACROS failed with the following output:
Change Dir: C:/Users/rapha/Documents/GitHub/OpenHD-ImageWriter/build-src-Desktop_Qt_5_12_12_MinGW_32_bit-Release/CMakeFiles/CMakeTmp

Run Build Command(s):C:/Qt/Tools/Ninja/ninja.exe cmTC_7496d && [1/2] Building C object CMakeFiles/cmTC_7496d.dir/src.c.obj
FAILED: CMakeFiles/cmTC_7496d.dir/src.c.obj 
C:\Qt\Tools\mingw730_32\bin\gcc.exe -DMAJOR_IN_SYSMACROS  -Wall -Wformat -Wformat-security -Wall -Wformat -Wformat-security -o CMakeFiles/cmTC_7496d.dir/src.c.obj -c C:/Users/rapha/Documents/GitHub/OpenHD-ImageWriter/build-src-Desktop_Qt_5_12_12_MinGW_32_bit-Release/CMakeFiles/CMakeTmp/src.c
C:/Users/rapha/Documents/GitHub/OpenHD-ImageWriter/build-src-Desktop_Qt_5_12_12_MinGW_32_bit-Release/CMakeFiles/CMakeTmp/src.c:1:10: fatal error: sys/sysmacros.h: No such file or directory
 #include <sys/sysmacros.h>
          ^~~~~~~~~~~~~~~~~
compilation terminated.
ninja: build stopped: subcommand failed.


Source file was:
#include <sys/sysmacros.h>
int main() { return major(256); }
Performing C SOURCE FILE Test HAVE_LZMA_STREAM_ENCODER_MT failed with the following output:
Change Dir: C:/Users/rapha/Documents/GitHub/OpenHD-ImageWriter/build-src-Desktop_Qt_5_12_12_MinGW_32_bit-Release/CMakeFiles/CMakeTmp

Run Build Command(s):C:/Qt/Tools/Ninja/ninja.exe cmTC_cbca2 && [1/2] Building C object CMakeFiles/cmTC_cbca2.dir/src.c.obj
FAILED: CMakeFiles/cmTC_cbca2.dir/src.c.obj 
C:\Qt\Tools\mingw730_32\bin\gcc.exe -DHAVE_LZMA_STREAM_ENCODER_MT  -Wall -Wformat -Wformat-security -Wall -Wformat -Wformat-security -o CMakeFiles/cmTC_cbca2.dir/src.c.obj -c C:/Users/rapha/Documents/GitHub/OpenHD-ImageWriter/build-src-Desktop_Qt_5_12_12_MinGW_32_bit-Release/CMakeFiles/CMakeTmp/src.c
C:/Users/rapha/Documents/GitHub/OpenHD-ImageWriter/build-src-Desktop_Qt_5_12_12_MinGW_32_bit-Release/CMakeFiles/CMakeTmp/src.c:1:10: fatal error: lzma.h: No such file or directory
 #include <lzma.h>
          ^~~~~~~~
compilation terminated.
ninja: build stopped: subcommand failed.


Source file was:
#include <lzma.h>
#if LZMA_VERSION < 50020000
#error unsupported
#endif
int main(void){lzma_stream_encoder_mt(0, 0); return 0;}
Determining if the EFTYPE exist failed with the following output:
Change Dir: C:/Users/rapha/Documents/GitHub/OpenHD-ImageWriter/build-src-Desktop_Qt_5_12_12_MinGW_32_bit-Release/CMakeFiles/CMakeTmp

Run Build Command(s):C:/Qt/Tools/Ninja/ninja.exe cmTC_e073e && [1/2] Building C object CMakeFiles/cmTC_e073e.dir/CheckSymbolExists.c.obj
FAILED: CMakeFiles/cmTC_e073e.dir/CheckSymbolExists.c.obj 
C:\Qt\Tools\mingw730_32\bin\gcc.exe   -Wall -Wformat -Wformat-security -Wall -Wformat -Wformat-security -o CMakeFiles/cmTC_e073e.dir/CheckSymbolExists.c.obj -c C:/Users/rapha/Documents/GitHub/OpenHD-ImageWriter/build-src-Desktop_Qt_5_12_12_MinGW_32_bit-Release/CMakeFiles/CMakeTmp/CheckSymbolExists.c
C:/Users/rapha/Documents/GitHub/OpenHD-ImageWriter/build-src-Desktop_Qt_5_12_12_MinGW_32_bit-Release/CMakeFiles/CMakeTmp/CheckSymbolExists.c: In function 'main':
C:/Users/rapha/Documents/GitHub/OpenHD-ImageWriter/build-src-Desktop_Qt_5_12_12_MinGW_32_bit-Release/CMakeFiles/CMakeTmp/CheckSymbolExists.c:8:19: error: 'EFTYPE' undeclared (first use in this function); did you mean 'ESPIPE'?
   return ((int*)(&EFTYPE))[argc];
                   ^~~~~~
                   ESPIPE
C:/Users/rapha/Documents/GitHub/OpenHD-ImageWriter/build-src-Desktop_Qt_5_12_12_MinGW_32_bit-Release/CMakeFiles/CMakeTmp/CheckSymbolExists.c:8:19: note: each undeclared identifier is reported only once for each function it appears in
ninja: build stopped: subcommand failed.


File C:/Users/rapha/Documents/GitHub/OpenHD-ImageWriter/build-src-Desktop_Qt_5_12_12_MinGW_32_bit-Release/CMakeFiles/CMakeTmp/CheckSymbolExists.c:
/* */
#include <errno.h>

int main(int argc, char** argv)
{
  (void)argv;
#ifndef EFTYPE
  return ((int*)(&EFTYPE))[argc];
#else
  (void)argc;
  return 0;
#endif
}
Determining if the D_MD_ORDER exist failed with the following output:
Change Dir: C:/Users/rapha/Documents/GitHub/OpenHD-ImageWriter/build-src-Desktop_Qt_5_12_12_MinGW_32_bit-Release/CMakeFiles/CMakeTmp

Run Build Command(s):C:/Qt/Tools/Ninja/ninja.exe cmTC_06ba9 && [1/2] Building C object CMakeFiles/cmTC_06ba9.dir/CheckSymbolExists.c.obj
FAILED: CMakeFiles/cmTC_06ba9.dir/CheckSymbolExists.c.obj 
C:\Qt\Tools\mingw730_32\bin\gcc.exe   -Wall -Wformat -Wformat-security -Wall -Wformat -Wformat-security -o CMakeFiles/cmTC_06ba9.dir/CheckSymbolExists.c.obj -c C:/Users/rapha/Documents/GitHub/OpenHD-ImageWriter/build-src-Desktop_Qt_5_12_12_MinGW_32_bit-Release/CMakeFiles/CMakeTmp/CheckSymbolExists.c
C:/Users/rapha/Documents/GitHub/OpenHD-ImageWriter/build-src-Desktop_Qt_5_12_12_MinGW_32_bit-Release/CMakeFiles/CMakeTmp/CheckSymbolExists.c:2:10: fatal error: langinfo.h: No such file or directory
 #include <langinfo.h>
          ^~~~~~~~~~~~
compilation terminated.
ninja: build stopped: subcommand failed.


File C:/Users/rapha/Documents/GitHub/OpenHD-ImageWriter/build-src-Desktop_Qt_5_12_12_MinGW_32_bit-Release/CMakeFiles/CMakeTmp/CheckSymbolExists.c:
/* */
#include <langinfo.h>

int main(int argc, char** argv)
{
  (void)argv;
#ifndef D_MD_ORDER
  return ((int*)(&D_MD_ORDER))[argc];
#else
  (void)argc;
  return 0;
#endif
}
Performing C SOURCE FILE Test HAVE_STRUCT_TM_TM_GMTOFF failed with the following output:
Change Dir: C:/Users/rapha/Documents/GitHub/OpenHD-ImageWriter/build-src-Desktop_Qt_5_12_12_MinGW_32_bit-Release/CMakeFiles/CMakeTmp

Run Build Command(s):C:/Qt/Tools/Ninja/ninja.exe cmTC_67bd6 && [1/2] Building C object CMakeFiles/cmTC_67bd6.dir/src.c.obj
FAILED: CMakeFiles/cmTC_67bd6.dir/src.c.obj 
C:\Qt\Tools\mingw730_32\bin\gcc.exe -DHAVE_STRUCT_TM_TM_GMTOFF  -Wall -Wformat -Wformat-security -Wall -Wformat -Wformat-security -o CMakeFiles/cmTC_67bd6.dir/src.c.obj -c C:/Users/rapha/Documents/GitHub/OpenHD-ImageWriter/build-src-Desktop_Qt_5_12_12_MinGW_32_bit-Release/CMakeFiles/CMakeTmp/src.c
C:/Users/rapha/Documents/GitHub/OpenHD-ImageWriter/build-src-Desktop_Qt_5_12_12_MinGW_32_bit-Release/CMakeFiles/CMakeTmp/src.c: In function 'main':
C:/Users/rapha/Documents/GitHub/OpenHD-ImageWriter/build-src-Desktop_Qt_5_12_12_MinGW_32_bit-Release/CMakeFiles/CMakeTmp/src.c:6:34: error: 'struct tm' has no member named 'tm_gmtoff'; did you mean 'tm_mon'?
   (void)sizeof(((struct tm *)0)->tm_gmtoff);
                                  ^~~~~~~~~
                                  tm_mon
ninja: build stopped: subcommand failed.


Source file was:

#include <time.h>

int main()
{
  (void)sizeof(((struct tm *)0)->tm_gmtoff);
  return 0;
}

Performing C SOURCE FILE Test HAVE_STRUCT_TM___TM_GMTOFF failed with the following output:
Change Dir: C:/Users/rapha/Documents/GitHub/OpenHD-ImageWriter/build-src-Desktop_Qt_5_12_12_MinGW_32_bit-Release/CMakeFiles/CMakeTmp

Run Build Command(s):C:/Qt/Tools/Ninja/ninja.exe cmTC_da8bb && [1/2] Building C object CMakeFiles/cmTC_da8bb.dir/src.c.obj
FAILED: CMakeFiles/cmTC_da8bb.dir/src.c.obj 
C:\Qt\Tools\mingw730_32\bin\gcc.exe -DHAVE_STRUCT_TM___TM_GMTOFF  -Wall -Wformat -Wformat-security -Wall -Wformat -Wformat-security -o CMakeFiles/cmTC_da8bb.dir/src.c.obj -c C:/Users/rapha/Documents/GitHub/OpenHD-ImageWriter/build-src-Desktop_Qt_5_12_12_MinGW_32_bit-Release/CMakeFiles/CMakeTmp/src.c
C:/Users/rapha/Documents/GitHub/OpenHD-ImageWriter/build-src-Desktop_Qt_5_12_12_MinGW_32_bit-Release/CMakeFiles/CMakeTmp/src.c: In function 'main':
C:/Users/rapha/Documents/GitHub/OpenHD-ImageWriter/build-src-Desktop_Qt_5_12_12_MinGW_32_bit-Release/CMakeFiles/CMakeTmp/src.c:6:32: error: 'struct tm' has no member named '__tm_gmtoff'
   (void)sizeof(((struct tm *)0)->__tm_gmtoff);
                                ^~
ninja: build stopped: subcommand failed.


Source file was:

#include <time.h>

int main()
{
  (void)sizeof(((struct tm *)0)->__tm_gmtoff);
  return 0;
}

Performing C SOURCE FILE Test HAVE_STRUCT_STAT_ST_BIRTHTIME failed with the following output:
Change Dir: C:/Users/rapha/Documents/GitHub/OpenHD-ImageWriter/build-src-Desktop_Qt_5_12_12_MinGW_32_bit-Release/CMakeFiles/CMakeTmp

Run Build Command(s):C:/Qt/Tools/Ninja/ninja.exe cmTC_dd49f && [1/2] Building C object CMakeFiles/cmTC_dd49f.dir/src.c.obj
FAILED: CMakeFiles/cmTC_dd49f.dir/src.c.obj 
C:\Qt\Tools\mingw730_32\bin\gcc.exe -DHAVE_STRUCT_STAT_ST_BIRTHTIME  -Wall -Wformat -Wformat-security -Wall -Wformat -Wformat-security -o CMakeFiles/cmTC_dd49f.dir/src.c.obj -c C:/Users/rapha/Documents/GitHub/OpenHD-ImageWriter/build-src-Desktop_Qt_5_12_12_MinGW_32_bit-Release/CMakeFiles/CMakeTmp/src.c
C:/Users/rapha/Documents/GitHub/OpenHD-ImageWriter/build-src-Desktop_Qt_5_12_12_MinGW_32_bit-Release/CMakeFiles/CMakeTmp/src.c: In function 'main':
C:/Users/rapha/Documents/GitHub/OpenHD-ImageWriter/build-src-Desktop_Qt_5_12_12_MinGW_32_bit-Release/CMakeFiles/CMakeTmp/src.c:7:36: error: 'struct stat' has no member named 'st_birthtime'; did you mean 'st_atime'?
   (void)sizeof(((struct stat *)0)->st_birthtime);
                                    ^~~~~~~~~~~~
                                    st_atime
ninja: build stopped: subcommand failed.


Source file was:

#include <sys/types.h>
#include <sys/stat.h>

int main()
{
  (void)sizeof(((struct stat *)0)->st_birthtime);
  return 0;
}

Performing C SOURCE FILE Test HAVE_STRUCT_STAT_ST_BIRTHTIMESPEC_TV_NSEC failed with the following output:
Change Dir: C:/Users/rapha/Documents/GitHub/OpenHD-ImageWriter/build-src-Desktop_Qt_5_12_12_MinGW_32_bit-Release/CMakeFiles/CMakeTmp

Run Build Command(s):C:/Qt/Tools/Ninja/ninja.exe cmTC_0972a && [1/2] Building C object CMakeFiles/cmTC_0972a.dir/src.c.obj
FAILED: CMakeFiles/cmTC_0972a.dir/src.c.obj 
C:\Qt\Tools\mingw730_32\bin\gcc.exe -DHAVE_STRUCT_STAT_ST_BIRTHTIMESPEC_TV_NSEC  -Wall -Wformat -Wformat-security -Wall -Wformat -Wformat-security -o CMakeFiles/cmTC_0972a.dir/src.c.obj -c C:/Users/rapha/Documents/GitHub/OpenHD-ImageWriter/build-src-Desktop_Qt_5_12_12_MinGW_32_bit-Release/CMakeFiles/CMakeTmp/src.c
C:/Users/rapha/Documents/GitHub/OpenHD-ImageWriter/build-src-Desktop_Qt_5_12_12_MinGW_32_bit-Release/CMakeFiles/CMakeTmp/src.c: In function 'main':
C:/Users/rapha/Documents/GitHub/OpenHD-ImageWriter/build-src-Desktop_Qt_5_12_12_MinGW_32_bit-Release/CMakeFiles/CMakeTmp/src.c:7:34: error: 'struct stat' has no member named 'st_birthtimespec'
   (void)sizeof(((struct stat *)0)->st_birthtimespec.tv_nsec);
                                  ^~
ninja: build stopped: subcommand failed.


Source file was:

#include <sys/types.h>
#include <sys/stat.h>

int main()
{
  (void)sizeof(((struct stat *)0)->st_birthtimespec.tv_nsec);
  return 0;
}

Performing C SOURCE FILE Test HAVE_STRUCT_STAT_ST_MTIMESPEC_TV_NSEC failed with the following output:
Change Dir: C:/Users/rapha/Documents/GitHub/OpenHD-ImageWriter/build-src-Desktop_Qt_5_12_12_MinGW_32_bit-Release/CMakeFiles/CMakeTmp

Run Build Command(s):C:/Qt/Tools/Ninja/ninja.exe cmTC_9c0fe && [1/2] Building C object CMakeFiles/cmTC_9c0fe.dir/src.c.obj
FAILED: CMakeFiles/cmTC_9c0fe.dir/src.c.obj 
C:\Qt\Tools\mingw730_32\bin\gcc.exe -DHAVE_STRUCT_STAT_ST_MTIMESPEC_TV_NSEC  -Wall -Wformat -Wformat-security -Wall -Wformat -Wformat-security -o CMakeFiles/cmTC_9c0fe.dir/src.c.obj -c C:/Users/rapha/Documents/GitHub/OpenHD-ImageWriter/build-src-Desktop_Qt_5_12_12_MinGW_32_bit-Release/CMakeFiles/CMakeTmp/src.c
C:/Users/rapha/Documents/GitHub/OpenHD-ImageWriter/build-src-Desktop_Qt_5_12_12_MinGW_32_bit-Release/CMakeFiles/CMakeTmp/src.c: In function 'main':
C:/Users/rapha/Documents/GitHub/OpenHD-ImageWriter/build-src-Desktop_Qt_5_12_12_MinGW_32_bit-Release/CMakeFiles/CMakeTmp/src.c:7:36: error: 'struct stat' has no member named 'st_mtimespec'; did you mean 'st_mtime'?
   (void)sizeof(((struct stat *)0)->st_mtimespec.tv_nsec);
                                    ^~~~~~~~~~~~
                                    st_mtime
ninja: build stopped: subcommand failed.


Source file was:

#include <sys/types.h>
#include <sys/stat.h>

int main()
{
  (void)sizeof(((struct stat *)0)->st_mtimespec.tv_nsec);
  return 0;
}

Performing C SOURCE FILE Test HAVE_STRUCT_STAT_ST_MTIM_TV_NSEC failed with the following output:
Change Dir: C:/Users/rapha/Documents/GitHub/OpenHD-ImageWriter/build-src-Desktop_Qt_5_12_12_MinGW_32_bit-Release/CMakeFiles/CMakeTmp

Run Build Command(s):C:/Qt/Tools/Ninja/ninja.exe cmTC_45335 && [1/2] Building C object CMakeFiles/cmTC_45335.dir/src.c.obj
FAILED: CMakeFiles/cmTC_45335.dir/src.c.obj 
C:\Qt\Tools\mingw730_32\bin\gcc.exe -DHAVE_STRUCT_STAT_ST_MTIM_TV_NSEC  -Wall -Wformat -Wformat-security -Wall -Wformat -Wformat-security -o CMakeFiles/cmTC_45335.dir/src.c.obj -c C:/Users/rapha/Documents/GitHub/OpenHD-ImageWriter/build-src-Desktop_Qt_5_12_12_MinGW_32_bit-Release/CMakeFiles/CMakeTmp/src.c
C:/Users/rapha/Documents/GitHub/OpenHD-ImageWriter/build-src-Desktop_Qt_5_12_12_MinGW_32_bit-Release/CMakeFiles/CMakeTmp/src.c: In function 'main':
C:/Users/rapha/Documents/GitHub/OpenHD-ImageWriter/build-src-Desktop_Qt_5_12_12_MinGW_32_bit-Release/CMakeFiles/CMakeTmp/src.c:7:36: error: 'struct stat' has no member named 'st_mtim'; did you mean 'st_mtime'?
   (void)sizeof(((struct stat *)0)->st_mtim.tv_nsec);
                                    ^~~~~~~
                                    st_mtime
ninja: build stopped: subcommand failed.


Source file was:

#include <sys/types.h>
#include <sys/stat.h>

int main()
{
  (void)sizeof(((struct stat *)0)->st_mtim.tv_nsec);
  return 0;
}

Performing C SOURCE FILE Test HAVE_STRUCT_STAT_ST_MTIME_N failed with the following output:
Change Dir: C:/Users/rapha/Documents/GitHub/OpenHD-ImageWriter/build-src-Desktop_Qt_5_12_12_MinGW_32_bit-Release/CMakeFiles/CMakeTmp

Run Build Command(s):C:/Qt/Tools/Ninja/ninja.exe cmTC_b3bc5 && [1/2] Building C object CMakeFiles/cmTC_b3bc5.dir/src.c.obj
FAILED: CMakeFiles/cmTC_b3bc5.dir/src.c.obj 
C:\Qt\Tools\mingw730_32\bin\gcc.exe -DHAVE_STRUCT_STAT_ST_MTIME_N  -Wall -Wformat -Wformat-security -Wall -Wformat -Wformat-security -o CMakeFiles/cmTC_b3bc5.dir/src.c.obj -c C:/Users/rapha/Documents/GitHub/OpenHD-ImageWriter/build-src-Desktop_Qt_5_12_12_MinGW_32_bit-Release/CMakeFiles/CMakeTmp/src.c
C:/Users/rapha/Documents/GitHub/OpenHD-ImageWriter/build-src-Desktop_Qt_5_12_12_MinGW_32_bit-Release/CMakeFiles/CMakeTmp/src.c: In function 'main':
C:/Users/rapha/Documents/GitHub/OpenHD-ImageWriter/build-src-Desktop_Qt_5_12_12_MinGW_32_bit-Release/CMakeFiles/CMakeTmp/src.c:7:36: error: 'struct stat' has no member named 'st_mtime_n'; did you mean 'st_mtime'?
   (void)sizeof(((struct stat *)0)->st_mtime_n);
                                    ^~~~~~~~~~
                                    st_mtime
ninja: build stopped: subcommand failed.


Source file was:

#include <sys/types.h>
#include <sys/stat.h>

int main()
{
  (void)sizeof(((struct stat *)0)->st_mtime_n);
  return 0;
}

Performing C SOURCE FILE Test HAVE_STRUCT_STAT_ST_UMTIME failed with the following output:
Change Dir: C:/Users/rapha/Documents/GitHub/OpenHD-ImageWriter/build-src-Desktop_Qt_5_12_12_MinGW_32_bit-Release/CMakeFiles/CMakeTmp

Run Build Command(s):C:/Qt/Tools/Ninja/ninja.exe cmTC_4e9b9 && [1/2] Building C object CMakeFiles/cmTC_4e9b9.dir/src.c.obj
FAILED: CMakeFiles/cmTC_4e9b9.dir/src.c.obj 
C:\Qt\Tools\mingw730_32\bin\gcc.exe -DHAVE_STRUCT_STAT_ST_UMTIME  -Wall -Wformat -Wformat-security -Wall -Wformat -Wformat-security -o CMakeFiles/cmTC_4e9b9.dir/src.c.obj -c C:/Users/rapha/Documents/GitHub/OpenHD-ImageWriter/build-src-Desktop_Qt_5_12_12_MinGW_32_bit-Release/CMakeFiles/CMakeTmp/src.c
C:/Users/rapha/Documents/GitHub/OpenHD-ImageWriter/build-src-Desktop_Qt_5_12_12_MinGW_32_bit-Release/CMakeFiles/CMakeTmp/src.c: In function 'main':
C:/Users/rapha/Documents/GitHub/OpenHD-ImageWriter/build-src-Desktop_Qt_5_12_12_MinGW_32_bit-Release/CMakeFiles/CMakeTmp/src.c:7:36: error: 'struct stat' has no member named 'st_umtime'; did you mean 'st_mtime'?
   (void)sizeof(((struct stat *)0)->st_umtime);
                                    ^~~~~~~~~
                                    st_mtime
ninja: build stopped: subcommand failed.


Source file was:

#include <sys/types.h>
#include <sys/stat.h>

int main()
{
  (void)sizeof(((struct stat *)0)->st_umtime);
  return 0;
}

Performing C SOURCE FILE Test HAVE_STRUCT_STAT_ST_MTIME_USEC failed with the following output:
Change Dir: C:/Users/rapha/Documents/GitHub/OpenHD-ImageWriter/build-src-Desktop_Qt_5_12_12_MinGW_32_bit-Release/CMakeFiles/CMakeTmp

Run Build Command(s):C:/Qt/Tools/Ninja/ninja.exe cmTC_88d99 && [1/2] Building C object CMakeFiles/cmTC_88d99.dir/src.c.obj
FAILED: CMakeFiles/cmTC_88d99.dir/src.c.obj 
C:\Qt\Tools\mingw730_32\bin\gcc.exe -DHAVE_STRUCT_STAT_ST_MTIME_USEC  -Wall -Wformat -Wformat-security -Wall -Wformat -Wformat-security -o CMakeFiles/cmTC_88d99.dir/src.c.obj -c C:/Users/rapha/Documents/GitHub/OpenHD-ImageWriter/build-src-Desktop_Qt_5_12_12_MinGW_32_bit-Release/CMakeFiles/CMakeTmp/src.c
C:/Users/rapha/Documents/GitHub/OpenHD-ImageWriter/build-src-Desktop_Qt_5_12_12_MinGW_32_bit-Release/CMakeFiles/CMakeTmp/src.c: In function 'main':
C:/Users/rapha/Documents/GitHub/OpenHD-ImageWriter/build-src-Desktop_Qt_5_12_12_MinGW_32_bit-Release/CMakeFiles/CMakeTmp/src.c:7:36: error: 'struct stat' has no member named 'st_mtime_usec'; did you mean 'st_mtime'?
   (void)sizeof(((struct stat *)0)->st_mtime_usec);
                                    ^~~~~~~~~~~~~
                                    st_mtime
ninja: build stopped: subcommand failed.


Source file was:

#include <sys/types.h>
#include <sys/stat.h>

int main()
{
  (void)sizeof(((struct stat *)0)->st_mtime_usec);
  return 0;
}

Performing C SOURCE FILE Test HAVE_STRUCT_STAT_ST_BLKSIZE failed with the following output:
Change Dir: C:/Users/rapha/Documents/GitHub/OpenHD-ImageWriter/build-src-Desktop_Qt_5_12_12_MinGW_32_bit-Release/CMakeFiles/CMakeTmp

Run Build Command(s):C:/Qt/Tools/Ninja/ninja.exe cmTC_90ec6 && [1/2] Building C object CMakeFiles/cmTC_90ec6.dir/src.c.obj
FAILED: CMakeFiles/cmTC_90ec6.dir/src.c.obj 
C:\Qt\Tools\mingw730_32\bin\gcc.exe -DHAVE_STRUCT_STAT_ST_BLKSIZE  -Wall -Wformat -Wformat-security -Wall -Wformat -Wformat-security -o CMakeFiles/cmTC_90ec6.dir/src.c.obj -c C:/Users/rapha/Documents/GitHub/OpenHD-ImageWriter/build-src-Desktop_Qt_5_12_12_MinGW_32_bit-Release/CMakeFiles/CMakeTmp/src.c
C:/Users/rapha/Documents/GitHub/OpenHD-ImageWriter/build-src-Desktop_Qt_5_12_12_MinGW_32_bit-Release/CMakeFiles/CMakeTmp/src.c: In function 'main':
C:/Users/rapha/Documents/GitHub/OpenHD-ImageWriter/build-src-Desktop_Qt_5_12_12_MinGW_32_bit-Release/CMakeFiles/CMakeTmp/src.c:7:36: error: 'struct stat' has no member named 'st_blksize'; did you mean 'st_size'?
   (void)sizeof(((struct stat *)0)->st_blksize);
                                    ^~~~~~~~~~
                                    st_size
ninja: build stopped: subcommand failed.


Source file was:

#include <sys/types.h>
#include <sys/stat.h>

int main()
{
  (void)sizeof(((struct stat *)0)->st_blksize);
  return 0;
}

Performing C SOURCE FILE Test HAVE_STRUCT_STAT_ST_FLAGS failed with the following output:
Change Dir: C:/Users/rapha/Documents/GitHub/OpenHD-ImageWriter/build-src-Desktop_Qt_5_12_12_MinGW_32_bit-Release/CMakeFiles/CMakeTmp

Run Build Command(s):C:/Qt/Tools/Ninja/ninja.exe cmTC_50ca9 && [1/2] Building C object CMakeFiles/cmTC_50ca9.dir/src.c.obj
FAILED: CMakeFiles/cmTC_50ca9.dir/src.c.obj 
C:\Qt\Tools\mingw730_32\bin\gcc.exe -DHAVE_STRUCT_STAT_ST_FLAGS  -Wall -Wformat -Wformat-security -Wall -Wformat -Wformat-security -o CMakeFiles/cmTC_50ca9.dir/src.c.obj -c C:/Users/rapha/Documents/GitHub/OpenHD-ImageWriter/build-src-Desktop_Qt_5_12_12_MinGW_32_bit-Release/CMakeFiles/CMakeTmp/src.c
C:/Users/rapha/Documents/GitHub/OpenHD-ImageWriter/build-src-Desktop_Qt_5_12_12_MinGW_32_bit-Release/CMakeFiles/CMakeTmp/src.c: In function 'main':
C:/Users/rapha/Documents/GitHub/OpenHD-ImageWriter/build-src-Desktop_Qt_5_12_12_MinGW_32_bit-Release/CMakeFiles/CMakeTmp/src.c:7:36: error: 'struct stat' has no member named 'st_flags'; did you mean 'st_nlink'?
   (void)sizeof(((struct stat *)0)->st_flags);
                                    ^~~~~~~~
                                    st_nlink
ninja: build stopped: subcommand failed.


Source file was:

#include <sys/types.h>
#include <sys/stat.h>

int main()
{
  (void)sizeof(((struct stat *)0)->st_flags);
  return 0;
}

Determining size of gid_t failed with the following output:
Change Dir: C:/Users/rapha/Documents/GitHub/OpenHD-ImageWriter/build-src-Desktop_Qt_5_12_12_MinGW_32_bit-Release/CMakeFiles/CMakeTmp

Run Build Command(s):C:/Qt/Tools/Ninja/ninja.exe cmTC_ca8b4 && [1/2] Building C object CMakeFiles/cmTC_ca8b4.dir/GID_T.c.obj
FAILED: CMakeFiles/cmTC_ca8b4.dir/GID_T.c.obj 
C:\Qt\Tools\mingw730_32\bin\gcc.exe   -Wall -Wformat -Wformat-security -Wall -Wformat -Wformat-security -o CMakeFiles/cmTC_ca8b4.dir/GID_T.c.obj -c C:/Users/rapha/Documents/GitHub/OpenHD-ImageWriter/build-src-Desktop_Qt_5_12_12_MinGW_32_bit-Release/CMakeFiles/CheckTypeSize/GID_T.c
C:/Users/rapha/Documents/GitHub/OpenHD-ImageWriter/build-src-Desktop_Qt_5_12_12_MinGW_32_bit-Release/CMakeFiles/CheckTypeSize/GID_T.c:27:22: error: 'gid_t' undeclared here (not in a function); did you mean 'pid_t'?
 #define SIZE (sizeof(gid_t))
                      ^
C:/Users/rapha/Documents/GitHub/OpenHD-ImageWriter/build-src-Desktop_Qt_5_12_12_MinGW_32_bit-Release/CMakeFiles/CheckTypeSize/GID_T.c:29:12: note: in expansion of macro 'SIZE'
   ('0' + ((SIZE / 10000)%10)),
            ^~~~
ninja: build stopped: subcommand failed.


C:/Users/rapha/Documents/GitHub/OpenHD-ImageWriter/build-src-Desktop_Qt_5_12_12_MinGW_32_bit-Release/CMakeFiles/CheckTypeSize/GID_T.c:
#include <sys/types.h>
#include <stdint.h>
#include <stddef.h>


#undef KEY
#if defined(__i386)
# define KEY '_','_','i','3','8','6'
#elif defined(__x86_64)
# define KEY '_','_','x','8','6','_','6','4'
#elif defined(__PPC64__)
# define KEY '_','_','P','P','C','6','4','_','_'
#elif defined(__ppc64__)
# define KEY '_','_','p','p','c','6','4','_','_'
#elif defined(__PPC__)
# define KEY '_','_','P','P','C','_','_'
#elif defined(__ppc__)
# define KEY '_','_','p','p','c','_','_'
#elif defined(__aarch64__)
# define KEY '_','_','a','a','r','c','h','6','4','_','_'
#elif defined(__ARM_ARCH_7A__)
# define KEY '_','_','A','R','M','_','A','R','C','H','_','7','A','_','_'
#elif defined(__ARM_ARCH_7S__)
# define KEY '_','_','A','R','M','_','A','R','C','H','_','7','S','_','_'
#endif

#define SIZE (sizeof(gid_t))
static char info_size[] =  {'I', 'N', 'F', 'O', ':', 's','i','z','e','[',
  ('0' + ((SIZE / 10000)%10)),
  ('0' + ((SIZE / 1000)%10)),
  ('0' + ((SIZE / 100)%10)),
  ('0' + ((SIZE / 10)%10)),
  ('0' +  (SIZE    % 10)),
  ']',
#ifdef KEY
  ' ','k','e','y','[', KEY, ']',
#endif
  '\0'};

#ifdef __CLASSIC_C__
int main(argc, argv) int argc; char *argv[];
#else
int main(int argc, char *argv[])
#endif
{
  int require = 0;
  require += info_size[argc];
  (void)argv;
  return require;
}


Determining size of id_t failed with the following output:
Change Dir: C:/Users/rapha/Documents/GitHub/OpenHD-ImageWriter/build-src-Desktop_Qt_5_12_12_MinGW_32_bit-Release/CMakeFiles/CMakeTmp

Run Build Command(s):C:/Qt/Tools/Ninja/ninja.exe cmTC_3ed76 && [1/2] Building C object CMakeFiles/cmTC_3ed76.dir/ID_T.c.obj
FAILED: CMakeFiles/cmTC_3ed76.dir/ID_T.c.obj 
C:\Qt\Tools\mingw730_32\bin\gcc.exe   -Wall -Wformat -Wformat-security -Wall -Wformat -Wformat-security -o CMakeFiles/cmTC_3ed76.dir/ID_T.c.obj -c C:/Users/rapha/Documents/GitHub/OpenHD-ImageWriter/build-src-Desktop_Qt_5_12_12_MinGW_32_bit-Release/CMakeFiles/CheckTypeSize/ID_T.c
C:/Users/rapha/Documents/GitHub/OpenHD-ImageWriter/build-src-Desktop_Qt_5_12_12_MinGW_32_bit-Release/CMakeFiles/CheckTypeSize/ID_T.c:27:22: error: 'id_t' undeclared here (not in a function); did you mean 'pid_t'?
 #define SIZE (sizeof(id_t))
                      ^
C:/Users/rapha/Documents/GitHub/OpenHD-ImageWriter/build-src-Desktop_Qt_5_12_12_MinGW_32_bit-Release/CMakeFiles/CheckTypeSize/ID_T.c:29:12: note: in expansion of macro 'SIZE'
   ('0' + ((SIZE / 10000)%10)),
            ^~~~
ninja: build stopped: subcommand failed.


C:/Users/rapha/Documents/GitHub/OpenHD-ImageWriter/build-src-Desktop_Qt_5_12_12_MinGW_32_bit-Release/CMakeFiles/CheckTypeSize/ID_T.c:
#include <sys/types.h>
#include <stdint.h>
#include <stddef.h>


#undef KEY
#if defined(__i386)
# define KEY '_','_','i','3','8','6'
#elif defined(__x86_64)
# define KEY '_','_','x','8','6','_','6','4'
#elif defined(__PPC64__)
# define KEY '_','_','P','P','C','6','4','_','_'
#elif defined(__ppc64__)
# define KEY '_','_','p','p','c','6','4','_','_'
#elif defined(__PPC__)
# define KEY '_','_','P','P','C','_','_'
#elif defined(__ppc__)
# define KEY '_','_','p','p','c','_','_'
#elif defined(__aarch64__)
# define KEY '_','_','a','a','r','c','h','6','4','_','_'
#elif defined(__ARM_ARCH_7A__)
# define KEY '_','_','A','R','M','_','A','R','C','H','_','7','A','_','_'
#elif defined(__ARM_ARCH_7S__)
# define KEY '_','_','A','R','M','_','A','R','C','H','_','7','S','_','_'
#endif

#define SIZE (sizeof(id_t))
static char info_size[] =  {'I', 'N', 'F', 'O', ':', 's','i','z','e','[',
  ('0' + ((SIZE / 10000)%10)),
  ('0' + ((SIZE / 1000)%10)),
  ('0' + ((SIZE / 100)%10)),
  ('0' + ((SIZE / 10)%10)),
  ('0' +  (SIZE    % 10)),
  ']',
#ifdef KEY
  ' ','k','e','y','[', KEY, ']',
#endif
  '\0'};

#ifdef __CLASSIC_C__
int main(argc, argv) int argc; char *argv[];
#else
int main(int argc, char *argv[])
#endif
{
  int require = 0;
  require += info_size[argc];
  (void)argv;
  return require;
}


Determining size of uid_t failed with the following output:
Change Dir: C:/Users/rapha/Documents/GitHub/OpenHD-ImageWriter/build-src-Desktop_Qt_5_12_12_MinGW_32_bit-Release/CMakeFiles/CMakeTmp

Run Build Command(s):C:/Qt/Tools/Ninja/ninja.exe cmTC_70e6c && [1/2] Building C object CMakeFiles/cmTC_70e6c.dir/UID_T.c.obj
FAILED: CMakeFiles/cmTC_70e6c.dir/UID_T.c.obj 
C:\Qt\Tools\mingw730_32\bin\gcc.exe   -Wall -Wformat -Wformat-security -Wall -Wformat -Wformat-security -o CMakeFiles/cmTC_70e6c.dir/UID_T.c.obj -c C:/Users/rapha/Documents/GitHub/OpenHD-ImageWriter/build-src-Desktop_Qt_5_12_12_MinGW_32_bit-Release/CMakeFiles/CheckTypeSize/UID_T.c
C:/Users/rapha/Documents/GitHub/OpenHD-ImageWriter/build-src-Desktop_Qt_5_12_12_MinGW_32_bit-Release/CMakeFiles/CheckTypeSize/UID_T.c:27:22: error: 'uid_t' undeclared here (not in a function); did you mean 'pid_t'?
 #define SIZE (sizeof(uid_t))
                      ^
C:/Users/rapha/Documents/GitHub/OpenHD-ImageWriter/build-src-Desktop_Qt_5_12_12_MinGW_32_bit-Release/CMakeFiles/CheckTypeSize/UID_T.c:29:12: note: in expansion of macro 'SIZE'
   ('0' + ((SIZE / 10000)%10)),
            ^~~~
ninja: build stopped: subcommand failed.


C:/Users/rapha/Documents/GitHub/OpenHD-ImageWriter/build-src-Desktop_Qt_5_12_12_MinGW_32_bit-Release/CMakeFiles/CheckTypeSize/UID_T.c:
#include <sys/types.h>
#include <stdint.h>
#include <stddef.h>


#undef KEY
#if defined(__i386)
# define KEY '_','_','i','3','8','6'
#elif defined(__x86_64)
# define KEY '_','_','x','8','6','_','6','4'
#elif defined(__PPC64__)
# define KEY '_','_','P','P','C','6','4','_','_'
#elif defined(__ppc64__)
# define KEY '_','_','p','p','c','6','4','_','_'
#elif defined(__PPC__)
# define KEY '_','_','P','P','C','_','_'
#elif defined(__ppc__)
# define KEY '_','_','p','p','c','_','_'
#elif defined(__aarch64__)
# define KEY '_','_','a','a','r','c','h','6','4','_','_'
#elif defined(__ARM_ARCH_7A__)
# define KEY '_','_','A','R','M','_','A','R','C','H','_','7','A','_','_'
#elif defined(__ARM_ARCH_7S__)
# define KEY '_','_','A','R','M','_','A','R','C','H','_','7','S','_','_'
#endif

#define SIZE (sizeof(uid_t))
static char info_size[] =  {'I', 'N', 'F', 'O', ':', 's','i','z','e','[',
  ('0' + ((SIZE / 10000)%10)),
  ('0' + ((SIZE / 1000)%10)),
  ('0' + ((SIZE / 100)%10)),
  ('0' + ((SIZE / 10)%10)),
  ('0' +  (SIZE    % 10)),
  ']',
#ifdef KEY
  ' ','k','e','y','[', KEY, ']',
#endif
  '\0'};

#ifdef __CLASSIC_C__
int main(argc, argv) int argc; char *argv[];
#else
int main(int argc, char *argv[])
#endif
{
  int require = 0;
  require += info_size[argc];
  (void)argv;
  return require;
}


Determining if the function setxattr exists in the attr failed with the following output:
Change Dir: C:/Users/rapha/Documents/GitHub/OpenHD-ImageWriter/build-src-Desktop_Qt_5_12_12_MinGW_32_bit-Release/CMakeFiles/CMakeTmp

Run Build Command(s):C:/Qt/Tools/Ninja/ninja.exe cmTC_ad37d && [1/2] Building C object CMakeFiles/cmTC_ad37d.dir/CheckFunctionExists.c.obj
[2/2] Linking C executable cmTC_ad37d.exe
FAILED: cmTC_ad37d.exe 
cmd.exe /C "cd . && C:\Qt\Tools\mingw730_32\bin\gcc.exe -Wall -Wformat -Wformat-security -DCHECK_FUNCTION_EXISTS=setxattr -Wall -Wformat -Wformat-security  CMakeFiles/cmTC_ad37d.dir/CheckFunctionExists.c.obj -o cmTC_ad37d.exe -Wl,--out-implib,libcmTC_ad37d.dll.a -Wl,--major-image-version,0,--minor-image-version,0  -lattr  -lkernel32 -luser32 -lgdi32 -lwinspool -lshell32 -lole32 -loleaut32 -luuid -lcomdlg32 -ladvapi32 && cd ."
C:/Qt/Tools/mingw730_32/bin/../lib/gcc/i686-w64-mingw32/7.3.0/../../../../i686-w64-mingw32/bin/ld.exe: cannot find -lattr
collect2.exe: error: ld returned 1 exit status
ninja: build stopped: subcommand failed.



Determining if the function setxattr exists in the gnu failed with the following output:
Change Dir: C:/Users/rapha/Documents/GitHub/OpenHD-ImageWriter/build-src-Desktop_Qt_5_12_12_MinGW_32_bit-Release/CMakeFiles/CMakeTmp

Run Build Command(s):C:/Qt/Tools/Ninja/ninja.exe cmTC_f9c61 && [1/2] Building C object CMakeFiles/cmTC_f9c61.dir/CheckFunctionExists.c.obj
[2/2] Linking C executable cmTC_f9c61.exe
FAILED: cmTC_f9c61.exe 
cmd.exe /C "cd . && C:\Qt\Tools\mingw730_32\bin\gcc.exe -Wall -Wformat -Wformat-security -DCHECK_FUNCTION_EXISTS=setxattr -Wall -Wformat -Wformat-security  CMakeFiles/cmTC_f9c61.dir/CheckFunctionExists.c.obj -o cmTC_f9c61.exe -Wl,--out-implib,libcmTC_f9c61.dll.a -Wl,--major-image-version,0,--minor-image-version,0  -lgnu  -lkernel32 -luser32 -lgdi32 -lwinspool -lshell32 -lole32 -loleaut32 -luuid -lcomdlg32 -ladvapi32 && cd ."
C:/Qt/Tools/mingw730_32/bin/../lib/gcc/i686-w64-mingw32/7.3.0/../../../../i686-w64-mingw32/bin/ld.exe: cannot find -lgnu
collect2.exe: error: ld returned 1 exit status
ninja: build stopped: subcommand failed.



Determining if the EXTATTR_NAMESPACE_USER exist failed with the following output:
Change Dir: C:/Users/rapha/Documents/GitHub/OpenHD-ImageWriter/build-src-Desktop_Qt_5_12_12_MinGW_32_bit-Release/CMakeFiles/CMakeTmp

Run Build Command(s):C:/Qt/Tools/Ninja/ninja.exe cmTC_ff6c5 && [1/2] Building C object CMakeFiles/cmTC_ff6c5.dir/CheckSymbolExists.c.obj
FAILED: CMakeFiles/cmTC_ff6c5.dir/CheckSymbolExists.c.obj 
C:\Qt\Tools\mingw730_32\bin\gcc.exe   -Wall -Wformat -Wformat-security -Wall -Wformat -Wformat-security -o CMakeFiles/cmTC_ff6c5.dir/CheckSymbolExists.c.obj -c C:/Users/rapha/Documents/GitHub/OpenHD-ImageWriter/build-src-Desktop_Qt_5_12_12_MinGW_32_bit-Release/CMakeFiles/CMakeTmp/CheckSymbolExists.c
C:/Users/rapha/Documents/GitHub/OpenHD-ImageWriter/build-src-Desktop_Qt_5_12_12_MinGW_32_bit-Release/CMakeFiles/CMakeTmp/CheckSymbolExists.c:3:10: fatal error: sys/extattr.h: No such file or directory
 #include <sys/extattr.h>
          ^~~~~~~~~~~~~~~
compilation terminated.
ninja: build stopped: subcommand failed.


File C:/Users/rapha/Documents/GitHub/OpenHD-ImageWriter/build-src-Desktop_Qt_5_12_12_MinGW_32_bit-Release/CMakeFiles/CMakeTmp/CheckSymbolExists.c:
/* */
#include <sys/types.h>
#include <sys/extattr.h>

int main(int argc, char** argv)
{
  (void)argv;
#ifndef EXTATTR_NAMESPACE_USER
  return ((int*)(&EXTATTR_NAMESPACE_USER))[argc];
#else
  (void)argc;
  return 0;
#endif
}
Determining if the XATTR_NOFOLLOW exist failed with the following output:
Change Dir: C:/Users/rapha/Documents/GitHub/OpenHD-ImageWriter/build-src-Desktop_Qt_5_12_12_MinGW_32_bit-Release/CMakeFiles/CMakeTmp

Run Build Command(s):C:/Qt/Tools/Ninja/ninja.exe cmTC_920c0 && [1/2] Building C object CMakeFiles/cmTC_920c0.dir/CheckSymbolExists.c.obj
FAILED: CMakeFiles/cmTC_920c0.dir/CheckSymbolExists.c.obj 
C:\Qt\Tools\mingw730_32\bin\gcc.exe   -Wall -Wformat -Wformat-security -Wall -Wformat -Wformat-security -o CMakeFiles/cmTC_920c0.dir/CheckSymbolExists.c.obj -c C:/Users/rapha/Documents/GitHub/OpenHD-ImageWriter/build-src-Desktop_Qt_5_12_12_MinGW_32_bit-Release/CMakeFiles/CMakeTmp/CheckSymbolExists.c
C:/Users/rapha/Documents/GitHub/OpenHD-ImageWriter/build-src-Desktop_Qt_5_12_12_MinGW_32_bit-Release/CMakeFiles/CMakeTmp/CheckSymbolExists.c:2:10: fatal error: sys/xattr.h: No such file or directory
 #include <sys/xattr.h>
          ^~~~~~~~~~~~~
compilation terminated.
ninja: build stopped: subcommand failed.


File C:/Users/rapha/Documents/GitHub/OpenHD-ImageWriter/build-src-Desktop_Qt_5_12_12_MinGW_32_bit-Release/CMakeFiles/CMakeTmp/CheckSymbolExists.c:
/* */
#include <sys/xattr.h>

int main(int argc, char** argv)
{
  (void)argv;
#ifndef XATTR_NOFOLLOW
  return ((int*)(&XATTR_NOFOLLOW))[argc];
#else
  (void)argc;
  return 0;
#endif
}
Determining if the function acl exists failed with the following output:
Change Dir: C:/Users/rapha/Documents/GitHub/OpenHD-ImageWriter/build-src-Desktop_Qt_5_12_12_MinGW_32_bit-Release/CMakeFiles/CMakeTmp

Run Build Command(s):C:/Qt/Tools/Ninja/ninja.exe cmTC_4ba2d && [1/2] Building C object CMakeFiles/cmTC_4ba2d.dir/CheckFunctionExists.c.obj
[2/2] Linking C executable cmTC_4ba2d.exe
FAILED: cmTC_4ba2d.exe 
cmd.exe /C "cd . && C:\Qt\Tools\mingw730_32\bin\gcc.exe -Wall -Wformat -Wformat-security -DCHECK_FUNCTION_EXISTS=acl -Wall -Wformat -Wformat-security  CMakeFiles/cmTC_4ba2d.dir/CheckFunctionExists.c.obj -o cmTC_4ba2d.exe -Wl,--out-implib,libcmTC_4ba2d.dll.a -Wl,--major-image-version,0,--minor-image-version,0  -lkernel32 -luser32 -lgdi32 -lwinspool -lshell32 -lole32 -loleaut32 -luuid -lcomdlg32 -ladvapi32 && cd ."
CMakeFiles/cmTC_4ba2d.dir/CheckFunctionExists.c.obj:CheckFunctionExists.c:(.text+0xc): undefined reference to `acl'
collect2.exe: error: ld returned 1 exit status
ninja: build stopped: subcommand failed.



Determining if the function facl exists failed with the following output:
Change Dir: C:/Users/rapha/Documents/GitHub/OpenHD-ImageWriter/build-src-Desktop_Qt_5_12_12_MinGW_32_bit-Release/CMakeFiles/CMakeTmp

Run Build Command(s):C:/Qt/Tools/Ninja/ninja.exe cmTC_7017e && [1/2] Building C object CMakeFiles/cmTC_7017e.dir/CheckFunctionExists.c.obj
[2/2] Linking C executable cmTC_7017e.exe
FAILED: cmTC_7017e.exe 
cmd.exe /C "cd . && C:\Qt\Tools\mingw730_32\bin\gcc.exe -Wall -Wformat -Wformat-security -DCHECK_FUNCTION_EXISTS=facl -Wall -Wformat -Wformat-security  CMakeFiles/cmTC_7017e.dir/CheckFunctionExists.c.obj -o cmTC_7017e.exe -Wl,--out-implib,libcmTC_7017e.dll.a -Wl,--major-image-version,0,--minor-image-version,0  -lkernel32 -luser32 -lgdi32 -lwinspool -lshell32 -lole32 -loleaut32 -luuid -lcomdlg32 -ladvapi32 && cd ."
CMakeFiles/cmTC_7017e.dir/CheckFunctionExists.c.obj:CheckFunctionExists.c:(.text+0xc): undefined reference to `facl'
collect2.exe: error: ld returned 1 exit status
ninja: build stopped: subcommand failed.



Determining if the function acl_get_file exists in the acl failed with the following output:
Change Dir: C:/Users/rapha/Documents/GitHub/OpenHD-ImageWriter/build-src-Desktop_Qt_5_12_12_MinGW_32_bit-Release/CMakeFiles/CMakeTmp

Run Build Command(s):C:/Qt/Tools/Ninja/ninja.exe cmTC_54c3b && [1/2] Building C object CMakeFiles/cmTC_54c3b.dir/CheckFunctionExists.c.obj
[2/2] Linking C executable cmTC_54c3b.exe
FAILED: cmTC_54c3b.exe 
cmd.exe /C "cd . && C:\Qt\Tools\mingw730_32\bin\gcc.exe -Wall -Wformat -Wformat-security -DCHECK_FUNCTION_EXISTS=acl_get_file -Wall -Wformat -Wformat-security  CMakeFiles/cmTC_54c3b.dir/CheckFunctionExists.c.obj -o cmTC_54c3b.exe -Wl,--out-implib,libcmTC_54c3b.dll.a -Wl,--major-image-version,0,--minor-image-version,0  -lacl  -lkernel32 -luser32 -lgdi32 -lwinspool -lshell32 -lole32 -loleaut32 -luuid -lcomdlg32 -ladvapi32 && cd ."
C:/Qt/Tools/mingw730_32/bin/../lib/gcc/i686-w64-mingw32/7.3.0/../../../../i686-w64-mingw32/bin/ld.exe: cannot find -lacl
collect2.exe: error: ld returned 1 exit status
ninja: build stopped: subcommand failed.



Performing C SOURCE FILE Test HAVE_ACL_T failed with the following output:
Change Dir: C:/Users/rapha/Documents/GitHub/OpenHD-ImageWriter/build-src-Desktop_Qt_5_12_12_MinGW_32_bit-Release/CMakeFiles/CMakeTmp

Run Build Command(s):C:/Qt/Tools/Ninja/ninja.exe cmTC_9c3fa && [1/2] Building C object CMakeFiles/cmTC_9c3fa.dir/src.c.obj
FAILED: CMakeFiles/cmTC_9c3fa.dir/src.c.obj 
C:\Qt\Tools\mingw730_32\bin\gcc.exe -DHAVE_ACL_T  -Wall -Wformat -Wformat-security -Wall -Wformat -Wformat-security -o CMakeFiles/cmTC_9c3fa.dir/src.c.obj -c C:/Users/rapha/Documents/GitHub/OpenHD-ImageWriter/build-src-Desktop_Qt_5_12_12_MinGW_32_bit-Release/CMakeFiles/CMakeTmp/src.c
C:/Users/rapha/Documents/GitHub/OpenHD-ImageWriter/build-src-Desktop_Qt_5_12_12_MinGW_32_bit-Release/CMakeFiles/CMakeTmp/src.c:3:10: fatal error: sys/acl.h: No such file or directory
 #include <sys/acl.h>
          ^~~~~~~~~~~
compilation terminated.
ninja: build stopped: subcommand failed.


Source file was:

#include <sys/types.h>
#include <sys/acl.h>

int main()
{
   static acl_t tmp;
   if (sizeof(tmp))
      return 0;
  return 0;
}

Performing C SOURCE FILE Test HAVE_ACL_ENTRY_T failed with the following output:
Change Dir: C:/Users/rapha/Documents/GitHub/OpenHD-ImageWriter/build-src-Desktop_Qt_5_12_12_MinGW_32_bit-Release/CMakeFiles/CMakeTmp

Run Build Command(s):C:/Qt/Tools/Ninja/ninja.exe cmTC_d5353 && [1/2] Building C object CMakeFiles/cmTC_d5353.dir/src.c.obj
FAILED: CMakeFiles/cmTC_d5353.dir/src.c.obj 
C:\Qt\Tools\mingw730_32\bin\gcc.exe -DHAVE_ACL_ENTRY_T  -Wall -Wformat -Wformat-security -Wall -Wformat -Wformat-security -o CMakeFiles/cmTC_d5353.dir/src.c.obj -c C:/Users/rapha/Documents/GitHub/OpenHD-ImageWriter/build-src-Desktop_Qt_5_12_12_MinGW_32_bit-Release/CMakeFiles/CMakeTmp/src.c
C:/Users/rapha/Documents/GitHub/OpenHD-ImageWriter/build-src-Desktop_Qt_5_12_12_MinGW_32_bit-Release/CMakeFiles/CMakeTmp/src.c:3:10: fatal error: sys/acl.h: No such file or directory
 #include <sys/acl.h>
          ^~~~~~~~~~~
compilation terminated.
ninja: build stopped: subcommand failed.


Source file was:

#include <sys/types.h>
#include <sys/acl.h>

int main()
{
   static acl_entry_t tmp;
   if (sizeof(tmp))
      return 0;
  return 0;
}

Performing C SOURCE FILE Test HAVE_ACL_PERMSET_T failed with the following output:
Change Dir: C:/Users/rapha/Documents/GitHub/OpenHD-ImageWriter/build-src-Desktop_Qt_5_12_12_MinGW_32_bit-Release/CMakeFiles/CMakeTmp

Run Build Command(s):C:/Qt/Tools/Ninja/ninja.exe cmTC_ac884 && [1/2] Building C object CMakeFiles/cmTC_ac884.dir/src.c.obj
FAILED: CMakeFiles/cmTC_ac884.dir/src.c.obj 
C:\Qt\Tools\mingw730_32\bin\gcc.exe -DHAVE_ACL_PERMSET_T  -Wall -Wformat -Wformat-security -Wall -Wformat -Wformat-security -o CMakeFiles/cmTC_ac884.dir/src.c.obj -c C:/Users/rapha/Documents/GitHub/OpenHD-ImageWriter/build-src-Desktop_Qt_5_12_12_MinGW_32_bit-Release/CMakeFiles/CMakeTmp/src.c
C:/Users/rapha/Documents/GitHub/OpenHD-ImageWriter/build-src-Desktop_Qt_5_12_12_MinGW_32_bit-Release/CMakeFiles/CMakeTmp/src.c:3:10: fatal error: sys/acl.h: No such file or directory
 #include <sys/acl.h>
          ^~~~~~~~~~~
compilation terminated.
ninja: build stopped: subcommand failed.


Source file was:

#include <sys/types.h>
#include <sys/acl.h>

int main()
{
   static acl_permset_t tmp;
   if (sizeof(tmp))
      return 0;
  return 0;
}

Performing C SOURCE FILE Test HAVE_ACL_TAG_T failed with the following output:
Change Dir: C:/Users/rapha/Documents/GitHub/OpenHD-ImageWriter/build-src-Desktop_Qt_5_12_12_MinGW_32_bit-Release/CMakeFiles/CMakeTmp

Run Build Command(s):C:/Qt/Tools/Ninja/ninja.exe cmTC_2f6aa && [1/2] Building C object CMakeFiles/cmTC_2f6aa.dir/src.c.obj
FAILED: CMakeFiles/cmTC_2f6aa.dir/src.c.obj 
C:\Qt\Tools\mingw730_32\bin\gcc.exe -DHAVE_ACL_TAG_T  -Wall -Wformat -Wformat-security -Wall -Wformat -Wformat-security -o CMakeFiles/cmTC_2f6aa.dir/src.c.obj -c C:/Users/rapha/Documents/GitHub/OpenHD-ImageWriter/build-src-Desktop_Qt_5_12_12_MinGW_32_bit-Release/CMakeFiles/CMakeTmp/src.c
C:/Users/rapha/Documents/GitHub/OpenHD-ImageWriter/build-src-Desktop_Qt_5_12_12_MinGW_32_bit-Release/CMakeFiles/CMakeTmp/src.c:3:10: fatal error: sys/acl.h: No such file or directory
 #include <sys/acl.h>
          ^~~~~~~~~~~
compilation terminated.
ninja: build stopped: subcommand failed.


Source file was:

#include <sys/types.h>
#include <sys/acl.h>

int main()
{
   static acl_tag_t tmp;
   if (sizeof(tmp))
      return 0;
  return 0;
}

Determining if the function richacl_get_file exists in the richacl failed with the following output:
Change Dir: C:/Users/rapha/Documents/GitHub/OpenHD-ImageWriter/build-src-Desktop_Qt_5_12_12_MinGW_32_bit-Release/CMakeFiles/CMakeTmp

Run Build Command(s):C:/Qt/Tools/Ninja/ninja.exe cmTC_bb223 && [1/2] Building C object CMakeFiles/cmTC_bb223.dir/CheckFunctionExists.c.obj
[2/2] Linking C executable cmTC_bb223.exe
FAILED: cmTC_bb223.exe 
cmd.exe /C "cd . && C:\Qt\Tools\mingw730_32\bin\gcc.exe -Wall -Wformat -Wformat-security -DCHECK_FUNCTION_EXISTS=richacl_get_file -Wall -Wformat -Wformat-security  CMakeFiles/cmTC_bb223.dir/CheckFunctionExists.c.obj -o cmTC_bb223.exe -Wl,--out-implib,libcmTC_bb223.dll.a -Wl,--major-image-version,0,--minor-image-version,0  -lrichacl  -lkernel32 -luser32 -lgdi32 -lwinspool -lshell32 -lole32 -loleaut32 -luuid -lcomdlg32 -ladvapi32 && cd ."
C:/Qt/Tools/mingw730_32/bin/../lib/gcc/i686-w64-mingw32/7.3.0/../../../../i686-w64-mingw32/bin/ld.exe: cannot find -lrichacl
collect2.exe: error: ld returned 1 exit status
ninja: build stopped: subcommand failed.



Performing C SOURCE FILE Test HAVE_STRUCT_RICHACE failed with the following output:
Change Dir: C:/Users/rapha/Documents/GitHub/OpenHD-ImageWriter/build-src-Desktop_Qt_5_12_12_MinGW_32_bit-Release/CMakeFiles/CMakeTmp

Run Build Command(s):C:/Qt/Tools/Ninja/ninja.exe cmTC_f6986 && [1/2] Building C object CMakeFiles/cmTC_f6986.dir/src.c.obj
FAILED: CMakeFiles/cmTC_f6986.dir/src.c.obj 
C:\Qt\Tools\mingw730_32\bin\gcc.exe -DHAVE_STRUCT_RICHACE  -Wall -Wformat -Wformat-security -Wall -Wformat -Wformat-security -o CMakeFiles/cmTC_f6986.dir/src.c.obj -c C:/Users/rapha/Documents/GitHub/OpenHD-ImageWriter/build-src-Desktop_Qt_5_12_12_MinGW_32_bit-Release/CMakeFiles/CMakeTmp/src.c
C:/Users/rapha/Documents/GitHub/OpenHD-ImageWriter/build-src-Desktop_Qt_5_12_12_MinGW_32_bit-Release/CMakeFiles/CMakeTmp/src.c:2:10: fatal error: sys/richacl.h: No such file or directory
 #include <sys/richacl.h>
          ^~~~~~~~~~~~~~~
compilation terminated.
ninja: build stopped: subcommand failed.


Source file was:

#include <sys/richacl.h>

int main()
{
  (void)sizeof(((struct richace *)0)->e_type);
  return 0;
}

Performing C SOURCE FILE Test HAVE_STRUCT_RICHACL failed with the following output:
Change Dir: C:/Users/rapha/Documents/GitHub/OpenHD-ImageWriter/build-src-Desktop_Qt_5_12_12_MinGW_32_bit-Release/CMakeFiles/CMakeTmp

Run Build Command(s):C:/Qt/Tools/Ninja/ninja.exe cmTC_d8545 && [1/2] Building C object CMakeFiles/cmTC_d8545.dir/src.c.obj
FAILED: CMakeFiles/cmTC_d8545.dir/src.c.obj 
C:\Qt\Tools\mingw730_32\bin\gcc.exe -DHAVE_STRUCT_RICHACL  -Wall -Wformat -Wformat-security -Wall -Wformat -Wformat-security -o CMakeFiles/cmTC_d8545.dir/src.c.obj -c C:/Users/rapha/Documents/GitHub/OpenHD-ImageWriter/build-src-Desktop_Qt_5_12_12_MinGW_32_bit-Release/CMakeFiles/CMakeTmp/src.c
C:/Users/rapha/Documents/GitHub/OpenHD-ImageWriter/build-src-Desktop_Qt_5_12_12_MinGW_32_bit-Release/CMakeFiles/CMakeTmp/src.c:2:10: fatal error: sys/richacl.h: No such file or directory
 #include <sys/richacl.h>
          ^~~~~~~~~~~~~~~
compilation terminated.
ninja: build stopped: subcommand failed.


Source file was:

#include <sys/richacl.h>

int main()
{
  (void)sizeof(((struct richacl *)0)->a_flags);
  return 0;
}

